[2018-08-21 11:30:44.061] [INFO] info - request url : /member/index ; request params : {}
[2018-08-21 11:30:44.402] [INFO] info - request url : /favicon.ico ; request params : {}
[2018-08-21 11:30:51.823] [INFO] info - request url : /member/articles ; request params : {}
[2018-08-21 11:30:52.131] [INFO] info - request url : /favicon.ico ; request params : {}
[2018-08-21 11:31:03.120] [INFO] info - request url : /favicon.ico ; request params : {}
[2018-08-21 11:31:04.059] [INFO] info - request url : /member/profile ; request params : {}
[2018-08-21 11:31:04.331] [INFO] info - request url : /favicon.ico ; request params : {}
[2018-08-21 11:31:08.459] [INFO] info - request url : /favicon.ico ; request params : {}
[2018-08-21 11:31:11.767] [INFO] info - request url : /member/articles ; request params : {}
[2018-08-21 11:31:12.039] [INFO] info - request url : /favicon.ico ; request params : {}
[2018-08-21 11:31:13.204] [INFO] info - request url : /favicon.ico ; request params : {}
[2018-08-21 11:31:48.993] [INFO] info - request url : /member/profile ; request params : {}
[2018-08-21 11:31:49.284] [INFO] info - request url : /favicon.ico ; request params : {}
[2018-08-21 11:31:51.880] [INFO] info - request url : /favicon.ico ; request params : {}
[2018-08-21 11:32:46.976] [INFO] info - request url : /member/bind ; request params : {}
[2018-08-21 11:32:47.281] [INFO] info - request url : /favicon.ico ; request params : {}
[2018-08-21 11:32:52.312] [INFO] info - request url : /favicon.ico ; request params : {}
[2018-08-21 11:33:02.458] [INFO] info - request url : /member/profile/edit ; request params : {}
[2018-08-21 11:33:02.781] [INFO] info - request url : /favicon.ico ; request params : {}
[2018-08-21 11:33:58.848] [INFO] info - request url : /member/profile ; request params : {}
[2018-08-21 11:33:59.146] [INFO] info - request url : /favicon.ico ; request params : {}
[2018-08-21 11:34:02.230] [INFO] info - request url : /member/index ; request params : {}
[2018-08-21 11:34:05.276] [INFO] info - request url : /member/articles ; request params : {}
[2018-08-21 11:34:05.580] [INFO] info - request url : /favicon.ico ; request params : {}
[2018-08-21 11:34:17.848] [INFO] info - request url : /member/reprint ; request params : {}
[2018-08-21 11:34:34.903] [INFO] info - request url : /member/articles ; request params : {}
[2018-08-21 11:34:35.217] [INFO] info - request url : /favicon.ico ; request params : {}
[2018-08-21 11:34:46.848] [INFO] info - request url : /member/download ; request params : {}
[2018-08-21 11:34:47.133] [INFO] info - request url : /favicon.ico ; request params : {}
[2018-08-21 11:35:10.240] [INFO] info - request url : / ; request params : {}
[2018-08-21 11:35:10.541] [INFO] info - request url : /favicon.ico ; request params : {}
[2018-08-21 11:35:20.372] [INFO] info - request url : /member/index/ ; request params : {}
[2018-08-21 11:35:20.691] [INFO] info - request url : /favicon.ico ; request params : {}
[2018-08-21 11:35:26.680] [INFO] info - request url : /member/profile ; request params : {}
[2018-08-21 11:35:26.981] [INFO] info - request url : /favicon.ico ; request params : {}
[2018-08-21 11:35:28.669] [INFO] info - request url : /favicon.ico ; request params : {}
[2018-08-21 11:37:28.674] [INFO] info - request url : /favicon.ico ; request params : {}
[2018-08-21 14:38:42.974] [INFO] info - request url : /favicon.ico ; request params : {}
[2018-08-21 14:40:42.985] [INFO] info - request url : /favicon.ico ; request params : {}
[2018-08-21 16:12:53.012] [INFO] info - request url : /member/index/ ; request params : {}
[2018-08-21 16:12:53.301] [INFO] info - request url : /favicon.ico ; request params : {}
[2018-08-21 16:13:18.825] [INFO] info - request url : /member/index/ ; request params : {}
[2018-08-21 16:13:19.153] [INFO] info - request url : /favicon.ico ; request params : {}
[2018-08-21 16:13:21.082] [INFO] info - request url : /member/articles ; request params : {}
[2018-08-21 16:13:21.375] [INFO] info - request url : /favicon.ico ; request params : {}
[2018-08-21 16:13:29.829] [INFO] info - request url : /favicon.ico ; request params : {}
[2018-08-21 16:13:35.751] [INFO] info - request url : /favicon.ico ; request params : {}
[2018-08-21 16:13:38.657] [INFO] info - request url : /favicon.ico ; request params : {}
[2018-08-21 16:13:39.344] [INFO] info - request url : /member/profile ; request params : {}
[2018-08-21 16:13:39.608] [INFO] info - request url : /favicon.ico ; request params : {}
[2018-08-21 16:13:43.644] [INFO] info - request url : /favicon.ico ; request params : {}
[2018-08-21 16:15:43.652] [INFO] info - request url : /favicon.ico ; request params : {}
[2018-08-21 16:23:47.374] [INFO] info - request url : /member/index/ ; request params : {}
[2018-08-21 16:23:47.688] [INFO] info - request url : /favicon.ico ; request params : {}
[2018-08-21 16:23:52.614] [INFO] info - request url : /member/articles ; request params : {}
[2018-08-21 16:23:52.894] [INFO] info - request url : /favicon.ico ; request params : {}
[2018-08-21 16:25:03.174] [INFO] info - request url : /favicon.ico ; request params : {}
[2018-08-21 16:25:11.951] [INFO] info - request url : /member/index/ ; request params : {}
[2018-08-21 16:25:12.257] [INFO] info - request url : /favicon.ico ; request params : {}
[2018-08-21 16:25:15.854] [INFO] info - request url : /member/index/ ; request params : {}
[2018-08-21 16:25:16.119] [INFO] info - request url : /favicon.ico ; request params : {}
[2018-08-21 16:25:24.109] [INFO] info - request url : /member/articles ; request params : {}
[2018-08-21 16:25:24.381] [INFO] info - request url : /favicon.ico ; request params : {}
[2018-08-21 16:25:26.970] [INFO] info - request url : /favicon.ico ; request params : {}
[2018-08-21 16:25:30.711] [INFO] info - request url : /member/index/ ; request params : {}
[2018-08-21 16:25:30.975] [INFO] info - request url : /favicon.ico ; request params : {}
[2018-08-21 18:05:57.196] [INFO] info - request url : /member/profile ; request params : {}
[2018-08-21 18:05:57.546] [INFO] info - request url : /favicon.ico ; request params : {}
[2018-08-21 18:06:15.584] [INFO] info - request url : /favicon.ico ; request params : {}
[2018-08-21 18:08:15.591] [INFO] info - request url : /favicon.ico ; request params : {}
