[2018-08-22 09:25:25.090] [INFO] info - request url : / ; request params : {}
[2018-08-22 09:25:26.272] [INFO] info - request url : /favicon.ico ; request params : {}
[2018-08-22 09:25:29.532] [INFO] info - request url : /member/index ; request params : {}
[2018-08-22 09:25:31.832] [INFO] info - request url : /favicon.ico ; request params : {}
[2018-08-22 09:25:37.605] [INFO] info - request url : /member/index ; request params : {}
[2018-08-22 09:25:37.835] [INFO] info - request url : /favicon.ico ; request params : {}
[2018-08-22 09:25:43.365] [INFO] info - request url : /member/profile ; request params : {}
[2018-08-22 09:25:43.650] [INFO] info - request url : /favicon.ico ; request params : {}
[2018-08-22 09:25:46.461] [INFO] info - request url : /favicon.ico ; request params : {}
[2018-08-22 09:25:48.443] [INFO] info - request url : /member/articles ; request params : {}
[2018-08-22 09:25:48.715] [INFO] info - request url : /favicon.ico ; request params : {}
[2018-08-22 09:25:52.572] [INFO] info - request url : /favicon.ico ; request params : {}
[2018-08-22 09:25:55.064] [INFO] info - request url : /member/articles ; request params : {}
[2018-08-22 09:25:55.322] [INFO] info - request url : /favicon.ico ; request params : {}
[2018-08-22 09:25:59.714] [INFO] info - request url : /favicon.ico ; request params : {}
[2018-08-22 09:26:00.765] [INFO] info - request url : /member/profile ; request params : {}
[2018-08-22 09:26:01.009] [INFO] info - request url : /favicon.ico ; request params : {}
[2018-08-22 09:26:28.936] [INFO] info - request url : /member/bind ; request params : {}
[2018-08-22 09:26:29.231] [INFO] info - request url : /favicon.ico ; request params : {}
[2018-08-22 09:26:45.840] [INFO] info - request url : /member/profile/edit ; request params : {}
[2018-08-22 09:26:46.179] [INFO] info - request url : /favicon.ico ; request params : {}
[2018-08-22 09:26:55.804] [INFO] info - request url : /api/common/town?cityId=200005 ; request params : {"cityId":"200005"}
[2018-08-22 09:26:58.511] [INFO] info - request url : /api/common/town?cityId=200005 ; request params : {"cityId":"200005"}
[2018-08-22 09:27:02.990] [INFO] info - request url : /api/common/town?cityId=200005 ; request params : {"cityId":"200005"}
[2018-08-22 09:27:17.472] [INFO] info - request url : /api/common/town?cityId=200005 ; request params : {"cityId":"200005"}
[2018-08-22 09:27:24.103] [INFO] info - request url : /api/common/town?cityId=200005 ; request params : {"cityId":"200005"}
[2018-08-22 09:27:27.846] [INFO] info - request url : /api/common/town?cityId=200005 ; request params : {"cityId":"200005"}
[2018-08-22 09:27:35.319] [INFO] info - request url : /api/common/town?cityId=200005 ; request params : {"cityId":"200005"}
[2018-08-22 09:27:40.456] [INFO] info - request url : /api/common/town?cityId=200005 ; request params : {"cityId":"200005"}
[2018-08-22 09:27:45.831] [INFO] info - request url : /api/common/town?cityId=200005 ; request params : {"cityId":"200005"}
[2018-08-22 09:28:11.546] [INFO] info - request url : /member/profile/edit/process ; request params : {}
[2018-08-22 09:28:16.427] [INFO] info - request url : /member/profile/edit ; request params : {}
[2018-08-22 09:28:16.754] [INFO] info - request url : /favicon.ico ; request params : {}
[2018-08-22 09:30:16.759] [INFO] info - request url : /favicon.ico ; request params : {}
[2018-08-22 09:32:36.424] [INFO] info - request url : /member/profile ; request params : {}
[2018-08-22 09:33:03.123] [INFO] info - request url : /member/profile/edit ; request params : {}
[2018-08-22 09:33:06.373] [INFO] info - request url : /member/profile/ ; request params : {}
[2018-08-22 09:35:01.248] [INFO] info - request url : /member/profile/ ; request params : {}
[2018-08-22 09:35:01.617] [INFO] info - request url : /favicon.ico ; request params : {}
[2018-08-22 09:35:25.071] [INFO] info - request url : /member/profile/ ; request params : {}
[2018-08-22 09:35:25.472] [INFO] info - request url : /favicon.ico ; request params : {}
[2018-08-22 09:35:48.479] [INFO] info - request url : /member/profile/ ; request params : {}
[2018-08-22 09:35:48.795] [INFO] info - request url : /favicon.ico ; request params : {}
[2018-08-22 09:37:14.939] [INFO] info - request url : /member/profile/edit ; request params : {}
[2018-08-22 09:37:15.611] [INFO] info - request url : /favicon.ico ; request params : {}
[2018-08-22 09:37:18.540] [INFO] info - request url : /api/common/town?cityId=200005 ; request params : {"cityId":"200005"}
[2018-08-22 09:37:21.191] [INFO] info - request url : /api/common/town?cityId=200005 ; request params : {"cityId":"200005"}
[2018-08-22 09:37:24.384] [INFO] info - request url : /member/profile ; request params : {}
[2018-08-22 09:37:24.679] [INFO] info - request url : /favicon.ico ; request params : {}
[2018-08-22 09:37:35.282] [INFO] info - request url : /member/profile/edit ; request params : {}
[2018-08-22 09:37:36.000] [INFO] info - request url : /favicon.ico ; request params : {}
[2018-08-22 09:37:37.811] [INFO] info - request url : /api/common/town?cityId=200005 ; request params : {"cityId":"200005"}
[2018-08-22 09:37:59.528] [INFO] info - request url : /api/common/town?cityId=200005 ; request params : {"cityId":"200005"}
[2018-08-22 09:39:36.006] [INFO] info - request url : /favicon.ico ; request params : {}
[2018-08-22 09:40:37.991] [INFO] info - request url : /member/profile ; request params : {}
[2018-08-22 09:40:38.321] [INFO] info - request url : /favicon.ico ; request params : {}
[2018-08-22 09:40:52.524] [INFO] info - request url : /member/profile/edit ; request params : {}
[2018-08-22 09:40:54.360] [INFO] info - request url : /favicon.ico ; request params : {}
[2018-08-22 09:40:56.466] [INFO] info - request url : /api/common/town?cityId=200005 ; request params : {"cityId":"200005"}
[2018-08-22 09:41:01.680] [INFO] info - request url : /member/profile ; request params : {}
[2018-08-22 09:41:01.973] [INFO] info - request url : /favicon.ico ; request params : {}
[2018-08-22 09:43:01.976] [INFO] info - request url : /favicon.ico ; request params : {}
[2018-08-22 09:48:48.763] [INFO] info - request url : /member/profile ; request params : {}
[2018-08-22 09:48:49.117] [INFO] info - request url : /favicon.ico ; request params : {}
[2018-08-22 09:50:49.128] [INFO] info - request url : /favicon.ico ; request params : {}
[2018-08-22 09:53:15.475] [INFO] info - request url : /member/profile ; request params : {}
[2018-08-22 09:53:15.818] [INFO] info - request url : /favicon.ico ; request params : {}
[2018-08-22 09:55:15.846] [INFO] info - request url : /favicon.ico ; request params : {}
[2018-08-22 09:56:07.109] [INFO] info - request url : /member/profile ; request params : {}
[2018-08-22 09:56:07.472] [INFO] info - request url : /favicon.ico ; request params : {}
[2018-08-22 09:58:07.482] [INFO] info - request url : /favicon.ico ; request params : {}
[2018-08-22 09:58:50.312] [INFO] info - request url : /member/profile ; request params : {}
[2018-08-22 09:58:50.659] [INFO] info - request url : /favicon.ico ; request params : {}
[2018-08-22 09:58:53.955] [INFO] info - request url : /api/common/town ; request params : {}
[2018-08-22 09:59:08.618] [INFO] info - request url : /member/profile ; request params : {}
[2018-08-22 09:59:08.992] [INFO] info - request url : /favicon.ico ; request params : {}
[2018-08-22 10:01:09.003] [INFO] info - request url : /favicon.ico ; request params : {}
[2018-08-22 10:03:13.209] [INFO] info - request url : /member/profile ; request params : {}
[2018-08-22 10:03:13.572] [INFO] info - request url : /favicon.ico ; request params : {}
[2018-08-22 10:03:41.027] [INFO] info - request url : /api/common/town ; request params : {}
[2018-08-22 10:04:34.510] [INFO] info - request url : /member/profile/edit ; request params : {}
[2018-08-22 10:04:35.790] [INFO] info - request url : /favicon.ico ; request params : {}
[2018-08-22 10:04:37.553] [INFO] info - request url : /api/common/town?cityId=200005 ; request params : {"cityId":"200005"}
[2018-08-22 10:05:16.256] [INFO] info - request url : /member/profile ; request params : {}
[2018-08-22 10:05:16.581] [INFO] info - request url : /favicon.ico ; request params : {}
[2018-08-22 10:05:17.932] [INFO] info - request url : /api/common/town ; request params : {}
[2018-08-22 10:07:32.472] [INFO] info - request url : /member/profile ; request params : {}
[2018-08-22 10:07:32.805] [INFO] info - request url : /favicon.ico ; request params : {}
[2018-08-22 10:08:44.247] [INFO] info - request url : /member/profile ; request params : {}
[2018-08-22 10:08:44.604] [INFO] info - request url : /favicon.ico ; request params : {}
[2018-08-22 10:08:45.833] [INFO] info - request url : /api/common/town ; request params : {}
[2018-08-22 10:08:46.767] [INFO] info - request url : /api/common/town ; request params : {}
[2018-08-22 10:08:47.598] [INFO] info - request url : /api/common/town ; request params : {}
[2018-08-22 10:08:48.127] [INFO] info - request url : /api/common/town ; request params : {}
[2018-08-22 10:10:44.613] [INFO] info - request url : /favicon.ico ; request params : {}
[2018-08-22 10:12:14.095] [INFO] info - request url : /member/profile ; request params : {}
[2018-08-22 10:12:14.449] [INFO] info - request url : /favicon.ico ; request params : {}
[2018-08-22 10:13:27.418] [INFO] info - request url : /api/common/town ; request params : {}
[2018-08-22 10:13:28.000] [INFO] info - request url : /api/common/town ; request params : {}
[2018-08-22 10:13:28.519] [INFO] info - request url : /api/common/town ; request params : {}
[2018-08-22 10:13:31.344] [INFO] info - request url : /api/common/town ; request params : {}
[2018-08-22 10:14:14.456] [INFO] info - request url : /favicon.ico ; request params : {}
[2018-08-22 10:17:16.108] [INFO] info - request url : /member/profile.edit ; request params : {}
[2018-08-22 10:17:20.406] [INFO] info - request url : /member/profile/edit ; request params : {}
[2018-08-22 10:17:20.892] [INFO] info - request url : /favicon.ico ; request params : {}
[2018-08-22 10:19:15.601] [INFO] info - request url : /api/common/town?cityId=200005 ; request params : {"cityId":"200005"}
[2018-08-22 10:19:20.897] [INFO] info - request url : /favicon.ico ; request params : {}
[2018-08-22 10:22:36.620] [INFO] info - request url : /member/profile ; request params : {}
[2018-08-22 10:22:36.962] [INFO] info - request url : /favicon.ico ; request params : {}
[2018-08-22 10:22:38.393] [INFO] info - request url : /api/common/town ; request params : {}
[2018-08-22 10:22:38.991] [INFO] info - request url : /api/common/town ; request params : {}
[2018-08-22 10:22:40.290] [INFO] info - request url : /member/profile ; request params : {}
[2018-08-22 10:22:40.602] [INFO] info - request url : /favicon.ico ; request params : {}
[2018-08-22 10:22:56.375] [INFO] info - request url : /member/profile ; request params : {}
[2018-08-22 10:22:56.692] [INFO] info - request url : /favicon.ico ; request params : {}
[2018-08-22 10:23:03.062] [INFO] info - request url : /member/profile ; request params : {}
[2018-08-22 10:23:03.346] [INFO] info - request url : /favicon.ico ; request params : {}
[2018-08-22 10:23:21.200] [INFO] info - request url : /member/profile ; request params : {}
[2018-08-22 10:23:21.474] [INFO] info - request url : /favicon.ico ; request params : {}
[2018-08-22 10:23:25.980] [INFO] info - request url : /member/profile ; request params : {}
[2018-08-22 10:23:26.262] [INFO] info - request url : /favicon.ico ; request params : {}
[2018-08-22 10:24:26.055] [INFO] info - request url : /member/profile/edit ; request params : {}
[2018-08-22 10:24:26.725] [INFO] info - request url : /favicon.ico ; request params : {}
[2018-08-22 10:24:34.315] [INFO] info - request url : /member/profile/edit ; request params : {}
[2018-08-22 10:24:34.588] [INFO] info - request url : /favicon.ico ; request params : {}
[2018-08-22 10:26:34.594] [INFO] info - request url : /favicon.ico ; request params : {}
[2018-08-22 10:27:37.338] [INFO] info - request url : /member/profile/edit ; request params : {}
[2018-08-22 10:27:37.612] [INFO] info - request url : /favicon.ico ; request params : {}
[2018-08-22 10:27:45.180] [INFO] info - request url : /member/profile/ ; request params : {}
[2018-08-22 10:27:45.441] [INFO] info - request url : /favicon.ico ; request params : {}
[2018-08-22 10:29:24.453] [INFO] info - request url : /member/profile/ ; request params : {}
[2018-08-22 10:29:24.754] [INFO] info - request url : /favicon.ico ; request params : {}
[2018-08-22 10:29:32.592] [INFO] info - request url : /member/profile/ ; request params : {}
[2018-08-22 10:29:32.855] [INFO] info - request url : /favicon.ico ; request params : {}
[2018-08-22 10:29:33.328] [INFO] info - request url : /member/profile/ ; request params : {}
[2018-08-22 10:29:33.570] [INFO] info - request url : /favicon.ico ; request params : {}
[2018-08-22 10:29:34.469] [INFO] info - request url : /member/profile/ ; request params : {}
[2018-08-22 10:29:34.720] [INFO] info - request url : /favicon.ico ; request params : {}
[2018-08-22 10:30:00.851] [INFO] info - request url : /member/profile/ ; request params : {}
[2018-08-22 10:30:01.143] [INFO] info - request url : /favicon.ico ; request params : {}
[2018-08-22 10:30:03.321] [INFO] info - request url : /member/profile/ ; request params : {}
[2018-08-22 10:30:03.575] [INFO] info - request url : /favicon.ico ; request params : {}
[2018-08-22 10:30:56.715] [INFO] info - request url : /member/profile/ ; request params : {}
[2018-08-22 10:30:57.024] [INFO] info - request url : /favicon.ico ; request params : {}
[2018-08-22 10:31:32.547] [INFO] info - request url : /member/profile/ ; request params : {}
[2018-08-22 10:31:32.860] [INFO] info - request url : /favicon.ico ; request params : {}
[2018-08-22 10:33:07.039] [INFO] info - request url : /member/profile/ ; request params : {}
[2018-08-22 10:33:07.336] [INFO] info - request url : /favicon.ico ; request params : {}
[2018-08-22 10:34:59.502] [INFO] info - request url : /member/index ; request params : {}
[2018-08-22 10:35:01.640] [INFO] info - request url : /favicon.ico ; request params : {}
[2018-08-22 10:35:06.218] [INFO] info - request url : /member/index ; request params : {}
[2018-08-22 10:35:06.329] [INFO] info - request url : /favicon.ico ; request params : {}
[2018-08-22 10:35:22.357] [INFO] info - request url : /member/index ; request params : {}
[2018-08-22 10:35:22.624] [INFO] info - request url : /favicon.ico ; request params : {}
[2018-08-22 10:37:22.632] [INFO] info - request url : /favicon.ico ; request params : {}
[2018-08-22 10:37:40.846] [INFO] info - request url : /member/index ; request params : {}
[2018-08-22 10:37:41.175] [INFO] info - request url : /favicon.ico ; request params : {}
[2018-08-22 10:38:18.228] [INFO] info - request url : /member/index ; request params : {}
[2018-08-22 10:38:18.545] [INFO] info - request url : /favicon.ico ; request params : {}
[2018-08-22 10:40:18.552] [INFO] info - request url : /favicon.ico ; request params : {}
[2018-08-22 10:40:56.849] [INFO] info - request url : /member/index ; request params : {}
[2018-08-22 10:40:57.180] [INFO] info - request url : /favicon.ico ; request params : {}
[2018-08-22 10:42:36.604] [INFO] info - request url : /member/profile ; request params : {}
[2018-08-22 10:42:36.971] [INFO] info - request url : /favicon.ico ; request params : {}
[2018-08-22 10:42:40.257] [INFO] info - request url : /member/profile ; request params : {}
[2018-08-22 10:42:40.538] [INFO] info - request url : /favicon.ico ; request params : {}
[2018-08-22 10:44:40.544] [INFO] info - request url : /favicon.ico ; request params : {}
[2018-08-22 10:45:05.512] [INFO] info - request url : /member/profile ; request params : {}
[2018-08-22 10:45:05.859] [INFO] info - request url : /favicon.ico ; request params : {}
[2018-08-22 10:45:08.380] [INFO] info - request url : /member/profile ; request params : {}
[2018-08-22 10:45:08.704] [INFO] info - request url : /favicon.ico ; request params : {}
[2018-08-22 10:45:10.933] [INFO] info - request url : /member/index ; request params : {}
[2018-08-22 10:45:12.535] [INFO] info - request url : /favicon.ico ; request params : {}
[2018-08-22 10:46:14.644] [INFO] info - request url : /member/index ; request params : {}
[2018-08-22 10:46:14.999] [INFO] info - request url : /favicon.ico ; request params : {}
[2018-08-22 10:46:16.026] [INFO] info - request url : /member/profile ; request params : {}
[2018-08-22 10:46:16.355] [INFO] info - request url : /favicon.ico ; request params : {}
[2018-08-22 10:46:19.254] [INFO] info - request url : /api/common/town ; request params : {}
[2018-08-22 10:48:16.361] [INFO] info - request url : /favicon.ico ; request params : {}
[2018-08-22 10:48:20.435] [INFO] info - request url : /member/profile/edit ; request params : {}
[2018-08-22 10:48:21.345] [INFO] info - request url : /favicon.ico ; request params : {}
[2018-08-22 10:48:22.889] [INFO] info - request url : /api/common/town?cityId=200005 ; request params : {"cityId":"200005"}
[2018-08-22 10:49:11.919] [INFO] info - request url : /member/profile ; request params : {}
[2018-08-22 10:49:12.303] [INFO] info - request url : /favicon.ico ; request params : {}
[2018-08-22 10:49:14.454] [INFO] info - request url : /api/common/town ; request params : {}
[2018-08-22 10:51:12.307] [INFO] info - request url : /favicon.ico ; request params : {}
[2018-08-22 10:51:19.588] [INFO] info - request url : /member/profile ; request params : {}
[2018-08-22 10:51:19.946] [INFO] info - request url : /favicon.ico ; request params : {}
[2018-08-22 10:51:22.222] [INFO] info - request url : /api/common/town ; request params : {}
[2018-08-22 10:51:33.117] [INFO] info - request url : /member/profile ; request params : {}
[2018-08-22 10:51:33.446] [INFO] info - request url : /favicon.ico ; request params : {}
[2018-08-22 10:51:35.221] [INFO] info - request url : /api/common/town ; request params : {}
[2018-08-22 10:53:30.206] [INFO] info - request url : /api/common/town ; request params : {}
[2018-08-22 10:53:33.229] [INFO] info - request url : /api/common/town ; request params : {}
[2018-08-22 10:53:33.449] [INFO] info - request url : /favicon.ico ; request params : {}
[2018-08-22 10:55:18.423] [INFO] info - request url : /member/profile ; request params : {}
[2018-08-22 10:55:18.766] [INFO] info - request url : /favicon.ico ; request params : {}
[2018-08-22 10:55:20.502] [INFO] info - request url : /api/common/town ; request params : {}
[2018-08-22 10:55:22.884] [INFO] info - request url : /api/common/town ; request params : {}
[2018-08-22 10:57:05.856] [INFO] info - request url : /member/profile ; request params : {}
[2018-08-22 10:57:06.183] [INFO] info - request url : /favicon.ico ; request params : {}
[2018-08-22 10:57:07.249] [INFO] info - request url : /api/common/town ; request params : {}
[2018-08-22 10:57:10.597] [INFO] info - request url : /api/common/town ; request params : {}
[2018-08-22 10:57:12.533] [INFO] info - request url : /api/common/town ; request params : {}
[2018-08-22 10:57:30.267] [INFO] info - request url : /member/profile ; request params : {}
[2018-08-22 10:57:30.610] [INFO] info - request url : /favicon.ico ; request params : {}
[2018-08-22 10:57:47.377] [INFO] info - request url : /member/profile ; request params : {}
[2018-08-22 10:57:47.713] [INFO] info - request url : /favicon.ico ; request params : {}
[2018-08-22 10:57:50.768] [INFO] info - request url : /api/common/town ; request params : {}
[2018-08-22 10:59:32.159] [INFO] info - request url : /member/profile ; request params : {}
[2018-08-22 10:59:32.536] [INFO] info - request url : /favicon.ico ; request params : {}
[2018-08-22 11:00:01.614] [INFO] info - request url : /member/profile ; request params : {}
[2018-08-22 11:00:01.955] [INFO] info - request url : /favicon.ico ; request params : {}
[2018-08-22 11:00:03.467] [INFO] info - request url : /api/common/town ; request params : {}
[2018-08-22 11:00:09.317] [INFO] info - request url : /api/common/town ; request params : {}
[2018-08-22 11:01:23.040] [INFO] info - request url : /member/profile ; request params : {}
[2018-08-22 11:01:23.408] [INFO] info - request url : /favicon.ico ; request params : {}
[2018-08-22 11:01:29.330] [INFO] info - request url : /api/common/town ; request params : {}
[2018-08-22 11:01:31.158] [INFO] info - request url : /api/common/town ; request params : {}
[2018-08-22 11:02:38.937] [INFO] info - request url : /member/profile ; request params : {}
[2018-08-22 11:02:39.275] [INFO] info - request url : /favicon.ico ; request params : {}
[2018-08-22 11:03:14.832] [INFO] info - request url : /member/profile ; request params : {}
[2018-08-22 11:03:15.183] [INFO] info - request url : /favicon.ico ; request params : {}
[2018-08-22 11:03:19.974] [INFO] info - request url : /member/profile ; request params : {}
[2018-08-22 11:03:20.284] [INFO] info - request url : /favicon.ico ; request params : {}
[2018-08-22 11:04:42.996] [INFO] info - request url : /api/common/town ; request params : {}
[2018-08-22 11:04:46.470] [INFO] info - request url : /api/common/town ; request params : {}
[2018-08-22 11:04:51.514] [INFO] info - request url : /member/profile ; request params : {}
[2018-08-22 11:04:51.863] [INFO] info - request url : /favicon.ico ; request params : {}
[2018-08-22 11:04:54.538] [INFO] info - request url : /api/common/town ; request params : {}
[2018-08-22 11:05:23.732] [INFO] info - request url : /member/profile ; request params : {}
[2018-08-22 11:05:24.067] [INFO] info - request url : /favicon.ico ; request params : {}
[2018-08-22 11:05:47.944] [INFO] info - request url : /member/profile ; request params : {}
[2018-08-22 11:05:48.276] [INFO] info - request url : /favicon.ico ; request params : {}
[2018-08-22 11:06:53.072] [INFO] info - request url : /api/common/town ; request params : {}
[2018-08-22 11:06:57.398] [INFO] info - request url : /api/common/town ; request params : {}
[2018-08-22 11:07:10.783] [INFO] info - request url : /member/profile/edit ; request params : {}
[2018-08-22 11:07:13.494] [INFO] info - request url : /member/profile/edit ; request params : {}
[2018-08-22 11:07:13.649] [INFO] info - request url : /favicon.ico ; request params : {}
[2018-08-22 11:07:18.118] [INFO] info - request url : /api/common/town?cityId=200005 ; request params : {"cityId":"200005"}
[2018-08-22 11:07:48.336] [INFO] info - request url : /favicon.ico ; request params : {}
[2018-08-22 11:08:35.133] [INFO] info - request url : /member/profile ; request params : {}
[2018-08-22 11:08:40.903] [INFO] info - request url : /api/common/town ; request params : {}
[2018-08-22 11:08:55.469] [INFO] info - request url : /favicon.ico ; request params : {}
[2018-08-22 11:09:13.652] [INFO] info - request url : /favicon.ico ; request params : {}
[2018-08-22 11:10:01.083] [INFO] info - request url : /member/profile ; request params : {}
[2018-08-22 11:10:07.131] [INFO] info - request url : /api/common/town ; request params : {}
[2018-08-22 11:10:21.414] [INFO] info - request url : /favicon.ico ; request params : {}
[2018-08-22 11:12:37.627] [INFO] info - request url : /member/profile ; request params : {}
[2018-08-22 11:12:37.958] [INFO] info - request url : /favicon.ico ; request params : {}
[2018-08-22 11:12:41.919] [INFO] info - request url : /api/common/town ; request params : {}
[2018-08-22 11:12:46.815] [INFO] info - request url : /api/common/town ; request params : {}
[2018-08-22 11:14:02.153] [INFO] info - request url : /member/profile ; request params : {}
[2018-08-22 11:14:02.489] [INFO] info - request url : /favicon.ico ; request params : {}
[2018-08-22 11:14:03.420] [INFO] info - request url : /api/common/town ; request params : {}
[2018-08-22 11:14:06.782] [INFO] info - request url : /api/common/town ; request params : {}
[2018-08-22 11:14:36.683] [INFO] info - request url : /member/profile ; request params : {}
[2018-08-22 11:14:37.058] [INFO] info - request url : /favicon.ico ; request params : {}
[2018-08-22 11:14:39.859] [INFO] info - request url : /api/common/town ; request params : {}
[2018-08-22 11:14:43.463] [INFO] info - request url : /api/common/town ; request params : {}
[2018-08-22 11:16:37.063] [INFO] info - request url : /favicon.ico ; request params : {}
[2018-08-22 11:17:15.430] [INFO] info - request url : /member/profile ; request params : {}
[2018-08-22 11:17:15.801] [INFO] info - request url : /favicon.ico ; request params : {}
[2018-08-22 11:17:17.270] [INFO] info - request url : /api/common/town ; request params : {}
[2018-08-22 11:17:35.137] [INFO] info - request url : /api/common/town ; request params : {}
[2018-08-22 11:19:15.832] [INFO] info - request url : /favicon.ico ; request params : {}
[2018-08-22 11:19:19.494] [INFO] info - request url : /member/profile ; request params : {}
[2018-08-22 11:19:19.820] [INFO] info - request url : /favicon.ico ; request params : {}
[2018-08-22 11:19:21.468] [INFO] info - request url : /api/common/town ; request params : {}
[2018-08-22 11:19:29.976] [INFO] info - request url : /api/common/town ; request params : {}
[2018-08-22 11:19:33.663] [INFO] info - request url : /api/common/town ; request params : {}
[2018-08-22 11:19:40.063] [INFO] info - request url : /api/common/town ; request params : {}
[2018-08-22 11:20:37.620] [INFO] info - request url : /member/profile ; request params : {}
[2018-08-22 11:20:37.941] [INFO] info - request url : /favicon.ico ; request params : {}
[2018-08-22 11:20:39.417] [INFO] info - request url : /api/common/town ; request params : {}
[2018-08-22 11:20:45.817] [INFO] info - request url : /api/common/town ; request params : {}
[2018-08-22 11:20:58.913] [INFO] info - request url : /api/common/town ; request params : {}
[2018-08-22 11:21:21.530] [INFO] info - request url : /member/profile ; request params : {}
[2018-08-22 11:21:21.868] [INFO] info - request url : /favicon.ico ; request params : {}
[2018-08-22 11:21:23.778] [INFO] info - request url : /api/common/town ; request params : {}
[2018-08-22 11:21:25.721] [INFO] info - request url : /api/common/town ; request params : {}
[2018-08-22 11:23:13.060] [INFO] info - request url : /member/profile ; request params : {}
[2018-08-22 11:23:13.393] [INFO] info - request url : /favicon.ico ; request params : {}
[2018-08-22 11:23:14.293] [INFO] info - request url : /api/common/town ; request params : {}
[2018-08-22 11:23:16.503] [INFO] info - request url : /api/common/town ; request params : {}
[2018-08-22 11:23:20.687] [INFO] info - request url : /api/common/town ; request params : {}
[2018-08-22 11:23:38.851] [INFO] info - request url : /member/profile ; request params : {}
[2018-08-22 11:23:39.200] [INFO] info - request url : /favicon.ico ; request params : {}
[2018-08-22 11:23:40.094] [INFO] info - request url : /api/common/town ; request params : {}
[2018-08-22 11:23:42.951] [INFO] info - request url : /api/common/town ; request params : {}
[2018-08-22 11:23:59.650] [INFO] info - request url : /api/common/town?cityId=200005 ; request params : {"cityId":"200005"}
[2018-08-22 11:24:05.657] [INFO] info - request url : /api/common/town?cityId=200005 ; request params : {"cityId":"200005"}
[2018-08-22 11:24:08.256] [INFO] info - request url : /api/common/town?cityId=200005 ; request params : {"cityId":"200005"}
[2018-08-22 11:24:37.937] [INFO] info - request url : /api/common/town ; request params : {}
[2018-08-22 11:25:06.629] [INFO] info - request url : /member/profile ; request params : {}
[2018-08-22 11:25:06.972] [INFO] info - request url : /favicon.ico ; request params : {}
[2018-08-22 11:25:19.625] [INFO] info - request url : /member/profile ; request params : {}
[2018-08-22 11:25:19.953] [INFO] info - request url : /favicon.ico ; request params : {}
[2018-08-22 11:25:54.348] [INFO] info - request url : /member/profile ; request params : {}
[2018-08-22 11:25:54.695] [INFO] info - request url : /favicon.ico ; request params : {}
[2018-08-22 11:25:55.799] [INFO] info - request url : /api/common/town ; request params : {}
[2018-08-22 11:25:58.001] [INFO] info - request url : /api/common/town ; request params : {}
[2018-08-22 11:26:11.210] [INFO] info - request url : /api/common/town ; request params : {}
[2018-08-22 11:26:14.145] [INFO] info - request url : /api/common/town ; request params : {}
[2018-08-22 11:27:23.196] [INFO] info - request url : /api/common/town ; request params : {}
[2018-08-22 11:27:26.080] [INFO] info - request url : /api/common/town ; request params : {}
[2018-08-22 11:27:31.568] [INFO] info - request url : /api/common/town ; request params : {}
[2018-08-22 11:27:38.840] [INFO] info - request url : /api/common/town ; request params : {}
[2018-08-22 11:27:54.743] [INFO] info - request url : /favicon.ico ; request params : {}
[2018-08-22 11:28:19.863] [INFO] info - request url : /member/profile ; request params : {}
[2018-08-22 11:28:20.208] [INFO] info - request url : /favicon.ico ; request params : {}
[2018-08-22 11:28:20.821] [INFO] info - request url : /api/common/town ; request params : {}
[2018-08-22 11:28:24.834] [INFO] info - request url : /api/common/town ; request params : {}
[2018-08-22 11:28:30.507] [INFO] info - request url : /api/common/town ; request params : {}
[2018-08-22 11:28:33.513] [INFO] info - request url : /api/common/town ; request params : {}
[2018-08-22 11:29:47.923] [INFO] info - request url : /member/profile ; request params : {}
[2018-08-22 11:29:48.253] [INFO] info - request url : /favicon.ico ; request params : {}
[2018-08-22 11:30:57.800] [INFO] info - request url : /member/profile ; request params : {}
[2018-08-22 11:30:58.159] [INFO] info - request url : /favicon.ico ; request params : {}
[2018-08-22 11:31:06.915] [INFO] info - request url : /member/profile ; request params : {}
[2018-08-22 11:31:07.236] [INFO] info - request url : /favicon.ico ; request params : {}
[2018-08-22 11:31:46.939] [INFO] info - request url : /member/profile ; request params : {}
[2018-08-22 11:31:47.289] [INFO] info - request url : /favicon.ico ; request params : {}
[2018-08-22 11:31:47.935] [INFO] info - request url : /api/common/town ; request params : {}
[2018-08-22 11:31:54.306] [INFO] info - request url : /api/common/town ; request params : {}
[2018-08-22 11:31:58.609] [INFO] info - request url : /api/common/town ; request params : {}
[2018-08-22 11:32:09.658] [INFO] info - request url : /api/common/town ; request params : {}
[2018-08-22 11:32:21.418] [INFO] info - request url : /api/common/town ; request params : {}
[2018-08-22 11:32:27.410] [INFO] info - request url : /api/common/town ; request params : {}
[2018-08-22 11:32:36.370] [INFO] info - request url : /api/common/town ; request params : {}
[2018-08-22 11:32:39.961] [INFO] info - request url : /api/common/town ; request params : {}
[2018-08-22 11:32:59.410] [INFO] info - request url : /api/common/town ; request params : {}
[2018-08-22 11:33:05.034] [INFO] info - request url : /api/common/town ; request params : {}
[2018-08-22 11:33:11.626] [INFO] info - request url : /api/common/town ; request params : {}
[2018-08-22 11:33:19.343] [INFO] info - request url : /member/profile/edit ; request params : {}
[2018-08-22 11:33:20.508] [INFO] info - request url : /favicon.ico ; request params : {}
[2018-08-22 11:33:22.504] [INFO] info - request url : /api/common/town?cityId=200005 ; request params : {"cityId":"200005"}
[2018-08-22 11:33:26.298] [INFO] info - request url : /api/common/town?cityId=200005 ; request params : {"cityId":"200005"}
[2018-08-22 11:33:28.610] [INFO] info - request url : /api/common/town?cityId=200005 ; request params : {"cityId":"200005"}
[2018-08-22 11:33:35.932] [INFO] info - request url : /member/profile ; request params : {}
[2018-08-22 11:33:36.255] [INFO] info - request url : /favicon.ico ; request params : {}
[2018-08-22 11:33:37.238] [INFO] info - request url : /api/common/town ; request params : {}
[2018-08-22 11:33:40.050] [INFO] info - request url : /api/common/town ; request params : {}
[2018-08-22 11:33:44.537] [INFO] info - request url : /api/common/town ; request params : {}
[2018-08-22 11:33:50.213] [INFO] info - request url : /member/profile/edit ; request params : {}
[2018-08-22 11:33:51.359] [INFO] info - request url : /favicon.ico ; request params : {}
[2018-08-22 11:33:53.408] [INFO] info - request url : /api/common/town?cityId=200005 ; request params : {"cityId":"200005"}
[2018-08-22 11:34:07.388] [INFO] info - request url : /member/profile ; request params : {}
[2018-08-22 11:34:07.924] [INFO] info - request url : /favicon.ico ; request params : {}
[2018-08-22 11:36:07.931] [INFO] info - request url : /favicon.ico ; request params : {}
[2018-08-22 11:36:14.366] [INFO] info - request url : /api/common/town ; request params : {}
[2018-08-22 11:36:18.042] [INFO] info - request url : /api/common/town ; request params : {}
[2018-08-22 11:36:21.209] [INFO] info - request url : /api/common/town ; request params : {}
[2018-08-22 11:40:11.915] [INFO] info - request url : /api/common/town ; request params : {}
[2018-08-22 11:41:05.814] [INFO] info - request url : /member/profile ; request params : {}
[2018-08-22 11:41:06.132] [INFO] info - request url : /favicon.ico ; request params : {}
[2018-08-22 11:43:06.139] [INFO] info - request url : /favicon.ico ; request params : {}
[2018-08-22 11:43:46.172] [INFO] info - request url : /member/index ; request params : {}
[2018-08-22 11:43:47.494] [INFO] info - request url : /favicon.ico ; request params : {}
[2018-08-22 11:45:47.547] [INFO] info - request url : /favicon.ico ; request params : {}
[2018-08-22 11:49:33.566] [INFO] info - request url : /member/index ; request params : {}
[2018-08-22 11:49:33.883] [INFO] info - request url : /favicon.ico ; request params : {}
[2018-08-22 11:51:27.952] [INFO] info - request url : /member/index ; request params : {}
[2018-08-22 11:51:28.271] [INFO] info - request url : /favicon.ico ; request params : {}
[2018-08-22 11:53:28.279] [INFO] info - request url : /favicon.ico ; request params : {}
[2018-08-22 11:55:07.291] [INFO] info - request url : /member/index ; request params : {}
[2018-08-22 11:55:07.613] [INFO] info - request url : /favicon.ico ; request params : {}
[2018-08-22 11:55:32.603] [INFO] info - request url : /member/index ; request params : {}
[2018-08-22 11:55:32.898] [INFO] info - request url : /favicon.ico ; request params : {}
[2018-08-22 11:55:58.529] [INFO] info - request url : /member/index ; request params : {}
[2018-08-22 11:55:58.845] [INFO] info - request url : /favicon.ico ; request params : {}
[2018-08-22 11:57:06.880] [INFO] info - request url : /member/index ; request params : {}
[2018-08-22 11:57:07.185] [INFO] info - request url : /favicon.ico ; request params : {}
[2018-08-22 11:57:15.198] [INFO] info - request url : /member/index ; request params : {}
[2018-08-22 11:57:15.496] [INFO] info - request url : /favicon.ico ; request params : {}
[2018-08-22 11:58:28.190] [INFO] info - request url : /member/index ; request params : {}
[2018-08-22 11:58:28.512] [INFO] info - request url : /favicon.ico ; request params : {}
[2018-08-22 11:58:37.053] [INFO] info - request url : /member/index ; request params : {}
[2018-08-22 11:58:37.391] [INFO] info - request url : /favicon.ico ; request params : {}
[2018-08-22 12:00:37.397] [INFO] info - request url : /favicon.ico ; request params : {}
[2018-08-22 12:00:42.211] [INFO] info - request url : /member/index ; request params : {}
[2018-08-22 12:00:42.520] [INFO] info - request url : /favicon.ico ; request params : {}
[2018-08-22 12:01:35.233] [INFO] info - request url : /member/index ; request params : {}
[2018-08-22 12:01:35.551] [INFO] info - request url : /favicon.ico ; request params : {}
[2018-08-22 12:01:46.408] [INFO] info - request url : /member/index ; request params : {}
[2018-08-22 12:01:46.734] [INFO] info - request url : /favicon.ico ; request params : {}
[2018-08-22 12:01:53.438] [INFO] info - request url : /member/index ; request params : {}
[2018-08-22 12:01:53.766] [INFO] info - request url : /favicon.ico ; request params : {}
[2018-08-22 12:01:59.936] [INFO] info - request url : /member/index ; request params : {}
[2018-08-22 12:02:00.244] [INFO] info - request url : /favicon.ico ; request params : {}
[2018-08-22 12:04:00.251] [INFO] info - request url : /favicon.ico ; request params : {}
[2018-08-22 13:28:43.517] [INFO] info - request url : /member/index ; request params : {}
[2018-08-22 13:28:43.861] [INFO] info - request url : /favicon.ico ; request params : {}
[2018-08-22 13:28:46.479] [INFO] info - request url : /member/index ; request params : {}
[2018-08-22 13:28:46.786] [INFO] info - request url : /favicon.ico ; request params : {}
[2018-08-22 13:28:50.042] [INFO] info - request url : /member/index ; request params : {}
[2018-08-22 13:28:50.380] [INFO] info - request url : /favicon.ico ; request params : {}
[2018-08-22 13:30:32.226] [INFO] info - request url : /member/index ; request params : {}
[2018-08-22 13:30:32.566] [INFO] info - request url : /favicon.ico ; request params : {}
[2018-08-22 13:32:32.593] [INFO] info - request url : /favicon.ico ; request params : {}
[2018-08-22 13:33:03.805] [INFO] info - request url : /member/index ; request params : {}
[2018-08-22 13:33:04.126] [INFO] info - request url : /favicon.ico ; request params : {}
[2018-08-22 13:33:16.205] [INFO] info - request url : /member/index ; request params : {}
[2018-08-22 13:33:16.546] [INFO] info - request url : /favicon.ico ; request params : {}
[2018-08-22 13:34:40.917] [INFO] info - request url : /member/index ; request params : {}
[2018-08-22 13:34:41.313] [INFO] info - request url : /favicon.ico ; request params : {}
[2018-08-22 13:34:45.221] [INFO] info - request url : /member/index ; request params : {}
[2018-08-22 13:34:45.529] [INFO] info - request url : /favicon.ico ; request params : {}
[2018-08-22 13:35:06.770] [INFO] info - request url : /member/index ; request params : {}
[2018-08-22 13:35:07.154] [INFO] info - request url : /favicon.ico ; request params : {}
[2018-08-22 13:37:07.210] [INFO] info - request url : /favicon.ico ; request params : {}
[2018-08-22 13:41:05.451] [INFO] info - request url : /member/index ; request params : {}
[2018-08-22 13:41:05.756] [INFO] info - request url : /favicon.ico ; request params : {}
[2018-08-22 13:41:07.373] [INFO] info - request url : /member/index ; request params : {}
[2018-08-22 13:41:07.684] [INFO] info - request url : /favicon.ico ; request params : {}
[2018-08-22 13:42:04.925] [INFO] info - request url : /member/index ; request params : {}
[2018-08-22 13:42:05.268] [INFO] info - request url : /favicon.ico ; request params : {}
[2018-08-22 13:42:10.022] [INFO] info - request url : /member/index ; request params : {}
[2018-08-22 13:42:10.346] [INFO] info - request url : /favicon.ico ; request params : {}
[2018-08-22 13:42:27.133] [INFO] info - request url : /member/index ; request params : {}
[2018-08-22 13:42:27.457] [INFO] info - request url : /favicon.ico ; request params : {}
[2018-08-22 13:44:27.464] [INFO] info - request url : /favicon.ico ; request params : {}
[2018-08-22 13:46:13.488] [INFO] info - request url : /member/index ; request params : {}
[2018-08-22 13:46:13.810] [INFO] info - request url : /favicon.ico ; request params : {}
[2018-08-22 13:46:24.815] [INFO] info - request url : /member/index ; request params : {}
[2018-08-22 13:46:25.131] [INFO] info - request url : /favicon.ico ; request params : {}
[2018-08-22 13:47:20.013] [INFO] info - request url : /member/index ; request params : {}
[2018-08-22 13:47:20.344] [INFO] info - request url : /favicon.ico ; request params : {}
[2018-08-22 13:48:12.665] [INFO] info - request url : /member/index ; request params : {}
[2018-08-22 13:48:12.977] [INFO] info - request url : /favicon.ico ; request params : {}
[2018-08-22 13:48:14.811] [INFO] info - request url : /member/index ; request params : {}
[2018-08-22 13:48:15.135] [INFO] info - request url : /favicon.ico ; request params : {}
[2018-08-22 13:48:30.487] [INFO] info - request url : /member/index ; request params : {}
[2018-08-22 13:48:30.803] [INFO] info - request url : /favicon.ico ; request params : {}
[2018-08-22 13:48:38.019] [INFO] info - request url : /member/index ; request params : {}
[2018-08-22 13:48:38.361] [INFO] info - request url : /favicon.ico ; request params : {}
[2018-08-22 13:49:05.224] [INFO] info - request url : /member/index ; request params : {}
[2018-08-22 13:49:05.571] [INFO] info - request url : /favicon.ico ; request params : {}
[2018-08-22 13:50:24.956] [INFO] info - request url : /member/index ; request params : {}
[2018-08-22 13:50:25.323] [INFO] info - request url : /favicon.ico ; request params : {}
[2018-08-22 13:50:30.476] [INFO] info - request url : /member/index ; request params : {}
[2018-08-22 13:50:30.774] [INFO] info - request url : /favicon.ico ; request params : {}
[2018-08-22 13:50:36.185] [INFO] info - request url : /member/index ; request params : {}
[2018-08-22 13:50:36.498] [INFO] info - request url : /favicon.ico ; request params : {}
[2018-08-22 13:50:38.423] [INFO] info - request url : /member/profile ; request params : {}
[2018-08-22 13:50:38.745] [INFO] info - request url : /favicon.ico ; request params : {}
[2018-08-22 13:50:42.121] [INFO] info - request url : /api/common/town ; request params : {}
[2018-08-22 13:50:46.483] [INFO] info - request url : /api/common/town ; request params : {}
[2018-08-22 13:50:49.996] [INFO] info - request url : /api/common/town ; request params : {}
[2018-08-22 13:51:20.926] [INFO] info - request url : /member/index ; request params : {}
[2018-08-22 13:51:22.180] [INFO] info - request url : /favicon.ico ; request params : {}
[2018-08-22 13:51:29.764] [INFO] info - request url : /member/profile ; request params : {}
[2018-08-22 13:51:30.114] [INFO] info - request url : /favicon.ico ; request params : {}
[2018-08-22 13:53:05.593] [INFO] info - request url : /member/profile ; request params : {}
[2018-08-22 13:53:05.924] [INFO] info - request url : /favicon.ico ; request params : {}
[2018-08-22 13:55:05.930] [INFO] info - request url : /favicon.ico ; request params : {}
[2018-08-22 13:55:45.892] [INFO] info - request url : /api/common/town ; request params : {}
[2018-08-22 13:57:32.709] [INFO] info - request url : /api/common/town ; request params : {}
[2018-08-22 13:57:35.364] [INFO] info - request url : /api/common/town ; request params : {}
[2018-08-22 13:57:40.388] [INFO] info - request url : /api/common/town ; request params : {}
[2018-08-22 13:57:42.940] [INFO] info - request url : /api/common/town ; request params : {}
[2018-08-22 14:00:16.513] [INFO] info - request url : /member/profile ; request params : {}
[2018-08-22 14:00:16.866] [INFO] info - request url : /favicon.ico ; request params : {}
[2018-08-22 14:00:22.030] [INFO] info - request url : /member/index ; request params : {}
[2018-08-22 14:00:23.479] [INFO] info - request url : /favicon.ico ; request params : {}
[2018-08-22 14:00:24.990] [INFO] info - request url : /member/profile ; request params : {}
[2018-08-22 14:00:25.280] [INFO] info - request url : /favicon.ico ; request params : {}
[2018-08-22 14:00:27.824] [INFO] info - request url : /favicon.ico ; request params : {}
[2018-08-22 14:00:31.993] [INFO] info - request url : /member/articles ; request params : {}
[2018-08-22 14:00:32.282] [INFO] info - request url : /favicon.ico ; request params : {}
[2018-08-22 14:00:35.078] [INFO] info - request url : /favicon.ico ; request params : {}
[2018-08-22 14:02:35.084] [INFO] info - request url : /favicon.ico ; request params : {}
[2018-08-22 14:59:22.167] [INFO] info - request url : /member/index ; request params : {}
[2018-08-22 14:59:22.523] [INFO] info - request url : /favicon.ico ; request params : {}
[2018-08-22 14:59:39.323] [INFO] info - request url : /member/index?aaa ; request params : {"aaa":""}
[2018-08-22 14:59:39.628] [INFO] info - request url : /favicon.ico ; request params : {}
[2018-08-22 14:59:44.331] [INFO] info - request url : /member/index?aaa=aa ; request params : {"aaa":"aa"}
[2018-08-22 14:59:44.597] [INFO] info - request url : /favicon.ico ; request params : {}
[2018-08-22 14:59:48.453] [INFO] info - request url : /member/index?aaa=aa ; request params : {"aaa":"aa"}
[2018-08-22 14:59:48.717] [INFO] info - request url : /favicon.ico ; request params : {}
[2018-08-22 15:01:48.726] [INFO] info - request url : /favicon.ico ; request params : {}
[2018-08-22 15:07:19.717] [INFO] info - request url : /member/index?openId=aa ; request params : {"openId":"aa"}
[2018-08-22 15:07:20.034] [INFO] info - request url : /favicon.ico ; request params : {}
[2018-08-22 15:09:20.042] [INFO] info - request url : /favicon.ico ; request params : {}
[2018-08-22 15:51:45.656] [INFO] info - request url : /member/profile ; request params : {}
[2018-08-22 15:51:46.012] [INFO] info - request url : /favicon.ico ; request params : {}
[2018-08-22 15:51:47.658] [INFO] info - request url : /api/common/town ; request params : {}
[2018-08-22 15:51:49.660] [INFO] info - request url : /api/common/town ; request params : {}
[2018-08-22 15:52:00.268] [INFO] info - request url : /api/common/town ; request params : {}
[2018-08-22 15:52:01.181] [INFO] info - request url : /api/common/town ; request params : {}
[2018-08-22 15:52:01.932] [INFO] info - request url : /api/common/town ; request params : {}
[2018-08-22 15:52:03.526] [INFO] info - request url : /api/common/town ; request params : {}
[2018-08-22 15:52:04.315] [INFO] info - request url : /api/common/town ; request params : {}
[2018-08-22 15:52:05.572] [INFO] info - request url : /api/common/town ; request params : {}
[2018-08-22 15:52:06.516] [INFO] info - request url : /api/common/town ; request params : {}
[2018-08-22 15:52:07.597] [INFO] info - request url : /api/common/town ; request params : {}
[2018-08-22 15:52:11.133] [INFO] info - request url : /api/common/town ; request params : {}
[2018-08-22 15:52:12.084] [INFO] info - request url : /api/common/town ; request params : {}
[2018-08-22 15:52:13.484] [INFO] info - request url : /api/common/town ; request params : {}
[2018-08-22 15:52:15.276] [INFO] info - request url : /api/common/town ; request params : {}
[2018-08-22 15:52:16.460] [INFO] info - request url : /api/common/town ; request params : {}
[2018-08-22 15:52:17.676] [INFO] info - request url : /api/common/town ; request params : {}
[2018-08-22 15:52:18.668] [INFO] info - request url : /api/common/town ; request params : {}
[2018-08-22 15:52:33.325] [INFO] info - request url : /api/common/town ; request params : {}
[2018-08-22 15:52:34.646] [INFO] info - request url : /api/common/town ; request params : {}
[2018-08-22 15:52:35.766] [INFO] info - request url : /api/common/town ; request params : {}
[2018-08-22 15:52:37.126] [INFO] info - request url : /api/common/town ; request params : {}
[2018-08-22 15:52:38.133] [INFO] info - request url : /api/common/town ; request params : {}
[2018-08-22 15:52:39.157] [INFO] info - request url : /api/common/town ; request params : {}
[2018-08-22 15:52:40.221] [INFO] info - request url : /api/common/town ; request params : {}
[2018-08-22 15:52:41.244] [INFO] info - request url : /api/common/town ; request params : {}
[2018-08-22 15:52:42.397] [INFO] info - request url : /api/common/town ; request params : {}
[2018-08-22 15:52:43.756] [INFO] info - request url : /api/common/town ; request params : {}
[2018-08-22 15:52:45.341] [INFO] info - request url : /api/common/town ; request params : {}
[2018-08-22 15:52:46.957] [INFO] info - request url : /api/common/town ; request params : {}
[2018-08-22 15:52:47.917] [INFO] info - request url : /api/common/town ; request params : {}
[2018-08-22 15:52:48.803] [INFO] info - request url : /api/common/town ; request params : {}
[2018-08-22 15:52:50.878] [INFO] info - request url : /api/common/town ; request params : {}
[2018-08-22 15:52:51.864] [INFO] info - request url : /api/common/town ; request params : {}
[2018-08-22 15:52:52.620] [INFO] info - request url : /api/common/town ; request params : {}
[2018-08-22 15:52:52.997] [INFO] info - request url : /api/common/town ; request params : {}
[2018-08-22 15:52:53.341] [INFO] info - request url : /api/common/town ; request params : {}
[2018-08-22 15:52:53.710] [INFO] info - request url : /api/common/town ; request params : {}
[2018-08-22 15:52:54.062] [INFO] info - request url : /api/common/town ; request params : {}
[2018-08-22 15:52:54.565] [INFO] info - request url : /api/common/town ; request params : {}
[2018-08-22 15:52:55.277] [INFO] info - request url : /api/common/town ; request params : {}
[2018-08-22 15:52:55.629] [INFO] info - request url : /api/common/town ; request params : {}
[2018-08-22 15:52:55.981] [INFO] info - request url : /api/common/town ; request params : {}
[2018-08-22 15:52:56.333] [INFO] info - request url : /api/common/town ; request params : {}
[2018-08-22 15:52:56.684] [INFO] info - request url : /api/common/town ; request params : {}
[2018-08-22 15:52:57.036] [INFO] info - request url : /api/common/town ; request params : {}
[2018-08-22 15:52:57.452] [INFO] info - request url : /api/common/town ; request params : {}
[2018-08-22 15:52:57.892] [INFO] info - request url : /api/common/town ; request params : {}
[2018-08-22 15:52:58.612] [INFO] info - request url : /api/common/town ; request params : {}
[2018-08-22 15:52:58.966] [INFO] info - request url : /api/common/town ; request params : {}
[2018-08-22 15:52:59.285] [INFO] info - request url : /api/common/town ; request params : {}
[2018-08-22 15:52:59.675] [INFO] info - request url : /api/common/town ; request params : {}
[2018-08-22 15:53:00.821] [INFO] info - request url : /api/common/town ; request params : {}
[2018-08-22 15:53:01.165] [INFO] info - request url : /api/common/town ; request params : {}
[2018-08-22 15:53:01.534] [INFO] info - request url : /api/common/town ; request params : {}
[2018-08-22 15:53:08.325] [INFO] info - request url : /api/common/town ; request params : {}
[2018-08-22 15:53:09.181] [INFO] info - request url : /api/common/town ; request params : {}
[2018-08-22 15:53:09.565] [INFO] info - request url : /api/common/town ; request params : {}
[2018-08-22 15:53:09.948] [INFO] info - request url : /api/common/town ; request params : {}
[2018-08-22 15:53:10.948] [INFO] info - request url : /api/common/town ; request params : {}
[2018-08-22 15:53:11.372] [INFO] info - request url : /api/common/town ; request params : {}
[2018-08-22 15:53:11.733] [INFO] info - request url : /api/common/town ; request params : {}
[2018-08-22 15:53:19.732] [INFO] info - request url : /api/common/town ; request params : {}
[2018-08-22 15:53:20.988] [INFO] info - request url : /api/common/town ; request params : {}
[2018-08-22 15:53:22.222] [INFO] info - request url : /api/common/town ; request params : {}
[2018-08-22 15:53:46.017] [INFO] info - request url : /favicon.ico ; request params : {}
[2018-08-22 15:54:17.333] [INFO] info - request url : /api/common/town ; request params : {}
[2018-08-22 15:54:18.236] [INFO] info - request url : /api/common/town ; request params : {}
[2018-08-22 15:54:19.358] [INFO] info - request url : /api/common/town ; request params : {}
[2018-08-22 15:54:24.798] [INFO] info - request url : /api/common/town ; request params : {}
[2018-08-22 15:54:26.518] [INFO] info - request url : /api/common/town ; request params : {}
[2018-08-22 15:54:29.901] [INFO] info - request url : /api/common/town ; request params : {}
[2018-08-22 15:54:30.790] [INFO] info - request url : /api/common/town ; request params : {}
[2018-08-22 15:54:31.733] [INFO] info - request url : /api/common/town ; request params : {}
[2018-08-22 15:54:33.501] [INFO] info - request url : /api/common/town ; request params : {}
[2018-08-22 15:54:33.887] [INFO] info - request url : /api/common/town ; request params : {}
[2018-08-22 15:54:34.214] [INFO] info - request url : /api/common/town ; request params : {}
[2018-08-22 15:54:34.526] [INFO] info - request url : /api/common/town ; request params : {}
[2018-08-22 15:54:34.836] [INFO] info - request url : /api/common/town ; request params : {}
[2018-08-22 15:54:35.160] [INFO] info - request url : /api/common/town ; request params : {}
[2018-08-22 15:54:35.471] [INFO] info - request url : /api/common/town ; request params : {}
[2018-08-22 15:54:35.815] [INFO] info - request url : /api/common/town ; request params : {}
[2018-08-22 15:54:36.148] [INFO] info - request url : /api/common/town ; request params : {}
[2018-08-22 15:54:36.478] [INFO] info - request url : /api/common/town ; request params : {}
[2018-08-22 15:54:36.853] [INFO] info - request url : /api/common/town ; request params : {}
[2018-08-22 15:54:37.190] [INFO] info - request url : /api/common/town ; request params : {}
[2018-08-22 15:54:37.533] [INFO] info - request url : /api/common/town ; request params : {}
[2018-08-22 15:54:37.877] [INFO] info - request url : /api/common/town ; request params : {}
[2018-08-22 15:54:38.228] [INFO] info - request url : /api/common/town ; request params : {}
[2018-08-22 15:54:38.576] [INFO] info - request url : /api/common/town ; request params : {}
[2018-08-22 15:54:38.927] [INFO] info - request url : /api/common/town ; request params : {}
[2018-08-22 15:54:39.519] [INFO] info - request url : /api/common/town ; request params : {}
[2018-08-22 15:54:40.101] [INFO] info - request url : /api/common/town ; request params : {}
[2018-08-22 15:54:54.635] [INFO] info - request url : /api/common/town ; request params : {}
[2018-08-22 15:54:57.941] [INFO] info - request url : /api/common/town ; request params : {}
[2018-08-22 15:55:00.492] [INFO] info - request url : /api/common/town ; request params : {}
[2018-08-22 15:55:01.684] [INFO] info - request url : /api/common/town ; request params : {}
[2018-08-22 15:55:02.916] [INFO] info - request url : /api/common/town ; request params : {}
[2018-08-22 15:55:03.915] [INFO] info - request url : /api/common/town ; request params : {}
[2018-08-22 15:55:05.404] [INFO] info - request url : /api/common/town ; request params : {}
[2018-08-22 15:55:25.149] [INFO] info - request url : /api/common/town ; request params : {}
[2018-08-22 16:05:50.654] [INFO] info - request url : /member/profile?openId=1111 ; request params : {"openId":"1111"}
[2018-08-22 16:05:51.031] [INFO] info - request url : /favicon.ico ; request params : {}
[2018-08-22 16:06:44.263] [INFO] info - request url : /member/profile?openId=1111 ; request params : {"openId":"1111"}
[2018-08-22 16:06:44.626] [INFO] info - request url : /favicon.ico ; request params : {}
[2018-08-22 16:06:48.175] [INFO] info - request url : /member/profile?openId=1111 ; request params : {"openId":"1111"}
[2018-08-22 16:06:48.505] [INFO] info - request url : /favicon.ico ; request params : {}
[2018-08-22 16:06:58.930] [INFO] info - request url : /member/profile?openId=11111 ; request params : {"openId":"11111"}
[2018-08-22 16:06:59.256] [INFO] info - request url : /favicon.ico ; request params : {}
[2018-08-22 16:07:37.190] [INFO] info - request url : /member/profile?openId=11111 ; request params : {"openId":"11111"}
[2018-08-22 16:07:37.542] [INFO] info - request url : /favicon.ico ; request params : {}
[2018-08-22 16:07:44.666] [INFO] info - request url : /member/profile?openId=11111 ; request params : {"openId":"11111"}
[2018-08-22 16:07:44.999] [INFO] info - request url : /favicon.ico ; request params : {}
[2018-08-22 16:09:45.007] [INFO] info - request url : /favicon.ico ; request params : {}
[2018-08-22 16:10:32.747] [INFO] info - request url : /member/profile?openId=11111 ; request params : {"openId":"11111"}
[2018-08-22 16:10:33.147] [INFO] info - request url : /favicon.ico ; request params : {}
[2018-08-22 16:12:33.152] [INFO] info - request url : /favicon.ico ; request params : {}
[2018-08-22 16:29:59.688] [INFO] info - request url : /member/profile?openId=11111 ; request params : {"openId":"11111"}
[2018-08-22 16:30:00.104] [INFO] info - request url : /favicon.ico ; request params : {}
[2018-08-22 16:30:06.427] [INFO] info - request url : /member/profile?openId=11111 ; request params : {"openId":"11111"}
[2018-08-22 16:30:06.750] [INFO] info - request url : /favicon.ico ; request params : {}
[2018-08-22 16:30:31.941] [INFO] info - request url : /member/profile?openId=11111 ; request params : {"openId":"11111"}
[2018-08-22 16:30:32.346] [INFO] info - request url : /favicon.ico ; request params : {}
[2018-08-22 16:32:32.358] [INFO] info - request url : /favicon.ico ; request params : {}
[2018-08-22 18:06:03.702] [INFO] info - request url : /member/profile?openId=11111 ; request params : {"openId":"11111"}
[2018-08-22 18:06:04.108] [INFO] info - request url : /favicon.ico ; request params : {}
[2018-08-22 18:06:38.521] [INFO] info - request url : /member/profile?openId=11112 ; request params : {"openId":"11112"}
[2018-08-22 18:06:38.888] [INFO] info - request url : /favicon.ico ; request params : {}
[2018-08-22 18:08:40.204] [INFO] info - request url : /member/profile?openId=11112 ; request params : {"openId":"11112"}
[2018-08-22 18:08:40.535] [INFO] info - request url : /favicon.ico ; request params : {}
[2018-08-22 18:08:42.530] [INFO] info - request url : /member/profile?openId=11112 ; request params : {"openId":"11112"}
[2018-08-22 18:08:42.850] [INFO] info - request url : /favicon.ico ; request params : {}
[2018-08-22 18:08:48.133] [INFO] info - request url : /member/profile?openId=11112 ; request params : {"openId":"11112"}
[2018-08-22 18:08:48.420] [INFO] info - request url : /favicon.ico ; request params : {}
[2018-08-22 18:09:04.723] [INFO] info - request url : /member/index?openId=11112 ; request params : {"openId":"11112"}
[2018-08-22 18:09:05.100] [INFO] info - request url : /favicon.ico ; request params : {}
[2018-08-22 18:09:23.111] [INFO] info - request url : /member/index?openId=11112 ; request params : {"openId":"11112"}
[2018-08-22 18:09:23.448] [INFO] info - request url : /favicon.ico ; request params : {}
[2018-08-22 18:09:36.891] [INFO] info - request url : /member/index?openId=11113 ; request params : {"openId":"11113"}
[2018-08-22 18:09:37.221] [INFO] info - request url : /favicon.ico ; request params : {}
[2018-08-22 18:09:44.691] [INFO] info - request url : /member/index?openId=11114 ; request params : {"openId":"11114"}
[2018-08-22 18:09:45.000] [INFO] info - request url : /favicon.ico ; request params : {}
[2018-08-22 18:11:01.596] [INFO] info - request url : /member/index?openId=11116 ; request params : {"openId":"11116"}
[2018-08-22 18:11:01.974] [INFO] info - request url : /favicon.ico ; request params : {}
[2018-08-22 18:12:54.421] [INFO] info - request url : /member/index?openId=111 ; request params : {"openId":"111"}
[2018-08-22 18:12:54.779] [INFO] info - request url : /favicon.ico ; request params : {}
[2018-08-22 18:13:15.183] [INFO] info - request url : /member/articles ; request params : {}
[2018-08-22 18:13:15.583] [INFO] info - request url : /favicon.ico ; request params : {}
[2018-08-22 18:13:25.807] [INFO] info - request url : /favicon.ico ; request params : {}
[2018-08-22 18:13:34.980] [INFO] info - request url : /member/index?openId=111 ; request params : {"openId":"111"}
[2018-08-22 18:13:35.303] [INFO] info - request url : /favicon.ico ; request params : {}
[2018-08-22 18:13:40.812] [INFO] info - request url : /member/index?openId=1112 ; request params : {"openId":"1112"}
[2018-08-22 18:13:41.122] [INFO] info - request url : /favicon.ico ; request params : {}
[2018-08-22 18:14:04.606] [INFO] info - request url : /member/articles ; request params : {}
[2018-08-22 18:14:04.964] [INFO] info - request url : /favicon.ico ; request params : {}
[2018-08-22 18:14:32.848] [INFO] info - request url : /favicon.ico ; request params : {}
[2018-08-22 18:14:36.533] [INFO] info - request url : /member/index?openId=121 ; request params : {"openId":"121"}
[2018-08-22 18:14:36.834] [INFO] info - request url : /favicon.ico ; request params : {}
[2018-08-22 18:14:43.355] [INFO] info - request url : /member/index?openId=1213 ; request params : {"openId":"1213"}
[2018-08-22 18:14:43.661] [INFO] info - request url : /favicon.ico ; request params : {}
[2018-08-22 18:15:01.576] [INFO] info - request url : /member/articles ; request params : {}
[2018-08-22 18:15:01.987] [INFO] info - request url : /favicon.ico ; request params : {}
[2018-08-22 18:15:15.982] [INFO] info - request url : /favicon.ico ; request params : {}
