[2018-08-17 09:58:36.844] [INFO] info - request url : / ; request params : {}
[2018-08-17 09:58:37.194] [INFO] info - request url : /favicon.ico ; request params : {}
[2018-08-17 09:58:46.954] [INFO] info - request url : / ; request params : {}
[2018-08-17 09:58:47.187] [INFO] info - request url : /favicon.ico ; request params : {}
[2018-08-17 09:58:49.432] [INFO] info - request url : / ; request params : {}
[2018-08-17 09:58:49.658] [INFO] info - request url : /favicon.ico ; request params : {}
[2018-08-17 09:59:11.761] [INFO] info - request url : / ; request params : {}
[2018-08-17 09:59:12.004] [INFO] info - request url : /favicon.ico ; request params : {}
[2018-08-17 09:59:24.970] [INFO] info - request url : / ; request params : {}
[2018-08-17 09:59:25.196] [INFO] info - request url : /favicon.ico ; request params : {}
[2018-08-17 09:59:55.033] [INFO] info - request url : / ; request params : {}
[2018-08-17 09:59:55.270] [INFO] info - request url : /favicon.ico ; request params : {}
[2018-08-17 10:00:03.933] [INFO] info - request url : /member/index ; request params : {}
[2018-08-17 10:00:04.175] [INFO] info - request url : /favicon.ico ; request params : {}
[2018-08-17 10:00:47.809] [INFO] info - request url : /member/index ; request params : {}
[2018-08-17 10:00:48.068] [INFO] info - request url : /favicon.ico ; request params : {}
[2018-08-17 10:01:11.732] [INFO] info - request url : /member/index ; request params : {}
[2018-08-17 10:01:12.022] [INFO] info - request url : /favicon.ico ; request params : {}
[2018-08-17 10:01:22.275] [INFO] info - request url : /member/index ; request params : {}
[2018-08-17 10:01:22.550] [INFO] info - request url : /favicon.ico ; request params : {}
[2018-08-17 10:02:07.337] [INFO] info - request url : /member/index ; request params : {}
[2018-08-17 10:02:07.610] [INFO] info - request url : /favicon.ico ; request params : {}
[2018-08-17 10:03:04.515] [INFO] info - request url : /member/index ; request params : {}
[2018-08-17 10:03:04.806] [INFO] info - request url : /favicon.ico ; request params : {}
[2018-08-17 10:03:08.378] [INFO] info - request url : /favicon.ico ; request params : {}
[2018-08-17 10:04:00.010] [INFO] info - request url : /member/index ; request params : {}
[2018-08-17 10:04:00.294] [INFO] info - request url : /favicon.ico ; request params : {}
[2018-08-17 10:04:41.690] [INFO] info - request url : /member/index ; request params : {}
[2018-08-17 10:04:41.965] [INFO] info - request url : /favicon.ico ; request params : {}
[2018-08-17 10:05:22.558] [INFO] info - request url : /member/index ; request params : {}
[2018-08-17 10:05:22.833] [INFO] info - request url : /favicon.ico ; request params : {}
[2018-08-17 10:06:10.146] [INFO] info - request url : /member/index ; request params : {}
[2018-08-17 10:06:10.445] [INFO] info - request url : /favicon.ico ; request params : {}
[2018-08-17 10:06:47.646] [INFO] info - request url : /member/index ; request params : {}
[2018-08-17 10:06:47.940] [INFO] info - request url : /favicon.ico ; request params : {}
[2018-08-17 10:10:01.990] [INFO] info - request url : / ; request params : {}
[2018-08-17 10:10:02.233] [INFO] info - request url : /favicon.ico ; request params : {}
[2018-08-17 10:10:10.510] [INFO] info - request url : /member/index ; request params : {}
[2018-08-17 10:10:10.921] [INFO] info - request url : /favicon.ico ; request params : {}
[2018-08-17 10:12:10.924] [INFO] info - request url : /favicon.ico ; request params : {}
[2018-08-17 11:26:45.182] [INFO] info - request url : / ; request params : {}
[2018-08-17 11:26:52.092] [INFO] info - request url : /member/index ; request params : {}
[2018-08-17 11:26:52.712] [INFO] info - request url : /favicon.ico ; request params : {}
[2018-08-17 11:28:52.755] [INFO] info - request url : /favicon.ico ; request params : {}
[2018-08-17 11:30:06.313] [INFO] info - request url : /member/index ; request params : {}
[2018-08-17 11:30:06.608] [INFO] info - request url : /favicon.ico ; request params : {}
[2018-08-17 11:32:06.658] [INFO] info - request url : /favicon.ico ; request params : {}
[2018-08-17 11:40:36.932] [INFO] info - request url : /member/index ; request params : {}
[2018-08-17 11:40:37.242] [INFO] info - request url : /favicon.ico ; request params : {}
[2018-08-17 11:41:19.643] [INFO] info - request url : /member/index ; request params : {}
[2018-08-17 11:41:19.970] [INFO] info - request url : /favicon.ico ; request params : {}
[2018-08-17 11:41:30.786] [INFO] info - request url : /member/index ; request params : {}
[2018-08-17 11:41:31.092] [INFO] info - request url : /favicon.ico ; request params : {}
[2018-08-17 11:41:34.306] [INFO] info - request url : /member/index ; request params : {}
[2018-08-17 11:41:34.590] [INFO] info - request url : /favicon.ico ; request params : {}
[2018-08-17 11:42:11.156] [INFO] info - request url : /member/index ; request params : {}
[2018-08-17 11:42:11.474] [INFO] info - request url : /favicon.ico ; request params : {}
[2018-08-17 11:44:11.480] [INFO] info - request url : /favicon.ico ; request params : {}
[2018-08-17 13:40:47.783] [INFO] info - request url : /member/index ; request params : {}
[2018-08-17 13:40:48.080] [INFO] info - request url : /favicon.ico ; request params : {}
[2018-08-17 13:41:09.501] [INFO] info - request url : /member/index ; request params : {}
[2018-08-17 13:41:09.760] [INFO] info - request url : /favicon.ico ; request params : {}
[2018-08-17 13:41:15.400] [INFO] info - request url : /member/index ; request params : {}
[2018-08-17 13:41:15.652] [INFO] info - request url : /favicon.ico ; request params : {}
[2018-08-17 13:41:38.071] [INFO] info - request url : /member/index ; request params : {}
[2018-08-17 13:41:38.326] [INFO] info - request url : /favicon.ico ; request params : {}
[2018-08-17 13:42:03.187] [INFO] info - request url : /member/index ; request params : {}
[2018-08-17 13:42:03.456] [INFO] info - request url : /favicon.ico ; request params : {}
[2018-08-17 13:42:25.533] [INFO] info - request url : /member/index ; request params : {}
[2018-08-17 13:42:25.793] [INFO] info - request url : /favicon.ico ; request params : {}
[2018-08-17 13:42:52.633] [INFO] info - request url : /member/index ; request params : {}
[2018-08-17 13:42:52.899] [INFO] info - request url : /favicon.ico ; request params : {}
[2018-08-17 13:43:15.556] [INFO] info - request url : /member/index ; request params : {}
[2018-08-17 13:43:15.818] [INFO] info - request url : /favicon.ico ; request params : {}
[2018-08-17 13:43:40.380] [INFO] info - request url : /member/index ; request params : {}
[2018-08-17 13:43:40.623] [INFO] info - request url : /favicon.ico ; request params : {}
[2018-08-17 13:44:04.589] [INFO] info - request url : /member/index ; request params : {}
[2018-08-17 13:44:04.848] [INFO] info - request url : /favicon.ico ; request params : {}
[2018-08-17 13:44:35.259] [INFO] info - request url : /member/index ; request params : {}
[2018-08-17 13:44:35.551] [INFO] info - request url : /favicon.ico ; request params : {}
[2018-08-17 13:45:24.731] [INFO] info - request url : /member/index ; request params : {}
[2018-08-17 13:45:25.067] [INFO] info - request url : /favicon.ico ; request params : {}
[2018-08-17 13:45:46.966] [INFO] info - request url : /member/index ; request params : {}
[2018-08-17 13:45:47.346] [INFO] info - request url : /favicon.ico ; request params : {}
[2018-08-17 13:46:00.250] [INFO] info - request url : /member/index ; request params : {}
[2018-08-17 13:46:00.550] [INFO] info - request url : /favicon.ico ; request params : {}
[2018-08-17 13:46:59.772] [INFO] info - request url : /member/index ; request params : {}
[2018-08-17 13:47:00.082] [INFO] info - request url : /favicon.ico ; request params : {}
[2018-08-17 13:49:00.084] [INFO] info - request url : /favicon.ico ; request params : {}
[2018-08-17 13:52:20.363] [INFO] info - request url : /member/index ; request params : {}
[2018-08-17 13:52:20.403] [INFO] info - request url : /member/member?v=1.3 ; request params : {"v":"1.3"}
[2018-08-17 13:52:20.411] [INFO] info - request url : /member/index?v=1.3 ; request params : {"v":"1.3"}
[2018-08-17 13:52:42.673] [INFO] info - request url : /member/index ; request params : {}
[2018-08-17 13:52:42.693] [INFO] info - request url : /member/member?v=1.3 ; request params : {"v":"1.3"}
[2018-08-17 13:52:42.699] [INFO] info - request url : /member/index?v=1.3 ; request params : {"v":"1.3"}
[2018-08-17 13:54:42.703] [INFO] info - request url : /member/member?v=1.3 ; request params : {"v":"1.3"}
[2018-08-17 13:56:42.918] [INFO] info - request url : /favicon.ico ; request params : {}
[2018-08-17 13:57:26.021] [INFO] info - request url : /member/index ; request params : {}
[2018-08-17 13:57:26.335] [INFO] info - request url : /favicon.ico ; request params : {}
[2018-08-17 13:57:39.141] [INFO] info - request url : /member/index ; request params : {}
[2018-08-17 13:57:39.445] [INFO] info - request url : /favicon.ico ; request params : {}
[2018-08-17 13:59:39.452] [INFO] info - request url : /favicon.ico ; request params : {}
[2018-08-17 14:02:42.938] [INFO] info - request url : /member/index ; request params : {}
[2018-08-17 14:02:43.270] [INFO] info - request url : /favicon.ico ; request params : {}
[2018-08-17 14:02:53.868] [INFO] info - request url : /member/index ; request params : {}
[2018-08-17 14:02:54.189] [INFO] info - request url : /favicon.ico ; request params : {}
[2018-08-17 14:04:54.248] [INFO] info - request url : /favicon.ico ; request params : {}
[2018-08-17 14:06:40.964] [INFO] info - request url : /member/index ; request params : {}
[2018-08-17 14:06:41.291] [INFO] info - request url : /favicon.ico ; request params : {}
[2018-08-17 14:08:41.297] [INFO] info - request url : /favicon.ico ; request params : {}
[2018-08-17 14:25:39.541] [INFO] info - request url : /member/index ; request params : {}
[2018-08-17 14:25:39.851] [INFO] info - request url : /favicon.ico ; request params : {}
[2018-08-17 14:25:51.039] [INFO] info - request url : /member/index ; request params : {}
[2018-08-17 14:25:51.309] [INFO] info - request url : /favicon.ico ; request params : {}
[2018-08-17 14:25:55.802] [INFO] info - request url : /member/index ; request params : {}
[2018-08-17 14:25:56.099] [INFO] info - request url : /favicon.ico ; request params : {}
[2018-08-17 14:26:30.235] [INFO] info - request url : /member/index ; request params : {}
[2018-08-17 14:26:30.545] [INFO] info - request url : /favicon.ico ; request params : {}
[2018-08-17 14:26:31.134] [INFO] info - request url : /member/index ; request params : {}
[2018-08-17 14:26:31.409] [INFO] info - request url : /favicon.ico ; request params : {}
[2018-08-17 14:27:27.968] [INFO] info - request url : /member/index ; request params : {}
[2018-08-17 14:27:28.260] [INFO] info - request url : /favicon.ico ; request params : {}
[2018-08-17 14:27:35.844] [INFO] info - request url : /member/index ; request params : {}
[2018-08-17 14:27:36.148] [INFO] info - request url : /favicon.ico ; request params : {}
[2018-08-17 14:28:38.573] [INFO] info - request url : /member/index ; request params : {}
[2018-08-17 14:28:38.890] [INFO] info - request url : /favicon.ico ; request params : {}
[2018-08-17 14:30:29.966] [INFO] info - request url : /member/index ; request params : {}
[2018-08-17 14:30:30.312] [INFO] info - request url : /favicon.ico ; request params : {}
[2018-08-17 14:30:46.130] [INFO] info - request url : /member/index ; request params : {}
[2018-08-17 14:30:46.463] [INFO] info - request url : /favicon.ico ; request params : {}
[2018-08-17 14:31:25.728] [INFO] info - request url : /member/index ; request params : {}
[2018-08-17 14:31:26.096] [INFO] info - request url : /favicon.ico ; request params : {}
[2018-08-17 14:31:30.838] [INFO] info - request url : /member/index ; request params : {}
[2018-08-17 14:31:31.129] [INFO] info - request url : /favicon.ico ; request params : {}
[2018-08-17 14:31:44.058] [INFO] info - request url : /member/index ; request params : {}
[2018-08-17 14:31:44.346] [INFO] info - request url : /favicon.ico ; request params : {}
[2018-08-17 14:33:44.373] [INFO] info - request url : /favicon.ico ; request params : {}
[2018-08-17 14:34:19.274] [INFO] info - request url : /member/index ; request params : {}
[2018-08-17 14:34:19.564] [INFO] info - request url : /favicon.ico ; request params : {}
[2018-08-17 14:36:19.591] [INFO] info - request url : /favicon.ico ; request params : {}
[2018-08-17 14:44:55.197] [INFO] info - request url : /favicon.ico ; request params : {}
[2018-08-17 14:46:55.202] [INFO] info - request url : /favicon.ico ; request params : {}
[2018-08-17 14:56:43.167] [INFO] info - request url : /member/index ; request params : {}
[2018-08-17 14:57:02.806] [INFO] info - request url : /member/index ; request params : {}
[2018-08-17 14:57:03.074] [INFO] info - request url : /favicon.ico ; request params : {}
[2018-08-17 14:57:14.306] [INFO] info - request url : /member/index ; request params : {}
[2018-08-17 14:57:14.620] [INFO] info - request url : /favicon.ico ; request params : {}
[2018-08-17 14:59:14.628] [INFO] info - request url : /favicon.ico ; request params : {}
[2018-08-17 15:00:11.314] [INFO] info - request url : /member/index ; request params : {}
[2018-08-17 15:00:11.635] [INFO] info - request url : /favicon.ico ; request params : {}
[2018-08-17 15:00:32.667] [INFO] info - request url : /member/index ; request params : {}
[2018-08-17 15:00:33.032] [INFO] info - request url : /favicon.ico ; request params : {}
[2018-08-17 15:00:59.920] [INFO] info - request url : /member/index ; request params : {}
[2018-08-17 15:01:00.255] [INFO] info - request url : /favicon.ico ; request params : {}
[2018-08-17 15:02:28.032] [INFO] info - request url : /member/index ; request params : {}
[2018-08-17 15:02:28.359] [INFO] info - request url : /favicon.ico ; request params : {}
[2018-08-17 15:04:28.364] [INFO] info - request url : /favicon.ico ; request params : {}
[2018-08-17 15:06:27.154] [INFO] info - request url : /member/index ; request params : {}
[2018-08-17 15:06:27.482] [INFO] info - request url : /favicon.ico ; request params : {}
[2018-08-17 15:06:47.388] [INFO] info - request url : /member/index ; request params : {}
[2018-08-17 15:06:47.704] [INFO] info - request url : /favicon.ico ; request params : {}
[2018-08-17 15:07:07.152] [INFO] info - request url : /member/index ; request params : {}
[2018-08-17 15:07:07.479] [INFO] info - request url : /favicon.ico ; request params : {}
[2018-08-17 15:09:07.621] [INFO] info - request url : /favicon.ico ; request params : {}
[2018-08-17 15:19:27.010] [INFO] info - request url : /member/index ; request params : {}
[2018-08-17 15:19:27.361] [INFO] info - request url : /favicon.ico ; request params : {}
[2018-08-17 15:19:42.008] [INFO] info - request url : /member/index ; request params : {}
[2018-08-17 15:19:42.350] [INFO] info - request url : /favicon.ico ; request params : {}
[2018-08-17 15:20:49.847] [INFO] info - request url : /member/index ; request params : {}
[2018-08-17 15:20:50.163] [INFO] info - request url : /favicon.ico ; request params : {}
[2018-08-17 15:21:03.303] [INFO] info - request url : /member/index ; request params : {}
[2018-08-17 15:21:03.621] [INFO] info - request url : /favicon.ico ; request params : {}
[2018-08-17 15:22:36.560] [INFO] info - request url : /member/index ; request params : {}
[2018-08-17 15:22:36.886] [INFO] info - request url : /favicon.ico ; request params : {}
[2018-08-17 15:23:40.536] [INFO] info - request url : /member/index ; request params : {}
[2018-08-17 15:23:40.848] [INFO] info - request url : /favicon.ico ; request params : {}
[2018-08-17 15:24:18.009] [INFO] info - request url : /member/index ; request params : {}
[2018-08-17 15:24:18.352] [INFO] info - request url : /favicon.ico ; request params : {}
[2018-08-17 15:24:22.096] [INFO] info - request url : /member/index ; request params : {}
[2018-08-17 15:24:22.399] [INFO] info - request url : /favicon.ico ; request params : {}
[2018-08-17 15:24:34.488] [INFO] info - request url : /member/index ; request params : {}
[2018-08-17 15:24:34.782] [INFO] info - request url : /favicon.ico ; request params : {}
[2018-08-17 15:24:35.622] [INFO] info - request url : /member/index ; request params : {}
[2018-08-17 15:24:35.913] [INFO] info - request url : /favicon.ico ; request params : {}
[2018-08-17 15:26:35.920] [INFO] info - request url : /favicon.ico ; request params : {}
[2018-08-17 15:27:13.763] [INFO] info - request url : /member/index ; request params : {}
[2018-08-17 15:27:14.080] [INFO] info - request url : /favicon.ico ; request params : {}
[2018-08-17 15:27:15.341] [INFO] info - request url : /member/index ; request params : {}
[2018-08-17 15:27:15.631] [INFO] info - request url : /favicon.ico ; request params : {}
[2018-08-17 15:27:16.050] [INFO] info - request url : /member/index ; request params : {}
[2018-08-17 15:27:16.328] [INFO] info - request url : /favicon.ico ; request params : {}
[2018-08-17 15:27:21.675] [INFO] info - request url : /member/index ; request params : {}
[2018-08-17 15:27:21.960] [INFO] info - request url : /favicon.ico ; request params : {}
[2018-08-17 15:27:23.161] [INFO] info - request url : /member/index ; request params : {}
[2018-08-17 15:27:23.445] [INFO] info - request url : /favicon.ico ; request params : {}
[2018-08-17 15:27:23.611] [INFO] info - request url : /member/index ; request params : {}
[2018-08-17 15:27:23.719] [INFO] info - request url : /member/index ; request params : {}
[2018-08-17 15:27:23.859] [INFO] info - request url : /member/index ; request params : {}
[2018-08-17 15:27:24.160] [INFO] info - request url : /favicon.ico ; request params : {}
[2018-08-17 15:27:40.603] [INFO] info - request url : /member/index ; request params : {}
[2018-08-17 15:27:40.905] [INFO] info - request url : /favicon.ico ; request params : {}
[2018-08-17 15:27:41.442] [INFO] info - request url : /member/index ; request params : {}
[2018-08-17 15:27:41.732] [INFO] info - request url : /favicon.ico ; request params : {}
[2018-08-17 15:28:20.577] [INFO] info - request url : /member/index ; request params : {}
[2018-08-17 15:28:20.883] [INFO] info - request url : /favicon.ico ; request params : {}
[2018-08-17 15:29:16.151] [INFO] info - request url : /member/index ; request params : {}
[2018-08-17 15:29:16.475] [INFO] info - request url : /favicon.ico ; request params : {}
[2018-08-17 15:29:23.969] [INFO] info - request url : /member/index ; request params : {}
[2018-08-17 15:29:24.269] [INFO] info - request url : /favicon.ico ; request params : {}
[2018-08-17 15:30:27.023] [INFO] info - request url : /member/index ; request params : {}
[2018-08-17 15:30:27.354] [INFO] info - request url : /favicon.ico ; request params : {}
[2018-08-17 15:31:38.733] [INFO] info - request url : /member/index ; request params : {}
[2018-08-17 15:31:39.053] [INFO] info - request url : /favicon.ico ; request params : {}
[2018-08-17 15:31:58.763] [INFO] info - request url : /member/index ; request params : {}
[2018-08-17 15:31:59.091] [INFO] info - request url : /favicon.ico ; request params : {}
[2018-08-17 15:32:34.907] [INFO] info - request url : /member/index ; request params : {}
[2018-08-17 15:32:35.211] [INFO] info - request url : /favicon.ico ; request params : {}
[2018-08-17 15:33:04.219] [INFO] info - request url : /member/index ; request params : {}
[2018-08-17 15:33:04.544] [INFO] info - request url : /favicon.ico ; request params : {}
[2018-08-17 15:35:04.546] [INFO] info - request url : /favicon.ico ; request params : {}
[2018-08-17 15:42:58.157] [INFO] info - request url : /member/index ; request params : {}
[2018-08-17 15:42:58.492] [INFO] info - request url : /favicon.ico ; request params : {}
[2018-08-17 15:43:23.015] [INFO] info - request url : /member/index ; request params : {}
[2018-08-17 15:43:23.326] [INFO] info - request url : /favicon.ico ; request params : {}
[2018-08-17 15:43:52.193] [INFO] info - request url : /member/index ; request params : {}
[2018-08-17 15:43:52.500] [INFO] info - request url : /favicon.ico ; request params : {}
[2018-08-17 15:44:33.534] [INFO] info - request url : /member/index ; request params : {}
[2018-08-17 15:44:33.839] [INFO] info - request url : /favicon.ico ; request params : {}
[2018-08-17 15:46:33.844] [INFO] info - request url : /favicon.ico ; request params : {}
[2018-08-17 15:47:11.314] [INFO] info - request url : /member/index ; request params : {}
[2018-08-17 15:47:11.646] [INFO] info - request url : /favicon.ico ; request params : {}
[2018-08-17 15:49:11.652] [INFO] info - request url : /favicon.ico ; request params : {}
[2018-08-17 15:50:11.079] [INFO] info - request url : /member/index ; request params : {}
[2018-08-17 15:50:11.391] [INFO] info - request url : /favicon.ico ; request params : {}
[2018-08-17 15:52:11.396] [INFO] info - request url : /favicon.ico ; request params : {}
[2018-08-17 15:53:06.640] [INFO] info - request url : /member/index ; request params : {}
[2018-08-17 15:53:06.963] [INFO] info - request url : /favicon.ico ; request params : {}
[2018-08-17 15:53:18.987] [INFO] info - request url : /member/index ; request params : {}
[2018-08-17 15:53:19.287] [INFO] info - request url : /favicon.ico ; request params : {}
[2018-08-17 15:55:19.294] [INFO] info - request url : /favicon.ico ; request params : {}
[2018-08-17 15:56:41.691] [INFO] info - request url : /member/index ; request params : {}
[2018-08-17 15:56:41.989] [INFO] info - request url : /favicon.ico ; request params : {}
[2018-08-17 15:56:59.960] [INFO] info - request url : /member/index ; request params : {}
[2018-08-17 15:57:00.293] [INFO] info - request url : /favicon.ico ; request params : {}
[2018-08-17 15:57:52.617] [INFO] info - request url : /member/index ; request params : {}
[2018-08-17 15:57:52.932] [INFO] info - request url : /favicon.ico ; request params : {}
[2018-08-17 15:57:55.099] [INFO] info - request url : /member/index ; request params : {}
[2018-08-17 15:57:55.394] [INFO] info - request url : /favicon.ico ; request params : {}
[2018-08-17 15:58:26.065] [INFO] info - request url : /member/index ; request params : {}
[2018-08-17 15:58:26.499] [INFO] info - request url : /favicon.ico ; request params : {}
[2018-08-17 15:58:42.922] [INFO] info - request url : /member/index ; request params : {}
[2018-08-17 16:00:26.560] [INFO] info - request url : /favicon.ico ; request params : {}
[2018-08-17 16:06:57.846] [INFO] info - request url : /member/index ; request params : {}
[2018-08-17 16:06:58.155] [INFO] info - request url : /favicon.ico ; request params : {}
[2018-08-17 16:08:58.193] [INFO] info - request url : /favicon.ico ; request params : {}
[2018-08-17 16:09:19.157] [INFO] info - request url : /member/index ; request params : {}
[2018-08-17 16:09:19.461] [INFO] info - request url : /favicon.ico ; request params : {}
[2018-08-17 16:09:37.280] [INFO] info - request url : /member/index ; request params : {}
[2018-08-17 16:09:37.588] [INFO] info - request url : /favicon.ico ; request params : {}
[2018-08-17 16:10:35.908] [INFO] info - request url : /member/index ; request params : {}
[2018-08-17 16:10:36.212] [INFO] info - request url : /favicon.ico ; request params : {}
[2018-08-17 16:12:36.251] [INFO] info - request url : /favicon.ico ; request params : {}
[2018-08-17 16:14:24.144] [INFO] info - request url : /member/index ; request params : {}
[2018-08-17 16:14:24.445] [INFO] info - request url : /favicon.ico ; request params : {}
[2018-08-17 16:14:25.882] [INFO] info - request url : /member/index ; request params : {}
[2018-08-17 16:14:26.177] [INFO] info - request url : /favicon.ico ; request params : {}
[2018-08-17 16:14:33.693] [INFO] info - request url : /member/index ; request params : {}
[2018-08-17 16:14:33.984] [INFO] info - request url : /favicon.ico ; request params : {}
[2018-08-17 16:14:34.483] [INFO] info - request url : /member/index ; request params : {}
[2018-08-17 16:14:34.684] [INFO] info - request url : /member/index ; request params : {}
[2018-08-17 16:14:35.015] [INFO] info - request url : /favicon.ico ; request params : {}
[2018-08-17 16:15:18.013] [INFO] info - request url : /member/index ; request params : {}
[2018-08-17 16:15:18.311] [INFO] info - request url : /favicon.ico ; request params : {}
[2018-08-17 16:17:18.318] [INFO] info - request url : /favicon.ico ; request params : {}
[2018-08-17 16:17:35.482] [INFO] info - request url : /member/index ; request params : {}
[2018-08-17 16:17:35.779] [INFO] info - request url : /favicon.ico ; request params : {}
[2018-08-17 16:19:35.782] [INFO] info - request url : /favicon.ico ; request params : {}
[2018-08-17 16:19:37.877] [INFO] info - request url : /member/index ; request params : {}
[2018-08-17 16:19:38.178] [INFO] info - request url : /favicon.ico ; request params : {}
[2018-08-17 16:20:10.058] [INFO] info - request url : /member/index ; request params : {}
[2018-08-17 16:20:10.417] [INFO] info - request url : /favicon.ico ; request params : {}
[2018-08-17 16:21:12.827] [INFO] info - request url : /member/index ; request params : {}
[2018-08-17 16:21:13.120] [INFO] info - request url : /favicon.ico ; request params : {}
[2018-08-17 16:22:32.016] [INFO] info - request url : /member/index ; request params : {}
[2018-08-17 16:22:32.313] [INFO] info - request url : /favicon.ico ; request params : {}
[2018-08-17 16:24:32.364] [INFO] info - request url : /favicon.ico ; request params : {}
[2018-08-17 17:08:13.953] [INFO] info - request url : /member/index ; request params : {}
[2018-08-17 17:08:14.308] [INFO] info - request url : /favicon.ico ; request params : {}
[2018-08-17 17:08:15.047] [INFO] info - request url : /member/index ; request params : {}
[2018-08-17 17:08:15.376] [INFO] info - request url : /favicon.ico ; request params : {}
[2018-08-17 17:10:15.406] [INFO] info - request url : /favicon.ico ; request params : {}
[2018-08-17 17:11:19.642] [INFO] info - request url : /member/index ; request params : {}
[2018-08-17 17:11:19.974] [INFO] info - request url : /favicon.ico ; request params : {}
[2018-08-17 17:12:44.522] [INFO] info - request url : /member/index ; request params : {}
[2018-08-17 17:12:44.848] [INFO] info - request url : /favicon.ico ; request params : {}
[2018-08-17 17:14:44.856] [INFO] info - request url : /favicon.ico ; request params : {}
[2018-08-17 17:25:41.049] [INFO] info - request url : /member/index ; request params : {}
[2018-08-17 17:25:41.394] [INFO] info - request url : /favicon.ico ; request params : {}
[2018-08-17 17:26:57.430] [INFO] info - request url : /member/index ; request params : {}
[2018-08-17 17:26:57.757] [INFO] info - request url : /favicon.ico ; request params : {}
[2018-08-17 17:27:59.412] [INFO] info - request url : /member/index ; request params : {}
[2018-08-17 17:27:59.750] [INFO] info - request url : /favicon.ico ; request params : {}
[2018-08-17 17:29:02.794] [INFO] info - request url : /member/index ; request params : {}
[2018-08-17 17:29:03.112] [INFO] info - request url : /favicon.ico ; request params : {}
[2018-08-17 17:30:29.425] [INFO] info - request url : /member/index ; request params : {}
[2018-08-17 17:30:29.745] [INFO] info - request url : /favicon.ico ; request params : {}
[2018-08-17 17:32:29.756] [INFO] info - request url : /favicon.ico ; request params : {}
[2018-08-17 17:32:50.659] [INFO] info - request url : /member/index ; request params : {}
[2018-08-17 17:32:50.977] [INFO] info - request url : /favicon.ico ; request params : {}
[2018-08-17 17:33:14.605] [INFO] info - request url : /member/index ; request params : {}
[2018-08-17 17:33:14.930] [INFO] info - request url : /favicon.ico ; request params : {}
[2018-08-17 17:33:20.415] [INFO] info - request url : /member/index ; request params : {}
[2018-08-17 17:33:20.733] [INFO] info - request url : /favicon.ico ; request params : {}
[2018-08-17 17:34:01.388] [INFO] info - request url : /member/index ; request params : {}
[2018-08-17 17:34:01.712] [INFO] info - request url : /favicon.ico ; request params : {}
[2018-08-17 17:36:01.781] [INFO] info - request url : /favicon.ico ; request params : {}
[2018-08-17 17:36:25.572] [INFO] info - request url : /member/index ; request params : {}
[2018-08-17 17:36:25.878] [INFO] info - request url : /favicon.ico ; request params : {}
[2018-08-17 17:37:51.827] [INFO] info - request url : /member/index ; request params : {}
[2018-08-17 17:37:52.187] [INFO] info - request url : /favicon.ico ; request params : {}
[2018-08-17 17:38:03.206] [INFO] info - request url : /member/index ; request params : {}
[2018-08-17 17:38:03.544] [INFO] info - request url : /favicon.ico ; request params : {}
[2018-08-17 17:38:11.507] [INFO] info - request url : /member/index ; request params : {}
[2018-08-17 17:38:11.829] [INFO] info - request url : /favicon.ico ; request params : {}
[2018-08-17 17:38:20.386] [INFO] info - request url : /member/index ; request params : {}
[2018-08-17 17:38:20.697] [INFO] info - request url : /favicon.ico ; request params : {}
[2018-08-17 17:38:50.901] [INFO] info - request url : /member/index ; request params : {}
[2018-08-17 17:38:51.311] [INFO] info - request url : /favicon.ico ; request params : {}
[2018-08-17 17:40:51.401] [INFO] info - request url : /favicon.ico ; request params : {}
