[2018-08-24 09:17:18.018] [INFO] info - request url : /member/index ; request params : {}
[2018-08-24 09:17:19.199] [INFO] info - request url : /favicon.ico ; request params : {}
[2018-08-24 09:17:27.358] [INFO] info - request url : /member/index ; request params : {}
[2018-08-24 09:17:27.666] [INFO] info - request url : /favicon.ico ; request params : {}
[2018-08-24 09:17:32.180] [INFO] info - request url : /member/articles ; request params : {}
[2018-08-24 09:17:32.470] [INFO] info - request url : /favicon.ico ; request params : {}
[2018-08-24 09:17:33.819] [INFO] info - request url : /api/member/articleList?pageIndex=10&pageSize=10 ; request params : {"pageIndex":"10","pageSize":"10"}
[2018-08-24 09:17:40.392] [INFO] info - request url : /favicon.ico ; request params : {}
[2018-08-24 09:17:43.766] [INFO] info - request url : /favicon.ico ; request params : {}
[2018-08-24 09:17:48.170] [INFO] info - request url : /favicon.ico ; request params : {}
[2018-08-24 09:17:50.563] [INFO] info - request url : /favicon.ico ; request params : {}
[2018-08-24 09:17:56.129] [INFO] info - request url : /member/profile ; request params : {}
[2018-08-24 09:17:56.422] [INFO] info - request url : /favicon.ico ; request params : {}
[2018-08-24 09:17:57.126] [INFO] info - request url : /api/common/town?cityId=43 ; request params : {"cityId":"43"}
[2018-08-24 09:18:00.692] [INFO] info - request url : /member/profile/edit ; request params : {}
[2018-08-24 09:18:02.373] [INFO] info - request url : /favicon.ico ; request params : {}
[2018-08-24 09:18:28.910] [INFO] info - request url : /api/common/town?cityId=200005 ; request params : {"cityId":"200005"}
[2018-08-24 09:18:41.940] [INFO] info - request url : /favicon.ico ; request params : {}
[2018-08-24 09:20:41.946] [INFO] info - request url : /favicon.ico ; request params : {}
[2018-08-24 10:04:38.230] [INFO] info - request url : /member/profile ; request params : {}
[2018-08-24 10:04:39.050] [INFO] info - request url : /favicon.ico ; request params : {}
[2018-08-24 10:04:42.626] [INFO] info - request url : /robots.txt ; request params : {}
[2018-08-24 10:05:43.067] [INFO] info - request url : /member/profile ; request params : {}
[2018-08-24 10:05:43.504] [INFO] info - request url : /member/profile ; request params : {}
[2018-08-24 10:05:43.649] [INFO] info - request url : /favicon.ico ; request params : {}
[2018-08-24 10:05:45.706] [INFO] info - request url : /member/profile ; request params : {}
[2018-08-24 10:05:46.029] [INFO] info - request url : /favicon.ico ; request params : {}
[2018-08-24 10:07:28.764] [INFO] info - request url : /member/index ; request params : {}
[2018-08-24 10:07:29.969] [INFO] info - request url : /favicon.ico ; request params : {}
[2018-08-24 10:07:36.878] [INFO] info - request url : /member/profile ; request params : {}
[2018-08-24 10:07:37.164] [INFO] info - request url : /favicon.ico ; request params : {}
[2018-08-24 10:07:42.312] [INFO] info - request url : /api/common/town?cityId=43 ; request params : {"cityId":"43"}
[2018-08-24 10:07:52.257] [INFO] info - request url : /api/common/town?cityId=43 ; request params : {"cityId":"43"}
[2018-08-24 10:09:37.170] [INFO] info - request url : /favicon.ico ; request params : {}
[2018-08-24 10:15:36.224] [INFO] info - request url : /member/profile ; request params : {}
[2018-08-24 10:15:36.597] [INFO] info - request url : /favicon.ico ; request params : {}
[2018-08-24 10:17:36.602] [INFO] info - request url : /favicon.ico ; request params : {}
[2018-08-24 10:21:28.127] [INFO] info - request url : /member/profile ; request params : {}
[2018-08-24 10:21:28.604] [INFO] info - request url : /favicon.ico ; request params : {}
[2018-08-24 10:23:28.608] [INFO] info - request url : /favicon.ico ; request params : {}
[2018-08-24 14:02:35.744] [INFO] info - request url : /member/profile ; request params : {}
[2018-08-24 14:02:36.314] [INFO] info - request url : /favicon.ico ; request params : {}
[2018-08-24 14:02:56.356] [INFO] info - request url : /member/profile ; request params : {}
[2018-08-24 14:02:57.780] [INFO] info - request url : /api/common/town?cityId=43 ; request params : {"cityId":"43"}
[2018-08-24 14:02:59.475] [INFO] info - request url : /api/common/town?cityId=43 ; request params : {"cityId":"43"}
[2018-08-24 14:03:00.607] [INFO] info - request url : /api/common/town?cityId=43 ; request params : {"cityId":"43"}
[2018-08-24 14:03:01.677] [INFO] info - request url : /api/common/town?cityId=43 ; request params : {"cityId":"43"}
[2018-08-24 14:03:02.656] [INFO] info - request url : /api/common/town?cityId=43 ; request params : {"cityId":"43"}
[2018-08-24 14:03:03.734] [INFO] info - request url : /api/common/town?cityId=43 ; request params : {"cityId":"43"}
[2018-08-24 14:03:04.817] [INFO] info - request url : /api/common/town?cityId=43 ; request params : {"cityId":"43"}
[2018-08-24 14:03:06.239] [INFO] info - request url : /api/common/town?cityId=43 ; request params : {"cityId":"43"}
[2018-08-24 14:03:07.316] [INFO] info - request url : /api/common/town?cityId=43 ; request params : {"cityId":"43"}
[2018-08-24 14:03:08.351] [INFO] info - request url : /api/common/town?cityId=43 ; request params : {"cityId":"43"}
[2018-08-24 14:03:09.349] [INFO] info - request url : /api/common/town?cityId=43 ; request params : {"cityId":"43"}
[2018-08-24 14:03:10.411] [INFO] info - request url : /api/common/town?cityId=43 ; request params : {"cityId":"43"}
[2018-08-24 14:03:11.422] [INFO] info - request url : /api/common/town?cityId=43 ; request params : {"cityId":"43"}
[2018-08-24 14:04:36.318] [INFO] info - request url : /favicon.ico ; request params : {}
[2018-08-24 14:04:53.375] [INFO] info - request url : /member/profile ; request params : {}
[2018-08-24 14:04:53.992] [INFO] info - request url : /favicon.ico ; request params : {}
[2018-08-24 14:04:54.798] [INFO] info - request url : /api/common/town?cityId=43 ; request params : {"cityId":"43"}
[2018-08-24 14:04:56.663] [INFO] info - request url : /api/common/town?cityId=43 ; request params : {"cityId":"43"}
[2018-08-24 14:04:57.999] [INFO] info - request url : /api/common/town?cityId=43 ; request params : {"cityId":"43"}
[2018-08-24 14:04:58.943] [INFO] info - request url : /api/common/town?cityId=43 ; request params : {"cityId":"43"}
[2018-08-24 14:04:59.711] [INFO] info - request url : /api/common/town?cityId=43 ; request params : {"cityId":"43"}
[2018-08-24 14:06:53.997] [INFO] info - request url : /favicon.ico ; request params : {}
[2018-08-24 14:09:47.570] [INFO] info - request url : /member/profile ; request params : {}
[2018-08-24 14:09:47.930] [INFO] info - request url : /favicon.ico ; request params : {}
[2018-08-24 14:09:48.909] [INFO] info - request url : /api/common/town?cityId=43 ; request params : {"cityId":"43"}
[2018-08-24 14:09:51.055] [INFO] info - request url : /api/common/town?cityId=43 ; request params : {"cityId":"43"}
[2018-08-24 14:09:52.470] [INFO] info - request url : /api/common/town?cityId=43 ; request params : {"cityId":"43"}
[2018-08-24 14:09:53.519] [INFO] info - request url : /api/common/town?cityId=43 ; request params : {"cityId":"43"}
[2018-08-24 14:09:54.487] [INFO] info - request url : /api/common/town?cityId=43 ; request params : {"cityId":"43"}
[2018-08-24 14:09:55.487] [INFO] info - request url : /api/common/town?cityId=43 ; request params : {"cityId":"43"}
[2018-08-24 14:11:47.941] [INFO] info - request url : /favicon.ico ; request params : {}
[2018-08-24 14:13:42.570] [INFO] info - request url : /member/profile ; request params : {}
[2018-08-24 14:13:42.928] [INFO] info - request url : /favicon.ico ; request params : {}
[2018-08-24 14:13:43.689] [INFO] info - request url : /api/common/town?cityId=43 ; request params : {"cityId":"43"}
[2018-08-24 14:13:45.384] [INFO] info - request url : /api/common/town?cityId=43 ; request params : {"cityId":"43"}
[2018-08-24 14:13:46.990] [INFO] info - request url : /api/common/town?cityId=43 ; request params : {"cityId":"43"}
[2018-08-24 14:13:48.737] [INFO] info - request url : /api/common/town?cityId=43 ; request params : {"cityId":"43"}
[2018-08-24 14:13:49.807] [INFO] info - request url : /api/common/town?cityId=43 ; request params : {"cityId":"43"}
[2018-08-24 14:13:53.039] [INFO] info - request url : /api/common/town?cityId=43 ; request params : {"cityId":"43"}
[2018-08-24 14:14:08.564] [INFO] info - request url : /member/profile ; request params : {}
[2018-08-24 14:14:09.035] [INFO] info - request url : /favicon.ico ; request params : {}
[2018-08-24 14:14:23.849] [INFO] info - request url : /member/profile ; request params : {}
[2018-08-24 14:14:25.040] [INFO] info - request url : /api/common/town?cityId=43 ; request params : {"cityId":"43"}
[2018-08-24 14:14:26.732] [INFO] info - request url : /api/common/town?cityId=43 ; request params : {"cityId":"43"}
[2018-08-24 14:14:28.001] [INFO] info - request url : /api/common/town?cityId=43 ; request params : {"cityId":"43"}
[2018-08-24 14:14:29.225] [INFO] info - request url : /api/common/town?cityId=43 ; request params : {"cityId":"43"}
[2018-08-24 14:14:30.374] [INFO] info - request url : /api/common/town?cityId=43 ; request params : {"cityId":"43"}
[2018-08-24 14:14:33.515] [INFO] info - request url : /api/common/town?cityId=43 ; request params : {"cityId":"43"}
[2018-08-24 14:16:09.043] [INFO] info - request url : /favicon.ico ; request params : {}
[2018-08-24 14:44:34.460] [INFO] info - request url : /member/profile ; request params : {}
[2018-08-24 14:44:34.954] [INFO] info - request url : /favicon.ico ; request params : {}
[2018-08-24 14:46:34.967] [INFO] info - request url : /favicon.ico ; request params : {}
