[2018-08-23 09:15:05.439] [INFO] info - request url : /member/index ; request params : {}
[2018-08-23 09:15:07.760] [INFO] info - request url : /favicon.ico ; request params : {}
[2018-08-23 09:16:41.751] [INFO] info - request url : /member/index ; request params : {}
[2018-08-23 09:16:42.012] [INFO] info - request url : /favicon.ico ; request params : {}
[2018-08-23 09:16:47.890] [INFO] info - request url : /member/articles ; request params : {}
[2018-08-23 09:16:48.228] [INFO] info - request url : /favicon.ico ; request params : {}
[2018-08-23 09:16:50.590] [INFO] info - request url : /favicon.ico ; request params : {}
[2018-08-23 09:16:52.821] [INFO] info - request url : /member/profile ; request params : {}
[2018-08-23 09:16:53.131] [INFO] info - request url : /favicon.ico ; request params : {}
[2018-08-23 09:16:54.218] [INFO] info - request url : /api/common/town ; request params : {}
[2018-08-23 09:17:00.167] [INFO] info - request url : /favicon.ico ; request params : {}
[2018-08-23 09:19:00.223] [INFO] info - request url : /favicon.ico ; request params : {}
[2018-08-23 09:19:41.470] [INFO] info - request url : /member/profile ; request params : {}
[2018-08-23 09:19:41.844] [INFO] info - request url : /favicon.ico ; request params : {}
[2018-08-23 09:19:42.595] [INFO] info - request url : /api/common/town ; request params : {}
[2018-08-23 09:20:55.170] [INFO] info - request url : /api/common/town ; request params : {}
[2018-08-23 09:21:41.895] [INFO] info - request url : /favicon.ico ; request params : {}
[2018-08-23 09:23:00.160] [INFO] info - request url : /api/common/town ; request params : {}
[2018-08-23 09:29:14.344] [INFO] info - request url : /api/common/town ; request params : {}
[2018-08-23 09:31:29.577] [INFO] info - request url : /api/common/town ; request params : {}
[2018-08-23 09:35:18.058] [INFO] info - request url : /member/profile ; request params : {}
[2018-08-23 09:35:18.481] [INFO] info - request url : /favicon.ico ; request params : {}
[2018-08-23 09:35:19.773] [INFO] info - request url : /api/common/town ; request params : {}
[2018-08-23 09:35:52.425] [INFO] info - request url : /api/common/town ; request params : {}
[2018-08-23 09:36:01.113] [INFO] info - request url : /api/common/town ; request params : {}
[2018-08-23 09:36:45.275] [INFO] info - request url : /member/profile ; request params : {}
[2018-08-23 09:36:45.709] [INFO] info - request url : /favicon.ico ; request params : {}
[2018-08-23 09:36:46.301] [INFO] info - request url : /api/common/town ; request params : {}
[2018-08-23 09:38:24.115] [INFO] info - request url : /api/common/town ; request params : {}
[2018-08-23 09:38:45.716] [INFO] info - request url : /favicon.ico ; request params : {}
[2018-08-23 09:52:28.721] [INFO] info - request url : /member/profile ; request params : {}
[2018-08-23 09:52:29.072] [INFO] info - request url : /favicon.ico ; request params : {}
[2018-08-23 09:53:04.330] [INFO] info - request url : /api/common/town ; request params : {}
[2018-08-23 09:54:29.078] [INFO] info - request url : /favicon.ico ; request params : {}
[2018-08-23 09:55:14.374] [INFO] info - request url : /api/common/town ; request params : {}
[2018-08-23 10:02:04.277] [INFO] info - request url : /member/profile%E3%80%81edit ; request params : {}
[2018-08-23 10:02:09.788] [INFO] info - request url : /member/profile/edit ; request params : {}
[2018-08-23 10:02:10.577] [INFO] info - request url : /favicon.ico ; request params : {}
[2018-08-23 10:02:12.083] [INFO] info - request url : /api/common/town?cityId=200005 ; request params : {"cityId":"200005"}
[2018-08-23 10:04:08.459] [INFO] info - request url : /member/profile/edit ; request params : {}
[2018-08-23 10:04:08.867] [INFO] info - request url : /favicon.ico ; request params : {}
[2018-08-23 10:04:09.762] [INFO] info - request url : /api/common/town?cityId=200005 ; request params : {"cityId":"200005"}
[2018-08-23 10:04:40.023] [INFO] info - request url : /member/profile/edit ; request params : {}
[2018-08-23 10:04:40.399] [INFO] info - request url : /favicon.ico ; request params : {}
[2018-08-23 10:04:40.830] [INFO] info - request url : /api/common/town?cityId=200005 ; request params : {"cityId":"200005"}
[2018-08-23 10:06:36.711] [INFO] info - request url : /member/profile/index ; request params : {}
[2018-08-23 10:06:40.404] [INFO] info - request url : /favicon.ico ; request params : {}
[2018-08-23 10:06:41.331] [INFO] info - request url : /member/profile/index ; request params : {}
[2018-08-23 10:06:46.214] [INFO] info - request url : /member/index ; request params : {}
[2018-08-23 10:06:46.841] [INFO] info - request url : /favicon.ico ; request params : {}
[2018-08-23 10:08:46.846] [INFO] info - request url : /favicon.ico ; request params : {}
[2018-08-23 10:09:11.058] [INFO] info - request url : /member/index ; request params : {}
[2018-08-23 10:09:11.372] [INFO] info - request url : /favicon.ico ; request params : {}
[2018-08-23 10:09:12.525] [INFO] info - request url : /member/profile ; request params : {}
[2018-08-23 10:09:12.822] [INFO] info - request url : /favicon.ico ; request params : {}
[2018-08-23 10:10:02.443] [INFO] info - request url : /member/profile ; request params : {}
[2018-08-23 10:10:02.835] [INFO] info - request url : /favicon.ico ; request params : {}
[2018-08-23 10:10:03.417] [INFO] info - request url : /api/common/town ; request params : {}
[2018-08-23 10:11:09.124] [INFO] info - request url : /member/profile ; request params : {}
[2018-08-23 10:11:09.477] [INFO] info - request url : /favicon.ico ; request params : {}
[2018-08-23 10:11:54.755] [INFO] info - request url : /api/common/town ; request params : {}
[2018-08-23 10:11:54.786] [INFO] info - request url : /member/profile ; request params : {}
[2018-08-23 10:11:55.184] [INFO] info - request url : /favicon.ico ; request params : {}
[2018-08-23 10:12:48.300] [INFO] info - request url : /api/common/town ; request params : {}
[2018-08-23 10:13:55.192] [INFO] info - request url : /favicon.ico ; request params : {}
[2018-08-23 10:14:40.380] [INFO] info - request url : /member/profile ; request params : {}
[2018-08-23 10:14:40.750] [INFO] info - request url : /favicon.ico ; request params : {}
[2018-08-23 10:14:48.398] [INFO] info - request url : /member/profile ; request params : {}
[2018-08-23 10:14:48.728] [INFO] info - request url : /favicon.ico ; request params : {}
[2018-08-23 10:14:52.566] [INFO] info - request url : /member/profile ; request params : {}
[2018-08-23 10:14:52.888] [INFO] info - request url : /favicon.ico ; request params : {}
[2018-08-23 10:14:57.248] [INFO] info - request url : /member/profile ; request params : {}
[2018-08-23 10:14:57.582] [INFO] info - request url : /favicon.ico ; request params : {}
[2018-08-23 10:14:58.133] [INFO] info - request url : /api/common/town ; request params : {}
[2018-08-23 10:15:23.779] [INFO] info - request url : /member/profile ; request params : {}
[2018-08-23 10:16:05.007] [INFO] info - request url : /favicon.ico ; request params : {}
[2018-08-23 10:16:06.410] [INFO] info - request url : /api/common/town ; request params : {}
[2018-08-23 10:18:54.440] [INFO] info - request url : /member/profile ; request params : {}
[2018-08-23 10:18:54.842] [INFO] info - request url : /favicon.ico ; request params : {}
[2018-08-23 10:19:00.868] [INFO] info - request url : /member/profile ; request params : {}
[2018-08-23 10:19:01.190] [INFO] info - request url : /favicon.ico ; request params : {}
[2018-08-23 10:19:24.067] [INFO] info - request url : /member/profile ; request params : {}
[2018-08-23 10:19:24.426] [INFO] info - request url : /favicon.ico ; request params : {}
[2018-08-23 10:20:54.406] [INFO] info - request url : /member/profile ; request params : {}
[2018-08-23 10:20:54.803] [INFO] info - request url : /favicon.ico ; request params : {}
[2018-08-23 10:21:41.171] [INFO] info - request url : /member/profile ; request params : {}
[2018-08-23 10:21:41.558] [INFO] info - request url : /favicon.ico ; request params : {}
[2018-08-23 10:21:49.401] [INFO] info - request url : /member/profile ; request params : {}
[2018-08-23 10:21:49.763] [INFO] info - request url : /favicon.ico ; request params : {}
[2018-08-23 10:22:37.027] [INFO] info - request url : /api/common/town ; request params : {}
[2018-08-23 10:22:37.043] [INFO] info - request url : /member/profile ; request params : {}
[2018-08-23 10:22:37.405] [INFO] info - request url : /favicon.ico ; request params : {}
[2018-08-23 10:22:57.282] [INFO] info - request url : /api/common/town ; request params : {}
[2018-08-23 10:24:37.411] [INFO] info - request url : /favicon.ico ; request params : {}
[2018-08-23 10:30:08.019] [INFO] info - request url : /member/profile ; request params : {}
[2018-08-23 10:30:08.396] [INFO] info - request url : /favicon.ico ; request params : {}
[2018-08-23 10:30:10.148] [INFO] info - request url : /api/common/town ; request params : {}
[2018-08-23 10:30:24.250] [INFO] info - request url : /api/common/town ; request params : {}
[2018-08-23 10:32:08.400] [INFO] info - request url : /favicon.ico ; request params : {}
[2018-08-23 10:32:50.141] [INFO] info - request url : /favicon.ico ; request params : {}
[2018-08-23 10:32:51.415] [INFO] info - request url : /member/index ; request params : {}
[2018-08-23 10:32:51.760] [INFO] info - request url : /favicon.ico ; request params : {}
[2018-08-23 10:32:59.631] [INFO] info - request url : /favicon.ico ; request params : {}
[2018-08-23 10:33:04.852] [INFO] info - request url : /favicon.ico ; request params : {}
[2018-08-23 10:33:37.130] [INFO] info - request url : /member/index ; request params : {}
[2018-08-23 10:33:37.568] [INFO] info - request url : /favicon.ico ; request params : {}
[2018-08-23 10:33:49.775] [INFO] info - request url : /member/index ; request params : {}
[2018-08-23 10:34:03.532] [INFO] info - request url : /member/index ; request params : {}
[2018-08-23 10:34:17.772] [INFO] info - request url : /member/index ; request params : {}
[2018-08-23 10:35:37.629] [INFO] info - request url : /favicon.ico ; request params : {}
[2018-08-23 10:38:24.021] [INFO] info - request url : /member/index ; request params : {}
[2018-08-23 10:38:24.338] [INFO] info - request url : /favicon.ico ; request params : {}
[2018-08-23 10:38:26.306] [INFO] info - request url : /member/profile ; request params : {}
[2018-08-23 10:38:26.675] [INFO] info - request url : /favicon.ico ; request params : {}
[2018-08-23 10:38:28.600] [INFO] info - request url : /member/profile ; request params : {}
[2018-08-23 10:38:28.909] [INFO] info - request url : /favicon.ico ; request params : {}
[2018-08-23 10:38:30.268] [INFO] info - request url : /member/profile ; request params : {}
[2018-08-23 10:38:30.571] [INFO] info - request url : /favicon.ico ; request params : {}
[2018-08-23 10:38:35.225] [INFO] info - request url : /favicon.ico ; request params : {}
[2018-08-23 10:38:37.962] [INFO] info - request url : /favicon.ico ; request params : {}
[2018-08-23 10:38:48.203] [INFO] info - request url : /favicon.ico ; request params : {}
[2018-08-23 10:39:34.852] [INFO] info - request url : /member/index ; request params : {}
[2018-08-23 10:39:56.083] [INFO] info - request url : /member/index ; request params : {}
[2018-08-23 10:39:56.421] [INFO] info - request url : /favicon.ico ; request params : {}
[2018-08-23 10:41:56.426] [INFO] info - request url : /favicon.ico ; request params : {}
[2018-08-23 10:52:01.570] [INFO] info - request url : /member/index ; request params : {}
[2018-08-23 10:52:01.948] [INFO] info - request url : /favicon.ico ; request params : {}
[2018-08-23 10:52:02.803] [INFO] info - request url : /member/profile ; request params : {}
[2018-08-23 10:52:03.180] [INFO] info - request url : /favicon.ico ; request params : {}
[2018-08-23 10:52:29.414] [INFO] info - request url : /member/profile ; request params : {}
[2018-08-23 10:52:29.744] [INFO] info - request url : /favicon.ico ; request params : {}
[2018-08-23 10:52:54.761] [INFO] info - request url : /member/profile ; request params : {}
[2018-08-23 10:53:19.547] [INFO] info - request url : /member/profile ; request params : {}
[2018-08-23 10:53:24.524] [INFO] info - request url : /favicon.ico ; request params : {}
[2018-08-23 10:53:25.003] [INFO] info - request url : /api/common/town ; request params : {}
[2018-08-23 10:53:33.148] [INFO] info - request url : /api/common/town ; request params : {}
[2018-08-23 11:03:17.474] [INFO] info - request url : /member/profile ; request params : {}
[2018-08-23 11:04:05.353] [INFO] info - request url : /member/profile ; request params : {}
[2018-08-23 11:06:50.660] [INFO] info - request url : /member/profile ; request params : {}
[2018-08-23 11:06:56.117] [INFO] info - request url : /member/profile ; request params : {}
[2018-08-23 11:07:34.447] [INFO] info - request url : /member/profile ; request params : {}
[2018-08-23 11:08:00.069] [INFO] info - request url : /member/profile ; request params : {}
[2018-08-23 11:08:06.493] [INFO] info - request url : /favicon.ico ; request params : {}
[2018-08-23 11:08:07.658] [INFO] info - request url : /api/common/town ; request params : {}
[2018-08-23 11:12:02.416] [INFO] info - request url : /member/profile ; request params : {}
[2018-08-23 11:12:02.782] [INFO] info - request url : /favicon.ico ; request params : {}
[2018-08-23 11:13:13.039] [INFO] info - request url : /member/profile ; request params : {}
[2018-08-23 11:13:13.390] [INFO] info - request url : /favicon.ico ; request params : {}
[2018-08-23 11:14:18.987] [INFO] info - request url : /api/common/town ; request params : {}
[2018-08-23 11:14:23.907] [INFO] info - request url : /member/profile ; request params : {}
[2018-08-23 11:14:24.248] [INFO] info - request url : /favicon.ico ; request params : {}
[2018-08-23 11:14:27.676] [INFO] info - request url : /member/index ; request params : {}
[2018-08-23 11:14:29.645] [INFO] info - request url : /favicon.ico ; request params : {}
[2018-08-23 11:14:32.053] [INFO] info - request url : /member/profile ; request params : {}
[2018-08-23 11:14:32.357] [INFO] info - request url : /favicon.ico ; request params : {}
[2018-08-23 11:14:34.704] [INFO] info - request url : /favicon.ico ; request params : {}
[2018-08-23 11:14:35.118] [INFO] info - request url : /member/profile ; request params : {}
[2018-08-23 11:14:35.419] [INFO] info - request url : /favicon.ico ; request params : {}
[2018-08-23 11:16:35.426] [INFO] info - request url : /favicon.ico ; request params : {}
[2018-08-23 11:18:44.808] [INFO] info - request url : /favicon.ico ; request params : {}
[2018-08-23 11:20:44.812] [INFO] info - request url : /favicon.ico ; request params : {}
[2018-08-23 11:23:28.533] [INFO] info - request url : /member/index ; request params : {}
[2018-08-23 11:23:28.900] [INFO] info - request url : /favicon.ico ; request params : {}
[2018-08-23 11:25:28.931] [INFO] info - request url : /favicon.ico ; request params : {}
[2018-08-23 11:27:12.109] [INFO] info - request url : /member/index ; request params : {}
[2018-08-23 11:27:12.479] [INFO] info - request url : /favicon.ico ; request params : {}
[2018-08-23 11:29:12.488] [INFO] info - request url : /favicon.ico ; request params : {}
[2018-08-23 11:32:11.474] [INFO] info - request url : /member/index ; request params : {}
[2018-08-23 11:32:11.850] [INFO] info - request url : /favicon.ico ; request params : {}
[2018-08-23 11:34:11.853] [INFO] info - request url : /favicon.ico ; request params : {}
[2018-08-23 11:34:15.393] [INFO] info - request url : /member/index ; request params : {}
[2018-08-23 11:34:15.719] [INFO] info - request url : /favicon.ico ; request params : {}
[2018-08-23 11:35:15.208] [INFO] info - request url : /member/profile ; request params : {}
[2018-08-23 11:35:15.565] [INFO] info - request url : /favicon.ico ; request params : {}
[2018-08-23 11:35:48.826] [INFO] info - request url : /favicon.ico ; request params : {}
[2018-08-23 11:37:11.541] [INFO] info - request url : /member/index ; request params : {}
[2018-08-23 11:37:11.885] [INFO] info - request url : /favicon.ico ; request params : {}
[2018-08-23 11:37:39.540] [INFO] info - request url : /favicon.ico ; request params : {}
[2018-08-23 11:37:41.141] [INFO] info - request url : /favicon.ico ; request params : {}
[2018-08-23 11:39:41.149] [INFO] info - request url : /favicon.ico ; request params : {}
[2018-08-23 11:40:44.438] [INFO] info - request url : /member/index ; request params : {}
[2018-08-23 11:40:44.772] [INFO] info - request url : /favicon.ico ; request params : {}
[2018-08-23 11:42:44.778] [INFO] info - request url : /favicon.ico ; request params : {}
[2018-08-23 11:43:30.942] [INFO] info - request url : /member/index ; request params : {}
[2018-08-23 11:43:31.295] [INFO] info - request url : /favicon.ico ; request params : {}
[2018-08-23 11:45:31.302] [INFO] info - request url : /favicon.ico ; request params : {}
[2018-08-23 11:46:11.341] [INFO] info - request url : /member/index ; request params : {}
[2018-08-23 11:46:11.679] [INFO] info - request url : /favicon.ico ; request params : {}
[2018-08-23 11:48:11.686] [INFO] info - request url : /favicon.ico ; request params : {}
[2018-08-23 11:48:59.158] [INFO] info - request url : /member/index ; request params : {}
[2018-08-23 11:48:59.515] [INFO] info - request url : /favicon.ico ; request params : {}
[2018-08-23 11:50:59.522] [INFO] info - request url : /favicon.ico ; request params : {}
[2018-08-23 11:51:11.947] [INFO] info - request url : /member/index ; request params : {}
[2018-08-23 11:51:12.270] [INFO] info - request url : /favicon.ico ; request params : {}
[2018-08-23 11:53:12.273] [INFO] info - request url : /favicon.ico ; request params : {}
[2018-08-23 11:53:15.956] [INFO] info - request url : /member/index ; request params : {}
[2018-08-23 11:53:16.298] [INFO] info - request url : /favicon.ico ; request params : {}
[2018-08-23 11:54:24.928] [INFO] info - request url : /member/index ; request params : {}
[2018-08-23 11:54:25.281] [INFO] info - request url : /favicon.ico ; request params : {}
[2018-08-23 11:54:43.045] [INFO] info - request url : /member/index ; request params : {}
[2018-08-23 11:54:43.374] [INFO] info - request url : /favicon.ico ; request params : {}
[2018-08-23 11:55:56.643] [INFO] info - request url : /member/index ; request params : {}
[2018-08-23 11:55:56.968] [INFO] info - request url : /favicon.ico ; request params : {}
[2018-08-23 11:55:58.140] [INFO] info - request url : /member/index ; request params : {}
[2018-08-23 11:55:58.443] [INFO] info - request url : /favicon.ico ; request params : {}
[2018-08-23 11:57:21.457] [INFO] info - request url : /member/index ; request params : {}
[2018-08-23 11:57:21.829] [INFO] info - request url : /favicon.ico ; request params : {}
[2018-08-23 11:58:17.128] [INFO] info - request url : /member/index ; request params : {}
[2018-08-23 11:58:17.516] [INFO] info - request url : /favicon.ico ; request params : {}
[2018-08-23 11:58:18.609] [INFO] info - request url : /member/index ; request params : {}
[2018-08-23 11:58:18.931] [INFO] info - request url : /favicon.ico ; request params : {}
[2018-08-23 11:58:49.833] [INFO] info - request url : /member/index ; request params : {}
[2018-08-23 11:58:50.167] [INFO] info - request url : /favicon.ico ; request params : {}
[2018-08-23 11:59:25.231] [INFO] info - request url : /member/index ; request params : {}
[2018-08-23 11:59:25.604] [INFO] info - request url : /favicon.ico ; request params : {}
[2018-08-23 12:00:06.003] [INFO] info - request url : /member/index ; request params : {}
[2018-08-23 12:00:06.360] [INFO] info - request url : /favicon.ico ; request params : {}
[2018-08-23 12:00:07.374] [INFO] info - request url : /member/index ; request params : {}
[2018-08-23 12:00:07.676] [INFO] info - request url : /favicon.ico ; request params : {}
[2018-08-23 12:01:31.853] [INFO] info - request url : /member/index ; request params : {}
[2018-08-23 12:01:32.202] [INFO] info - request url : /favicon.ico ; request params : {}
[2018-08-23 12:01:46.786] [INFO] info - request url : /member/index ; request params : {}
[2018-08-23 12:01:47.091] [INFO] info - request url : /favicon.ico ; request params : {}
[2018-08-23 12:02:44.547] [INFO] info - request url : /member/profile ; request params : {}
[2018-08-23 12:02:44.981] [INFO] info - request url : /favicon.ico ; request params : {}
[2018-08-23 12:02:46.952] [INFO] info - request url : /favicon.ico ; request params : {}
[2018-08-23 12:04:46.964] [INFO] info - request url : /favicon.ico ; request params : {}
[2018-08-23 14:34:03.533] [INFO] info - request url : /member/index ; request params : {}
[2018-08-23 14:34:03.922] [INFO] info - request url : /favicon.ico ; request params : {}
[2018-08-23 14:34:06.390] [INFO] info - request url : /member/profile ; request params : {}
[2018-08-23 14:34:06.724] [INFO] info - request url : /favicon.ico ; request params : {}
[2018-08-23 14:34:08.315] [INFO] info - request url : /member/profile ; request params : {}
[2018-08-23 14:34:08.619] [INFO] info - request url : /favicon.ico ; request params : {}
[2018-08-23 14:34:12.011] [INFO] info - request url : /member/index ; request params : {}
[2018-08-23 14:34:13.583] [INFO] info - request url : /favicon.ico ; request params : {}
[2018-08-23 14:35:58.543] [INFO] info - request url : /member/index ; request params : {}
[2018-08-23 14:35:58.875] [INFO] info - request url : /favicon.ico ; request params : {}
[2018-08-23 14:36:00.397] [INFO] info - request url : /member/profile ; request params : {}
[2018-08-23 14:36:00.700] [INFO] info - request url : /favicon.ico ; request params : {}
[2018-08-23 14:36:04.944] [INFO] info - request url : /api/common/town ; request params : {}
[2018-08-23 14:36:10.335] [INFO] info - request url : /member/profile ; request params : {}
[2018-08-23 14:36:10.672] [INFO] info - request url : /favicon.ico ; request params : {}
[2018-08-23 14:36:10.947] [INFO] info - request url : /member/profile ; request params : {}
[2018-08-23 14:36:11.121] [INFO] info - request url : /member/profile ; request params : {}
[2018-08-23 14:36:11.301] [INFO] info - request url : /member/profile ; request params : {}
[2018-08-23 14:36:11.426] [INFO] info - request url : /member/profile ; request params : {}
[2018-08-23 14:36:11.723] [INFO] info - request url : /favicon.ico ; request params : {}
[2018-08-23 14:36:15.101] [INFO] info - request url : /api/common/town ; request params : {}
[2018-08-23 14:36:18.880] [INFO] info - request url : /api/common/town ; request params : {}
[2018-08-23 14:36:21.072] [INFO] info - request url : /api/common/town ; request params : {}
[2018-08-23 14:36:26.257] [INFO] info - request url : /api/common/town ; request params : {}
[2018-08-23 14:36:30.776] [INFO] info - request url : /api/common/town ; request params : {}
[2018-08-23 14:36:34.287] [INFO] info - request url : /api/common/town ; request params : {}
[2018-08-23 14:38:11.741] [INFO] info - request url : /favicon.ico ; request params : {}
[2018-08-23 14:44:49.926] [INFO] info - request url : /favicon.ico ; request params : {}
[2018-08-23 14:44:51.026] [INFO] info - request url : /member/index ; request params : {}
[2018-08-23 14:44:51.359] [INFO] info - request url : /favicon.ico ; request params : {}
[2018-08-23 14:44:53.865] [INFO] info - request url : /member/profile ; request params : {}
[2018-08-23 14:44:54.178] [INFO] info - request url : /favicon.ico ; request params : {}
[2018-08-23 14:44:54.847] [INFO] info - request url : /api/common/town ; request params : {}
[2018-08-23 14:45:03.002] [INFO] info - request url : /api/common/town ; request params : {}
[2018-08-23 14:45:06.082] [INFO] info - request url : /api/common/town ; request params : {}
[2018-08-23 14:46:54.185] [INFO] info - request url : /favicon.ico ; request params : {}
[2018-08-23 14:53:11.191] [INFO] info - request url : /member/profile ; request params : {}
[2018-08-23 14:53:34.415] [INFO] info - request url : /member/profile ; request params : {}
[2018-08-23 14:53:34.780] [INFO] info - request url : /favicon.ico ; request params : {}
[2018-08-23 14:53:34.865] [INFO] info - request url : /member/profile ; request params : {}
[2018-08-23 14:53:35.148] [INFO] info - request url : /favicon.ico ; request params : {}
[2018-08-23 14:53:39.524] [INFO] info - request url : /member/profile ; request params : {}
[2018-08-23 14:53:39.822] [INFO] info - request url : /favicon.ico ; request params : {}
[2018-08-23 14:53:44.304] [INFO] info - request url : /api/common/town ; request params : {}
[2018-08-23 14:55:39.831] [INFO] info - request url : /favicon.ico ; request params : {}
[2018-08-23 14:58:02.632] [INFO] info - request url : /member/profile ; request params : {}
[2018-08-23 14:58:02.987] [INFO] info - request url : /favicon.ico ; request params : {}
[2018-08-23 14:58:06.720] [INFO] info - request url : /member/index ; request params : {}
[2018-08-23 14:58:07.953] [INFO] info - request url : /favicon.ico ; request params : {}
[2018-08-23 14:58:17.490] [INFO] info - request url : /member/profile ; request params : {}
[2018-08-23 14:58:17.847] [INFO] info - request url : /favicon.ico ; request params : {}
[2018-08-23 14:58:34.709] [INFO] info - request url : /api/common/town?cityId=43 ; request params : {"cityId":"43"}
[2018-08-23 15:00:17.854] [INFO] info - request url : /favicon.ico ; request params : {}
[2018-08-23 15:35:14.339] [INFO] info - request url : /api/common/town?cityId=43 ; request params : {"cityId":"43"}
[2018-08-23 15:35:21.057] [INFO] info - request url : /member/profile/edit ; request params : {}
[2018-08-23 15:35:21.470] [INFO] info - request url : /favicon.ico ; request params : {}
[2018-08-23 15:37:21.475] [INFO] info - request url : /favicon.ico ; request params : {}
[2018-08-23 15:38:28.909] [INFO] info - request url : /member/profile/edit ; request params : {}
[2018-08-23 15:38:29.401] [INFO] info - request url : /favicon.ico ; request params : {}
[2018-08-23 15:38:36.661] [INFO] info - request url : /member/profile ; request params : {}
[2018-08-23 15:38:36.983] [INFO] info - request url : /favicon.ico ; request params : {}
[2018-08-23 15:39:29.486] [INFO] info - request url : /member/profile ; request params : {}
[2018-08-23 15:39:32.474] [INFO] info - request url : /api/common/town?cityId=43 ; request params : {"cityId":"43"}
[2018-08-23 15:39:38.657] [INFO] info - request url : /api/common/town?cityId=43 ; request params : {"cityId":"43"}
[2018-08-23 15:39:40.910] [INFO] info - request url : /api/common/town?cityId=43 ; request params : {"cityId":"43"}
[2018-08-23 15:39:43.080] [INFO] info - request url : /api/common/town?cityId=43 ; request params : {"cityId":"43"}
[2018-08-23 15:39:45.328] [INFO] info - request url : /api/common/town?cityId=43 ; request params : {"cityId":"43"}
[2018-08-23 15:39:47.836] [INFO] info - request url : /api/common/town?cityId=43 ; request params : {"cityId":"43"}
[2018-08-23 15:39:51.154] [INFO] info - request url : /api/common/town?cityId=43 ; request params : {"cityId":"43"}
[2018-08-23 15:39:55.157] [INFO] info - request url : /api/common/town?cityId=43 ; request params : {"cityId":"43"}
[2018-08-23 15:40:00.074] [INFO] info - request url : /api/common/town?cityId=43 ; request params : {"cityId":"43"}
[2018-08-23 15:40:02.856] [INFO] info - request url : /api/common/town?cityId=43 ; request params : {"cityId":"43"}
[2018-08-23 15:40:21.797] [INFO] info - request url : /member/index ; request params : {}
[2018-08-23 15:40:36.927] [INFO] info - request url : /member/index ; request params : {}
[2018-08-23 15:40:36.987] [INFO] info - request url : /favicon.ico ; request params : {}
[2018-08-23 15:40:46.226] [INFO] info - request url : /member/index ; request params : {}
[2018-08-23 15:40:48.334] [INFO] info - request url : /member/articles ; request params : {}
[2018-08-23 15:40:52.850] [INFO] info - request url : /member/index ; request params : {}
[2018-08-23 15:40:54.064] [INFO] info - request url : /member/profile ; request params : {}
[2018-08-23 15:40:59.901] [INFO] info - request url : /api/common/town?cityId=43 ; request params : {"cityId":"43"}
[2018-08-23 15:43:20.665] [INFO] info - request url : /member/profile ; request params : {}
[2018-08-23 15:43:21.079] [INFO] info - request url : /favicon.ico ; request params : {}
[2018-08-23 15:43:40.491] [INFO] info - request url : /member/profile ; request params : {}
[2018-08-23 15:43:40.916] [INFO] info - request url : /favicon.ico ; request params : {}
[2018-08-23 15:43:42.183] [INFO] info - request url : /api/common/town?cityId=43 ; request params : {"cityId":"43"}
[2018-08-23 15:43:43.737] [INFO] info - request url : /api/common/town?cityId=43 ; request params : {"cityId":"43"}
[2018-08-23 15:43:45.161] [INFO] info - request url : /api/common/town?cityId=43 ; request params : {"cityId":"43"}
[2018-08-23 15:43:45.945] [INFO] info - request url : /api/common/town?cityId=43 ; request params : {"cityId":"43"}
[2018-08-23 15:44:18.732] [INFO] info - request url : /member/index ; request params : {}
[2018-08-23 15:44:20.368] [INFO] info - request url : /member/profile ; request params : {}
[2018-08-23 15:44:21.393] [INFO] info - request url : /api/common/town?cityId=43 ; request params : {"cityId":"43"}
[2018-08-23 15:44:24.031] [INFO] info - request url : /api/common/town?cityId=43 ; request params : {"cityId":"43"}
[2018-08-23 15:44:26.508] [INFO] info - request url : /api/common/town?cityId=43 ; request params : {"cityId":"43"}
[2018-08-23 15:44:30.763] [INFO] info - request url : /api/common/town?cityId=43 ; request params : {"cityId":"43"}
[2018-08-23 15:45:40.924] [INFO] info - request url : /favicon.ico ; request params : {}
[2018-08-23 15:46:27.239] [INFO] info - request url : /member/profile ; request params : {}
[2018-08-23 15:46:27.565] [INFO] info - request url : /favicon.ico ; request params : {}
[2018-08-23 15:46:28.566] [INFO] info - request url : /api/common/town?cityId=43 ; request params : {"cityId":"43"}
[2018-08-23 15:46:45.883] [INFO] info - request url : /api/common/town?cityId=43 ; request params : {"cityId":"43"}
[2018-08-23 15:47:45.491] [INFO] info - request url : /api/common/town?cityId=43 ; request params : {"cityId":"43"}
[2018-08-23 15:47:48.394] [INFO] info - request url : /api/common/town?cityId=43 ; request params : {"cityId":"43"}
[2018-08-23 15:47:50.105] [INFO] info - request url : /api/common/town?cityId=43 ; request params : {"cityId":"43"}
[2018-08-23 15:48:27.586] [INFO] info - request url : /favicon.ico ; request params : {}
[2018-08-23 16:56:28.750] [INFO] info - request url : /member/index ; request params : {}
[2018-08-23 16:56:30.148] [INFO] info - request url : /favicon.ico ; request params : {}
[2018-08-23 16:56:32.635] [INFO] info - request url : /member/profile ; request params : {}
[2018-08-23 16:56:32.934] [INFO] info - request url : /favicon.ico ; request params : {}
[2018-08-23 16:56:35.673] [INFO] info - request url : /api/common/town?cityId=43 ; request params : {"cityId":"43"}
[2018-08-23 16:56:59.357] [INFO] info - request url : /member/profile ; request params : {}
[2018-08-23 16:56:59.696] [INFO] info - request url : /favicon.ico ; request params : {}
[2018-08-23 16:57:13.480] [INFO] info - request url : /member/profile ; request params : {}
[2018-08-23 16:57:13.940] [INFO] info - request url : /favicon.ico ; request params : {}
[2018-08-23 16:58:11.768] [INFO] info - request url : /member/profile ; request params : {}
[2018-08-23 16:58:12.123] [INFO] info - request url : /favicon.ico ; request params : {}
[2018-08-23 16:58:13.512] [INFO] info - request url : /api/common/town?cityId=43 ; request params : {"cityId":"43"}
[2018-08-23 16:58:15.806] [INFO] info - request url : /member/profile ; request params : {}
[2018-08-23 16:58:49.329] [INFO] info - request url : /favicon.ico ; request params : {}
[2018-08-23 16:58:57.741] [INFO] info - request url : /member/profile ; request params : {}
[2018-08-23 16:58:58.076] [INFO] info - request url : /favicon.ico ; request params : {}
[2018-08-23 16:58:58.559] [INFO] info - request url : /api/common/town?cityId=43 ; request params : {"cityId":"43"}
[2018-08-23 17:00:58.083] [INFO] info - request url : /favicon.ico ; request params : {}
[2018-08-23 17:01:55.924] [INFO] info - request url : /member/index ; request params : {}
[2018-08-23 17:01:57.291] [INFO] info - request url : /favicon.ico ; request params : {}
[2018-08-23 17:02:01.574] [INFO] info - request url : /favicon.ico ; request params : {}
[2018-08-23 17:02:02.090] [INFO] info - request url : /member/articles ; request params : {}
[2018-08-23 17:02:02.372] [INFO] info - request url : /favicon.ico ; request params : {}
[2018-08-23 17:02:03.924] [INFO] info - request url : /favicon.ico ; request params : {}
[2018-08-23 17:02:08.100] [INFO] info - request url : /favicon.ico ; request params : {}
[2018-08-23 17:02:10.285] [INFO] info - request url : /favicon.ico ; request params : {}
[2018-08-23 17:02:13.400] [INFO] info - request url : /favicon.ico ; request params : {}
[2018-08-23 17:02:38.168] [INFO] info - request url : /member/profile ; request params : {}
[2018-08-23 17:02:38.512] [INFO] info - request url : /favicon.ico ; request params : {}
[2018-08-23 17:04:38.518] [INFO] info - request url : /favicon.ico ; request params : {}
[2018-08-23 17:07:11.275] [INFO] info - request url : /api/common/town?cityId=43 ; request params : {"cityId":"43"}
[2018-08-23 17:08:40.566] [INFO] info - request url : /member/profile/edit ; request params : {}
[2018-08-23 17:08:42.239] [INFO] info - request url : /favicon.ico ; request params : {}
[2018-08-23 17:10:58.845] [INFO] info - request url : /member/profile/edit ; request params : {}
[2018-08-23 17:10:59.252] [INFO] info - request url : /favicon.ico ; request params : {}
[2018-08-23 17:11:02.141] [INFO] info - request url : /member/profile/edit ; request params : {}
[2018-08-23 17:11:02.308] [INFO] info - request url : /member/profile/edit ; request params : {}
[2018-08-23 17:11:02.458] [INFO] info - request url : /member/profile/edit ; request params : {}
[2018-08-23 17:11:02.796] [INFO] info - request url : /favicon.ico ; request params : {}
[2018-08-23 17:11:03.383] [INFO] info - request url : /member/profile/edit ; request params : {}
[2018-08-23 17:11:03.738] [INFO] info - request url : /favicon.ico ; request params : {}
[2018-08-23 17:14:33.170] [INFO] info - request url : /member/index ; request params : {}
[2018-08-23 17:14:34.564] [INFO] info - request url : /favicon.ico ; request params : {}
[2018-08-23 17:16:17.112] [INFO] info - request url : /member/index ; request params : {}
[2018-08-23 17:16:17.496] [INFO] info - request url : /favicon.ico ; request params : {}
[2018-08-23 17:16:21.591] [INFO] info - request url : /favicon.ico ; request params : {}
[2018-08-23 17:17:54.470] [INFO] info - request url : /member/index ; request params : {}
[2018-08-23 17:17:54.820] [INFO] info - request url : /favicon.ico ; request params : {}
[2018-08-23 17:17:57.166] [INFO] info - request url : /member/index ; request params : {}
[2018-08-23 17:17:57.472] [INFO] info - request url : /favicon.ico ; request params : {}
[2018-08-23 17:19:09.691] [INFO] info - request url : /member/index ; request params : {}
[2018-08-23 17:19:10.031] [INFO] info - request url : /favicon.ico ; request params : {}
[2018-08-23 17:19:16.667] [INFO] info - request url : /member/index ; request params : {}
[2018-08-23 17:19:16.985] [INFO] info - request url : /favicon.ico ; request params : {}
[2018-08-23 17:19:22.977] [INFO] info - request url : /favicon.ico ; request params : {}
[2018-08-23 17:19:27.861] [INFO] info - request url : /member/index ; request params : {}
[2018-08-23 17:19:28.179] [INFO] info - request url : /favicon.ico ; request params : {}
[2018-08-23 17:21:28.189] [INFO] info - request url : /favicon.ico ; request params : {}
[2018-08-23 17:22:00.678] [INFO] info - request url : /favicon.ico ; request params : {}
[2018-08-23 17:22:19.617] [INFO] info - request url : /member/index ; request params : {}
[2018-08-23 17:22:19.937] [INFO] info - request url : /favicon.ico ; request params : {}
[2018-08-23 17:22:27.800] [INFO] info - request url : /member/index ; request params : {}
[2018-08-23 17:22:28.119] [INFO] info - request url : /favicon.ico ; request params : {}
[2018-08-23 17:22:36.592] [INFO] info - request url : /member/index ; request params : {}
[2018-08-23 17:22:36.915] [INFO] info - request url : /favicon.ico ; request params : {}
[2018-08-23 17:22:40.206] [INFO] info - request url : /favicon.ico ; request params : {}
[2018-08-23 17:23:21.722] [INFO] info - request url : /member/index ; request params : {}
[2018-08-23 17:23:22.050] [INFO] info - request url : /favicon.ico ; request params : {}
[2018-08-23 17:23:28.086] [INFO] info - request url : /favicon.ico ; request params : {}
[2018-08-23 17:27:15.127] [INFO] info - request url : /favicon.ico ; request params : {}
[2018-08-23 17:27:53.969] [INFO] info - request url : /member/index ; request params : {}
[2018-08-23 17:27:54.317] [INFO] info - request url : /favicon.ico ; request params : {}
[2018-08-23 17:29:54.326] [INFO] info - request url : /favicon.ico ; request params : {}
