[2018-08-20 09:38:35.295] [INFO] info - request url : /member/index ; request params : {}
[2018-08-20 09:38:35.572] [INFO] info - request url : /favicon.ico ; request params : {}
[2018-08-20 09:38:41.242] [INFO] info - request url : /member/index ; request params : {}
[2018-08-20 09:38:41.501] [INFO] info - request url : /favicon.ico ; request params : {}
[2018-08-20 09:39:14.123] [INFO] info - request url : /member/index ; request params : {}
[2018-08-20 09:39:14.516] [INFO] info - request url : /favicon.ico ; request params : {}
[2018-08-20 09:41:14.591] [INFO] info - request url : /favicon.ico ; request params : {}
[2018-08-20 09:42:08.755] [INFO] info - request url : /member/index ; request params : {}
[2018-08-20 09:42:09.097] [INFO] info - request url : /favicon.ico ; request params : {}
[2018-08-20 09:42:52.716] [INFO] info - request url : /member/index ; request params : {}
[2018-08-20 09:42:53.046] [INFO] info - request url : /favicon.ico ; request params : {}
[2018-08-20 09:43:30.377] [INFO] info - request url : /member/index ; request params : {}
[2018-08-20 09:43:30.701] [INFO] info - request url : /favicon.ico ; request params : {}
[2018-08-20 09:45:30.706] [INFO] info - request url : /favicon.ico ; request params : {}
[2018-08-20 09:56:17.119] [INFO] info - request url : /member/index ; request params : {}
[2018-08-20 09:56:17.483] [INFO] info - request url : /favicon.ico ; request params : {}
[2018-08-20 09:56:51.612] [INFO] info - request url : /member/index ; request params : {}
[2018-08-20 09:56:51.940] [INFO] info - request url : /favicon.ico ; request params : {}
[2018-08-20 09:56:53.501] [INFO] info - request url : /member/index ; request params : {}
[2018-08-20 09:56:53.802] [INFO] info - request url : /favicon.ico ; request params : {}
[2018-08-20 09:57:04.749] [INFO] info - request url : /member/index ; request params : {}
[2018-08-20 09:57:05.054] [INFO] info - request url : /favicon.ico ; request params : {}
[2018-08-20 09:58:14.813] [INFO] info - request url : /member/index ; request params : {}
[2018-08-20 09:58:15.121] [INFO] info - request url : /favicon.ico ; request params : {}
[2018-08-20 10:00:15.127] [INFO] info - request url : /favicon.ico ; request params : {}
[2018-08-20 10:00:49.526] [INFO] info - request url : /member/index ; request params : {}
[2018-08-20 10:00:49.876] [INFO] info - request url : /favicon.ico ; request params : {}
[2018-08-20 10:02:49.880] [INFO] info - request url : /favicon.ico ; request params : {}
[2018-08-20 10:04:01.292] [INFO] info - request url : /member/index ; request params : {}
[2018-08-20 10:04:01.657] [INFO] info - request url : /favicon.ico ; request params : {}
[2018-08-20 10:05:26.462] [INFO] info - request url : /member/index ; request params : {}
[2018-08-20 10:05:26.795] [INFO] info - request url : /favicon.ico ; request params : {}
[2018-08-20 10:07:26.800] [INFO] info - request url : /favicon.ico ; request params : {}
[2018-08-20 10:30:09.576] [INFO] info - request url : /member/index ; request params : {}
[2018-08-20 10:30:09.898] [INFO] info - request url : /favicon.ico ; request params : {}
[2018-08-20 10:31:02.101] [INFO] info - request url : /member/profile ; request params : {}
[2018-08-20 10:31:02.415] [INFO] info - request url : /favicon.ico ; request params : {}
[2018-08-20 10:33:02.422] [INFO] info - request url : /favicon.ico ; request params : {}
[2018-08-20 10:42:25.382] [INFO] info - request url : /member/profile ; request params : {}
[2018-08-20 10:42:25.707] [INFO] info - request url : /favicon.ico ; request params : {}
[2018-08-20 10:44:25.714] [INFO] info - request url : /favicon.ico ; request params : {}
[2018-08-20 10:45:14.432] [INFO] info - request url : /member/profile ; request params : {}
[2018-08-20 10:45:14.757] [INFO] info - request url : /favicon.ico ; request params : {}
[2018-08-20 10:45:40.443] [INFO] info - request url : /member/profile ; request params : {}
[2018-08-20 10:45:40.773] [INFO] info - request url : /favicon.ico ; request params : {}
[2018-08-20 10:46:07.526] [INFO] info - request url : /member/profile ; request params : {}
[2018-08-20 10:46:07.860] [INFO] info - request url : /favicon.ico ; request params : {}
[2018-08-20 10:48:07.940] [INFO] info - request url : /favicon.ico ; request params : {}
[2018-08-20 10:50:02.589] [INFO] info - request url : /member/profile ; request params : {}
[2018-08-20 10:50:02.928] [INFO] info - request url : /favicon.ico ; request params : {}
[2018-08-20 10:50:20.199] [INFO] info - request url : /member/profile ; request params : {}
[2018-08-20 10:50:20.543] [INFO] info - request url : /favicon.ico ; request params : {}
[2018-08-20 10:52:20.570] [INFO] info - request url : /favicon.ico ; request params : {}
[2018-08-20 10:52:44.837] [INFO] info - request url : /member/profile ; request params : {}
[2018-08-20 10:52:45.157] [INFO] info - request url : /favicon.ico ; request params : {}
[2018-08-20 10:52:54.402] [INFO] info - request url : /member/profile ; request params : {}
[2018-08-20 10:52:54.701] [INFO] info - request url : /favicon.ico ; request params : {}
[2018-08-20 10:54:36.182] [INFO] info - request url : /member/profile ; request params : {}
[2018-08-20 10:54:36.533] [INFO] info - request url : /favicon.ico ; request params : {}
[2018-08-20 10:55:12.132] [INFO] info - request url : /member/profile ; request params : {}
[2018-08-20 10:55:12.438] [INFO] info - request url : /favicon.ico ; request params : {}
[2018-08-20 10:55:46.223] [INFO] info - request url : /member/profile ; request params : {}
[2018-08-20 10:55:46.536] [INFO] info - request url : /favicon.ico ; request params : {}
[2018-08-20 10:55:58.833] [INFO] info - request url : /member/profile ; request params : {}
[2018-08-20 10:55:59.137] [INFO] info - request url : /favicon.ico ; request params : {}
[2018-08-20 10:57:54.650] [INFO] info - request url : /member/profile ; request params : {}
[2018-08-20 10:57:54.999] [INFO] info - request url : /favicon.ico ; request params : {}
[2018-08-20 10:59:55.076] [INFO] info - request url : /favicon.ico ; request params : {}
[2018-08-20 11:01:56.088] [INFO] info - request url : /member/profile ; request params : {}
[2018-08-20 11:01:56.418] [INFO] info - request url : /favicon.ico ; request params : {}
[2018-08-20 11:02:38.089] [INFO] info - request url : /member/profile ; request params : {}
[2018-08-20 11:02:38.463] [INFO] info - request url : /favicon.ico ; request params : {}
[2018-08-20 11:04:24.118] [INFO] info - request url : /member/profile ; request params : {}
[2018-08-20 11:04:24.437] [INFO] info - request url : /favicon.ico ; request params : {}
[2018-08-20 11:04:26.099] [INFO] info - request url : /member/profile ; request params : {}
[2018-08-20 11:04:26.386] [INFO] info - request url : /favicon.ico ; request params : {}
[2018-08-20 11:04:41.402] [INFO] info - request url : /member/profile ; request params : {}
[2018-08-20 11:04:41.722] [INFO] info - request url : /favicon.ico ; request params : {}
[2018-08-20 11:05:05.878] [INFO] info - request url : /member/profile ; request params : {}
[2018-08-20 11:05:06.195] [INFO] info - request url : /favicon.ico ; request params : {}
[2018-08-20 11:06:25.321] [INFO] info - request url : /member/profile ; request params : {}
[2018-08-20 11:06:25.631] [INFO] info - request url : /favicon.ico ; request params : {}
[2018-08-20 11:08:25.648] [INFO] info - request url : /favicon.ico ; request params : {}
[2018-08-20 11:08:36.468] [INFO] info - request url : /member/profile ; request params : {}
[2018-08-20 11:08:36.773] [INFO] info - request url : /favicon.ico ; request params : {}
[2018-08-20 11:08:38.686] [INFO] info - request url : /member/profile ; request params : {}
[2018-08-20 11:08:38.973] [INFO] info - request url : /favicon.ico ; request params : {}
[2018-08-20 11:09:01.027] [INFO] info - request url : /member/profile ; request params : {}
[2018-08-20 11:09:01.342] [INFO] info - request url : /favicon.ico ; request params : {}
[2018-08-20 11:09:27.869] [INFO] info - request url : /member/profile ; request params : {}
[2018-08-20 11:09:28.181] [INFO] info - request url : /favicon.ico ; request params : {}
[2018-08-20 11:10:36.851] [INFO] info - request url : /member/profile ; request params : {}
[2018-08-20 11:10:37.170] [INFO] info - request url : /favicon.ico ; request params : {}
[2018-08-20 11:12:22.718] [INFO] info - request url : /member/profile ; request params : {}
[2018-08-20 11:12:23.030] [INFO] info - request url : /favicon.ico ; request params : {}
[2018-08-20 11:13:10.613] [INFO] info - request url : /member/profile ; request params : {}
[2018-08-20 11:13:10.995] [INFO] info - request url : /favicon.ico ; request params : {}
[2018-08-20 11:13:12.143] [INFO] info - request url : /member/profile ; request params : {}
[2018-08-20 11:13:12.464] [INFO] info - request url : /favicon.ico ; request params : {}
[2018-08-20 11:13:28.789] [INFO] info - request url : /member/profile ; request params : {}
[2018-08-20 11:13:29.164] [INFO] info - request url : /favicon.ico ; request params : {}
[2018-08-20 11:15:29.168] [INFO] info - request url : /favicon.ico ; request params : {}
[2018-08-20 13:50:30.034] [INFO] info - request url : /member/profile ; request params : {}
[2018-08-20 13:50:30.433] [INFO] info - request url : /favicon.ico ; request params : {}
[2018-08-20 13:50:37.670] [INFO] info - request url : /member/profile ; request params : {}
[2018-08-20 13:50:37.791] [INFO] info - request url : /member/profile ; request params : {}
[2018-08-20 13:50:38.113] [INFO] info - request url : /favicon.ico ; request params : {}
[2018-08-20 13:50:39.597] [INFO] info - request url : /member/profile ; request params : {}
[2018-08-20 13:50:39.895] [INFO] info - request url : /favicon.ico ; request params : {}
[2018-08-20 13:50:40.766] [INFO] info - request url : /member/profile ; request params : {}
[2018-08-20 13:50:41.058] [INFO] info - request url : /favicon.ico ; request params : {}
[2018-08-20 13:50:59.592] [INFO] info - request url : /member/profile ; request params : {}
[2018-08-20 13:50:59.888] [INFO] info - request url : /favicon.ico ; request params : {}
[2018-08-20 13:51:17.869] [INFO] info - request url : /member/profile ; request params : {}
[2018-08-20 13:51:18.234] [INFO] info - request url : /favicon.ico ; request params : {}
[2018-08-20 13:51:26.252] [INFO] info - request url : /member/profile ; request params : {}
[2018-08-20 13:51:26.618] [INFO] info - request url : /favicon.ico ; request params : {}
[2018-08-20 13:51:33.726] [INFO] info - request url : /member/profile ; request params : {}
[2018-08-20 13:51:34.039] [INFO] info - request url : /favicon.ico ; request params : {}
[2018-08-20 13:51:46.661] [INFO] info - request url : /member/profile ; request params : {}
[2018-08-20 13:51:47.031] [INFO] info - request url : /favicon.ico ; request params : {}
[2018-08-20 13:53:47.038] [INFO] info - request url : /favicon.ico ; request params : {}
[2018-08-20 14:21:16.113] [INFO] info - request url : /member/profile ; request params : {}
[2018-08-20 14:21:16.382] [INFO] info - request url : /favicon.ico ; request params : {}
[2018-08-20 14:21:17.981] [INFO] info - request url : /member/profile ; request params : {}
[2018-08-20 14:21:18.225] [INFO] info - request url : /favicon.ico ; request params : {}
[2018-08-20 14:21:24.567] [INFO] info - request url : /member/profile ; request params : {}
[2018-08-20 14:21:24.694] [INFO] info - request url : /member/profile ; request params : {}
[2018-08-20 14:21:24.933] [INFO] info - request url : /favicon.ico ; request params : {}
[2018-08-20 14:21:32.708] [INFO] info - request url : /member/profile ; request params : {}
[2018-08-20 14:21:32.981] [INFO] info - request url : /favicon.ico ; request params : {}
[2018-08-20 14:21:55.148] [INFO] info - request url : /member/profile ; request params : {}
[2018-08-20 14:21:55.466] [INFO] info - request url : /favicon.ico ; request params : {}
[2018-08-20 14:23:55.519] [INFO] info - request url : /favicon.ico ; request params : {}
[2018-08-20 14:26:12.923] [INFO] info - request url : /member/profile ; request params : {}
[2018-08-20 14:26:13.260] [INFO] info - request url : /favicon.ico ; request params : {}
[2018-08-20 14:26:14.787] [INFO] info - request url : /member/profile ; request params : {}
[2018-08-20 14:26:15.075] [INFO] info - request url : /favicon.ico ; request params : {}
[2018-08-20 14:26:32.441] [INFO] info - request url : /member/profile ; request params : {}
[2018-08-20 14:26:32.761] [INFO] info - request url : /favicon.ico ; request params : {}
[2018-08-20 14:27:03.203] [INFO] info - request url : /member/profile ; request params : {}
[2018-08-20 14:27:03.516] [INFO] info - request url : /favicon.ico ; request params : {}
[2018-08-20 14:27:39.142] [INFO] info - request url : /member/profile ; request params : {}
[2018-08-20 14:27:39.479] [INFO] info - request url : /favicon.ico ; request params : {}
[2018-08-20 14:29:22.838] [INFO] info - request url : /member/profile ; request params : {}
[2018-08-20 14:29:23.167] [INFO] info - request url : /favicon.ico ; request params : {}
[2018-08-20 14:29:43.532] [INFO] info - request url : /member/profile ; request params : {}
[2018-08-20 14:29:43.821] [INFO] info - request url : /favicon.ico ; request params : {}
[2018-08-20 14:30:53.312] [INFO] info - request url : /member/profile ; request params : {}
[2018-08-20 14:30:53.696] [INFO] info - request url : /favicon.ico ; request params : {}
[2018-08-20 14:31:22.427] [INFO] info - request url : /member/profile ; request params : {}
[2018-08-20 14:31:22.773] [INFO] info - request url : /favicon.ico ; request params : {}
[2018-08-20 14:31:23.420] [INFO] info - request url : /member/profile ; request params : {}
[2018-08-20 14:31:23.764] [INFO] info - request url : /favicon.ico ; request params : {}
[2018-08-20 14:31:24.270] [INFO] info - request url : /member/profile ; request params : {}
[2018-08-20 14:31:24.622] [INFO] info - request url : /favicon.ico ; request params : {}
[2018-08-20 14:31:41.244] [INFO] info - request url : /member/profile ; request params : {}
[2018-08-20 14:31:41.593] [INFO] info - request url : /favicon.ico ; request params : {}
[2018-08-20 14:31:41.987] [INFO] info - request url : /member/profile ; request params : {}
[2018-08-20 14:31:42.422] [INFO] info - request url : /favicon.ico ; request params : {}
[2018-08-20 14:31:50.843] [INFO] info - request url : /member/profile ; request params : {}
[2018-08-20 14:31:51.180] [INFO] info - request url : /favicon.ico ; request params : {}
[2018-08-20 14:31:51.517] [INFO] info - request url : /member/profile ; request params : {}
[2018-08-20 14:31:51.844] [INFO] info - request url : /favicon.ico ; request params : {}
[2018-08-20 14:31:51.954] [INFO] info - request url : /member/profile ; request params : {}
[2018-08-20 14:31:52.325] [INFO] info - request url : /favicon.ico ; request params : {}
[2018-08-20 14:32:10.132] [INFO] info - request url : /member/profile ; request params : {}
[2018-08-20 14:32:10.503] [INFO] info - request url : /favicon.ico ; request params : {}
[2018-08-20 14:34:10.510] [INFO] info - request url : /favicon.ico ; request params : {}
[2018-08-20 14:38:18.608] [INFO] info - request url : /member/profile ; request params : {}
[2018-08-20 14:38:18.945] [INFO] info - request url : /favicon.ico ; request params : {}
[2018-08-20 14:40:18.950] [INFO] info - request url : /favicon.ico ; request params : {}
[2018-08-20 14:44:00.979] [INFO] info - request url : /member/profile ; request params : {}
[2018-08-20 14:44:01.326] [INFO] info - request url : /favicon.ico ; request params : {}
[2018-08-20 14:44:13.574] [INFO] info - request url : /member/profile ; request params : {}
[2018-08-20 14:44:13.971] [INFO] info - request url : /favicon.ico ; request params : {}
[2018-08-20 14:45:12.238] [INFO] info - request url : /member/profile ; request params : {}
[2018-08-20 14:45:12.571] [INFO] info - request url : /favicon.ico ; request params : {}
[2018-08-20 14:47:12.575] [INFO] info - request url : /favicon.ico ; request params : {}
[2018-08-20 14:51:10.593] [INFO] info - request url : /member/index ; request params : {}
[2018-08-20 14:51:10.965] [INFO] info - request url : /favicon.ico ; request params : {}
[2018-08-20 14:51:15.102] [INFO] info - request url : /member/profile ; request params : {}
[2018-08-20 14:51:15.405] [INFO] info - request url : /favicon.ico ; request params : {}
[2018-08-20 14:51:18.517] [INFO] info - request url : /favicon.ico ; request params : {}
[2018-08-20 14:51:19.213] [INFO] info - request url : /member/profile ; request params : {}
[2018-08-20 14:51:19.489] [INFO] info - request url : /favicon.ico ; request params : {}
[2018-08-20 14:51:55.094] [INFO] info - request url : /favicon.ico ; request params : {}
[2018-08-20 14:51:55.740] [INFO] info - request url : /member/index ; request params : {}
[2018-08-20 14:51:56.031] [INFO] info - request url : /favicon.ico ; request params : {}
[2018-08-20 14:51:56.613] [INFO] info - request url : /member/profile ; request params : {}
[2018-08-20 14:51:56.900] [INFO] info - request url : /favicon.ico ; request params : {}
[2018-08-20 14:52:03.145] [INFO] info - request url : /favicon.ico ; request params : {}
[2018-08-20 14:52:05.460] [INFO] info - request url : /member/profile ; request params : {}
[2018-08-20 14:52:05.737] [INFO] info - request url : /favicon.ico ; request params : {}
[2018-08-20 14:54:05.837] [INFO] info - request url : /favicon.ico ; request params : {}
[2018-08-20 15:25:01.463] [INFO] info - request url : /member/index ; request params : {}
[2018-08-20 15:25:02.604] [INFO] info - request url : /favicon.ico ; request params : {}
[2018-08-20 15:25:09.156] [INFO] info - request url : /member/index ; request params : {}
[2018-08-20 15:25:09.488] [INFO] info - request url : /favicon.ico ; request params : {}
[2018-08-20 15:25:15.244] [INFO] info - request url : /member/index ; request params : {}
[2018-08-20 15:25:15.574] [INFO] info - request url : /favicon.ico ; request params : {}
[2018-08-20 15:25:17.551] [INFO] info - request url : /member/articles ; request params : {}
[2018-08-20 15:25:17.845] [INFO] info - request url : /favicon.ico ; request params : {}
[2018-08-20 15:25:20.855] [INFO] info - request url : /favicon.ico ; request params : {}
[2018-08-20 15:25:22.983] [INFO] info - request url : /member/profile ; request params : {}
[2018-08-20 15:25:23.266] [INFO] info - request url : /favicon.ico ; request params : {}
[2018-08-20 15:25:27.535] [INFO] info - request url : /favicon.ico ; request params : {}
[2018-08-20 15:27:27.629] [INFO] info - request url : /favicon.ico ; request params : {}
[2018-08-20 15:27:59.933] [INFO] info - request url : /member/articles ; request params : {}
[2018-08-20 15:28:00.225] [INFO] info - request url : /favicon.ico ; request params : {}
[2018-08-20 15:28:02.644] [INFO] info - request url : /favicon.ico ; request params : {}
[2018-08-20 15:28:04.160] [INFO] info - request url : /member/profile ; request params : {}
[2018-08-20 15:28:04.444] [INFO] info - request url : /favicon.ico ; request params : {}
[2018-08-20 15:29:06.385] [INFO] info - request url : /member/profile/edit ; request params : {}
[2018-08-20 15:29:06.765] [INFO] info - request url : /favicon.ico ; request params : {}
[2018-08-20 15:30:37.311] [INFO] info - request url : /member/profile ; request params : {}
[2018-08-20 15:30:37.607] [INFO] info - request url : /favicon.ico ; request params : {}
[2018-08-20 15:30:43.994] [INFO] info - request url : /member/index ; request params : {}
[2018-08-20 15:30:44.606] [INFO] info - request url : /favicon.ico ; request params : {}
[2018-08-20 15:30:49.396] [INFO] info - request url : /member/articles ; request params : {}
[2018-08-20 15:30:49.670] [INFO] info - request url : /favicon.ico ; request params : {}
[2018-08-20 15:30:51.545] [INFO] info - request url : /favicon.ico ; request params : {}
[2018-08-20 15:30:53.839] [INFO] info - request url : /member/profile ; request params : {}
[2018-08-20 15:30:54.108] [INFO] info - request url : /favicon.ico ; request params : {}
[2018-08-20 15:30:55.950] [INFO] info - request url : /favicon.ico ; request params : {}
[2018-08-20 15:31:54.729] [INFO] info - request url : /member/profile ; request params : {}
[2018-08-20 15:31:55.043] [INFO] info - request url : /favicon.ico ; request params : {}
[2018-08-20 15:33:55.049] [INFO] info - request url : /favicon.ico ; request params : {}
[2018-08-20 15:35:52.434] [INFO] info - request url : /favicon.ico ; request params : {}
[2018-08-20 15:35:54.416] [INFO] info - request url : /member/profile ; request params : {}
[2018-08-20 15:35:54.703] [INFO] info - request url : /favicon.ico ; request params : {}
[2018-08-20 15:35:58.680] [INFO] info - request url : /favicon.ico ; request params : {}
[2018-08-20 15:37:58.800] [INFO] info - request url : /favicon.ico ; request params : {}
[2018-08-20 16:21:08.583] [INFO] info - request url : /favicon.ico ; request params : {}
[2018-08-20 16:21:17.606] [INFO] info - request url : /member/profile ; request params : {}
[2018-08-20 16:21:17.855] [INFO] info - request url : /favicon.ico ; request params : {}
[2018-08-20 16:21:19.648] [INFO] info - request url : /favicon.ico ; request params : {}
[2018-08-20 16:21:30.262] [INFO] info - request url : /member/index ; request params : {}
[2018-08-20 16:21:30.522] [INFO] info - request url : /favicon.ico ; request params : {}
[2018-08-20 16:21:35.950] [INFO] info - request url : /member/index ; request params : {}
[2018-08-20 16:21:36.240] [INFO] info - request url : /favicon.ico ; request params : {}
[2018-08-20 16:21:37.413] [INFO] info - request url : /member/profile ; request params : {}
[2018-08-20 16:21:37.669] [INFO] info - request url : /favicon.ico ; request params : {}
[2018-08-20 16:21:39.394] [INFO] info - request url : /favicon.ico ; request params : {}
[2018-08-20 16:21:41.136] [INFO] info - request url : /member/articles ; request params : {}
[2018-08-20 16:21:41.397] [INFO] info - request url : /favicon.ico ; request params : {}
[2018-08-20 16:21:43.740] [INFO] info - request url : /favicon.ico ; request params : {}
[2018-08-20 16:21:51.978] [INFO] info - request url : /member/profile ; request params : {}
[2018-08-20 16:21:52.291] [INFO] info - request url : /favicon.ico ; request params : {}
[2018-08-20 16:21:53.197] [INFO] info - request url : /favicon.ico ; request params : {}
[2018-08-20 16:23:53.202] [INFO] info - request url : /favicon.ico ; request params : {}
[2018-08-20 16:48:08.118] [INFO] info - request url : /member/profile ; request params : {}
[2018-08-20 16:48:08.473] [INFO] info - request url : /favicon.ico ; request params : {}
[2018-08-20 16:48:16.481] [INFO] info - request url : /member/profile ; request params : {}
[2018-08-20 16:48:16.741] [INFO] info - request url : /favicon.ico ; request params : {}
[2018-08-20 16:48:22.067] [INFO] info - request url : /member/profile ; request params : {}
[2018-08-20 16:48:22.383] [INFO] info - request url : /favicon.ico ; request params : {}
[2018-08-20 16:50:22.397] [INFO] info - request url : /favicon.ico ; request params : {}
[2018-08-20 18:16:23.661] [INFO] info - request url : /member/profile ; request params : {}
[2018-08-20 18:16:24.023] [INFO] info - request url : /favicon.ico ; request params : {}
[2018-08-20 18:16:26.558] [INFO] info - request url : /member/index ; request params : {}
[2018-08-20 18:16:27.060] [INFO] info - request url : /favicon.ico ; request params : {}
[2018-08-20 18:16:34.020] [INFO] info - request url : /member/index ; request params : {}
[2018-08-20 18:16:34.280] [INFO] info - request url : /favicon.ico ; request params : {}
[2018-08-20 18:16:40.027] [INFO] info - request url : /member/index ; request params : {}
[2018-08-20 18:16:40.361] [INFO] info - request url : /favicon.ico ; request params : {}
[2018-08-20 18:16:43.083] [INFO] info - request url : /member/profile ; request params : {}
[2018-08-20 18:16:43.374] [INFO] info - request url : /favicon.ico ; request params : {}
[2018-08-20 18:16:48.748] [INFO] info - request url : /favicon.ico ; request params : {}
[2018-08-20 18:16:50.546] [INFO] info - request url : /member/profile ; request params : {}
[2018-08-20 18:16:50.834] [INFO] info - request url : /favicon.ico ; request params : {}
[2018-08-20 18:18:50.839] [INFO] info - request url : /favicon.ico ; request params : {}
[2018-08-20 18:20:48.966] [INFO] info - request url : /favicon.ico ; request params : {}
[2018-08-20 18:58:48.590] [INFO] info - request url : /member/index ; request params : {}
[2018-08-20 18:58:48.921] [INFO] info - request url : /favicon.ico ; request params : {}
[2018-08-20 18:58:54.264] [INFO] info - request url : /member/articles ; request params : {}
[2018-08-20 18:58:54.556] [INFO] info - request url : /favicon.ico ; request params : {}
[2018-08-20 18:58:56.323] [INFO] info - request url : /favicon.ico ; request params : {}
[2018-08-20 18:58:56.860] [INFO] info - request url : /member/profile ; request params : {}
[2018-08-20 18:58:57.147] [INFO] info - request url : /favicon.ico ; request params : {}
[2018-08-20 18:59:00.778] [INFO] info - request url : /favicon.ico ; request params : {}
[2018-08-20 19:01:00.787] [INFO] info - request url : /favicon.ico ; request params : {}
