[2018-07-16 09:30:27.886] [INFO] info - request url : /shanghai/rent/ ; request params : {}
[2018-07-16 09:30:30.909] [INFO] info - request url : /favicon.ico ; request params : {}
[2018-07-16 09:30:37.620] [INFO] info - request url : /shanghai/rent/ ; request params : {}
[2018-07-16 09:30:38.404] [INFO] info - request url : /favicon.ico ; request params : {}
[2018-07-16 09:30:46.359] [INFO] info - request url : /shanghai/rent/10df0f89b876f4ca.html ; request params : {}
[2018-07-16 09:30:47.564] [INFO] info - request url : /callNumber/getAgentInfoNewQrcode.rest?agentId=152735&subEstateId=12323&houseId=1477122&isSelfSupport=0&phoneNum=400-069-6130,25333 ; request params : {"agentId":"152735","subEstateId":"12323","houseId":"1477122","isSelfSupport":"0","phoneNum":"400-069-6130,25333"}
[2018-07-16 09:30:48.782] [INFO] info - request url : /shanghai/rent/undefined ; request params : {}
[2018-07-16 09:31:21.393] [INFO] info - request url : /shanghai/rent/9b5015ccaa54578d918a80242a27eb15.html ; request params : {}
[2018-07-16 09:31:39.521] [INFO] info - request url : /shanghai/rent/10df0f89b876f4ca.html ; request params : {}
[2018-07-16 09:31:40.335] [INFO] info - request url : /callNumber/getAgentInfoNewQrcode.rest?agentId=100619&subEstateId=12323&houseId=1477122&isSelfSupport=0&phoneNum=400-069-6130,25178 ; request params : {"agentId":"100619","subEstateId":"12323","houseId":"1477122","isSelfSupport":"0","phoneNum":"400-069-6130,25178"}
[2018-07-16 09:31:41.159] [INFO] info - request url : /shanghai/rent/undefined ; request params : {}
[2018-07-16 09:33:40.341] [INFO] info - request url : /callNumber/getAgentInfoNewQrcode.rest?agentId=100619&subEstateId=12323&houseId=1477122&isSelfSupport=0&phoneNum=400-069-6130,25178 ; request params : {"agentId":"100619","subEstateId":"12323","houseId":"1477122","isSelfSupport":"0","phoneNum":"400-069-6130,25178"}
[2018-07-16 09:35:40.358] [INFO] info - request url : /favicon.ico ; request params : {}
[2018-07-16 09:49:59.382] [INFO] info - request url : /shanghai/rent/10df0f89b876f4ca.html ; request params : {}
[2018-07-16 09:50:30.830] [INFO] info - request url : /shanghai/rent ; request params : {}
[2018-07-16 09:50:32.135] [INFO] info - request url : /favicon.ico ; request params : {}
[2018-07-16 09:50:33.575] [INFO] info - request url : /shanghai/rent/0f905b5dad655e8f.html ; request params : {}
[2018-07-16 09:50:37.590] [INFO] info - request url : /shanghai/rent/591ef059c3da9c8a.html ; request params : {}
[2018-07-16 09:51:22.956] [INFO] info - request url : /shanghai/rent/591ef059c3da9c8a.html ; request params : {}
[2018-07-16 09:51:44.542] [INFO] info - request url : /shanghai/rent/0f905b5dad655e8f.html ; request params : {}
[2018-07-16 09:51:45.481] [INFO] info - request url : /callNumber/getAgentInfoNewQrcode.rest?agentId=100890&subEstateId=34677&houseId=1477880&isSelfSupport=0&phoneNum=400-069-6130,25257 ; request params : {"agentId":"100890","subEstateId":"34677","houseId":"1477880","isSelfSupport":"0","phoneNum":"400-069-6130,25257"}
[2018-07-16 09:51:46.870] [INFO] info - request url : /shanghai/rent/undefined ; request params : {}
[2018-07-16 09:52:28.364] [INFO] info - request url : /shanghai/rent/0f905b5dad655e8f.html ; request params : {}
[2018-07-16 09:52:29.788] [INFO] info - request url : /callNumber/getAgentInfoNewQrcode.rest?agentId=100574&subEstateId=34677&houseId=1477880&isSelfSupport=0&phoneNum=400-069-6130,25173 ; request params : {"agentId":"100574","subEstateId":"34677","houseId":"1477880","isSelfSupport":"0","phoneNum":"400-069-6130,25173"}
[2018-07-16 09:52:31.794] [INFO] info - request url : /shanghai/rent/undefined ; request params : {}
[2018-07-16 09:54:29.796] [INFO] info - request url : /callNumber/getAgentInfoNewQrcode.rest?agentId=100574&subEstateId=34677&houseId=1477880&isSelfSupport=0&phoneNum=400-069-6130,25173 ; request params : {"agentId":"100574","subEstateId":"34677","houseId":"1477880","isSelfSupport":"0","phoneNum":"400-069-6130,25173"}
[2018-07-16 09:56:29.818] [INFO] info - request url : /favicon.ico ; request params : {}
[2018-07-16 09:58:17.759] [INFO] info - request url : /shanghai/rent/0f905b5dad655e8f.html ; request params : {}
[2018-07-16 09:58:18.546] [INFO] info - request url : /callNumber/getAgentInfoNewQrcode.rest?agentId=100890&subEstateId=34677&houseId=1477880&isSelfSupport=0&phoneNum=400-069-6130,25257 ; request params : {"agentId":"100890","subEstateId":"34677","houseId":"1477880","isSelfSupport":"0","phoneNum":"400-069-6130,25257"}
[2018-07-16 09:58:19.951] [INFO] info - request url : /shanghai/rent/undefined ; request params : {}
[2018-07-16 10:00:18.552] [INFO] info - request url : /callNumber/getAgentInfoNewQrcode.rest?agentId=100890&subEstateId=34677&houseId=1477880&isSelfSupport=0&phoneNum=400-069-6130,25257 ; request params : {"agentId":"100890","subEstateId":"34677","houseId":"1477880","isSelfSupport":"0","phoneNum":"400-069-6130,25257"}
[2018-07-16 10:00:18.852] [INFO] info - request url : /shanghai/rent/0f905b5dad655e8f.html ; request params : {}
[2018-07-16 10:00:21.543] [INFO] info - request url : /callNumber/getAgentInfoNewQrcode.rest?agentId=100574&subEstateId=34677&houseId=1477880&isSelfSupport=0&phoneNum=400-069-6130,25173 ; request params : {"agentId":"100574","subEstateId":"34677","houseId":"1477880","isSelfSupport":"0","phoneNum":"400-069-6130,25173"}
[2018-07-16 10:00:22.980] [INFO] info - request url : /shanghai/rent/undefined ; request params : {}
[2018-07-16 10:00:57.145] [INFO] info - request url : /favicon.ico ; request params : {}
[2018-07-16 10:00:57.880] [INFO] info - request url : /callNumber/getAgentInfoNewQrcode.rest?agentId=100574&subEstateId=34677&houseId=1477880&isSelfSupport=0&phoneNum=400-069-6130,25173 ; request params : {"agentId":"100574","subEstateId":"34677","houseId":"1477880","isSelfSupport":"0","phoneNum":"400-069-6130,25173"}
[2018-07-16 10:00:58.909] [INFO] info - request url : /shanghai/rent/undefined ; request params : {}
[2018-07-16 10:00:59.797] [INFO] info - request url : /shanghai/rent/0f905b5dad655e8f.html ; request params : {}
[2018-07-16 10:01:00.918] [INFO] info - request url : /callNumber/getAgentInfoNewQrcode.rest?agentId=100890&subEstateId=34677&houseId=1477880&isSelfSupport=0&phoneNum=400-069-6130,25257 ; request params : {"agentId":"100890","subEstateId":"34677","houseId":"1477880","isSelfSupport":"0","phoneNum":"400-069-6130,25257"}
[2018-07-16 10:01:01.943] [INFO] info - request url : /shanghai/rent/undefined ; request params : {}
[2018-07-16 10:03:00.921] [INFO] info - request url : /callNumber/getAgentInfoNewQrcode.rest?agentId=100890&subEstateId=34677&houseId=1477880&isSelfSupport=0&phoneNum=400-069-6130,25257 ; request params : {"agentId":"100890","subEstateId":"34677","houseId":"1477880","isSelfSupport":"0","phoneNum":"400-069-6130,25257"}
[2018-07-16 10:03:18.179] [INFO] info - request url : /shanghai/rent/0f905b5dad655e8f.html ; request params : {}
[2018-07-16 10:03:19.154] [INFO] info - request url : /callNumber/getAgentInfoNewQrcode.rest?agentId=100574&subEstateId=34677&houseId=1477880&isSelfSupport=0&phoneNum=400-069-6130,25173 ; request params : {"agentId":"100574","subEstateId":"34677","houseId":"1477880","isSelfSupport":"0","phoneNum":"400-069-6130,25173"}
[2018-07-16 10:03:20.450] [INFO] info - request url : /shanghai/rent/undefined ; request params : {}
[2018-07-16 10:03:44.802] [INFO] info - request url : /shanghai/rent/0f905b5dad655e8f.html ; request params : {}
[2018-07-16 10:03:45.562] [INFO] info - request url : /callNumber/getAgentInfoNewQrcode.rest?agentId=100890&subEstateId=34677&houseId=1477880&isSelfSupport=0&phoneNum=400-069-6130,25257 ; request params : {"agentId":"100890","subEstateId":"34677","houseId":"1477880","isSelfSupport":"0","phoneNum":"400-069-6130,25257"}
[2018-07-16 10:03:46.938] [INFO] info - request url : /shanghai/rent/undefined ; request params : {}
[2018-07-16 10:04:37.056] [INFO] info - request url : /shanghai/rent/9b5015ccaa54578d918a80242a27eb15.html ; request params : {}
[2018-07-16 10:04:38.365] [INFO] info - request url : /callNumber/getAgentInfoNewQrcode.rest?agentId=152735&subEstateId=12373&houseId=1000004130&isSelfSupport=0&phoneNum=400-069-6130,25333 ; request params : {"agentId":"152735","subEstateId":"12373","houseId":"1000004130","isSelfSupport":"0","phoneNum":"400-069-6130,25333"}
[2018-07-16 10:04:39.482] [INFO] info - request url : /shanghai/rent/undefined ; request params : {}
[2018-07-16 10:05:28.053] [INFO] info - request url : /shanghai/rent/9b5015ccaa54578d918a80242a27eb15.html ; request params : {}
[2018-07-16 10:05:28.761] [INFO] info - request url : /callNumber/getAgentInfoNewQrcode.rest?agentId=100619&subEstateId=12373&houseId=1000004130&isSelfSupport=0&phoneNum=400-069-6130,25178 ; request params : {"agentId":"100619","subEstateId":"12373","houseId":"1000004130","isSelfSupport":"0","phoneNum":"400-069-6130,25178"}
[2018-07-16 10:05:30.071] [INFO] info - request url : /shanghai/rent/undefined ; request params : {}
[2018-07-16 10:06:39.098] [INFO] info - request url : /shanghai/rent/9b5015ccaa54578d918a80242a27eb15.html ; request params : {}
[2018-07-16 10:06:40.068] [INFO] info - request url : /callNumber/getAgentInfoNewQrcode.rest?agentId=152735&subEstateId=12373&houseId=1000004130&isSelfSupport=0&phoneNum=400-069-6130,25333 ; request params : {"agentId":"152735","subEstateId":"12373","houseId":"1000004130","isSelfSupport":"0","phoneNum":"400-069-6130,25333"}
[2018-07-16 10:06:41.054] [INFO] info - request url : /shanghai/rent/undefined ; request params : {}
[2018-07-16 10:06:45.679] [INFO] info - request url : /shanghai/rent/9b5015ccaa54578d918a80242a27eb15.html ; request params : {}
[2018-07-16 10:06:46.383] [INFO] info - request url : /callNumber/getAgentInfoNewQrcode.rest?agentId=100619&subEstateId=12373&houseId=1000004130&isSelfSupport=0&phoneNum=400-069-6130,25178 ; request params : {"agentId":"100619","subEstateId":"12373","houseId":"1000004130","isSelfSupport":"0","phoneNum":"400-069-6130,25178"}
[2018-07-16 10:06:47.699] [INFO] info - request url : /shanghai/rent/undefined ; request params : {}
[2018-07-16 10:06:57.409] [INFO] info - request url : /shanghai/rent/9b5015ccaa54578d918a80242a27eb15.html ; request params : {}
[2018-07-16 10:06:58.163] [INFO] info - request url : /callNumber/getAgentInfoNewQrcode.rest?agentId=152735&subEstateId=12373&houseId=1000004130&isSelfSupport=0&phoneNum=400-069-6130,25333 ; request params : {"agentId":"152735","subEstateId":"12373","houseId":"1000004130","isSelfSupport":"0","phoneNum":"400-069-6130,25333"}
[2018-07-16 10:06:59.200] [INFO] info - request url : /shanghai/rent/undefined ; request params : {}
[2018-07-16 10:07:01.072] [INFO] info - request url : /shanghai/rent/9b5015ccaa54578d918a80242a27eb15.html ; request params : {}
[2018-07-16 10:07:01.807] [INFO] info - request url : /callNumber/getAgentInfoNewQrcode.rest?agentId=100619&subEstateId=12373&houseId=1000004130&isSelfSupport=0&phoneNum=400-069-6130,25178 ; request params : {"agentId":"100619","subEstateId":"12373","houseId":"1000004130","isSelfSupport":"0","phoneNum":"400-069-6130,25178"}
[2018-07-16 10:07:03.154] [INFO] info - request url : /shanghai/rent/undefined ; request params : {}
[2018-07-16 10:07:09.454] [INFO] info - request url : /shanghai/rent/9b5015ccaa54578d918a80242a27eb15.html ; request params : {}
[2018-07-16 10:07:10.169] [INFO] info - request url : /callNumber/getAgentInfoNewQrcode.rest?agentId=152735&subEstateId=12373&houseId=1000004130&isSelfSupport=0&phoneNum=400-069-6130,25333 ; request params : {"agentId":"152735","subEstateId":"12373","houseId":"1000004130","isSelfSupport":"0","phoneNum":"400-069-6130,25333"}
[2018-07-16 10:07:11.231] [INFO] info - request url : /shanghai/rent/undefined ; request params : {}
[2018-07-16 10:09:10.173] [INFO] info - request url : /callNumber/getAgentInfoNewQrcode.rest?agentId=152735&subEstateId=12373&houseId=1000004130&isSelfSupport=0&phoneNum=400-069-6130,25333 ; request params : {"agentId":"152735","subEstateId":"12373","houseId":"1000004130","isSelfSupport":"0","phoneNum":"400-069-6130,25333"}
[2018-07-16 10:09:29.898] [INFO] info - request url : /shanghai/rent/9b5015ccaa54578d918a80242a27eb15.html ; request params : {}
[2018-07-16 10:09:31.071] [INFO] info - request url : /callNumber/getAgentInfoNewQrcode.rest?agentId=100619&subEstateId=12373&houseId=1000004130&isSelfSupport=0&phoneNum=400-069-6130,25178 ; request params : {"agentId":"100619","subEstateId":"12373","houseId":"1000004130","isSelfSupport":"0","phoneNum":"400-069-6130,25178"}
[2018-07-16 10:09:32.668] [INFO] info - request url : /shanghai/rent/undefined ; request params : {}
[2018-07-16 10:09:43.668] [INFO] info - request url : /shanghai/rent/9b5015ccaa54578d918a80242a27eb15.html ; request params : {}
[2018-07-16 10:09:44.307] [INFO] info - request url : /callNumber/getAgentInfoNewQrcode.rest?agentId=152735&subEstateId=12373&houseId=1000004130&isSelfSupport=0&phoneNum=400-069-6130,25333 ; request params : {"agentId":"152735","subEstateId":"12373","houseId":"1000004130","isSelfSupport":"0","phoneNum":"400-069-6130,25333"}
[2018-07-16 10:09:45.377] [INFO] info - request url : /shanghai/rent/undefined ; request params : {}
[2018-07-16 10:09:50.743] [INFO] info - request url : /shanghai/rent/9b5015ccaa54578d918a80242a27eb15.html ; request params : {}
[2018-07-16 10:09:51.509] [INFO] info - request url : /callNumber/getAgentInfoNewQrcode.rest?agentId=100619&subEstateId=12373&houseId=1000004130&isSelfSupport=0&phoneNum=400-069-6130,25178 ; request params : {"agentId":"100619","subEstateId":"12373","houseId":"1000004130","isSelfSupport":"0","phoneNum":"400-069-6130,25178"}
[2018-07-16 10:09:52.848] [INFO] info - request url : /shanghai/rent/undefined ; request params : {}
[2018-07-16 10:10:15.818] [INFO] info - request url : /shanghai/rent/9b5015ccaa54578d918a80242a27eb15.html ; request params : {}
[2018-07-16 10:10:16.945] [INFO] info - request url : /callNumber/getAgentInfoNewQrcode.rest?agentId=152735&subEstateId=12373&houseId=1000004130&isSelfSupport=0&phoneNum=400-069-6130,25333 ; request params : {"agentId":"152735","subEstateId":"12373","houseId":"1000004130","isSelfSupport":"0","phoneNum":"400-069-6130,25333"}
[2018-07-16 10:10:18.009] [INFO] info - request url : /shanghai/rent/undefined ; request params : {}
[2018-07-16 10:10:40.108] [INFO] info - request url : /shanghai/rent/9b5015ccaa54578d918a80242a27eb15.html ; request params : {}
[2018-07-16 10:10:40.648] [INFO] info - request url : /callNumber/getAgentInfoNewQrcode.rest?agentId=100619&subEstateId=12373&houseId=1000004130&isSelfSupport=0&phoneNum=400-069-6130,25178 ; request params : {"agentId":"100619","subEstateId":"12373","houseId":"1000004130","isSelfSupport":"0","phoneNum":"400-069-6130,25178"}
[2018-07-16 10:10:42.346] [INFO] info - request url : /shanghai/rent/undefined ; request params : {}
[2018-07-16 10:11:44.887] [INFO] info - request url : /shanghai/rent/9b5015ccaa54578d918a80242a27eb15.html ; request params : {}
[2018-07-16 10:11:45.936] [INFO] info - request url : /callNumber/getAgentInfoNewQrcode.rest?agentId=152735&subEstateId=12373&houseId=1000004130&isSelfSupport=0&phoneNum=400-069-6130,25333 ; request params : {"agentId":"152735","subEstateId":"12373","houseId":"1000004130","isSelfSupport":"0","phoneNum":"400-069-6130,25333"}
[2018-07-16 10:11:47.064] [INFO] info - request url : /shanghai/rent/undefined ; request params : {}
[2018-07-16 10:12:17.122] [INFO] info - request url : /shanghai/rent/9b5015ccaa54578d918a80242a27eb15.html ; request params : {}
[2018-07-16 10:12:17.779] [INFO] info - request url : /callNumber/getAgentInfoNewQrcode.rest?agentId=100619&subEstateId=12373&houseId=1000004130&isSelfSupport=0&phoneNum=400-069-6130,25178 ; request params : {"agentId":"100619","subEstateId":"12373","houseId":"1000004130","isSelfSupport":"0","phoneNum":"400-069-6130,25178"}
[2018-07-16 10:12:18.895] [INFO] info - request url : /shanghai/rent/undefined ; request params : {}
[2018-07-16 10:12:24.396] [INFO] info - request url : /shanghai/rent/9b5015ccaa54578d918a80242a27eb15.html ; request params : {}
[2018-07-16 10:12:25.464] [INFO] info - request url : /callNumber/getAgentInfoNewQrcode.rest?agentId=152735&subEstateId=12373&houseId=1000004130&isSelfSupport=0&phoneNum=400-069-6130,25333 ; request params : {"agentId":"152735","subEstateId":"12373","houseId":"1000004130","isSelfSupport":"0","phoneNum":"400-069-6130,25333"}
[2018-07-16 10:12:26.623] [INFO] info - request url : /shanghai/rent/undefined ; request params : {}
[2018-07-16 10:14:02.483] [INFO] info - request url : /shanghai/rent/9b5015ccaa54578d918a80242a27eb15.html ; request params : {}
[2018-07-16 10:14:03.354] [INFO] info - request url : /callNumber/getAgentInfoNewQrcode.rest?agentId=100619&subEstateId=12373&houseId=1000004130&isSelfSupport=0&phoneNum=400-069-6130,25178 ; request params : {"agentId":"100619","subEstateId":"12373","houseId":"1000004130","isSelfSupport":"0","phoneNum":"400-069-6130,25178"}
[2018-07-16 10:14:04.728] [INFO] info - request url : /shanghai/rent/undefined ; request params : {}
[2018-07-16 10:14:23.768] [INFO] info - request url : /shanghai/rent/9b5015ccaa54578d918a80242a27eb15.html ; request params : {}
[2018-07-16 10:14:24.563] [INFO] info - request url : /callNumber/getAgentInfoNewQrcode.rest?agentId=152735&subEstateId=12373&houseId=1000004130&isSelfSupport=0&phoneNum=400-069-6130,25333 ; request params : {"agentId":"152735","subEstateId":"12373","houseId":"1000004130","isSelfSupport":"0","phoneNum":"400-069-6130,25333"}
[2018-07-16 10:14:25.711] [INFO] info - request url : /shanghai/rent/undefined ; request params : {}
[2018-07-16 10:14:58.933] [INFO] info - request url : /shanghai/rent/9b5015ccaa54578d918a80242a27eb15.html ; request params : {}
[2018-07-16 10:14:59.743] [INFO] info - request url : /callNumber/getAgentInfoNewQrcode.rest?agentId=100619&subEstateId=12373&houseId=1000004130&isSelfSupport=0&phoneNum=400-069-6130,25178 ; request params : {"agentId":"100619","subEstateId":"12373","houseId":"1000004130","isSelfSupport":"0","phoneNum":"400-069-6130,25178"}
[2018-07-16 10:15:02.644] [INFO] info - request url : /shanghai/rent/undefined ; request params : {}
[2018-07-16 10:15:04.441] [INFO] info - request url : /shanghai/rent/9b5015ccaa54578d918a80242a27eb15.html ; request params : {}
[2018-07-16 10:15:05.331] [INFO] info - request url : /callNumber/getAgentInfoNewQrcode.rest?agentId=152735&subEstateId=12373&houseId=1000004130&isSelfSupport=0&phoneNum=400-069-6130,25333 ; request params : {"agentId":"152735","subEstateId":"12373","houseId":"1000004130","isSelfSupport":"0","phoneNum":"400-069-6130,25333"}
[2018-07-16 10:15:06.400] [INFO] info - request url : /shanghai/rent/undefined ; request params : {}
[2018-07-16 10:15:53.345] [INFO] info - request url : /shanghai/rent/9b5015ccaa54578d918a80242a27eb15.html ; request params : {}
[2018-07-16 10:15:54.422] [INFO] info - request url : /callNumber/getAgentInfoNewQrcode.rest?agentId=100619&subEstateId=12373&houseId=1000004130&isSelfSupport=0&phoneNum=400-069-6130,25178 ; request params : {"agentId":"100619","subEstateId":"12373","houseId":"1000004130","isSelfSupport":"0","phoneNum":"400-069-6130,25178"}
[2018-07-16 10:15:55.748] [INFO] info - request url : /shanghai/rent/undefined ; request params : {}
[2018-07-16 10:15:56.561] [INFO] info - request url : /shanghai/rent/9b5015ccaa54578d918a80242a27eb15.html ; request params : {}
[2018-07-16 10:15:57.192] [INFO] info - request url : /callNumber/getAgentInfoNewQrcode.rest?agentId=152735&subEstateId=12373&houseId=1000004130&isSelfSupport=0&phoneNum=400-069-6130,25333 ; request params : {"agentId":"152735","subEstateId":"12373","houseId":"1000004130","isSelfSupport":"0","phoneNum":"400-069-6130,25333"}
[2018-07-16 10:15:58.321] [INFO] info - request url : /shanghai/rent/undefined ; request params : {}
[2018-07-16 10:17:57.195] [INFO] info - request url : /callNumber/getAgentInfoNewQrcode.rest?agentId=152735&subEstateId=12373&houseId=1000004130&isSelfSupport=0&phoneNum=400-069-6130,25333 ; request params : {"agentId":"152735","subEstateId":"12373","houseId":"1000004130","isSelfSupport":"0","phoneNum":"400-069-6130,25333"}
[2018-07-16 10:18:01.106] [INFO] info - request url : /shanghai/rent/9b5015ccaa54578d918a80242a27eb15.html ; request params : {}
[2018-07-16 10:18:01.960] [INFO] info - request url : /callNumber/getAgentInfoNewQrcode.rest?agentId=100619&subEstateId=12373&houseId=1000004130&isSelfSupport=0&phoneNum=400-069-6130,25178 ; request params : {"agentId":"100619","subEstateId":"12373","houseId":"1000004130","isSelfSupport":"0","phoneNum":"400-069-6130,25178"}
[2018-07-16 10:18:03.382] [INFO] info - request url : /shanghai/rent/undefined ; request params : {}
[2018-07-16 10:18:31.292] [INFO] info - request url : /shanghai/rent/9b5015ccaa54578d918a80242a27eb15.html ; request params : {}
[2018-07-16 10:18:31.993] [INFO] info - request url : /callNumber/getAgentInfoNewQrcode.rest?agentId=152735&subEstateId=12373&houseId=1000004130&isSelfSupport=0&phoneNum=400-069-6130,25333 ; request params : {"agentId":"152735","subEstateId":"12373","houseId":"1000004130","isSelfSupport":"0","phoneNum":"400-069-6130,25333"}
[2018-07-16 10:18:33.091] [INFO] info - request url : /shanghai/rent/undefined ; request params : {}
[2018-07-16 10:18:34.589] [INFO] info - request url : /shanghai/rent/9b5015ccaa54578d918a80242a27eb15.html ; request params : {}
[2018-07-16 10:18:35.713] [INFO] info - request url : /callNumber/getAgentInfoNewQrcode.rest?agentId=100619&subEstateId=12373&houseId=1000004130&isSelfSupport=0&phoneNum=400-069-6130,25178 ; request params : {"agentId":"100619","subEstateId":"12373","houseId":"1000004130","isSelfSupport":"0","phoneNum":"400-069-6130,25178"}
[2018-07-16 10:18:37.301] [INFO] info - request url : /shanghai/rent/undefined ; request params : {}
[2018-07-16 10:18:49.204] [INFO] info - request url : /shanghai/rent/9b5015ccaa54578d918a80242a27eb15.html ; request params : {}
[2018-07-16 10:18:50.220] [INFO] info - request url : /callNumber/getAgentInfoNewQrcode.rest?agentId=152735&subEstateId=12373&houseId=1000004130&isSelfSupport=0&phoneNum=400-069-6130,25333 ; request params : {"agentId":"152735","subEstateId":"12373","houseId":"1000004130","isSelfSupport":"0","phoneNum":"400-069-6130,25333"}
[2018-07-16 10:18:51.304] [INFO] info - request url : /shanghai/rent/undefined ; request params : {}
[2018-07-16 10:20:50.225] [INFO] info - request url : /callNumber/getAgentInfoNewQrcode.rest?agentId=152735&subEstateId=12373&houseId=1000004130&isSelfSupport=0&phoneNum=400-069-6130,25333 ; request params : {"agentId":"152735","subEstateId":"12373","houseId":"1000004130","isSelfSupport":"0","phoneNum":"400-069-6130,25333"}
[2018-07-16 10:22:50.237] [INFO] info - request url : /favicon.ico ; request params : {}
[2018-07-16 10:23:45.123] [INFO] info - request url : /shanghai/rent/9b5015ccaa54578d918a80242a27eb15.html ; request params : {}
[2018-07-16 10:23:46.233] [INFO] info - request url : /callNumber/getAgentInfoNewQrcode.rest?agentId=152735&subEstateId=12373&houseId=1000004130&isSelfSupport=0&phoneNum=400-069-6130,25333 ; request params : {"agentId":"152735","subEstateId":"12373","houseId":"1000004130","isSelfSupport":"0","phoneNum":"400-069-6130,25333"}
[2018-07-16 10:23:47.826] [INFO] info - request url : /shanghai/rent/undefined ; request params : {}
[2018-07-16 10:24:19.180] [INFO] info - request url : /shanghai/rent/9b5015ccaa54578d918a80242a27eb15.html ; request params : {}
[2018-07-16 10:24:19.872] [INFO] info - request url : /callNumber/getAgentInfoNewQrcode.rest?agentId=100619&subEstateId=12373&houseId=1000004130&isSelfSupport=0&phoneNum=400-069-6130,25178 ; request params : {"agentId":"100619","subEstateId":"12373","houseId":"1000004130","isSelfSupport":"0","phoneNum":"400-069-6130,25178"}
[2018-07-16 10:24:21.973] [INFO] info - request url : /shanghai/rent/undefined ; request params : {}
[2018-07-16 10:25:34.807] [INFO] info - request url : /shanghai/rent/9b5015ccaa54578d918a80242a27eb15.html ; request params : {}
[2018-07-16 10:25:39.096] [INFO] info - request url : /callNumber/getAgentInfoNewQrcode.rest?agentId=152735&subEstateId=12373&houseId=1000004130&isSelfSupport=0&phoneNum=400-069-6130,25333 ; request params : {"agentId":"152735","subEstateId":"12373","houseId":"1000004130","isSelfSupport":"0","phoneNum":"400-069-6130,25333"}
[2018-07-16 10:25:41.330] [INFO] info - request url : /shanghai/rent/undefined ; request params : {}
[2018-07-16 10:26:15.640] [INFO] info - request url : /shanghai/rent ; request params : {}
[2018-07-16 10:26:16.597] [INFO] info - request url : /favicon.ico ; request params : {}
[2018-07-16 10:26:18.969] [INFO] info - request url : /shanghai/rent/0f905b5dad655e8f.html ; request params : {}
[2018-07-16 10:26:21.669] [INFO] info - request url : /callNumber/getAgentInfoNewQrcode.rest?agentId=100890&subEstateId=34677&houseId=1477880&isSelfSupport=0&phoneNum=400-069-6130,25257 ; request params : {"agentId":"100890","subEstateId":"34677","houseId":"1477880","isSelfSupport":"0","phoneNum":"400-069-6130,25257"}
[2018-07-16 10:26:22.705] [INFO] info - request url : /shanghai/rent/undefined ; request params : {}
[2018-07-16 10:27:21.890] [INFO] info - request url : /shanghai/rent/0f905b5dad655e8f.html ; request params : {}
[2018-07-16 10:27:22.666] [INFO] info - request url : /callNumber/getAgentInfoNewQrcode.rest?agentId=100574&subEstateId=34677&houseId=1477880&isSelfSupport=0&phoneNum=400-069-6130,25173 ; request params : {"agentId":"100574","subEstateId":"34677","houseId":"1477880","isSelfSupport":"0","phoneNum":"400-069-6130,25173"}
[2018-07-16 10:27:23.904] [INFO] info - request url : /shanghai/rent/undefined ; request params : {}
[2018-07-16 10:28:33.082] [INFO] info - request url : /shanghai/rent ; request params : {}
[2018-07-16 10:28:34.322] [INFO] info - request url : /favicon.ico ; request params : {}
[2018-07-16 10:28:35.873] [INFO] info - request url : /shanghai/rent/591ef059c3da9c8a.html ; request params : {}
[2018-07-16 10:28:37.079] [INFO] info - request url : /callNumber/getAgentInfoNewQrcode.rest?agentId=152617&subEstateId=12332&houseId=1477450&isSelfSupport=0&phoneNum=400-069-6130,25315 ; request params : {"agentId":"152617","subEstateId":"12332","houseId":"1477450","isSelfSupport":"0","phoneNum":"400-069-6130,25315"}
[2018-07-16 10:28:38.345] [INFO] info - request url : /shanghai/rent/undefined ; request params : {}
[2018-07-16 10:28:51.660] [INFO] info - request url : /favicon.ico ; request params : {}
[2018-07-16 10:28:56.927] [INFO] info - request url : /shanghai/rent/945e0d532a8753dc.html ; request params : {}
[2018-07-16 10:28:57.556] [INFO] info - request url : /callNumber/getAgentInfoNewQrcode.rest?agentId=152617&subEstateId=380763&houseId=1477883&isSelfSupport=0&phoneNum=400-069-6130,25315 ; request params : {"agentId":"152617","subEstateId":"380763","houseId":"1477883","isSelfSupport":"0","phoneNum":"400-069-6130,25315"}
[2018-07-16 10:28:58.826] [INFO] info - request url : /shanghai/rent/undefined ; request params : {}
[2018-07-16 10:30:57.560] [INFO] info - request url : /callNumber/getAgentInfoNewQrcode.rest?agentId=152617&subEstateId=380763&houseId=1477883&isSelfSupport=0&phoneNum=400-069-6130,25315 ; request params : {"agentId":"152617","subEstateId":"380763","houseId":"1477883","isSelfSupport":"0","phoneNum":"400-069-6130,25315"}
[2018-07-16 10:31:47.780] [INFO] info - request url : /shanghai/rent/945e0d532a8753dc.html ; request params : {}
[2018-07-16 10:31:48.980] [INFO] info - request url : /callNumber/getAgentInfoNewQrcode.rest?agentId=100889&subEstateId=380763&houseId=1477883&isSelfSupport=0&phoneNum=400-069-6130,25256 ; request params : {"agentId":"100889","subEstateId":"380763","houseId":"1477883","isSelfSupport":"0","phoneNum":"400-069-6130,25256"}
[2018-07-16 10:31:50.952] [INFO] info - request url : /shanghai/rent/undefined ; request params : {}
[2018-07-16 10:32:14.867] [INFO] info - request url : /favicon.ico ; request params : {}
[2018-07-16 10:32:17.359] [INFO] info - request url : /shanghai/rent/945e0d532a8753dc.html ; request params : {}
[2018-07-16 10:32:18.013] [INFO] info - request url : /callNumber/getAgentInfoNewQrcode.rest?agentId=152617&subEstateId=380763&houseId=1477883&isSelfSupport=0&phoneNum=400-069-6130,25315 ; request params : {"agentId":"152617","subEstateId":"380763","houseId":"1477883","isSelfSupport":"0","phoneNum":"400-069-6130,25315"}
[2018-07-16 10:32:19.336] [INFO] info - request url : /shanghai/rent/undefined ; request params : {}
[2018-07-16 10:32:21.400] [INFO] info - request url : /favicon.ico ; request params : {}
[2018-07-16 10:32:21.969] [INFO] info - request url : /shanghai/rent/pa-2 ; request params : {}
[2018-07-16 10:32:22.796] [INFO] info - request url : /favicon.ico ; request params : {}
[2018-07-16 10:32:24.602] [INFO] info - request url : /shanghai/rent/7a6d87c333a0e579.html ; request params : {}
[2018-07-16 10:32:25.311] [INFO] info - request url : /callNumber/getAgentInfoNewQrcode.rest?agentId=100619&subEstateId=12375&houseId=1477829&isSelfSupport=0&phoneNum=400-069-6130,25178 ; request params : {"agentId":"100619","subEstateId":"12375","houseId":"1477829","isSelfSupport":"0","phoneNum":"400-069-6130,25178"}
[2018-07-16 10:32:26.654] [INFO] info - request url : /shanghai/rent/undefined ; request params : {}
[2018-07-16 10:32:30.789] [INFO] info - request url : /favicon.ico ; request params : {}
[2018-07-16 10:34:06.321] [INFO] info - request url : /shanghai/rent/5b445ef2b2eebbc4.html ; request params : {}
[2018-07-16 10:34:07.193] [INFO] info - request url : /callNumber/getAgentInfoNewQrcode.rest?agentId=152735&subEstateId=17966&houseId=1477653&isSelfSupport=0&phoneNum=400-069-6130,25333 ; request params : {"agentId":"152735","subEstateId":"17966","houseId":"1477653","isSelfSupport":"0","phoneNum":"400-069-6130,25333"}
[2018-07-16 10:34:08.505] [INFO] info - request url : /shanghai/rent/undefined ; request params : {}
[2018-07-16 10:34:40.079] [INFO] info - request url : /favicon.ico ; request params : {}
[2018-07-16 10:34:40.985] [INFO] info - request url : /shanghai/rent/affc51da7f2bc808.html ; request params : {}
[2018-07-16 10:34:42.501] [INFO] info - request url : /callNumber/getAgentInfoNewQrcode.rest?agentId=152617&subEstateId=107331&houseId=1477636&isSelfSupport=0&phoneNum=400-069-6130,25315 ; request params : {"agentId":"152617","subEstateId":"107331","houseId":"1477636","isSelfSupport":"0","phoneNum":"400-069-6130,25315"}
[2018-07-16 10:34:43.614] [INFO] info - request url : /shanghai/rent/undefined ; request params : {}
[2018-07-16 10:34:45.545] [INFO] info - request url : /favicon.ico ; request params : {}
[2018-07-16 10:34:46.251] [INFO] info - request url : /shanghai/rent/6322e4ac5dadcac931c522993ed53fb9.html ; request params : {}
[2018-07-16 10:34:46.997] [INFO] info - request url : /callNumber/getAgentInfoNewQrcode.rest?agentId=100439&subEstateId=378760&houseId=1000342508&isSelfSupport=0&phoneNum=400-069-6130,25115 ; request params : {"agentId":"100439","subEstateId":"378760","houseId":"1000342508","isSelfSupport":"0","phoneNum":"400-069-6130,25115"}
[2018-07-16 10:34:48.078] [INFO] info - request url : /shanghai/rent/undefined ; request params : {}
[2018-07-16 10:36:18.711] [INFO] info - request url : /shanghai/rent/6322e4ac5dadcac931c522993ed53fb9.html ; request params : {}
[2018-07-16 10:36:19.513] [INFO] info - request url : /callNumber/getAgentInfoNewQrcode.rest?agentId=100639&subEstateId=378760&houseId=1000342508&isSelfSupport=0&phoneNum=400-069-6130,25188 ; request params : {"agentId":"100639","subEstateId":"378760","houseId":"1000342508","isSelfSupport":"0","phoneNum":"400-069-6130,25188"}
[2018-07-16 10:37:15.660] [INFO] info - request url : /shanghai/rent/6322e4ac5dadcac931c522993ed53fb9.html ; request params : {}
[2018-07-16 10:37:16.769] [INFO] info - request url : /callNumber/getAgentInfoNewQrcode.rest?agentId=100439&subEstateId=378760&houseId=1000342508&isSelfSupport=0&phoneNum=400-069-6130,25115 ; request params : {"agentId":"100439","subEstateId":"378760","houseId":"1000342508","isSelfSupport":"0","phoneNum":"400-069-6130,25115"}
[2018-07-16 10:38:01.502] [INFO] info - request url : /shanghai/rent/6322e4ac5dadcac931c522993ed53fb9.html ; request params : {}
[2018-07-16 10:38:02.721] [INFO] info - request url : /callNumber/getAgentInfoNewQrcode.rest?agentId=100639&subEstateId=378760&houseId=1000342508&isSelfSupport=0&phoneNum=400-069-6130,25188 ; request params : {"agentId":"100639","subEstateId":"378760","houseId":"1000342508","isSelfSupport":"0","phoneNum":"400-069-6130,25188"}
[2018-07-16 10:39:15.601] [INFO] info - request url : /shanghai/rent/6322e4ac5dadcac931c522993ed53fb9.html ; request params : {}
[2018-07-16 10:39:16.777] [INFO] info - request url : /callNumber/getAgentInfoNewQrcode.rest?agentId=100439&subEstateId=378760&houseId=1000342508&isSelfSupport=0&phoneNum=400-069-6130,25115 ; request params : {"agentId":"100439","subEstateId":"378760","houseId":"1000342508","isSelfSupport":"0","phoneNum":"400-069-6130,25115"}
[2018-07-16 10:41:16.783] [INFO] info - request url : /callNumber/getAgentInfoNewQrcode.rest?agentId=100439&subEstateId=378760&houseId=1000342508&isSelfSupport=0&phoneNum=400-069-6130,25115 ; request params : {"agentId":"100439","subEstateId":"378760","houseId":"1000342508","isSelfSupport":"0","phoneNum":"400-069-6130,25115"}
[2018-07-16 10:42:54.915] [INFO] info - request url : /shanghai/rent/6322e4ac5dadcac931c522993ed53fb9.html ; request params : {}
[2018-07-16 10:42:56.238] [INFO] info - request url : /callNumber/getAgentInfoNewQrcode.rest?agentId=100639&subEstateId=378760&houseId=1000342508&isSelfSupport=0&phoneNum=400-069-6130,25188 ; request params : {"agentId":"100639","subEstateId":"378760","houseId":"1000342508","isSelfSupport":"0","phoneNum":"400-069-6130,25188"}
[2018-07-16 10:43:26.606] [INFO] info - request url : /shanghai/rent/6322e4ac5dadcac931c522993ed53fb9.html ; request params : {}
[2018-07-16 10:43:27.507] [INFO] info - request url : /callNumber/getAgentInfoNewQrcode.rest?agentId=100439&subEstateId=378760&houseId=1000342508&isSelfSupport=0&phoneNum=400-069-6130,25115 ; request params : {"agentId":"100439","subEstateId":"378760","houseId":"1000342508","isSelfSupport":"0","phoneNum":"400-069-6130,25115"}
[2018-07-16 10:43:45.557] [INFO] info - request url : /shanghai/rent/6322e4ac5dadcac931c522993ed53fb9.html ; request params : {}
[2018-07-16 10:43:46.191] [INFO] info - request url : /callNumber/getAgentInfoNewQrcode.rest?agentId=100639&subEstateId=378760&houseId=1000342508&isSelfSupport=0&phoneNum=400-069-6130,25188 ; request params : {"agentId":"100639","subEstateId":"378760","houseId":"1000342508","isSelfSupport":"0","phoneNum":"400-069-6130,25188"}
[2018-07-16 10:45:46.195] [INFO] info - request url : /callNumber/getAgentInfoNewQrcode.rest?agentId=100639&subEstateId=378760&houseId=1000342508&isSelfSupport=0&phoneNum=400-069-6130,25188 ; request params : {"agentId":"100639","subEstateId":"378760","houseId":"1000342508","isSelfSupport":"0","phoneNum":"400-069-6130,25188"}
[2018-07-16 10:46:08.165] [INFO] info - request url : /shanghai/rent/6322e4ac5dadcac931c522993ed53fb9.html ; request params : {}
[2018-07-16 10:46:09.090] [INFO] info - request url : /callNumber/getAgentInfoNewQrcode.rest?agentId=100439&subEstateId=378760&houseId=1000342508&isSelfSupport=0&phoneNum=400-069-6130,25115 ; request params : {"agentId":"100439","subEstateId":"378760","houseId":"1000342508","isSelfSupport":"0","phoneNum":"400-069-6130,25115"}
[2018-07-16 10:46:40.053] [INFO] info - request url : /shanghai/rent/6322e4ac5dadcac931c522993ed53fb9.html ; request params : {}
[2018-07-16 10:46:40.943] [INFO] info - request url : /callNumber/getAgentInfoNewQrcode.rest?agentId=100639&subEstateId=378760&houseId=1000342508&isSelfSupport=0&phoneNum=400-069-6130,25188 ; request params : {"agentId":"100639","subEstateId":"378760","houseId":"1000342508","isSelfSupport":"0","phoneNum":"400-069-6130,25188"}
[2018-07-16 10:47:32.884] [INFO] info - request url : /shanghai/rent/6322e4ac5dadcac931c522993ed53fb9.html ; request params : {}
[2018-07-16 10:47:34.124] [INFO] info - request url : /callNumber/getAgentInfoNewQrcode.rest?agentId=100439&subEstateId=378760&houseId=1000342508&isSelfSupport=0&phoneNum=400-069-6130,25115 ; request params : {"agentId":"100439","subEstateId":"378760","houseId":"1000342508","isSelfSupport":"0","phoneNum":"400-069-6130,25115"}
[2018-07-16 10:49:12.784] [INFO] info - request url : /shanghai/rent/6322e4ac5dadcac931c522993ed53fb9.html ; request params : {}
[2018-07-16 10:49:13.699] [INFO] info - request url : /callNumber/getAgentInfoNewQrcode.rest?agentId=100639&subEstateId=378760&houseId=1000342508&isSelfSupport=0&phoneNum=400-069-6130,25188 ; request params : {"agentId":"100639","subEstateId":"378760","houseId":"1000342508","isSelfSupport":"0","phoneNum":"400-069-6130,25188"}
[2018-07-16 10:51:02.582] [INFO] info - request url : /shanghai/rent/6322e4ac5dadcac931c522993ed53fb9.html ; request params : {}
[2018-07-16 10:51:03.514] [INFO] info - request url : /callNumber/getAgentInfoNewQrcode.rest?agentId=100439&subEstateId=378760&houseId=1000342508&isSelfSupport=0&phoneNum=400-069-6130,25115 ; request params : {"agentId":"100439","subEstateId":"378760","houseId":"1000342508","isSelfSupport":"0","phoneNum":"400-069-6130,25115"}
[2018-07-16 10:51:37.714] [INFO] info - request url : /shanghai/rent/6322e4ac5dadcac931c522993ed53fb9.html ; request params : {}
[2018-07-16 10:51:38.909] [INFO] info - request url : /callNumber/getAgentInfoNewQrcode.rest?agentId=100639&subEstateId=378760&houseId=1000342508&isSelfSupport=0&phoneNum=400-069-6130,25188 ; request params : {"agentId":"100639","subEstateId":"378760","houseId":"1000342508","isSelfSupport":"0","phoneNum":"400-069-6130,25188"}
[2018-07-16 10:52:03.254] [INFO] info - request url : /shanghai/rent/6322e4ac5dadcac931c522993ed53fb9.html ; request params : {}
[2018-07-16 10:52:04.318] [INFO] info - request url : /callNumber/getAgentInfoNewQrcode.rest?agentId=100439&subEstateId=378760&houseId=1000342508&isSelfSupport=0&phoneNum=400-069-6130,25115 ; request params : {"agentId":"100439","subEstateId":"378760","houseId":"1000342508","isSelfSupport":"0","phoneNum":"400-069-6130,25115"}
[2018-07-16 10:52:05.774] [INFO] info - request url : /shanghai/rent/undefined ; request params : {}
[2018-07-16 10:52:30.602] [INFO] info - request url : /shanghai/rent ; request params : {}
[2018-07-16 10:52:31.487] [INFO] info - request url : /favicon.ico ; request params : {}
[2018-07-16 10:52:32.719] [INFO] info - request url : /shanghai/rent/0f905b5dad655e8f.html ; request params : {}
[2018-07-16 10:52:34.179] [INFO] info - request url : /callNumber/getAgentInfoNewQrcode.rest?agentId=100890&subEstateId=34677&houseId=1477880&isSelfSupport=0&phoneNum=400-069-6130,25257 ; request params : {"agentId":"100890","subEstateId":"34677","houseId":"1477880","isSelfSupport":"0","phoneNum":"400-069-6130,25257"}
[2018-07-16 10:52:35.211] [INFO] info - request url : /shanghai/rent/undefined ; request params : {}
[2018-07-16 10:53:11.075] [INFO] info - request url : /shanghai/rent/9b5015ccaa54578d918a80242a27eb15.html ; request params : {}
[2018-07-16 10:53:11.585] [INFO] info - request url : /callNumber/getAgentInfoNewQrcode.rest?agentId=100619&subEstateId=12373&houseId=1000004130&isSelfSupport=0&phoneNum=400-069-6130,25178 ; request params : {"agentId":"100619","subEstateId":"12373","houseId":"1000004130","isSelfSupport":"0","phoneNum":"400-069-6130,25178"}
[2018-07-16 10:53:12.605] [INFO] info - request url : /shanghai/rent/undefined ; request params : {}
[2018-07-16 10:53:22.480] [INFO] info - request url : /callNumber/getAgentInfoNewQrcode.rest?agentId=100619&subEstateId=12373&houseId=1000004130&isSelfSupport=0&phoneNum=400-069-6130,25178 ; request params : {"agentId":"100619","subEstateId":"12373","houseId":"1000004130","isSelfSupport":"0","phoneNum":"400-069-6130,25178"}
[2018-07-16 10:53:26.607] [INFO] info - request url : /shanghai/rent/9b5015ccaa54578d918a80242a27eb15.html ; request params : {}
[2018-07-16 10:53:27.158] [INFO] info - request url : /callNumber/getAgentInfoNewQrcode.rest?agentId=152735&subEstateId=12373&houseId=1000004130&isSelfSupport=0&phoneNum=400-069-6130,25333 ; request params : {"agentId":"152735","subEstateId":"12373","houseId":"1000004130","isSelfSupport":"0","phoneNum":"400-069-6130,25333"}
[2018-07-16 10:53:29.639] [INFO] info - request url : /shanghai/rent/9b5015ccaa54578d918a80242a27eb15.html ; request params : {}
[2018-07-16 10:53:30.314] [INFO] info - request url : /shanghai/rent/undefined ; request params : {}
[2018-07-16 10:53:30.340] [INFO] info - request url : /callNumber/getAgentInfoNewQrcode.rest?agentId=100619&subEstateId=12373&houseId=1000004130&isSelfSupport=0&phoneNum=400-069-6130,25178 ; request params : {"agentId":"100619","subEstateId":"12373","houseId":"1000004130","isSelfSupport":"0","phoneNum":"400-069-6130,25178"}
[2018-07-16 10:53:31.466] [INFO] info - request url : /shanghai/rent/undefined ; request params : {}
[2018-07-16 10:55:30.342] [INFO] info - request url : /callNumber/getAgentInfoNewQrcode.rest?agentId=100619&subEstateId=12373&houseId=1000004130&isSelfSupport=0&phoneNum=400-069-6130,25178 ; request params : {"agentId":"100619","subEstateId":"12373","houseId":"1000004130","isSelfSupport":"0","phoneNum":"400-069-6130,25178"}
[2018-07-16 10:56:19.077] [INFO] info - request url : /shanghai/rent/9b5015ccaa54578d918a80242a27eb15.html ; request params : {}
[2018-07-16 10:56:22.923] [INFO] info - request url : /callNumber/getAgentInfoNewQrcode.rest?agentId=152735&subEstateId=12373&houseId=1000004130&isSelfSupport=0&phoneNum=400-069-6130,25333 ; request params : {"agentId":"152735","subEstateId":"12373","houseId":"1000004130","isSelfSupport":"0","phoneNum":"400-069-6130,25333"}
[2018-07-16 10:56:24.331] [INFO] info - request url : /shanghai/rent/undefined ; request params : {}
[2018-07-16 10:57:29.575] [INFO] info - request url : /shanghai/rent/ ; request params : {}
[2018-07-16 10:57:30.772] [INFO] info - request url : /favicon.ico ; request params : {}
[2018-07-16 10:57:31.719] [INFO] info - request url : /shanghai/rent/0f905b5dad655e8f.html ; request params : {}
[2018-07-16 10:57:32.535] [INFO] info - request url : /callNumber/getAgentInfoNewQrcode.rest?agentId=100574&subEstateId=34677&houseId=1477880&isSelfSupport=0&phoneNum=400-069-6130,25173 ; request params : {"agentId":"100574","subEstateId":"34677","houseId":"1477880","isSelfSupport":"0","phoneNum":"400-069-6130,25173"}
[2018-07-16 10:57:33.551] [INFO] info - request url : /shanghai/rent/undefined ; request params : {}
[2018-07-16 10:57:38.258] [INFO] info - request url : /favicon.ico ; request params : {}
[2018-07-16 10:57:39.119] [INFO] info - request url : /callNumber/getAgentInfoNewQrcode.rest?agentId=152735&subEstateId=12373&houseId=1000004130&isSelfSupport=0&phoneNum=400-069-6130,25333 ; request params : {"agentId":"152735","subEstateId":"12373","houseId":"1000004130","isSelfSupport":"0","phoneNum":"400-069-6130,25333"}
[2018-07-16 10:59:39.120] [INFO] info - request url : /callNumber/getAgentInfoNewQrcode.rest?agentId=152735&subEstateId=12373&houseId=1000004130&isSelfSupport=0&phoneNum=400-069-6130,25333 ; request params : {"agentId":"152735","subEstateId":"12373","houseId":"1000004130","isSelfSupport":"0","phoneNum":"400-069-6130,25333"}
[2018-07-16 11:01:39.133] [INFO] info - request url : /favicon.ico ; request params : {}
[2018-07-16 14:20:03.002] [INFO] info - request url : /shanghai/rent/9b5015ccaa54578d918a80242a27eb15.html ; request params : {}
[2018-07-16 14:20:06.481] [INFO] info - request url : /callNumber/getAgentInfoNewQrcode.rest?agentId=152735&subEstateId=12373&houseId=1000004130&isSelfSupport=0&phoneNum=400-069-6130,25333 ; request params : {"agentId":"152735","subEstateId":"12373","houseId":"1000004130","isSelfSupport":"0","phoneNum":"400-069-6130,25333"}
[2018-07-16 14:20:07.588] [INFO] info - request url : /shanghai/rent/undefined ; request params : {}
[2018-07-16 14:22:06.487] [INFO] info - request url : /callNumber/getAgentInfoNewQrcode.rest?agentId=152735&subEstateId=12373&houseId=1000004130&isSelfSupport=0&phoneNum=400-069-6130,25333 ; request params : {"agentId":"152735","subEstateId":"12373","houseId":"1000004130","isSelfSupport":"0","phoneNum":"400-069-6130,25333"}
[2018-07-16 14:24:06.495] [INFO] info - request url : /favicon.ico ; request params : {}
[2018-07-16 14:25:00.706] [INFO] info - request url : /shanghai/rent/9b5015ccaa54578d918a80242a27eb15.html ; request params : {}
[2018-07-16 14:25:01.205] [INFO] info - request url : /callNumber/getAgentInfoNewQrcode.rest?agentId=152735&subEstateId=12373&houseId=1000004130&isSelfSupport=0&phoneNum=400-069-6130,25333 ; request params : {"agentId":"152735","subEstateId":"12373","houseId":"1000004130","isSelfSupport":"0","phoneNum":"400-069-6130,25333"}
[2018-07-16 14:25:02.713] [INFO] info - request url : /shanghai/rent/undefined ; request params : {}
[2018-07-16 14:27:01.214] [INFO] info - request url : /callNumber/getAgentInfoNewQrcode.rest?agentId=152735&subEstateId=12373&houseId=1000004130&isSelfSupport=0&phoneNum=400-069-6130,25333 ; request params : {"agentId":"152735","subEstateId":"12373","houseId":"1000004130","isSelfSupport":"0","phoneNum":"400-069-6130,25333"}
[2018-07-16 14:29:01.224] [INFO] info - request url : /favicon.ico ; request params : {}
[2018-07-16 15:09:14.368] [INFO] info - request url : /shanghai/rent/9b5015ccaa54578d918a80242a27eb15.html ; request params : {}
[2018-07-16 15:09:14.979] [INFO] info - request url : /callNumber/getAgentInfoNewQrcode.rest?agentId=152735&subEstateId=12373&houseId=1000004130&isSelfSupport=0&phoneNum=400-069-6130,25333 ; request params : {"agentId":"152735","subEstateId":"12373","houseId":"1000004130","isSelfSupport":"0","phoneNum":"400-069-6130,25333"}
[2018-07-16 15:09:16.559] [INFO] info - request url : /shanghai/rent/undefined ; request params : {}
[2018-07-16 15:11:14.986] [INFO] info - request url : /callNumber/getAgentInfoNewQrcode.rest?agentId=152735&subEstateId=12373&houseId=1000004130&isSelfSupport=0&phoneNum=400-069-6130,25333 ; request params : {"agentId":"152735","subEstateId":"12373","houseId":"1000004130","isSelfSupport":"0","phoneNum":"400-069-6130,25333"}
[2018-07-16 15:13:15.021] [INFO] info - request url : /favicon.ico ; request params : {}
[2018-07-16 17:32:29.796] [INFO] info - request url : /shanghai/rent/9b5015ccaa54578d918a80242a27eb15.html ; request params : {}
[2018-07-16 17:32:30.512] [INFO] info - request url : /callNumber/getAgentInfoNewQrcode.rest?agentId=100619&subEstateId=12373&houseId=1000004130&isSelfSupport=0&phoneNum=400-069-6130,25178 ; request params : {"agentId":"100619","subEstateId":"12373","houseId":"1000004130","isSelfSupport":"0","phoneNum":"400-069-6130,25178"}
[2018-07-16 17:32:32.011] [INFO] info - request url : /shanghai/rent/undefined ; request params : {}
[2018-07-16 17:34:30.525] [INFO] info - request url : /callNumber/getAgentInfoNewQrcode.rest?agentId=100619&subEstateId=12373&houseId=1000004130&isSelfSupport=0&phoneNum=400-069-6130,25178 ; request params : {"agentId":"100619","subEstateId":"12373","houseId":"1000004130","isSelfSupport":"0","phoneNum":"400-069-6130,25178"}
[2018-07-16 17:36:07.520] [INFO] info - request url : /shanghai/rent/9b5015ccaa54578d918a80242a27eb15.html ; request params : {}
[2018-07-16 17:36:07.977] [INFO] info - request url : /callNumber/getAgentInfoNewQrcode.rest?agentId=152735&subEstateId=12373&houseId=1000004130&isSelfSupport=0&phoneNum=400-069-6130,25333 ; request params : {"agentId":"152735","subEstateId":"12373","houseId":"1000004130","isSelfSupport":"0","phoneNum":"400-069-6130,25333"}
[2018-07-16 17:36:09.104] [INFO] info - request url : /shanghai/rent/undefined ; request params : {}
[2018-07-16 17:37:33.979] [INFO] info - request url : /shanghai/rent/9b5015ccaa54578d918a80242a27eb15.html ; request params : {}
[2018-07-16 17:37:34.618] [INFO] info - request url : /callNumber/getAgentInfoNewQrcode.rest?agentId=100619&subEstateId=12373&houseId=1000004130&isSelfSupport=0&phoneNum=400-069-6130,25178 ; request params : {"agentId":"100619","subEstateId":"12373","houseId":"1000004130","isSelfSupport":"0","phoneNum":"400-069-6130,25178"}
[2018-07-16 17:37:36.631] [INFO] info - request url : /shanghai/rent/undefined ; request params : {}
[2018-07-16 17:37:42.405] [INFO] info - request url : /shanghai/rent/9b5015ccaa54578d918a80242a27eb15.html ; request params : {}
[2018-07-16 17:37:43.298] [INFO] info - request url : /callNumber/getAgentInfoNewQrcode.rest?agentId=152735&subEstateId=12373&houseId=1000004130&isSelfSupport=0&phoneNum=400-069-6130,25333 ; request params : {"agentId":"152735","subEstateId":"12373","houseId":"1000004130","isSelfSupport":"0","phoneNum":"400-069-6130,25333"}
[2018-07-16 17:37:44.296] [INFO] info - request url : /shanghai/rent/undefined ; request params : {}
[2018-07-16 17:39:43.310] [INFO] info - request url : /callNumber/getAgentInfoNewQrcode.rest?agentId=152735&subEstateId=12373&houseId=1000004130&isSelfSupport=0&phoneNum=400-069-6130,25333 ; request params : {"agentId":"152735","subEstateId":"12373","houseId":"1000004130","isSelfSupport":"0","phoneNum":"400-069-6130,25333"}
[2018-07-16 17:40:35.173] [INFO] info - request url : /shanghai/rent/9b5015ccaa54578d918a80242a27eb15.html ; request params : {}
[2018-07-16 17:40:35.664] [INFO] info - request url : /callNumber/getAgentInfoNewQrcode.rest?agentId=100619&subEstateId=12373&houseId=1000004130&isSelfSupport=0&phoneNum=400-069-6130,25178 ; request params : {"agentId":"100619","subEstateId":"12373","houseId":"1000004130","isSelfSupport":"0","phoneNum":"400-069-6130,25178"}
[2018-07-16 17:40:36.766] [INFO] info - request url : /shanghai/rent/undefined ; request params : {}
[2018-07-16 17:40:44.156] [INFO] info - request url : /shanghai/rent/9b5015ccaa54578d918a80242a27eb15.html ; request params : {}
[2018-07-16 17:40:44.745] [INFO] info - request url : /callNumber/getAgentInfoNewQrcode.rest?agentId=152735&subEstateId=12373&houseId=1000004130&isSelfSupport=0&phoneNum=400-069-6130,25333 ; request params : {"agentId":"152735","subEstateId":"12373","houseId":"1000004130","isSelfSupport":"0","phoneNum":"400-069-6130,25333"}
[2018-07-16 17:40:46.768] [INFO] info - request url : /shanghai/rent/undefined ; request params : {}
[2018-07-16 17:41:45.344] [INFO] info - request url : /shanghai/rent/9b5015ccaa54578d918a80242a27eb15.html ; request params : {}
[2018-07-16 17:41:45.798] [INFO] info - request url : /callNumber/getAgentInfoNewQrcode.rest?agentId=152735&subEstateId=12373&houseId=1000004130&isSelfSupport=0&phoneNum=400-069-6130,25333 ; request params : {"agentId":"152735","subEstateId":"12373","houseId":"1000004130","isSelfSupport":"0","phoneNum":"400-069-6130,25333"}
[2018-07-16 17:41:47.249] [INFO] info - request url : /shanghai/rent/undefined ; request params : {}
[2018-07-16 17:43:05.999] [INFO] info - request url : /shanghai/rent/9b5015ccaa54578d918a80242a27eb15.html ; request params : {}
[2018-07-16 17:43:06.409] [INFO] info - request url : /callNumber/getAgentInfoNewQrcode.rest?agentId=100619&subEstateId=12373&houseId=1000004130&isSelfSupport=0&phoneNum=400-069-6130,25178 ; request params : {"agentId":"100619","subEstateId":"12373","houseId":"1000004130","isSelfSupport":"0","phoneNum":"400-069-6130,25178"}
[2018-07-16 17:43:07.895] [INFO] info - request url : /shanghai/rent/undefined ; request params : {}
[2018-07-16 17:45:06.414] [INFO] info - request url : /callNumber/getAgentInfoNewQrcode.rest?agentId=100619&subEstateId=12373&houseId=1000004130&isSelfSupport=0&phoneNum=400-069-6130,25178 ; request params : {"agentId":"100619","subEstateId":"12373","houseId":"1000004130","isSelfSupport":"0","phoneNum":"400-069-6130,25178"}
[2018-07-16 17:45:16.911] [INFO] info - request url : /shanghai/rent/9b5015ccaa54578d918a80242a27eb15.html ; request params : {}
[2018-07-16 17:45:18.504] [INFO] info - request url : /callNumber/getAgentInfoNewQrcode.rest?agentId=152735&subEstateId=12373&houseId=1000004130&isSelfSupport=0&phoneNum=400-069-6130,25333 ; request params : {"agentId":"152735","subEstateId":"12373","houseId":"1000004130","isSelfSupport":"0","phoneNum":"400-069-6130,25333"}
[2018-07-16 17:45:19.634] [INFO] info - request url : /shanghai/rent/undefined ; request params : {}
[2018-07-16 17:45:32.835] [INFO] info - request url : /shanghai/rent// ; request params : {}
[2018-07-16 17:45:35.611] [INFO] info - request url : /shanghai/rent/ ; request params : {}
[2018-07-16 17:45:36.676] [INFO] info - request url : /favicon.ico ; request params : {}
[2018-07-16 17:45:37.572] [INFO] info - request url : /shanghai/rent/0f905b5dad655e8f.html ; request params : {}
[2018-07-16 17:45:38.065] [INFO] info - request url : /callNumber/getAgentInfoNewQrcode.rest?agentId=100890&subEstateId=34677&houseId=1477880&isSelfSupport=0&phoneNum=400-069-6130,25257 ; request params : {"agentId":"100890","subEstateId":"34677","houseId":"1477880","isSelfSupport":"0","phoneNum":"400-069-6130,25257"}
[2018-07-16 17:45:39.207] [INFO] info - request url : /shanghai/rent/undefined ; request params : {}
[2018-07-16 17:45:43.031] [INFO] info - request url : /favicon.ico ; request params : {}
[2018-07-16 17:46:11.609] [INFO] info - request url : /shanghai/rent/591ef059c3da9c8a.html ; request params : {}
[2018-07-16 17:46:12.373] [INFO] info - request url : /callNumber/getAgentInfoNewQrcode.rest?agentId=152617&subEstateId=12332&houseId=1477450&isSelfSupport=0&phoneNum=400-069-6130,25315 ; request params : {"agentId":"152617","subEstateId":"12332","houseId":"1477450","isSelfSupport":"0","phoneNum":"400-069-6130,25315"}
[2018-07-16 17:46:13.557] [INFO] info - request url : /shanghai/rent/undefined ; request params : {}
[2018-07-16 17:48:12.382] [INFO] info - request url : /callNumber/getAgentInfoNewQrcode.rest?agentId=152617&subEstateId=12332&houseId=1477450&isSelfSupport=0&phoneNum=400-069-6130,25315 ; request params : {"agentId":"152617","subEstateId":"12332","houseId":"1477450","isSelfSupport":"0","phoneNum":"400-069-6130,25315"}
[2018-07-16 17:49:44.234] [INFO] info - request url : /shanghai/rent/591ef059c3da9c8a.html ; request params : {}
[2018-07-16 17:49:44.679] [INFO] info - request url : /callNumber/getAgentInfoNewQrcode.rest?agentId=152617&subEstateId=12332&houseId=1477450&isSelfSupport=0&phoneNum=400-069-6130,25315 ; request params : {"agentId":"152617","subEstateId":"12332","houseId":"1477450","isSelfSupport":"0","phoneNum":"400-069-6130,25315"}
[2018-07-16 17:49:45.862] [INFO] info - request url : /shanghai/rent/undefined ; request params : {}
[2018-07-16 17:51:44.689] [INFO] info - request url : /callNumber/getAgentInfoNewQrcode.rest?agentId=152617&subEstateId=12332&houseId=1477450&isSelfSupport=0&phoneNum=400-069-6130,25315 ; request params : {"agentId":"152617","subEstateId":"12332","houseId":"1477450","isSelfSupport":"0","phoneNum":"400-069-6130,25315"}
[2018-07-16 17:53:44.711] [INFO] info - request url : /favicon.ico ; request params : {}
[2018-07-16 18:10:03.318] [INFO] info - request url : /shanghai/rent/591ef059c3da9c8a.html ; request params : {}
[2018-07-16 18:10:04.337] [INFO] info - request url : /callNumber/getAgentInfoNewQrcode.rest?agentId=152617&subEstateId=12332&houseId=1477450&isSelfSupport=0&phoneNum=400-069-6130,25315 ; request params : {"agentId":"152617","subEstateId":"12332","houseId":"1477450","isSelfSupport":"0","phoneNum":"400-069-6130,25315"}
[2018-07-16 18:10:05.492] [INFO] info - request url : /shanghai/rent/undefined ; request params : {}
