[2018-07-17 09:21:30.402] [INFO] info - request url : /shanghai/rent/ ; request params : {}
[2018-07-17 09:21:34.853] [INFO] info - request url : /favicon.ico ; request params : {}
[2018-07-17 09:21:36.226] [INFO] info - request url : /shanghai/rent/0f905b5dad655e8f.html ; request params : {}
[2018-07-17 09:21:37.371] [INFO] info - request url : /callNumber/getAgentInfoNewQrcode.rest?agentId=100890&subEstateId=34677&houseId=1477880&isSelfSupport=0&phoneNum=400-069-6130,25257 ; request params : {"agentId":"100890","subEstateId":"34677","houseId":"1477880","isSelfSupport":"0","phoneNum":"400-069-6130,25257"}
[2018-07-17 09:21:38.727] [INFO] info - request url : /shanghai/rent/undefined ; request params : {}
[2018-07-17 09:22:07.803] [INFO] info - request url : /favicon.ico ; request params : {}
[2018-07-17 09:22:08.531] [INFO] info - request url : /shanghai/rent/591ef059c3da9c8a.html ; request params : {}
[2018-07-17 09:22:09.285] [INFO] info - request url : /callNumber/getAgentInfoNewQrcode.rest?agentId=152617&subEstateId=12332&houseId=1477450&isSelfSupport=0&phoneNum=400-069-6130,25315 ; request params : {"agentId":"152617","subEstateId":"12332","houseId":"1477450","isSelfSupport":"0","phoneNum":"400-069-6130,25315"}
[2018-07-17 09:22:10.069] [INFO] info - request url : /shanghai/rent/undefined ; request params : {}
[2018-07-17 09:24:09.300] [INFO] info - request url : /callNumber/getAgentInfoNewQrcode.rest?agentId=152617&subEstateId=12332&houseId=1477450&isSelfSupport=0&phoneNum=400-069-6130,25315 ; request params : {"agentId":"152617","subEstateId":"12332","houseId":"1477450","isSelfSupport":"0","phoneNum":"400-069-6130,25315"}
[2018-07-17 09:24:35.470] [INFO] info - request url : /callNumber/getAgentInfoNewQrcode.rest?agentId=152617&subEstateId=12332&houseId=1477450&isSelfSupport=0&phoneNum=400-069-6130,25315 ; request params : {"agentId":"152617","subEstateId":"12332","houseId":"1477450","isSelfSupport":"0","phoneNum":"400-069-6130,25315"}
[2018-07-17 09:24:36.637] [INFO] info - request url : /shanghai/rent/undefined ; request params : {}
[2018-07-17 09:24:37.453] [INFO] info - request url : /shanghai/rent/591ef059c3da9c8a.html ; request params : {}
[2018-07-17 09:24:38.151] [INFO] info - request url : /callNumber/getAgentInfoNewQrcode.rest?agentId=152617&subEstateId=12332&houseId=1477450&isSelfSupport=0&phoneNum=400-069-6130,25315 ; request params : {"agentId":"152617","subEstateId":"12332","houseId":"1477450","isSelfSupport":"0","phoneNum":"400-069-6130,25315"}
[2018-07-17 09:24:39.298] [INFO] info - request url : /shanghai/rent/undefined ; request params : {}
[2018-07-17 09:26:16.915] [INFO] info - request url : /shanghai/rent/591ef059c3da9c8a.html ; request params : {}
[2018-07-17 09:26:20.119] [INFO] info - request url : /callNumber/getAgentInfoNewQrcode.rest?agentId=152617&subEstateId=12332&houseId=1477450&isSelfSupport=0&phoneNum=400-069-6130,25315 ; request params : {"agentId":"152617","subEstateId":"12332","houseId":"1477450","isSelfSupport":"0","phoneNum":"400-069-6130,25315"}
[2018-07-17 09:26:21.437] [INFO] info - request url : /shanghai/rent ; request params : {}
[2018-07-17 09:26:22.521] [INFO] info - request url : /favicon.ico ; request params : {}
[2018-07-17 09:26:26.066] [INFO] info - request url : /shanghai/rent/0f905b5dad655e8f.html ; request params : {}
[2018-07-17 09:26:26.760] [INFO] info - request url : /callNumber/getAgentInfoNewQrcode.rest?agentId=100574&subEstateId=34677&houseId=1477880&isSelfSupport=0&phoneNum=400-069-6130,25173 ; request params : {"agentId":"100574","subEstateId":"34677","houseId":"1477880","isSelfSupport":"0","phoneNum":"400-069-6130,25173"}
[2018-07-17 09:26:27.849] [INFO] info - request url : /shanghai/rent/undefined ; request params : {}
[2018-07-17 09:26:29.860] [INFO] info - request url : /favicon.ico ; request params : {}
[2018-07-17 09:26:30.426] [INFO] info - request url : /shanghai/rent/4db9c151840b1b32.html ; request params : {}
[2018-07-17 09:26:31.461] [INFO] info - request url : /callNumber/getAgentInfoNewQrcode.rest?agentId=100705&subEstateId=35536&houseId=1477891&isSelfSupport=0&phoneNum=400-069-6130,25210 ; request params : {"agentId":"100705","subEstateId":"35536","houseId":"1477891","isSelfSupport":"0","phoneNum":"400-069-6130,25210"}
[2018-07-17 09:26:33.515] [INFO] info - request url : /shanghai/rent/undefined ; request params : {}
[2018-07-17 09:26:35.178] [INFO] info - request url : /favicon.ico ; request params : {}
[2018-07-17 09:26:35.596] [INFO] info - request url : /shanghai/rent/10df0f89b876f4ca.html ; request params : {}
[2018-07-17 09:26:36.260] [INFO] info - request url : /callNumber/getAgentInfoNewQrcode.rest?agentId=100619&subEstateId=12323&houseId=1477122&isSelfSupport=0&phoneNum=400-069-6130,25178 ; request params : {"agentId":"100619","subEstateId":"12323","houseId":"1477122","isSelfSupport":"0","phoneNum":"400-069-6130,25178"}
[2018-07-17 09:26:37.281] [INFO] info - request url : /shanghai/rent/undefined ; request params : {}
[2018-07-17 09:26:39.499] [INFO] info - request url : /favicon.ico ; request params : {}
[2018-07-17 09:26:40.332] [INFO] info - request url : /shanghai/rent/a4f6ba0f2404428f.html ; request params : {}
[2018-07-17 09:26:41.418] [INFO] info - request url : /callNumber/getAgentInfoNewQrcode.rest?agentId=100705&subEstateId=20424&houseId=1476862&isSelfSupport=0&phoneNum=400-069-6130,25210 ; request params : {"agentId":"100705","subEstateId":"20424","houseId":"1476862","isSelfSupport":"0","phoneNum":"400-069-6130,25210"}
[2018-07-17 09:26:42.608] [INFO] info - request url : /shanghai/rent/undefined ; request params : {}
[2018-07-17 09:26:44.531] [INFO] info - request url : /favicon.ico ; request params : {}
[2018-07-17 09:26:45.540] [INFO] info - request url : /shanghai/rent/db5a464870d152c8b5c5e760adb30ab3.html ; request params : {}
[2018-07-17 09:26:46.287] [INFO] info - request url : /callNumber/getAgentInfoNewQrcode.rest?agentId=101096&subEstateId=56272&houseId=1001027141&isSelfSupport=0&phoneNum=400-069-6130,25287 ; request params : {"agentId":"101096","subEstateId":"56272","houseId":"1001027141","isSelfSupport":"0","phoneNum":"400-069-6130,25287"}
[2018-07-17 09:26:47.628] [INFO] info - request url : /shanghai/rent/undefined ; request params : {}
[2018-07-17 09:26:49.435] [INFO] info - request url : /favicon.ico ; request params : {}
[2018-07-17 09:26:49.790] [INFO] info - request url : /shanghai/rent/2733c91cb9ee318f.html ; request params : {}
[2018-07-17 09:26:50.623] [INFO] info - request url : /callNumber/getAgentInfoNewQrcode.rest?agentId=152617&subEstateId=39295&houseId=1477892&isSelfSupport=0&phoneNum=400-069-6130,25315 ; request params : {"agentId":"152617","subEstateId":"39295","houseId":"1477892","isSelfSupport":"0","phoneNum":"400-069-6130,25315"}
[2018-07-17 09:26:51.657] [INFO] info - request url : /shanghai/rent/undefined ; request params : {}
[2018-07-17 09:26:54.145] [INFO] info - request url : /favicon.ico ; request params : {}
[2018-07-17 09:26:54.571] [INFO] info - request url : /shanghai/rent/123168dcdb93d113.html ; request params : {}
[2018-07-17 09:26:55.374] [INFO] info - request url : /callNumber/getAgentInfoNewQrcode.rest?agentId=152617&subEstateId=39347&houseId=1477897&isSelfSupport=0&phoneNum=400-069-6130,25315 ; request params : {"agentId":"152617","subEstateId":"39347","houseId":"1477897","isSelfSupport":"0","phoneNum":"400-069-6130,25315"}
[2018-07-17 09:26:56.403] [INFO] info - request url : /shanghai/rent/undefined ; request params : {}
[2018-07-17 09:26:58.220] [INFO] info - request url : /favicon.ico ; request params : {}
[2018-07-17 09:26:58.715] [INFO] info - request url : /shanghai/rent/945e0d532a8753dc.html ; request params : {}
[2018-07-17 09:26:59.095] [INFO] info - request url : /callNumber/getAgentInfoNewQrcode.rest?agentId=152617&subEstateId=380763&houseId=1477883&isSelfSupport=0&phoneNum=400-069-6130,25315 ; request params : {"agentId":"152617","subEstateId":"380763","houseId":"1477883","isSelfSupport":"0","phoneNum":"400-069-6130,25315"}
[2018-07-17 09:27:00.454] [INFO] info - request url : /shanghai/rent/undefined ; request params : {}
[2018-07-17 09:27:02.006] [INFO] info - request url : /favicon.ico ; request params : {}
[2018-07-17 09:27:02.484] [INFO] info - request url : /shanghai/rent/e8ede0ecba6199fd.html ; request params : {}
[2018-07-17 09:27:03.323] [INFO] info - request url : /callNumber/getAgentInfoNewQrcode.rest?agentId=152735&subEstateId=732437&houseId=1477881&isSelfSupport=0&phoneNum=400-069-6130,25333 ; request params : {"agentId":"152735","subEstateId":"732437","houseId":"1477881","isSelfSupport":"0","phoneNum":"400-069-6130,25333"}
[2018-07-17 09:27:08.498] [INFO] info - request url : /favicon.ico ; request params : {}
[2018-07-17 09:27:09.264] [INFO] info - request url : /shanghai/rent/pa-2 ; request params : {}
[2018-07-17 09:27:10.419] [INFO] info - request url : /favicon.ico ; request params : {}
[2018-07-17 09:27:11.048] [INFO] info - request url : /shanghai/rent/f4d708f687d5373b653bf3b97151f52b.html ; request params : {}
[2018-07-17 09:27:11.976] [INFO] info - request url : /callNumber/getAgentInfoNewQrcode.rest?agentId=152617&subEstateId=17192&houseId=1000007809&isSelfSupport=0&phoneNum=400-069-6130,25315 ; request params : {"agentId":"152617","subEstateId":"17192","houseId":"1000007809","isSelfSupport":"0","phoneNum":"400-069-6130,25315"}
[2018-07-17 09:27:13.254] [INFO] info - request url : /shanghai/rent/undefined ; request params : {}
[2018-07-17 09:27:14.925] [INFO] info - request url : /favicon.ico ; request params : {}
[2018-07-17 09:27:15.905] [INFO] info - request url : /shanghai/rent/7a6d87c333a0e579.html ; request params : {}
[2018-07-17 09:27:16.565] [INFO] info - request url : /callNumber/getAgentInfoNewQrcode.rest?agentId=100619&subEstateId=12375&houseId=1477829&isSelfSupport=0&phoneNum=400-069-6130,25178 ; request params : {"agentId":"100619","subEstateId":"12375","houseId":"1477829","isSelfSupport":"0","phoneNum":"400-069-6130,25178"}
[2018-07-17 09:27:17.684] [INFO] info - request url : /shanghai/rent/undefined ; request params : {}
[2018-07-17 09:27:20.221] [INFO] info - request url : /favicon.ico ; request params : {}
[2018-07-17 09:27:20.916] [INFO] info - request url : /shanghai/rent/affc51da7f2bc808.html ; request params : {}
[2018-07-17 09:27:22.508] [INFO] info - request url : /callNumber/getAgentInfoNewQrcode.rest?agentId=152617&subEstateId=107331&houseId=1477636&isSelfSupport=0&phoneNum=400-069-6130,25315 ; request params : {"agentId":"152617","subEstateId":"107331","houseId":"1477636","isSelfSupport":"0","phoneNum":"400-069-6130,25315"}
[2018-07-17 09:27:23.791] [INFO] info - request url : /shanghai/rent/undefined ; request params : {}
[2018-07-17 09:29:22.522] [INFO] info - request url : /callNumber/getAgentInfoNewQrcode.rest?agentId=152617&subEstateId=107331&houseId=1477636&isSelfSupport=0&phoneNum=400-069-6130,25315 ; request params : {"agentId":"152617","subEstateId":"107331","houseId":"1477636","isSelfSupport":"0","phoneNum":"400-069-6130,25315"}
[2018-07-17 09:31:22.569] [INFO] info - request url : /favicon.ico ; request params : {}
[2018-07-17 09:33:04.878] [INFO] info - request url : /shanghai/rent/a3b9efc34dc727ed.html ; request params : {}
[2018-07-17 09:33:05.708] [INFO] info - request url : /callNumber/getAgentInfoNewQrcode.rest?agentId=152617&subEstateId=12425&houseId=1477049&isSelfSupport=0&phoneNum=400-069-6130,25315 ; request params : {"agentId":"152617","subEstateId":"12425","houseId":"1477049","isSelfSupport":"0","phoneNum":"400-069-6130,25315"}
[2018-07-17 09:33:06.899] [INFO] info - request url : /shanghai/rent/undefined ; request params : {}
[2018-07-17 09:33:50.686] [INFO] info - request url : /shanghai/rent/a3b9efc34dc727ed.html ; request params : {}
[2018-07-17 09:33:51.161] [INFO] info - request url : /callNumber/getAgentInfoNewQrcode.rest?agentId=152617&subEstateId=12425&houseId=1477049&isSelfSupport=0&phoneNum=400-069-6130,25315 ; request params : {"agentId":"152617","subEstateId":"12425","houseId":"1477049","isSelfSupport":"0","phoneNum":"400-069-6130,25315"}
[2018-07-17 09:33:52.284] [INFO] info - request url : /shanghai/rent/undefined ; request params : {}
[2018-07-17 09:35:51.176] [INFO] info - request url : /callNumber/getAgentInfoNewQrcode.rest?agentId=152617&subEstateId=12425&houseId=1477049&isSelfSupport=0&phoneNum=400-069-6130,25315 ; request params : {"agentId":"152617","subEstateId":"12425","houseId":"1477049","isSelfSupport":"0","phoneNum":"400-069-6130,25315"}
[2018-07-17 09:36:41.936] [INFO] info - request url : /shanghai/rent/fd1c4cb9e67a7dac09b98a36e7551ec8.html ; request params : {}
[2018-07-17 09:42:03.954] [INFO] info - request url : /shanghai/rent/fd1c4cb9e67a7dac09b98a36e7551ec8.html ; request params : {}
[2018-07-17 09:42:06.442] [INFO] info - request url : /shanghai/rent/a3b9efc34dc727ed.html ; request params : {}
[2018-07-17 09:42:06.843] [INFO] info - request url : /callNumber/getAgentInfoNewQrcode.rest?agentId=152617&subEstateId=12425&houseId=1477049&isSelfSupport=0&phoneNum=400-069-6130,25315 ; request params : {"agentId":"152617","subEstateId":"12425","houseId":"1477049","isSelfSupport":"0","phoneNum":"400-069-6130,25315"}
[2018-07-17 09:42:08.271] [INFO] info - request url : /shanghai/rent/undefined ; request params : {}
[2018-07-17 09:44:06.847] [INFO] info - request url : /callNumber/getAgentInfoNewQrcode.rest?agentId=152617&subEstateId=12425&houseId=1477049&isSelfSupport=0&phoneNum=400-069-6130,25315 ; request params : {"agentId":"152617","subEstateId":"12425","houseId":"1477049","isSelfSupport":"0","phoneNum":"400-069-6130,25315"}
[2018-07-17 09:46:06.854] [INFO] info - request url : /favicon.ico ; request params : {}
[2018-07-17 09:52:03.223] [INFO] info - request url : /shanghai/rent/a3b9efc34dc727ed.html ; request params : {}
[2018-07-17 09:52:03.928] [INFO] info - request url : /callNumber/getAgentInfoNewQrcode.rest?agentId=152617&subEstateId=12425&houseId=1477049&isSelfSupport=0&phoneNum=400-069-6130,25315 ; request params : {"agentId":"152617","subEstateId":"12425","houseId":"1477049","isSelfSupport":"0","phoneNum":"400-069-6130,25315"}
[2018-07-17 09:54:03.935] [INFO] info - request url : /callNumber/getAgentInfoNewQrcode.rest?agentId=152617&subEstateId=12425&houseId=1477049&isSelfSupport=0&phoneNum=400-069-6130,25315 ; request params : {"agentId":"152617","subEstateId":"12425","houseId":"1477049","isSelfSupport":"0","phoneNum":"400-069-6130,25315"}
[2018-07-17 09:56:03.952] [INFO] info - request url : /favicon.ico ; request params : {}
[2018-07-17 10:10:54.455] [INFO] info - request url : /shanghai/rent/undefined ; request params : {}
[2018-07-17 11:13:50.720] [INFO] info - request url : /shanghai/rent/a3b9efc34dc727ed.html ; request params : {}
[2018-07-17 11:13:51.510] [INFO] info - request url : /callNumber/getAgentInfoNewQrcode.rest?agentId=152617&subEstateId=12425&houseId=1477049&isSelfSupport=0&phoneNum=400-069-6130,25315 ; request params : {"agentId":"152617","subEstateId":"12425","houseId":"1477049","isSelfSupport":"0","phoneNum":"400-069-6130,25315"}
[2018-07-17 11:13:52.730] [INFO] info - request url : /shanghai/rent/undefined ; request params : {}
[2018-07-17 11:13:56.465] [INFO] info - request url : /shanghai/rent/75385d464ca7d2177d1028c7d6ac98ed.html ; request params : {}
[2018-07-17 11:15:51.518] [INFO] info - request url : /callNumber/getAgentInfoNewQrcode.rest?agentId=152617&subEstateId=12425&houseId=1477049&isSelfSupport=0&phoneNum=400-069-6130,25315 ; request params : {"agentId":"152617","subEstateId":"12425","houseId":"1477049","isSelfSupport":"0","phoneNum":"400-069-6130,25315"}
[2018-07-17 11:15:56.470] [INFO] info - request url : /shanghai/rent/75385d464ca7d2177d1028c7d6ac98ed.html ; request params : {}
[2018-07-17 11:36:11.950] [INFO] info - request url : /shanghai/rent/75385d464ca7d2177d1028c7d6ac98ed.html ; request params : {}
[2018-07-17 11:36:22.472] [INFO] info - request url : /callNumber/getAgentInfoNewQrcode.rest?agentId=152617&subEstateId=12425&houseId=1477049&isSelfSupport=0&phoneNum=400-069-6130,25315 ; request params : {"agentId":"152617","subEstateId":"12425","houseId":"1477049","isSelfSupport":"0","phoneNum":"400-069-6130,25315"}
[2018-07-17 13:55:56.540] [INFO] info - request url : /shanghai/rent/ ; request params : {}
[2018-07-17 13:56:01.572] [INFO] info - request url : /api/common/acWord?key=s&cityId=43&houseType=rentHouse ; request params : {"key":"s","cityId":"43","houseType":"rentHouse"}
[2018-07-17 13:56:01.659] [INFO] info - request url : /api/common/acWord?key=sh&cityId=43&houseType=rentHouse ; request params : {"key":"sh","cityId":"43","houseType":"rentHouse"}
[2018-07-17 13:56:01.779] [INFO] info - request url : /api/common/acWord?key=sha&cityId=43&houseType=rentHouse ; request params : {"key":"sha","cityId":"43","houseType":"rentHouse"}
[2018-07-17 13:56:01.825] [INFO] info - request url : /api/common/acWord?key=shan&cityId=43&houseType=rentHouse ; request params : {"key":"shan","cityId":"43","houseType":"rentHouse"}
[2018-07-17 13:56:01.873] [INFO] info - request url : /api/common/acWord?key=shang&cityId=43&houseType=rentHouse ; request params : {"key":"shang","cityId":"43","houseType":"rentHouse"}
[2018-07-17 13:56:03.174] [INFO] info - request url : /api/common/acWord?key=shangh&cityId=43&houseType=rentHouse ; request params : {"key":"shangh","cityId":"43","houseType":"rentHouse"}
[2018-07-17 13:56:03.234] [INFO] info - request url : /api/common/acWord?key=shangha&cityId=43&houseType=rentHouse ; request params : {"key":"shangha","cityId":"43","houseType":"rentHouse"}
[2018-07-17 13:56:03.354] [INFO] info - request url : /api/common/acWord?key=shanghai&cityId=43&houseType=rentHouse ; request params : {"key":"shanghai","cityId":"43","houseType":"rentHouse"}
[2018-07-17 13:56:05.435] [INFO] info - request url : /api/common/acWord?key=shangha&cityId=43&houseType=rentHouse ; request params : {"key":"shangha","cityId":"43","houseType":"rentHouse"}
[2018-07-17 13:56:05.934] [INFO] info - request url : /api/common/acWord?key=shangh&cityId=43&houseType=rentHouse ; request params : {"key":"shangh","cityId":"43","houseType":"rentHouse"}
[2018-07-17 13:56:05.967] [INFO] info - request url : /api/common/acWord?key=shang&cityId=43&houseType=rentHouse ; request params : {"key":"shang","cityId":"43","houseType":"rentHouse"}
[2018-07-17 13:56:06.001] [INFO] info - request url : /api/common/acWord?key=shan&cityId=43&houseType=rentHouse ; request params : {"key":"shan","cityId":"43","houseType":"rentHouse"}
[2018-07-17 13:56:06.035] [INFO] info - request url : /api/common/acWord?key=sha&cityId=43&houseType=rentHouse ; request params : {"key":"sha","cityId":"43","houseType":"rentHouse"}
[2018-07-17 13:56:06.068] [INFO] info - request url : /api/common/acWord?key=sh&cityId=43&houseType=rentHouse ; request params : {"key":"sh","cityId":"43","houseType":"rentHouse"}
[2018-07-17 13:56:06.099] [INFO] info - request url : /api/common/acWord?key=s&cityId=43&houseType=rentHouse ; request params : {"key":"s","cityId":"43","houseType":"rentHouse"}
[2018-07-17 13:56:09.786] [INFO] info - request url : /api/common/acWord?key=s&cityId=43&houseType=rentHouse ; request params : {"key":"s","cityId":"43","houseType":"rentHouse"}
[2018-07-17 13:56:09.875] [INFO] info - request url : /api/common/acWord?key=sh&cityId=43&houseType=rentHouse ; request params : {"key":"sh","cityId":"43","houseType":"rentHouse"}
[2018-07-17 13:56:09.964] [INFO] info - request url : /api/common/acWord?key=sha&cityId=43&houseType=rentHouse ; request params : {"key":"sha","cityId":"43","houseType":"rentHouse"}
[2018-07-17 13:56:10.014] [INFO] info - request url : /api/common/acWord?key=shan&cityId=43&houseType=rentHouse ; request params : {"key":"shan","cityId":"43","houseType":"rentHouse"}
[2018-07-17 13:56:10.103] [INFO] info - request url : /api/common/acWord?key=shang&cityId=43&houseType=rentHouse ; request params : {"key":"shang","cityId":"43","houseType":"rentHouse"}
[2018-07-17 13:56:11.755] [INFO] info - request url : /api/common/acWord?key=shang&cityId=43&houseType=rentHouse ; request params : {"key":"shang","cityId":"43","houseType":"rentHouse"}
[2018-07-17 13:56:12.815] [INFO] info - request url : /api/common/acWord?key=shan&cityId=43&houseType=rentHouse ; request params : {"key":"shan","cityId":"43","houseType":"rentHouse"}
[2018-07-17 13:56:12.970] [INFO] info - request url : /api/common/acWord?key=sha&cityId=43&houseType=rentHouse ; request params : {"key":"sha","cityId":"43","houseType":"rentHouse"}
[2018-07-17 13:56:13.126] [INFO] info - request url : /api/common/acWord?key=sh&cityId=43&houseType=rentHouse ; request params : {"key":"sh","cityId":"43","houseType":"rentHouse"}
[2018-07-17 13:56:13.258] [INFO] info - request url : /api/common/acWord?key=s&cityId=43&houseType=rentHouse ; request params : {"key":"s","cityId":"43","houseType":"rentHouse"}
[2018-07-17 13:56:14.115] [INFO] info - request url : /api/common/acWord?key=s&cityId=43&houseType=rentHouse ; request params : {"key":"s","cityId":"43","houseType":"rentHouse"}
[2018-07-17 13:56:14.174] [INFO] info - request url : /api/common/acWord?key=sh&cityId=43&houseType=rentHouse ; request params : {"key":"sh","cityId":"43","houseType":"rentHouse"}
[2018-07-17 13:56:14.305] [INFO] info - request url : /api/common/acWord?key=sha&cityId=43&houseType=rentHouse ; request params : {"key":"sha","cityId":"43","houseType":"rentHouse"}
[2018-07-17 13:56:14.328] [INFO] info - request url : /api/common/acWord?key=shan&cityId=43&houseType=rentHouse ; request params : {"key":"shan","cityId":"43","houseType":"rentHouse"}
[2018-07-17 13:56:14.440] [INFO] info - request url : /api/common/acWord?key=shang&cityId=43&houseType=rentHouse ; request params : {"key":"shang","cityId":"43","houseType":"rentHouse"}
[2018-07-17 13:56:14.890] [INFO] info - request url : /api/common/acWord?key=shangh&cityId=43&houseType=rentHouse ; request params : {"key":"shangh","cityId":"43","houseType":"rentHouse"}
[2018-07-17 13:56:15.030] [INFO] info - request url : /api/common/acWord?key=shangha&cityId=43&houseType=rentHouse ; request params : {"key":"shangha","cityId":"43","houseType":"rentHouse"}
[2018-07-17 13:56:15.145] [INFO] info - request url : /api/common/acWord?key=shanghai&cityId=43&houseType=rentHouse ; request params : {"key":"shanghai","cityId":"43","houseType":"rentHouse"}
[2018-07-17 13:56:15.502] [INFO] info - request url : /api/common/acWord?key=shangha&cityId=43&houseType=rentHouse ; request params : {"key":"shangha","cityId":"43","houseType":"rentHouse"}
[2018-07-17 13:56:16.000] [INFO] info - request url : /api/common/acWord?key=shangh&cityId=43&houseType=rentHouse ; request params : {"key":"shangh","cityId":"43","houseType":"rentHouse"}
[2018-07-17 13:56:16.034] [INFO] info - request url : /api/common/acWord?key=shang&cityId=43&houseType=rentHouse ; request params : {"key":"shang","cityId":"43","houseType":"rentHouse"}
[2018-07-17 13:56:16.068] [INFO] info - request url : /api/common/acWord?key=shan&cityId=43&houseType=rentHouse ; request params : {"key":"shan","cityId":"43","houseType":"rentHouse"}
[2018-07-17 13:56:16.098] [INFO] info - request url : /api/common/acWord?key=sha&cityId=43&houseType=rentHouse ; request params : {"key":"sha","cityId":"43","houseType":"rentHouse"}
[2018-07-17 13:56:16.128] [INFO] info - request url : /api/common/acWord?key=sh&cityId=43&houseType=rentHouse ; request params : {"key":"sh","cityId":"43","houseType":"rentHouse"}
[2018-07-17 13:56:16.161] [INFO] info - request url : /api/common/acWord?key=s&cityId=43&houseType=rentHouse ; request params : {"key":"s","cityId":"43","houseType":"rentHouse"}
[2018-07-17 13:56:17.214] [INFO] info - request url : /api/common/acWord?key=s&cityId=43&houseType=rentHouse ; request params : {"key":"s","cityId":"43","houseType":"rentHouse"}
[2018-07-17 13:56:17.371] [INFO] info - request url : /api/common/acWord?key=sh&cityId=43&houseType=rentHouse ; request params : {"key":"sh","cityId":"43","houseType":"rentHouse"}
[2018-07-17 13:56:17.490] [INFO] info - request url : /api/common/acWord?key=sha&cityId=43&houseType=rentHouse ; request params : {"key":"sha","cityId":"43","houseType":"rentHouse"}
[2018-07-17 13:56:17.578] [INFO] info - request url : /api/common/acWord?key=shan&cityId=43&houseType=rentHouse ; request params : {"key":"shan","cityId":"43","houseType":"rentHouse"}
[2018-07-17 13:56:17.627] [INFO] info - request url : /api/common/acWord?key=shang&cityId=43&houseType=rentHouse ; request params : {"key":"shang","cityId":"43","houseType":"rentHouse"}
[2018-07-17 13:56:17.799] [INFO] info - request url : /api/common/acWord?key=shangh&cityId=43&houseType=rentHouse ; request params : {"key":"shangh","cityId":"43","houseType":"rentHouse"}
[2018-07-17 13:56:17.911] [INFO] info - request url : /api/common/acWord?key=shangha&cityId=43&houseType=rentHouse ; request params : {"key":"shangha","cityId":"43","houseType":"rentHouse"}
[2018-07-17 13:56:18.009] [INFO] info - request url : /api/common/acWord?key=shanghai&cityId=43&houseType=rentHouse ; request params : {"key":"shanghai","cityId":"43","houseType":"rentHouse"}
[2018-07-17 13:56:18.194] [INFO] info - request url : /api/common/acWord?key=%E4%B8%8A%E6%B5%B7&cityId=43&houseType=rentHouse ; request params : {"key":"上海","cityId":"43","houseType":"rentHouse"}
[2018-07-17 13:56:32.014] [INFO] info - request url : /api/common/acWord?key=%E4%B8%8A%E6%B5%B7%3D&cityId=43&houseType=rentHouse ; request params : {"key":"上海=","cityId":"43","houseType":"rentHouse"}
[2018-07-17 13:56:33.016] [INFO] info - request url : /api/common/acWord?key=%E4%B8%8A%E6%B5%B7%3D%3D&cityId=43&houseType=rentHouse ; request params : {"key":"上海==","cityId":"43","houseType":"rentHouse"}
[2018-07-17 13:56:37.447] [INFO] info - request url : /api/common/acWord?key=%E4%B8%8A%E6%B5%B7%3D%3D%3D&cityId=43&houseType=rentHouse ; request params : {"key":"上海===","cityId":"43","houseType":"rentHouse"}
[2018-07-17 13:56:38.389] [INFO] info - request url : /api/common/acWord?key=%E4%B8%8A%E6%B5%B7%3D%3D%3D-&cityId=43&houseType=rentHouse ; request params : {"key":"上海===-","cityId":"43","houseType":"rentHouse"}
[2018-07-17 13:56:38.787] [INFO] info - request url : /api/common/acWord?key=%E4%B8%8A%E6%B5%B7%3D%3D%3D--&cityId=43&houseType=rentHouse ; request params : {"key":"上海===--","cityId":"43","houseType":"rentHouse"}
[2018-07-17 13:56:39.070] [INFO] info - request url : /api/common/acWord?key=%E4%B8%8A%E6%B5%B7%3D%3D%3D---&cityId=43&houseType=rentHouse ; request params : {"key":"上海===---","cityId":"43","houseType":"rentHouse"}
[2018-07-17 13:56:39.267] [INFO] info - request url : /api/common/acWord?key=%E4%B8%8A%E6%B5%B7%3D%3D%3D----&cityId=43&houseType=rentHouse ; request params : {"key":"上海===----","cityId":"43","houseType":"rentHouse"}
[2018-07-17 13:56:39.549] [INFO] info - request url : /api/common/acWord?key=%E4%B8%8A%E6%B5%B7%3D%3D%3D-----&cityId=43&houseType=rentHouse ; request params : {"key":"上海===-----","cityId":"43","houseType":"rentHouse"}
[2018-07-17 13:56:39.825] [INFO] info - request url : /api/common/acWord?key=%E4%B8%8A%E6%B5%B7%3D%3D%3D------&cityId=43&houseType=rentHouse ; request params : {"key":"上海===------","cityId":"43","houseType":"rentHouse"}
[2018-07-17 13:56:40.121] [INFO] info - request url : /api/common/acWord?key=%E4%B8%8A%E6%B5%B7%3D%3D%3D------%3D&cityId=43&houseType=rentHouse ; request params : {"key":"上海===------=","cityId":"43","houseType":"rentHouse"}
[2018-07-17 13:56:40.355] [INFO] info - request url : /api/common/acWord?key=%E4%B8%8A%E6%B5%B7%3D%3D%3D------%3D%3D&cityId=43&houseType=rentHouse ; request params : {"key":"上海===------==","cityId":"43","houseType":"rentHouse"}
[2018-07-17 13:56:40.555] [INFO] info - request url : /api/common/acWord?key=%E4%B8%8A%E6%B5%B7%3D%3D%3D------%3D%3D%3D&cityId=43&houseType=rentHouse ; request params : {"key":"上海===------===","cityId":"43","houseType":"rentHouse"}
[2018-07-17 13:56:41.481] [INFO] info - request url : /api/common/acWord?key=%E4%B8%8A%E6%B5%B7%3D%3D%3D------%3D%3D%3D%3D&cityId=43&houseType=rentHouse ; request params : {"key":"上海===------====","cityId":"43","houseType":"rentHouse"}
[2018-07-17 13:56:41.758] [INFO] info - request url : /api/common/acWord?key=%E4%B8%8A%E6%B5%B7%3D%3D%3D------%3D%3D%3D%3D%3D&cityId=43&houseType=rentHouse ; request params : {"key":"上海===------=====","cityId":"43","houseType":"rentHouse"}
[2018-07-17 13:56:42.494] [INFO] info - request url : /api/common/acWord?key=%E4%B8%8A%E6%B5%B7%3D%3D%3D------%3D%3D%3D%3D%3D-&cityId=43&houseType=rentHouse ; request params : {"key":"上海===------=====-","cityId":"43","houseType":"rentHouse"}
[2018-07-17 13:56:42.703] [INFO] info - request url : /api/common/acWord?key=%E4%B8%8A%E6%B5%B7%3D%3D%3D------%3D%3D%3D%3D%3D--&cityId=43&houseType=rentHouse ; request params : {"key":"上海===------=====--","cityId":"43","houseType":"rentHouse"}
[2018-07-17 13:56:42.911] [INFO] info - request url : /api/common/acWord?key=%E4%B8%8A%E6%B5%B7%3D%3D%3D------%3D%3D%3D%3D%3D---&cityId=43&houseType=rentHouse ; request params : {"key":"上海===------=====---","cityId":"43","houseType":"rentHouse"}
[2018-07-17 13:56:43.101] [INFO] info - request url : /api/common/acWord?key=%E4%B8%8A%E6%B5%B7%3D%3D%3D------%3D%3D%3D%3D%3D----&cityId=43&houseType=rentHouse ; request params : {"key":"上海===------=====----","cityId":"43","houseType":"rentHouse"}
[2018-07-17 13:56:43.631] [INFO] info - request url : /api/common/acWord?key=%E4%B8%8A%E6%B5%B7%3D%3D%3D------%3D%3D%3D%3D%3D----%3D&cityId=43&houseType=rentHouse ; request params : {"key":"上海===------=====----=","cityId":"43","houseType":"rentHouse"}
[2018-07-17 13:56:43.820] [INFO] info - request url : /api/common/acWord?key=%E4%B8%8A%E6%B5%B7%3D%3D%3D------%3D%3D%3D%3D%3D----%3D%3D&cityId=43&houseType=rentHouse ; request params : {"key":"上海===------=====----==","cityId":"43","houseType":"rentHouse"}
[2018-07-17 13:56:44.211] [INFO] info - request url : /api/common/acWord?key=%E4%B8%8A%E6%B5%B7%3D%3D%3D------%3D%3D%3D%3D%3D----%3D&cityId=43&houseType=rentHouse ; request params : {"key":"上海===------=====----=","cityId":"43","houseType":"rentHouse"}
[2018-07-17 13:56:44.714] [INFO] info - request url : /api/common/acWord?key=%E4%B8%8A%E6%B5%B7%3D%3D%3D------%3D%3D%3D%3D%3D----&cityId=43&houseType=rentHouse ; request params : {"key":"上海===------=====----","cityId":"43","houseType":"rentHouse"}
[2018-07-17 13:56:44.755] [INFO] info - request url : /api/common/acWord?key=%E4%B8%8A%E6%B5%B7%3D%3D%3D------%3D%3D%3D%3D%3D---&cityId=43&houseType=rentHouse ; request params : {"key":"上海===------=====---","cityId":"43","houseType":"rentHouse"}
[2018-07-17 13:56:44.778] [INFO] info - request url : /api/common/acWord?key=%E4%B8%8A%E6%B5%B7%3D%3D%3D------%3D%3D%3D%3D%3D--&cityId=43&houseType=rentHouse ; request params : {"key":"上海===------=====--","cityId":"43","houseType":"rentHouse"}
[2018-07-17 13:56:44.807] [INFO] info - request url : /api/common/acWord?key=%E4%B8%8A%E6%B5%B7%3D%3D%3D------%3D%3D%3D%3D%3D-&cityId=43&houseType=rentHouse ; request params : {"key":"上海===------=====-","cityId":"43","houseType":"rentHouse"}
[2018-07-17 13:56:44.841] [INFO] info - request url : /api/common/acWord?key=%E4%B8%8A%E6%B5%B7%3D%3D%3D------%3D%3D%3D%3D%3D&cityId=43&houseType=rentHouse ; request params : {"key":"上海===------=====","cityId":"43","houseType":"rentHouse"}
[2018-07-17 13:56:44.875] [INFO] info - request url : /api/common/acWord?key=%E4%B8%8A%E6%B5%B7%3D%3D%3D------%3D%3D%3D%3D&cityId=43&houseType=rentHouse ; request params : {"key":"上海===------====","cityId":"43","houseType":"rentHouse"}
[2018-07-17 13:56:44.908] [INFO] info - request url : /api/common/acWord?key=%E4%B8%8A%E6%B5%B7%3D%3D%3D------%3D%3D%3D&cityId=43&houseType=rentHouse ; request params : {"key":"上海===------===","cityId":"43","houseType":"rentHouse"}
[2018-07-17 13:56:44.939] [INFO] info - request url : /api/common/acWord?key=%E4%B8%8A%E6%B5%B7%3D%3D%3D------%3D%3D&cityId=43&houseType=rentHouse ; request params : {"key":"上海===------==","cityId":"43","houseType":"rentHouse"}
[2018-07-17 13:56:44.973] [INFO] info - request url : /api/common/acWord?key=%E4%B8%8A%E6%B5%B7%3D%3D%3D------%3D&cityId=43&houseType=rentHouse ; request params : {"key":"上海===------=","cityId":"43","houseType":"rentHouse"}
[2018-07-17 13:56:45.006] [INFO] info - request url : /api/common/acWord?key=%E4%B8%8A%E6%B5%B7%3D%3D%3D------&cityId=43&houseType=rentHouse ; request params : {"key":"上海===------","cityId":"43","houseType":"rentHouse"}
[2018-07-17 13:56:45.039] [INFO] info - request url : /api/common/acWord?key=%E4%B8%8A%E6%B5%B7%3D%3D%3D-----&cityId=43&houseType=rentHouse ; request params : {"key":"上海===-----","cityId":"43","houseType":"rentHouse"}
[2018-07-17 13:56:45.075] [INFO] info - request url : /api/common/acWord?key=%E4%B8%8A%E6%B5%B7%3D%3D%3D----&cityId=43&houseType=rentHouse ; request params : {"key":"上海===----","cityId":"43","houseType":"rentHouse"}
[2018-07-17 13:56:45.111] [INFO] info - request url : /api/common/acWord?key=%E4%B8%8A%E6%B5%B7%3D%3D%3D---&cityId=43&houseType=rentHouse ; request params : {"key":"上海===---","cityId":"43","houseType":"rentHouse"}
[2018-07-17 13:56:45.141] [INFO] info - request url : /api/common/acWord?key=%E4%B8%8A%E6%B5%B7%3D%3D%3D--&cityId=43&houseType=rentHouse ; request params : {"key":"上海===--","cityId":"43","houseType":"rentHouse"}
[2018-07-17 13:56:45.173] [INFO] info - request url : /api/common/acWord?key=%E4%B8%8A%E6%B5%B7%3D%3D%3D-&cityId=43&houseType=rentHouse ; request params : {"key":"上海===-","cityId":"43","houseType":"rentHouse"}
[2018-07-17 13:56:45.205] [INFO] info - request url : /api/common/acWord?key=%E4%B8%8A%E6%B5%B7%3D%3D%3D&cityId=43&houseType=rentHouse ; request params : {"key":"上海===","cityId":"43","houseType":"rentHouse"}
[2018-07-17 13:56:45.237] [INFO] info - request url : /api/common/acWord?key=%E4%B8%8A%E6%B5%B7%3D%3D&cityId=43&houseType=rentHouse ; request params : {"key":"上海==","cityId":"43","houseType":"rentHouse"}
[2018-07-17 13:56:45.603] [INFO] info - request url : /api/common/acWord?key=%E4%B8%8A%E6%B5%B7%3D&cityId=43&houseType=rentHouse ; request params : {"key":"上海=","cityId":"43","houseType":"rentHouse"}
[2018-07-17 13:56:45.760] [INFO] info - request url : /api/common/acWord?key=%E4%B8%8A%E6%B5%B7&cityId=43&houseType=rentHouse ; request params : {"key":"上海","cityId":"43","houseType":"rentHouse"}
[2018-07-17 13:56:48.883] [INFO] info - request url : /api/common/acWord?key=%E4%B8%8A%E6%B5%B7%3D&cityId=43&houseType=rentHouse ; request params : {"key":"上海=","cityId":"43","houseType":"rentHouse"}
[2018-07-17 13:56:51.080] [INFO] info - request url : /api/common/acWord?key=%E4%B8%8A%E6%B5%B7%3D-&cityId=43&houseType=rentHouse ; request params : {"key":"上海=-","cityId":"43","houseType":"rentHouse"}
[2018-07-17 13:56:51.510] [INFO] info - request url : /api/common/acWord?key=%E4%B8%8A%E6%B5%B7%3D&cityId=43&houseType=rentHouse ; request params : {"key":"上海=","cityId":"43","houseType":"rentHouse"}
[2018-07-17 13:56:51.745] [INFO] info - request url : /api/common/acWord?key=%E4%B8%8A%E6%B5%B7&cityId=43&houseType=rentHouse ; request params : {"key":"上海","cityId":"43","houseType":"rentHouse"}
[2018-07-17 13:56:51.903] [INFO] info - request url : /api/common/acWord?key=%E4%B8%8A&cityId=43&houseType=rentHouse ; request params : {"key":"上","cityId":"43","houseType":"rentHouse"}
[2018-07-17 13:56:52.506] [INFO] info - request url : /api/common/acWord?key=-&cityId=43&houseType=rentHouse ; request params : {"key":"-","cityId":"43","houseType":"rentHouse"}
[2018-07-17 13:56:56.024] [INFO] info - request url : /api/common/acWord?key=-&cityId=43&houseType=rentHouse ; request params : {"key":"-","cityId":"43","houseType":"rentHouse"}
[2018-07-17 13:56:59.567] [INFO] info - request url : /api/common/acWord?key=%3D&cityId=43&houseType=rentHouse ; request params : {"key":"=","cityId":"43","houseType":"rentHouse"}
[2018-07-17 13:57:08.853] [INFO] info - request url : /api/common/acWord?key=%3D%3D&cityId=43&houseType=rentHouse ; request params : {"key":"==","cityId":"43","houseType":"rentHouse"}
[2018-07-17 13:57:21.317] [INFO] info - request url : /api/common/acWord?key=%3D%3D%3D&cityId=43&houseType=rentHouse ; request params : {"key":"===","cityId":"43","houseType":"rentHouse"}
[2018-07-17 13:57:30.834] [INFO] info - request url : /api/common/acWord?key=%3D%3D%3D%3D&cityId=43&houseType=rentHouse ; request params : {"key":"====","cityId":"43","houseType":"rentHouse"}
[2018-07-17 13:57:36.873] [INFO] info - request url : /api/common/acWord?key=%3D%3D%3D%3D%3D&cityId=43&houseType=rentHouse ; request params : {"key":"=====","cityId":"43","houseType":"rentHouse"}
[2018-07-17 13:57:51.723] [INFO] info - request url : /api/common/acWord?key=-&cityId=43&houseType=rentHouse ; request params : {"key":"-","cityId":"43","houseType":"rentHouse"}
[2018-07-17 13:57:56.532] [INFO] info - request url : /api/common/acWord?key=a&cityId=43&houseType=rentHouse ; request params : {"key":"a","cityId":"43","houseType":"rentHouse"}
[2018-07-17 13:57:57.772] [INFO] info - request url : /api/common/acWord?key=a&cityId=43&houseType=rentHouse ; request params : {"key":"a","cityId":"43","houseType":"rentHouse"}
[2018-07-17 13:57:58.427] [INFO] info - request url : /api/common/acWord?key=ab&cityId=43&houseType=rentHouse ; request params : {"key":"ab","cityId":"43","houseType":"rentHouse"}
[2018-07-17 13:57:59.340] [INFO] info - request url : /api/common/acWord?key=a&cityId=43&houseType=rentHouse ; request params : {"key":"a","cityId":"43","houseType":"rentHouse"}
[2018-07-17 14:06:24.395] [INFO] info - request url : /api/member/getDynamicPwd?codeType=1&phone=13182390727&verifyCode=4963 ; request params : {"codeType":"1","phone":"13182390727","verifyCode":"4963"}
[2018-07-17 14:07:48.687] [INFO] info - request url : /api/common/acWord?key=s&cityId=43&houseType=rentHouse ; request params : {"key":"s","cityId":"43","houseType":"rentHouse"}
[2018-07-17 14:07:48.753] [INFO] info - request url : /api/common/acWord?key=sh&cityId=43&houseType=rentHouse ; request params : {"key":"sh","cityId":"43","houseType":"rentHouse"}
[2018-07-17 14:07:48.844] [INFO] info - request url : /api/common/acWord?key=sha&cityId=43&houseType=rentHouse ; request params : {"key":"sha","cityId":"43","houseType":"rentHouse"}
[2018-07-17 14:07:48.883] [INFO] info - request url : /api/common/acWord?key=shan&cityId=43&houseType=rentHouse ; request params : {"key":"shan","cityId":"43","houseType":"rentHouse"}
[2018-07-17 14:07:48.986] [INFO] info - request url : /api/common/acWord?key=shang&cityId=43&houseType=rentHouse ; request params : {"key":"shang","cityId":"43","houseType":"rentHouse"}
[2018-07-17 14:07:49.178] [INFO] info - request url : /api/common/acWord?key=shangh&cityId=43&houseType=rentHouse ; request params : {"key":"shangh","cityId":"43","houseType":"rentHouse"}
[2018-07-17 14:07:49.299] [INFO] info - request url : /api/common/acWord?key=shangha&cityId=43&houseType=rentHouse ; request params : {"key":"shangha","cityId":"43","houseType":"rentHouse"}
[2018-07-17 14:07:49.394] [INFO] info - request url : /api/common/acWord?key=shanghai&cityId=43&houseType=rentHouse ; request params : {"key":"shanghai","cityId":"43","houseType":"rentHouse"}
[2018-07-17 14:07:51.355] [INFO] info - request url : /api/common/acWord?key=%E4%B8%8A%E6%B5%B7&cityId=43&houseType=rentHouse ; request params : {"key":"上海","cityId":"43","houseType":"rentHouse"}
[2018-07-17 15:01:34.290] [INFO] info - request url : /shanghai/rent/pr-3 ; request params : {}
[2018-07-17 15:04:31.335] [INFO] info - request url : /shanghai/rent/pa-26 ; request params : {}
[2018-07-17 15:04:34.856] [INFO] info - request url : /shanghai/rent/pa-23 ; request params : {}
[2018-07-17 15:04:42.632] [INFO] info - request url : /shanghai/rent/pa-22 ; request params : {}
[2018-07-17 15:07:07.258] [INFO] info - request url : /shanghai/rent/pa-1 ; request params : {}
[2018-07-17 15:07:13.480] [INFO] info - request url : /shanghai/rent/pa-2 ; request params : {}
[2018-07-17 15:07:18.325] [INFO] info - request url : /shanghai/rent/pa-3 ; request params : {}
[2018-07-17 15:07:21.383] [INFO] info - request url : /shanghai/rent/pa-4 ; request params : {}
[2018-07-17 15:07:57.823] [INFO] info - request url : /shanghai/rent/pa-3 ; request params : {}
[2018-07-17 15:08:21.634] [INFO] info - request url : /shanghai/rent/pa-26 ; request params : {}
[2018-07-17 15:08:23.872] [INFO] info - request url : /shanghai/rent/pa-25 ; request params : {}
[2018-07-17 15:08:28.978] [INFO] info - request url : /shanghai/rent/pa-24 ; request params : {}
[2018-07-17 15:15:55.185] [INFO] info - request url : /api/rent ; request params : {}
[2018-07-17 15:16:51.669] [INFO] info - request url : /shnaghai/rent ; request params : {}
[2018-07-17 15:17:01.868] [INFO] info - request url : /shnaghai/rent ; request params : {}
[2018-07-17 15:17:22.818] [INFO] info - request url : /shanghai/rent/pa-24 ; request params : {}
[2018-07-17 15:17:25.407] [INFO] info - request url : /shanghai/rent ; request params : {}
[2018-07-17 15:17:51.133] [INFO] info - request url : /shanghai/rent/0f905b5dad655e8f.html ; request params : {}
[2018-07-17 15:17:52.320] [INFO] info - request url : /callNumber/getAgentInfoNewQrcode.rest?agentId=100890&subEstateId=34677&houseId=1477880&isSelfSupport=0&phoneNum=400-069-6130,25257 ; request params : {"agentId":"100890","subEstateId":"34677","houseId":"1477880","isSelfSupport":"0","phoneNum":"400-069-6130,25257"}
[2018-07-17 15:17:53.713] [INFO] info - request url : /shanghai/rent/undefined ; request params : {}
[2018-07-17 15:19:52.333] [INFO] info - request url : /callNumber/getAgentInfoNewQrcode.rest?agentId=100890&subEstateId=34677&houseId=1477880&isSelfSupport=0&phoneNum=400-069-6130,25257 ; request params : {"agentId":"100890","subEstateId":"34677","houseId":"1477880","isSelfSupport":"0","phoneNum":"400-069-6130,25257"}
[2018-07-17 15:20:18.082] [INFO] info - request url : /shanghai/rent/ ; request params : {}
[2018-07-17 15:25:24.520] [INFO] info - request url : /shanghai/rent/0f905b5dad655e8f.html ; request params : {}
[2018-07-17 15:25:25.697] [INFO] info - request url : /callNumber/getAgentInfoNewQrcode.rest?agentId=100574&subEstateId=34677&houseId=1477880&isSelfSupport=0&phoneNum=400-069-6130,25173 ; request params : {"agentId":"100574","subEstateId":"34677","houseId":"1477880","isSelfSupport":"0","phoneNum":"400-069-6130,25173"}
[2018-07-17 15:25:27.193] [INFO] info - request url : /shanghai/rent/undefined ; request params : {}
[2018-07-17 15:25:39.531] [INFO] info - request url : /shanghai/rent/undefined ; request params : {}
[2018-07-17 15:27:25.704] [INFO] info - request url : /callNumber/getAgentInfoNewQrcode.rest?agentId=100574&subEstateId=34677&houseId=1477880&isSelfSupport=0&phoneNum=400-069-6130,25173 ; request params : {"agentId":"100574","subEstateId":"34677","houseId":"1477880","isSelfSupport":"0","phoneNum":"400-069-6130,25173"}
[2018-07-17 15:29:25.745] [INFO] info - request url : /callNumber/getAgentInfoNewQrcode.rest?agentId=100574&subEstateId=34677&houseId=1477880&isSelfSupport=0&phoneNum=400-069-6130,25173 ; request params : {"agentId":"100574","subEstateId":"34677","houseId":"1477880","isSelfSupport":"0","phoneNum":"400-069-6130,25173"}
[2018-07-17 15:49:57.904] [INFO] info - request url : /shanghai/rent/0f905b5dad655e8f.html ; request params : {}
[2018-07-17 15:50:00.963] [INFO] info - request url : /callNumber/getAgentInfoNewQrcode.rest?agentId=100574&subEstateId=34677&houseId=1477880&isSelfSupport=0&phoneNum=400-069-6130,25173 ; request params : {"agentId":"100574","subEstateId":"34677","houseId":"1477880","isSelfSupport":"0","phoneNum":"400-069-6130,25173"}
[2018-07-17 15:50:02.422] [INFO] info - request url : /shanghai/rent/undefined ; request params : {}
[2018-07-17 15:50:03.687] [INFO] info - request url : /shanghai/rent/ ; request params : {}
[2018-07-17 15:50:04.230] [INFO] info - request url : /callNumber/getAgentInfoNewQrcode.rest?agentId=100574&subEstateId=34677&houseId=1477880&isSelfSupport=0&phoneNum=400-069-6130,25173 ; request params : {"agentId":"100574","subEstateId":"34677","houseId":"1477880","isSelfSupport":"0","phoneNum":"400-069-6130,25173"}
[2018-07-17 15:50:13.683] [INFO] info - request url : /shanghai/rent/ ; request params : {}
[2018-07-17 15:52:04.247] [INFO] info - request url : /callNumber/getAgentInfoNewQrcode.rest?agentId=100574&subEstateId=34677&houseId=1477880&isSelfSupport=0&phoneNum=400-069-6130,25173 ; request params : {"agentId":"100574","subEstateId":"34677","houseId":"1477880","isSelfSupport":"0","phoneNum":"400-069-6130,25173"}
[2018-07-17 17:16:16.735] [INFO] info - request url : /shanghai/rent/ ; request params : {}
[2018-07-17 17:16:22.641] [INFO] info - request url : /shanghai/rent/0f905b5dad655e8f.html ; request params : {}
[2018-07-17 17:16:25.238] [INFO] info - request url : /shanghai/rent/ ; request params : {}
[2018-07-17 17:17:31.110] [INFO] info - request url : /shanghai/rent/0f905b5dad655e8f.html ; request params : {}
[2018-07-17 17:17:37.360] [INFO] info - request url : /shanghai/rent/ ; request params : {}
[2018-07-17 17:17:42.543] [INFO] info - request url : /shanghai/rent/0f905b5dad655e8f.html ; request params : {}
[2018-07-17 17:17:43.780] [INFO] info - request url : /callNumber/getAgentInfoNewQrcode.rest?agentId=100890&subEstateId=34677&houseId=1477880&isSelfSupport=0&phoneNum=400-069-6130,25257 ; request params : {"agentId":"100890","subEstateId":"34677","houseId":"1477880","isSelfSupport":"0","phoneNum":"400-069-6130,25257"}
[2018-07-17 17:17:44.391] [INFO] info - request url : /shanghai/rent/undefined ; request params : {}
[2018-07-17 17:17:48.807] [INFO] info - request url : /shanghai/rent/591ef059c3da9c8a.html ; request params : {}
[2018-07-17 17:17:49.569] [INFO] info - request url : /callNumber/getAgentInfoNewQrcode.rest?agentId=152617&subEstateId=12332&houseId=1477450&isSelfSupport=0&phoneNum=400-069-6130,25315 ; request params : {"agentId":"152617","subEstateId":"12332","houseId":"1477450","isSelfSupport":"0","phoneNum":"400-069-6130,25315"}
[2018-07-17 17:17:50.127] [INFO] info - request url : /shanghai/rent/undefined ; request params : {}
[2018-07-17 17:18:07.887] [INFO] info - request url : /shanghai/rent/591ef059c3da9c8a.html ; request params : {}
[2018-07-17 17:18:08.750] [INFO] info - request url : /callNumber/getAgentInfoNewQrcode.rest?agentId=152617&subEstateId=12332&houseId=1477450&isSelfSupport=0&phoneNum=400-069-6130,25315 ; request params : {"agentId":"152617","subEstateId":"12332","houseId":"1477450","isSelfSupport":"0","phoneNum":"400-069-6130,25315"}
[2018-07-17 17:18:10.683] [INFO] info - request url : /shanghai/rent/undefined ; request params : {}
[2018-07-17 17:18:25.176] [INFO] info - request url : /shanghai/rent/591ef059c3da9c8a.html ; request params : {}
[2018-07-17 17:18:25.672] [INFO] info - request url : /callNumber/getAgentInfoNewQrcode.rest?agentId=152617&subEstateId=12332&houseId=1477450&isSelfSupport=0&phoneNum=400-069-6130,25315 ; request params : {"agentId":"152617","subEstateId":"12332","houseId":"1477450","isSelfSupport":"0","phoneNum":"400-069-6130,25315"}
[2018-07-17 17:18:27.020] [INFO] info - request url : /shanghai/rent/undefined ; request params : {}
[2018-07-17 17:18:30.182] [INFO] info - request url : /shanghai/rent/591ef059c3da9c8a.html ; request params : {}
[2018-07-17 17:18:31.224] [INFO] info - request url : /callNumber/getAgentInfoNewQrcode.rest?agentId=152617&subEstateId=12332&houseId=1477450&isSelfSupport=0&phoneNum=400-069-6130,25315 ; request params : {"agentId":"152617","subEstateId":"12332","houseId":"1477450","isSelfSupport":"0","phoneNum":"400-069-6130,25315"}
[2018-07-17 17:18:33.020] [INFO] info - request url : /shanghai/rent/undefined ; request params : {}
[2018-07-17 17:19:41.770] [INFO] info - request url : /shanghai/rent/591ef059c3da9c8a.html ; request params : {}
[2018-07-17 17:19:42.752] [INFO] info - request url : /callNumber/getAgentInfoNewQrcode.rest?agentId=152617&subEstateId=12332&houseId=1477450&isSelfSupport=0&phoneNum=400-069-6130,25315 ; request params : {"agentId":"152617","subEstateId":"12332","houseId":"1477450","isSelfSupport":"0","phoneNum":"400-069-6130,25315"}
[2018-07-17 17:19:44.204] [INFO] info - request url : /shanghai/rent/undefined ; request params : {}
[2018-07-17 17:20:16.435] [INFO] info - request url : /shanghai/rent/ ; request params : {}
[2018-07-17 17:20:18.442] [INFO] info - request url : /shanghai/rent/0f905b5dad655e8f.html ; request params : {}
[2018-07-17 17:20:20.190] [INFO] info - request url : /shanghai/rent/0f905b5dad655e8f.html ; request params : {}
[2018-07-17 17:20:21.534] [INFO] info - request url : /callNumber/getAgentInfoNewQrcode.rest?agentId=100890&subEstateId=34677&houseId=1477880&isSelfSupport=0&phoneNum=400-069-6130,25257 ; request params : {"agentId":"100890","subEstateId":"34677","houseId":"1477880","isSelfSupport":"0","phoneNum":"400-069-6130,25257"}
[2018-07-17 17:20:22.711] [INFO] info - request url : /shanghai/rent/undefined ; request params : {}
[2018-07-17 17:21:07.860] [INFO] info - request url : /shanghai/rent/0f905b5dad655e8f.html ; request params : {}
[2018-07-17 17:21:08.489] [INFO] info - request url : /callNumber/getAgentInfoNewQrcode.rest?agentId=100574&subEstateId=34677&houseId=1477880&isSelfSupport=0&phoneNum=400-069-6130,25173 ; request params : {"agentId":"100574","subEstateId":"34677","houseId":"1477880","isSelfSupport":"0","phoneNum":"400-069-6130,25173"}
[2018-07-17 17:21:09.986] [INFO] info - request url : /shanghai/rent/undefined ; request params : {}
[2018-07-17 17:21:10.210] [INFO] info - request url : /shanghai/rent/0f905b5dad655e8f.html ; request params : {}
[2018-07-17 17:21:10.947] [INFO] info - request url : /callNumber/getAgentInfoNewQrcode.rest?agentId=100890&subEstateId=34677&houseId=1477880&isSelfSupport=0&phoneNum=400-069-6130,25257 ; request params : {"agentId":"100890","subEstateId":"34677","houseId":"1477880","isSelfSupport":"0","phoneNum":"400-069-6130,25257"}
[2018-07-17 17:21:12.672] [INFO] info - request url : /shanghai/rent/undefined ; request params : {}
[2018-07-17 17:21:21.452] [INFO] info - request url : /shanghai/rent ; request params : {}
[2018-07-17 17:21:23.529] [INFO] info - request url : /shanghai/rent/591ef059c3da9c8a.html ; request params : {}
[2018-07-17 17:21:24.080] [INFO] info - request url : /callNumber/getAgentInfoNewQrcode.rest?agentId=152617&subEstateId=12332&houseId=1477450&isSelfSupport=0&phoneNum=400-069-6130,25315 ; request params : {"agentId":"152617","subEstateId":"12332","houseId":"1477450","isSelfSupport":"0","phoneNum":"400-069-6130,25315"}
[2018-07-17 17:21:25.127] [INFO] info - request url : /shanghai/rent/undefined ; request params : {}
[2018-07-17 17:21:27.793] [INFO] info - request url : /shanghai/rent/5295b679cc7ed7c8.html ; request params : {}
[2018-07-17 17:21:28.486] [INFO] info - request url : /callNumber/getAgentInfoNewQrcode.rest?agentId=152862&subEstateId=21554&houseId=1477629&isSelfSupport=0&phoneNum=400-069-6130,25344 ; request params : {"agentId":"152862","subEstateId":"21554","houseId":"1477629","isSelfSupport":"0","phoneNum":"400-069-6130,25344"}
[2018-07-17 17:21:29.621] [INFO] info - request url : /shanghai/rent/undefined ; request params : {}
[2018-07-17 17:21:31.258] [INFO] info - request url : /shanghai/rent/4db9c151840b1b32.html ; request params : {}
[2018-07-17 17:21:32.247] [INFO] info - request url : /callNumber/getAgentInfoNewQrcode.rest?agentId=100705&subEstateId=35536&houseId=1477891&isSelfSupport=0&phoneNum=400-069-6130,25210 ; request params : {"agentId":"100705","subEstateId":"35536","houseId":"1477891","isSelfSupport":"0","phoneNum":"400-069-6130,25210"}
[2018-07-17 17:21:33.598] [INFO] info - request url : /shanghai/rent/undefined ; request params : {}
[2018-07-17 17:21:36.110] [INFO] info - request url : /shanghai/rent/634da4954821a9f9.html ; request params : {}
[2018-07-17 17:21:36.732] [INFO] info - request url : /callNumber/getAgentInfoNewQrcode.rest?agentId=152735&subEstateId=12348&houseId=1477884&isSelfSupport=0&phoneNum=400-069-6130,25333 ; request params : {"agentId":"152735","subEstateId":"12348","houseId":"1477884","isSelfSupport":"0","phoneNum":"400-069-6130,25333"}
[2018-07-17 17:21:37.943] [INFO] info - request url : /shanghai/rent/undefined ; request params : {}
[2018-07-17 17:21:51.826] [INFO] info - request url : /shanghai/rent/4db9c151840b1b32.html ; request params : {}
[2018-07-17 17:21:52.722] [INFO] info - request url : /callNumber/getAgentInfoNewQrcode.rest?agentId=100705&subEstateId=35536&houseId=1477891&isSelfSupport=0&phoneNum=400-069-6130,25210 ; request params : {"agentId":"100705","subEstateId":"35536","houseId":"1477891","isSelfSupport":"0","phoneNum":"400-069-6130,25210"}
[2018-07-17 17:21:53.838] [INFO] info - request url : /shanghai/rent/undefined ; request params : {}
[2018-07-17 17:21:56.954] [INFO] info - request url : /shanghai/rent/10df0f89b876f4ca.html ; request params : {}
[2018-07-17 17:21:57.545] [INFO] info - request url : /callNumber/getAgentInfoNewQrcode.rest?agentId=100619&subEstateId=12323&houseId=1477122&isSelfSupport=0&phoneNum=400-069-6130,25178 ; request params : {"agentId":"100619","subEstateId":"12323","houseId":"1477122","isSelfSupport":"0","phoneNum":"400-069-6130,25178"}
[2018-07-17 17:21:58.851] [INFO] info - request url : /shanghai/rent/undefined ; request params : {}
[2018-07-17 17:22:02.074] [INFO] info - request url : /shanghai/rent/648d505f7a134699.html ; request params : {}
[2018-07-17 17:22:02.693] [INFO] info - request url : /callNumber/getAgentInfoNewQrcode.rest?agentId=152735&subEstateId=12348&houseId=1477075&isSelfSupport=0&phoneNum=400-069-6130,25333 ; request params : {"agentId":"152735","subEstateId":"12348","houseId":"1477075","isSelfSupport":"0","phoneNum":"400-069-6130,25333"}
[2018-07-17 17:22:03.958] [INFO] info - request url : /shanghai/rent/undefined ; request params : {}
[2018-07-17 17:22:06.945] [INFO] info - request url : /shanghai/rent/947c8c332b5ab060.html ; request params : {}
[2018-07-17 17:22:07.519] [INFO] info - request url : /callNumber/getAgentInfoNewQrcode.rest?agentId=100890&subEstateId=24346&houseId=1477626&isSelfSupport=0&phoneNum=400-069-6130,25257 ; request params : {"agentId":"100890","subEstateId":"24346","houseId":"1477626","isSelfSupport":"0","phoneNum":"400-069-6130,25257"}
[2018-07-17 17:22:08.707] [INFO] info - request url : /shanghai/rent/undefined ; request params : {}
[2018-07-17 17:22:10.660] [INFO] info - request url : /shanghai/rent/db5a464870d152c8b5c5e760adb30ab3.html ; request params : {}
[2018-07-17 17:22:11.211] [INFO] info - request url : /callNumber/getAgentInfoNewQrcode.rest?agentId=101096&subEstateId=56272&houseId=1001027141&isSelfSupport=0&phoneNum=400-069-6130,25287 ; request params : {"agentId":"101096","subEstateId":"56272","houseId":"1001027141","isSelfSupport":"0","phoneNum":"400-069-6130,25287"}
[2018-07-17 17:22:12.299] [INFO] info - request url : /shanghai/rent/undefined ; request params : {}
[2018-07-17 17:22:52.903] [INFO] info - request url : /shanghai/rent/db5a464870d152c8b5c5e760adb30ab3.html ; request params : {}
[2018-07-17 17:22:53.873] [INFO] info - request url : /callNumber/getAgentInfoNewQrcode.rest?agentId=101096&subEstateId=56272&houseId=1001027141&isSelfSupport=0&phoneNum=400-069-6130,25287 ; request params : {"agentId":"101096","subEstateId":"56272","houseId":"1001027141","isSelfSupport":"0","phoneNum":"400-069-6130,25287"}
[2018-07-17 17:22:55.337] [INFO] info - request url : /shanghai/rent/undefined ; request params : {}
[2018-07-17 17:23:14.892] [INFO] info - request url : /shanghai/rent/db5a464870d152c8b5c5e760adb30ab3.html ; request params : {}
[2018-07-17 17:23:15.980] [INFO] info - request url : /callNumber/getAgentInfoNewQrcode.rest?agentId=101096&subEstateId=56272&houseId=1001027141&isSelfSupport=0&phoneNum=400-069-6130,25287 ; request params : {"agentId":"101096","subEstateId":"56272","houseId":"1001027141","isSelfSupport":"0","phoneNum":"400-069-6130,25287"}
[2018-07-17 17:23:17.132] [INFO] info - request url : /shanghai/rent/undefined ; request params : {}
[2018-07-17 17:23:20.921] [INFO] info - request url : /shanghai/rent/a3b9efc34dc727ed.html ; request params : {}
[2018-07-17 17:23:21.630] [INFO] info - request url : /callNumber/getAgentInfoNewQrcode.rest?agentId=152617&subEstateId=12425&houseId=1477049&isSelfSupport=0&phoneNum=400-069-6130,25315 ; request params : {"agentId":"152617","subEstateId":"12425","houseId":"1477049","isSelfSupport":"0","phoneNum":"400-069-6130,25315"}
[2018-07-17 17:23:22.791] [INFO] info - request url : /shanghai/rent/undefined ; request params : {}
[2018-07-17 17:23:27.627] [INFO] info - request url : /shanghai/rent/87152dcf36cd8fff.html ; request params : {}
[2018-07-17 17:23:28.086] [INFO] info - request url : /callNumber/getAgentInfoNewQrcode.rest?agentId=152617&subEstateId=12606&houseId=1477630&isSelfSupport=0&phoneNum=400-069-6130,25315 ; request params : {"agentId":"152617","subEstateId":"12606","houseId":"1477630","isSelfSupport":"0","phoneNum":"400-069-6130,25315"}
[2018-07-17 17:23:29.255] [INFO] info - request url : /shanghai/rent/undefined ; request params : {}
[2018-07-17 17:23:32.769] [INFO] info - request url : /shanghai/rent/87152dcf36cd8fff.html ; request params : {}
[2018-07-17 17:23:33.232] [INFO] info - request url : /callNumber/getAgentInfoNewQrcode.rest?agentId=152617&subEstateId=12606&houseId=1477630&isSelfSupport=0&phoneNum=400-069-6130,25315 ; request params : {"agentId":"152617","subEstateId":"12606","houseId":"1477630","isSelfSupport":"0","phoneNum":"400-069-6130,25315"}
[2018-07-17 17:23:34.388] [INFO] info - request url : /shanghai/rent/undefined ; request params : {}
[2018-07-17 17:24:21.698] [INFO] info - request url : /shanghai/rent/87152dcf36cd8fff.html ; request params : {}
[2018-07-17 17:24:22.387] [INFO] info - request url : /callNumber/getAgentInfoNewQrcode.rest?agentId=152617&subEstateId=12606&houseId=1477630&isSelfSupport=0&phoneNum=400-069-6130,25315 ; request params : {"agentId":"152617","subEstateId":"12606","houseId":"1477630","isSelfSupport":"0","phoneNum":"400-069-6130,25315"}
[2018-07-17 17:24:23.722] [INFO] info - request url : /shanghai/rent/undefined ; request params : {}
[2018-07-17 17:24:59.559] [INFO] info - request url : /shanghai/rent/8de930e8a34d6905.html ; request params : {}
[2018-07-17 17:25:00.112] [INFO] info - request url : /callNumber/getAgentInfoNewQrcode.rest?agentId=100619&subEstateId=12321&houseId=1466816&isSelfSupport=0&phoneNum=400-069-6130,25178 ; request params : {"agentId":"100619","subEstateId":"12321","houseId":"1466816","isSelfSupport":"0","phoneNum":"400-069-6130,25178"}
[2018-07-17 17:25:01.326] [INFO] info - request url : /shanghai/rent/undefined ; request params : {}
[2018-07-17 17:25:09.743] [INFO] info - request url : /shanghai/rent/2733c91cb9ee318f.html ; request params : {}
[2018-07-17 17:25:10.883] [INFO] info - request url : /callNumber/getAgentInfoNewQrcode.rest?agentId=152617&subEstateId=39295&houseId=1477892&isSelfSupport=0&phoneNum=400-069-6130,25315 ; request params : {"agentId":"152617","subEstateId":"39295","houseId":"1477892","isSelfSupport":"0","phoneNum":"400-069-6130,25315"}
[2018-07-17 17:25:11.945] [INFO] info - request url : /shanghai/rent/undefined ; request params : {}
[2018-07-17 17:26:50.374] [INFO] info - request url : /shanghai/rent/2733c91cb9ee318f.html ; request params : {}
[2018-07-17 17:26:50.956] [INFO] info - request url : /callNumber/getAgentInfoNewQrcode.rest?agentId=152617&subEstateId=39295&houseId=1477892&isSelfSupport=0&phoneNum=400-069-6130,25315 ; request params : {"agentId":"152617","subEstateId":"39295","houseId":"1477892","isSelfSupport":"0","phoneNum":"400-069-6130,25315"}
[2018-07-17 17:26:52.056] [INFO] info - request url : /shanghai/rent/undefined ; request params : {}
[2018-07-17 17:28:50.965] [INFO] info - request url : /callNumber/getAgentInfoNewQrcode.rest?agentId=152617&subEstateId=39295&houseId=1477892&isSelfSupport=0&phoneNum=400-069-6130,25315 ; request params : {"agentId":"152617","subEstateId":"39295","houseId":"1477892","isSelfSupport":"0","phoneNum":"400-069-6130,25315"}
[2018-07-17 17:31:14.972] [INFO] info - request url : /shanghai/rent/2733c91cb9ee318f.html ; request params : {}
[2018-07-17 17:31:15.520] [INFO] info - request url : /callNumber/getAgentInfoNewQrcode.rest?agentId=152617&subEstateId=39295&houseId=1477892&isSelfSupport=0&phoneNum=400-069-6130,25315 ; request params : {"agentId":"152617","subEstateId":"39295","houseId":"1477892","isSelfSupport":"0","phoneNum":"400-069-6130,25315"}
[2018-07-17 17:31:16.751] [INFO] info - request url : /shanghai/rent/undefined ; request params : {}
[2018-07-17 17:33:15.527] [INFO] info - request url : /callNumber/getAgentInfoNewQrcode.rest?agentId=152617&subEstateId=39295&houseId=1477892&isSelfSupport=0&phoneNum=400-069-6130,25315 ; request params : {"agentId":"152617","subEstateId":"39295","houseId":"1477892","isSelfSupport":"0","phoneNum":"400-069-6130,25315"}
[2018-07-17 17:36:48.119] [INFO] info - request url : /nantong/rent/ ; request params : {}
[2018-07-17 17:36:51.536] [INFO] info - request url : /nantong/rent/9988f65775c45e4b39be60a5cc6818fd.html ; request params : {}
[2018-07-17 17:40:08.760] [INFO] info - request url : /nantong/rent/9988f65775c45e4b39be60a5cc6818fd.html ; request params : {}
[2018-07-17 17:40:13.806] [INFO] info - request url : /nantong/rent/75385d464ca7d2177d1028c7d6ac98ed.html ; request params : {}
[2018-07-17 17:40:15.672] [INFO] info - request url : /nantong/rent/undefined ; request params : {}
[2018-07-17 17:40:19.949] [INFO] info - request url : /nantong/rent/9988f65775c45e4b39be60a5cc6818fd.html ; request params : {}
[2018-07-17 17:42:46.364] [INFO] info - request url : /nantong/rent/9988f65775c45e4b39be60a5cc6818fd.html ; request params : {}
[2018-07-17 17:43:55.120] [INFO] info - request url : /nantong/rent/75385d464ca7d2177d1028c7d6ac98ed.html ; request params : {}
[2018-07-17 17:43:58.326] [INFO] info - request url : /nantong/rent/undefined ; request params : {}
[2018-07-17 17:46:22.411] [INFO] info - request url : /callNumber/getAgentInfoNewQrcode.rest?agentId=152617&subEstateId=39295&houseId=1477892&isSelfSupport=0&phoneNum=400-069-6130,25315 ; request params : {"agentId":"152617","subEstateId":"39295","houseId":"1477892","isSelfSupport":"0","phoneNum":"400-069-6130,25315"}
[2018-07-17 17:46:25.359] [INFO] info - request url : /callNumber/getAgentInfoNewQrcode.rest?agentId=152617&subEstateId=39295&houseId=1477892&isSelfSupport=0&phoneNum=400-069-6130,25315 ; request params : {"agentId":"152617","subEstateId":"39295","houseId":"1477892","isSelfSupport":"0","phoneNum":"400-069-6130,25315"}
[2018-07-17 17:47:38.433] [INFO] info - request url : /nantong/rent/9988f65775c45e4b39be60a5cc6818fd.html ; request params : {}
[2018-07-17 17:47:56.489] [INFO] info - request url : /nantong/rent/75385d464ca7d2177d1028c7d6ac98ed.html ; request params : {}
[2018-07-17 17:47:58.460] [INFO] info - request url : /nantong/rent/undefined ; request params : {}
[2018-07-17 17:48:03.781] [INFO] info - request url : /nantong/rent/9988f65775c45e4b39be60a5cc6818fd.html ; request params : {}
[2018-07-17 17:49:27.760] [INFO] info - request url : /nantong/rent/9988f65775c45e4b39be60a5cc6818fd.html ; request params : {}
[2018-07-17 17:49:33.921] [INFO] info - request url : /nantong/rent/75385d464ca7d2177d1028c7d6ac98ed.html ; request params : {}
[2018-07-17 17:49:35.613] [INFO] info - request url : /nantong/rent/undefined ; request params : {}
[2018-07-17 17:50:33.545] [INFO] info - request url : /nantong/rent/75385d464ca7d2177d1028c7d6ac98ed.html ; request params : {}
[2018-07-17 17:50:35.030] [INFO] info - request url : /nantong/rent/undefined ; request params : {}
[2018-07-17 17:51:33.747] [INFO] info - request url : /nantong/rent/75385d464ca7d2177d1028c7d6ac98ed.html ; request params : {}
[2018-07-17 17:51:35.573] [INFO] info - request url : /nantong/rent/undefined ; request params : {}
