[2018-07-18 09:12:31.034] [INFO] info - request url : /shanghai/rent ; request params : {}
[2018-07-18 09:12:33.706] [INFO] info - request url : /shanghai/rent/fd1c4cb9e67a7dac09b98a36e7551ec8.html ; request params : {}
[2018-07-18 09:12:35.870] [INFO] info - request url : /shanghai/rent/0f905b5dad655e8f.html ; request params : {}
[2018-07-18 09:12:36.890] [INFO] info - request url : /callNumber/getAgentInfoNewQrcode.rest?agentId=100574&subEstateId=34677&houseId=1477880&isSelfSupport=0&phoneNum=400-069-6130,25173 ; request params : {"agentId":"100574","subEstateId":"34677","houseId":"1477880","isSelfSupport":"0","phoneNum":"400-069-6130,25173"}
[2018-07-18 09:12:38.016] [INFO] info - request url : /shanghai/rent/undefined ; request params : {}
[2018-07-18 09:13:13.744] [INFO] info - request url : /shanghai/rent ; request params : {}
[2018-07-18 09:13:36.043] [INFO] info - request url : /shanghai/rent/di-54 ; request params : {}
[2018-07-18 09:13:43.391] [INFO] info - request url : /shanghai/rent/li-100043 ; request params : {}
[2018-07-18 09:13:48.680] [INFO] info - request url : /shanghai/rent/li-100044 ; request params : {}
[2018-07-18 09:13:51.534] [INFO] info - request url : /shanghai/rent/li-100051 ; request params : {}
[2018-07-18 09:13:54.263] [INFO] info - request url : /shanghai/rent/li-100048 ; request params : {}
[2018-07-18 09:14:53.047] [INFO] info - request url : /investment.html ; request params : {}
[2018-07-18 09:14:59.695] [INFO] info - request url : /partnerCity.html ; request params : {}
[2018-07-18 09:15:39.221] [INFO] info - request url : /shanghai/rent/li-100048 ; request params : {}
[2018-07-18 09:16:43.565] [INFO] info - request url : /shanghai/rent/10df0f89b876f4ca.html ; request params : {}
[2018-07-18 09:16:44.672] [INFO] info - request url : /callNumber/getAgentInfoNewQrcode.rest?agentId=100619&subEstateId=12323&houseId=1477122&isSelfSupport=0&phoneNum=400-069-6130,25178 ; request params : {"agentId":"100619","subEstateId":"12323","houseId":"1477122","isSelfSupport":"0","phoneNum":"400-069-6130,25178"}
[2018-07-18 09:16:46.113] [INFO] info - request url : /shanghai/rent/undefined ; request params : {}
[2018-07-18 09:18:44.686] [INFO] info - request url : /callNumber/getAgentInfoNewQrcode.rest?agentId=100619&subEstateId=12323&houseId=1477122&isSelfSupport=0&phoneNum=400-069-6130,25178 ; request params : {"agentId":"100619","subEstateId":"12323","houseId":"1477122","isSelfSupport":"0","phoneNum":"400-069-6130,25178"}
[2018-07-18 11:58:27.057] [INFO] info - request url : /shanghai/rent/10df0f89b876f4ca.html ; request params : {}
[2018-07-18 11:58:28.910] [INFO] info - request url : /callNumber/getAgentInfoNewQrcode.rest?agentId=100619&subEstateId=12323&houseId=1477122&isSelfSupport=0&phoneNum=400-069-6130,25178 ; request params : {"agentId":"100619","subEstateId":"12323","houseId":"1477122","isSelfSupport":"0","phoneNum":"400-069-6130,25178"}
[2018-07-18 11:58:30.725] [INFO] info - request url : /shanghai/rent/undefined ; request params : {}
[2018-07-18 12:00:28.919] [INFO] info - request url : /callNumber/getAgentInfoNewQrcode.rest?agentId=100619&subEstateId=12323&houseId=1477122&isSelfSupport=0&phoneNum=400-069-6130,25178 ; request params : {"agentId":"100619","subEstateId":"12323","houseId":"1477122","isSelfSupport":"0","phoneNum":"400-069-6130,25178"}
[2018-07-18 13:28:00.637] [INFO] info - request url : /shanghai/rent/10df0f89b876f4ca.html ; request params : {}
[2018-07-18 13:28:05.229] [INFO] info - request url : /callNumber/getAgentInfoNewQrcode.rest?agentId=152735&subEstateId=12323&houseId=1477122&isSelfSupport=0&phoneNum=400-069-6130,25333 ; request params : {"agentId":"152735","subEstateId":"12323","houseId":"1477122","isSelfSupport":"0","phoneNum":"400-069-6130,25333"}
[2018-07-18 13:28:10.929] [INFO] info - request url : /shanghai/rent/10df0f89b876f4ca.html ; request params : {}
[2018-07-18 13:28:11.465] [INFO] info - request url : /callNumber/getAgentInfoNewQrcode.rest?agentId=100619&subEstateId=12323&houseId=1477122&isSelfSupport=0&phoneNum=400-069-6130,25178 ; request params : {"agentId":"100619","subEstateId":"12323","houseId":"1477122","isSelfSupport":"0","phoneNum":"400-069-6130,25178"}
[2018-07-18 13:28:28.177] [INFO] info - request url : /shanghai/rent/10df0f89b876f4ca.html ; request params : {}
[2018-07-18 13:28:29.674] [INFO] info - request url : /callNumber/getAgentInfoNewQrcode.rest?agentId=152735&subEstateId=12323&houseId=1477122&isSelfSupport=0&phoneNum=400-069-6130,25333 ; request params : {"agentId":"152735","subEstateId":"12323","houseId":"1477122","isSelfSupport":"0","phoneNum":"400-069-6130,25333"}
[2018-07-18 13:28:30.754] [INFO] info - request url : /shanghai/rent/undefined ; request params : {}
[2018-07-18 13:30:29.724] [INFO] info - request url : /callNumber/getAgentInfoNewQrcode.rest?agentId=152735&subEstateId=12323&houseId=1477122&isSelfSupport=0&phoneNum=400-069-6130,25333 ; request params : {"agentId":"152735","subEstateId":"12323","houseId":"1477122","isSelfSupport":"0","phoneNum":"400-069-6130,25333"}
[2018-07-18 13:33:19.811] [INFO] info - request url : /shanghai/rent/10df0f89b876f4ca.html ; request params : {}
[2018-07-18 13:33:20.496] [INFO] info - request url : /callNumber/getAgentInfoNewQrcode.rest?agentId=100619&subEstateId=12323&houseId=1477122&isSelfSupport=0&phoneNum=400-069-6130,25178 ; request params : {"agentId":"100619","subEstateId":"12323","houseId":"1477122","isSelfSupport":"0","phoneNum":"400-069-6130,25178"}
[2018-07-18 13:33:22.262] [INFO] info - request url : /shanghai/rent/undefined ; request params : {}
[2018-07-18 13:33:29.893] [INFO] info - request url : /shanghai/rent/10df0f89b876f4ca.html ; request params : {}
[2018-07-18 13:33:30.885] [INFO] info - request url : /callNumber/getAgentInfoNewQrcode.rest?agentId=152735&subEstateId=12323&houseId=1477122&isSelfSupport=0&phoneNum=400-069-6130,25333 ; request params : {"agentId":"152735","subEstateId":"12323","houseId":"1477122","isSelfSupport":"0","phoneNum":"400-069-6130,25333"}
[2018-07-18 13:33:32.827] [INFO] info - request url : /shanghai/rent/undefined ; request params : {}
[2018-07-18 13:33:55.831] [INFO] info - request url : /shanghai/rent/10df0f89b876f4ca.html ; request params : {}
[2018-07-18 13:33:56.462] [INFO] info - request url : /callNumber/getAgentInfoNewQrcode.rest?agentId=100619&subEstateId=12323&houseId=1477122&isSelfSupport=0&phoneNum=400-069-6130,25178 ; request params : {"agentId":"100619","subEstateId":"12323","houseId":"1477122","isSelfSupport":"0","phoneNum":"400-069-6130,25178"}
[2018-07-18 13:33:57.757] [INFO] info - request url : /shanghai/rent/undefined ; request params : {}
[2018-07-18 13:35:56.467] [INFO] info - request url : /callNumber/getAgentInfoNewQrcode.rest?agentId=100619&subEstateId=12323&houseId=1477122&isSelfSupport=0&phoneNum=400-069-6130,25178 ; request params : {"agentId":"100619","subEstateId":"12323","houseId":"1477122","isSelfSupport":"0","phoneNum":"400-069-6130,25178"}
[2018-07-18 13:36:18.755] [INFO] info - request url : /shanghai/rent/10df0f89b876f4ca.html ; request params : {}
[2018-07-18 13:36:19.334] [INFO] info - request url : /callNumber/getAgentInfoNewQrcode.rest?agentId=152735&subEstateId=12323&houseId=1477122&isSelfSupport=0&phoneNum=400-069-6130,25333 ; request params : {"agentId":"152735","subEstateId":"12323","houseId":"1477122","isSelfSupport":"0","phoneNum":"400-069-6130,25333"}
[2018-07-18 13:36:20.880] [INFO] info - request url : /shanghai/rent/undefined ; request params : {}
[2018-07-18 13:36:29.798] [INFO] info - request url : /shanghai/rent/10df0f89b876f4ca.html ; request params : {}
[2018-07-18 13:36:30.775] [INFO] info - request url : /callNumber/getAgentInfoNewQrcode.rest?agentId=100619&subEstateId=12323&houseId=1477122&isSelfSupport=0&phoneNum=400-069-6130,25178 ; request params : {"agentId":"100619","subEstateId":"12323","houseId":"1477122","isSelfSupport":"0","phoneNum":"400-069-6130,25178"}
[2018-07-18 13:36:32.415] [INFO] info - request url : /shanghai/rent/undefined ; request params : {}
[2018-07-18 13:37:11.129] [INFO] info - request url : /shanghai/rent/10df0f89b876f4ca.html ; request params : {}
[2018-07-18 13:37:11.643] [INFO] info - request url : /callNumber/getAgentInfoNewQrcode.rest?agentId=152735&subEstateId=12323&houseId=1477122&isSelfSupport=0&phoneNum=400-069-6130,25333 ; request params : {"agentId":"152735","subEstateId":"12323","houseId":"1477122","isSelfSupport":"0","phoneNum":"400-069-6130,25333"}
[2018-07-18 13:37:12.916] [INFO] info - request url : /shanghai/rent/undefined ; request params : {}
[2018-07-18 13:39:11.657] [INFO] info - request url : /callNumber/getAgentInfoNewQrcode.rest?agentId=152735&subEstateId=12323&houseId=1477122&isSelfSupport=0&phoneNum=400-069-6130,25333 ; request params : {"agentId":"152735","subEstateId":"12323","houseId":"1477122","isSelfSupport":"0","phoneNum":"400-069-6130,25333"}
[2018-07-18 13:55:52.495] [INFO] info - request url : /shanghai/ ; request params : {}
[2018-07-18 13:56:31.828] [INFO] info - request url : /shanghai ; request params : {}
[2018-07-18 13:57:41.344] [INFO] info - request url : /shanghai ; request params : {}
[2018-07-18 13:58:55.068] [INFO] info - request url : /shanghai/rent ; request params : {}
[2018-07-18 13:58:59.052] [INFO] info - request url : /shanghai/rent ; request params : {}
[2018-07-18 14:00:01.879] [INFO] info - request url : /shanghai/rent/fd1c4cb9e67a7dac09b98a36e7551ec8.html ; request params : {}
[2018-07-18 14:09:58.016] [INFO] info - request url : /shanghai/rent/fd1c4cb9e67a7dac09b98a36e7551ec8.html ; request params : {}
[2018-07-18 14:09:59.589] [INFO] info - request url : /shanghai/rent/fd1c4cb9e67a7dac09b98a36e7551ec8.html ; request params : {}
[2018-07-18 14:18:35.963] [INFO] info - request url : /shanghai/rent/fd1c4cb9e67a7dac09b98a36e7551ec8.html ; request params : {}
[2018-07-18 14:18:40.009] [INFO] info - request url : /shanghai/rent ; request params : {}
[2018-07-18 14:19:28.922] [INFO] info - request url : /shanghai/rent ; request params : {}
[2018-07-18 14:19:32.311] [INFO] info - request url : /shanghai/rent/591ef059c3da9c8a.html ; request params : {}
[2018-07-18 14:19:33.717] [INFO] info - request url : /callNumber/getAgentInfoNewQrcode.rest?agentId=152617&subEstateId=12332&houseId=1477450&isSelfSupport=0&phoneNum=400-069-6130,25315 ; request params : {"agentId":"152617","subEstateId":"12332","houseId":"1477450","isSelfSupport":"0","phoneNum":"400-069-6130,25315"}
[2018-07-18 14:19:34.792] [INFO] info - request url : /shanghai/rent/undefined ; request params : {}
[2018-07-18 14:20:00.055] [INFO] info - request url : /shanghai/rent/4db9c151840b1b32 ; request params : {}
[2018-07-18 14:20:05.959] [INFO] info - request url : /shanghai/rent/4db9c151840b1b32.html ; request params : {}
[2018-07-18 14:20:06.582] [INFO] info - request url : /callNumber/getAgentInfoNewQrcode.rest?agentId=100705&subEstateId=35536&houseId=1477891&isSelfSupport=0&phoneNum=400-069-6130,25210 ; request params : {"agentId":"100705","subEstateId":"35536","houseId":"1477891","isSelfSupport":"0","phoneNum":"400-069-6130,25210"}
[2018-07-18 14:20:07.421] [INFO] info - request url : /shanghai/rent/undefined ; request params : {}
[2018-07-18 14:22:06.597] [INFO] info - request url : /callNumber/getAgentInfoNewQrcode.rest?agentId=100705&subEstateId=35536&houseId=1477891&isSelfSupport=0&phoneNum=400-069-6130,25210 ; request params : {"agentId":"100705","subEstateId":"35536","houseId":"1477891","isSelfSupport":"0","phoneNum":"400-069-6130,25210"}
[2018-07-18 14:26:44.202] [INFO] info - request url : /shanghai/rent/4db9c151840b1b32.html ; request params : {}
[2018-07-18 14:26:44.949] [INFO] info - request url : /callNumber/getAgentInfoNewQrcode.rest?agentId=100705&subEstateId=35536&houseId=1477891&isSelfSupport=0&phoneNum=400-069-6130,25210 ; request params : {"agentId":"100705","subEstateId":"35536","houseId":"1477891","isSelfSupport":"0","phoneNum":"400-069-6130,25210"}
[2018-07-18 14:26:46.086] [INFO] info - request url : /shanghai/rent/undefined ; request params : {}
[2018-07-18 14:27:10.619] [INFO] info - request url : /shanghai/rent/5a9f5179bb7587f56713cc85e743153e.html ; request params : {}
[2018-07-18 14:28:01.853] [INFO] info - request url : /shanghai/rent/4db9c151840b1b32.html ; request params : {}
[2018-07-18 14:28:02.885] [INFO] info - request url : /callNumber/getAgentInfoNewQrcode.rest?agentId=100705&subEstateId=35536&houseId=1477891&isSelfSupport=0&phoneNum=400-069-6130,25210 ; request params : {"agentId":"100705","subEstateId":"35536","houseId":"1477891","isSelfSupport":"0","phoneNum":"400-069-6130,25210"}
[2018-07-18 14:28:03.639] [INFO] info - request url : /shanghai/rent/undefined ; request params : {}
[2018-07-18 14:58:50.454] [INFO] info - request url : /shanghai/rent/4db9c151840b1b32.html ; request params : {}
[2018-07-18 14:58:51.542] [INFO] info - request url : /callNumber/getAgentInfoNewQrcode.rest?agentId=100705&subEstateId=35536&houseId=1477891&isSelfSupport=0&phoneNum=400-069-6130,25210 ; request params : {"agentId":"100705","subEstateId":"35536","houseId":"1477891","isSelfSupport":"0","phoneNum":"400-069-6130,25210"}
[2018-07-18 14:58:52.085] [INFO] info - request url : /api/common/bigdata?type=1&city=%E4%B8%8A%E6%B5%B7&cookieId=b4305423-dd0b-c31c-2cf9-7c70260d1792&pageName=1233 ; request params : {"type":"1","city":"上海","cookieId":"b4305423-dd0b-c31c-2cf9-7c70260d1792","pageName":"1233"}
[2018-07-18 14:58:52.832] [INFO] info - request url : /shanghai/rent/undefined ; request params : {}
[2018-07-18 14:59:18.481] [INFO] info - request url : /shanghai/rent/4db9c151840b1b32.html ; request params : {}
[2018-07-18 14:59:19.407] [INFO] info - request url : /callNumber/getAgentInfoNewQrcode.rest?agentId=100705&subEstateId=35536&houseId=1477891&isSelfSupport=0&phoneNum=400-069-6130,25210 ; request params : {"agentId":"100705","subEstateId":"35536","houseId":"1477891","isSelfSupport":"0","phoneNum":"400-069-6130,25210"}
[2018-07-18 14:59:19.993] [INFO] info - request url : /api/common/bigdata?type=1&city=%E4%B8%8A%E6%B5%B7&cookieId=b4305423-dd0b-c31c-2cf9-7c70260d1792&pageName=1233 ; request params : {"type":"1","city":"上海","cookieId":"b4305423-dd0b-c31c-2cf9-7c70260d1792","pageName":"1233"}
[2018-07-18 14:59:20.967] [INFO] info - request url : /shanghai/rent/undefined ; request params : {}
[2018-07-18 15:01:19.417] [INFO] info - request url : /callNumber/getAgentInfoNewQrcode.rest?agentId=100705&subEstateId=35536&houseId=1477891&isSelfSupport=0&phoneNum=400-069-6130,25210 ; request params : {"agentId":"100705","subEstateId":"35536","houseId":"1477891","isSelfSupport":"0","phoneNum":"400-069-6130,25210"}
[2018-07-18 15:15:22.640] [INFO] info - request url : /api/common/bigdata?type=2&city=%E4%B8%8A%E6%B5%B7&cookieId=b4305423-dd0b-c31c-2cf9-7c70260d1792&eventName=1204030 ; request params : {"type":"2","city":"上海","cookieId":"b4305423-dd0b-c31c-2cf9-7c70260d1792","eventName":"1204030"}
[2018-07-18 15:57:12.089] [INFO] info - request url : /shanghai/agent/313927f58ec93a26.html ; request params : {}
[2018-07-18 15:59:12.378] [INFO] info - request url : /shanghai/agent/313927f58ec93a26.html ; request params : {}
[2018-07-18 15:59:14.950] [INFO] info - request url : /shanghai/agent/313927f58ec93a26.html ; request params : {}
[2018-07-18 15:59:15.381] [INFO] info - request url : /shanghai/agent/313927f58ec93a26.html ; request params : {}
[2018-07-18 15:59:17.058] [INFO] info - request url : /callNumber/getAgentInfoNewQrcode.rest?agentId=100705&subEstateId=35536&houseId=1477891&isSelfSupport=0&phoneNum=400-069-6130,25210 ; request params : {"agentId":"100705","subEstateId":"35536","houseId":"1477891","isSelfSupport":"0","phoneNum":"400-069-6130,25210"}
[2018-07-18 16:41:47.984] [INFO] info - request url : /shanghai/rent/5a9f5179bb7587f56713cc85e743153e.html ; request params : {}
[2018-07-18 16:43:48.207] [INFO] info - request url : /shanghai/rent/5a9f5179bb7587f56713cc85e743153e.html ; request params : {}
[2018-07-18 16:43:49.540] [INFO] info - request url : /shanghai/rent/5a9f5179bb7587f56713cc85e743153e.html ; request params : {}
[2018-07-18 16:44:51.363] [INFO] info - request url : /shanghai/rent/5a9f5179bb7587f56713cc85e743153e.html ; request params : {}
[2018-07-18 16:46:07.881] [INFO] info - request url : /shanghai/rent ; request params : {}
[2018-07-18 16:47:48.905] [INFO] info - request url : /shanghai/rent ; request params : {}
[2018-07-18 16:47:50.180] [INFO] info - request url : /api/common/bigdata?type=1&city=%E4%B8%8A%E6%B5%B7&cookieId=b4305423-dd0b-c31c-2cf9-7c70260d1792&pageName=1232 ; request params : {"type":"1","city":"上海","cookieId":"b4305423-dd0b-c31c-2cf9-7c70260d1792","pageName":"1232"}
[2018-07-18 16:47:55.066] [INFO] info - request url : /api/common/bigdata?type=2&city=%E4%B8%8A%E6%B5%B7&cookieId=b4305423-dd0b-c31c-2cf9-7c70260d1792&eventName=1202049&eventParam%5Bboutique%5D=0&eventParam%5Bhouse_id%5D=1477450 ; request params : {"type":"2","city":"上海","cookieId":"b4305423-dd0b-c31c-2cf9-7c70260d1792","eventName":"1202049","eventParam":{"boutique":"0","house_id":"1477450"}}
[2018-07-18 16:47:55.110] [INFO] info - request url : /shanghai/rent/591ef059c3da9c8a.html ; request params : {}
[2018-07-18 16:47:56.370] [INFO] info - request url : /callNumber/getAgentInfoNewQrcode.rest?agentId=152617&subEstateId=12332&houseId=1477450&isSelfSupport=0&phoneNum=400-069-6130,25315 ; request params : {"agentId":"152617","subEstateId":"12332","houseId":"1477450","isSelfSupport":"0","phoneNum":"400-069-6130,25315"}
[2018-07-18 16:47:56.724] [INFO] info - request url : /api/common/bigdata?type=1&city=%E4%B8%8A%E6%B5%B7&cookieId=b4305423-dd0b-c31c-2cf9-7c70260d1792&pageName=1233 ; request params : {"type":"1","city":"上海","cookieId":"b4305423-dd0b-c31c-2cf9-7c70260d1792","pageName":"1233"}
[2018-07-18 16:47:57.435] [INFO] info - request url : /shanghai/rent/undefined ; request params : {}
[2018-07-18 16:48:01.124] [INFO] info - request url : /api/common/bigdata?type=2&city=%E4%B8%8A%E6%B5%B7&cookieId=b4305423-dd0b-c31c-2cf9-7c70260d1792&eventName=1202049&eventParam%5Bboutique%5D=0&eventParam%5Bhouse_id%5D=1477122 ; request params : {"type":"2","city":"上海","cookieId":"b4305423-dd0b-c31c-2cf9-7c70260d1792","eventName":"1202049","eventParam":{"boutique":"0","house_id":"1477122"}}
[2018-07-18 16:48:01.177] [INFO] info - request url : /shanghai/rent/10df0f89b876f4ca.html ; request params : {}
[2018-07-18 16:48:01.880] [INFO] info - request url : /callNumber/getAgentInfoNewQrcode.rest?agentId=100619&subEstateId=12323&houseId=1477122&isSelfSupport=0&phoneNum=400-069-6130,25178 ; request params : {"agentId":"100619","subEstateId":"12323","houseId":"1477122","isSelfSupport":"0","phoneNum":"400-069-6130,25178"}
[2018-07-18 16:48:02.238] [INFO] info - request url : /api/common/bigdata?type=1&city=%E4%B8%8A%E6%B5%B7&cookieId=b4305423-dd0b-c31c-2cf9-7c70260d1792&pageName=1233 ; request params : {"type":"1","city":"上海","cookieId":"b4305423-dd0b-c31c-2cf9-7c70260d1792","pageName":"1233"}
[2018-07-18 16:48:03.442] [INFO] info - request url : /shanghai/rent/undefined ; request params : {}
[2018-07-18 16:48:43.557] [INFO] info - request url : /api/common/bigdata?type=2&city=%E4%B8%8A%E6%B5%B7&cookieId=b4305423-dd0b-c31c-2cf9-7c70260d1792&eventName=1202049&eventParam%5Bboutique%5D=0&eventParam%5Bhouse_id%5D=1001027141 ; request params : {"type":"2","city":"上海","cookieId":"b4305423-dd0b-c31c-2cf9-7c70260d1792","eventName":"1202049","eventParam":{"boutique":"0","house_id":"1001027141"}}
[2018-07-18 16:48:43.613] [INFO] info - request url : /shanghai/rent/db5a464870d152c8b5c5e760adb30ab3.html ; request params : {}
[2018-07-18 16:48:45.021] [INFO] info - request url : /callNumber/getAgentInfoNewQrcode.rest?agentId=101096&subEstateId=56272&houseId=1001027141&isSelfSupport=0&phoneNum=400-069-6130,25287 ; request params : {"agentId":"101096","subEstateId":"56272","houseId":"1001027141","isSelfSupport":"0","phoneNum":"400-069-6130,25287"}
[2018-07-18 16:48:45.358] [INFO] info - request url : /api/common/bigdata?type=1&city=%E4%B8%8A%E6%B5%B7&cookieId=b4305423-dd0b-c31c-2cf9-7c70260d1792&pageName=1233 ; request params : {"type":"1","city":"上海","cookieId":"b4305423-dd0b-c31c-2cf9-7c70260d1792","pageName":"1233"}
[2018-07-18 16:48:46.126] [INFO] info - request url : /shanghai/rent/undefined ; request params : {}
[2018-07-18 16:49:08.828] [INFO] info - request url : /api/common/bigdata?type=2&city=%E4%B8%8A%E6%B5%B7&cookieId=b4305423-dd0b-c31c-2cf9-7c70260d1792&eventName=1202049&eventParam%5Bboutique%5D=0&eventParam%5Bhouse_id%5D=1000007809 ; request params : {"type":"2","city":"上海","cookieId":"b4305423-dd0b-c31c-2cf9-7c70260d1792","eventName":"1202049","eventParam":{"boutique":"0","house_id":"1000007809"}}
[2018-07-18 16:49:08.876] [INFO] info - request url : /shanghai/rent/f4d708f687d5373b653bf3b97151f52b.html ; request params : {}
[2018-07-18 16:49:09.836] [INFO] info - request url : /callNumber/getAgentInfoNewQrcode.rest?agentId=152617&subEstateId=17192&houseId=1000007809&isSelfSupport=0&phoneNum=400-069-6130,25315 ; request params : {"agentId":"152617","subEstateId":"17192","houseId":"1000007809","isSelfSupport":"0","phoneNum":"400-069-6130,25315"}
[2018-07-18 16:49:10.171] [INFO] info - request url : /api/common/bigdata?type=1&city=%E4%B8%8A%E6%B5%B7&cookieId=b4305423-dd0b-c31c-2cf9-7c70260d1792&pageName=1233 ; request params : {"type":"1","city":"上海","cookieId":"b4305423-dd0b-c31c-2cf9-7c70260d1792","pageName":"1233"}
[2018-07-18 16:49:11.342] [INFO] info - request url : /shanghai/rent/undefined ; request params : {}
[2018-07-18 16:51:09.849] [INFO] info - request url : /callNumber/getAgentInfoNewQrcode.rest?agentId=152617&subEstateId=17192&houseId=1000007809&isSelfSupport=0&phoneNum=400-069-6130,25315 ; request params : {"agentId":"152617","subEstateId":"17192","houseId":"1000007809","isSelfSupport":"0","phoneNum":"400-069-6130,25315"}
[2018-07-18 17:02:24.068] [INFO] info - request url : /shanghai/rent/f4d708f687d5373b653bf3b97151f52b.html ; request params : {}
[2018-07-18 17:02:31.929] [INFO] info - request url : /api/common/bigdata?type=2&city=%E4%B8%8A%E6%B5%B7&cookieId=b4305423-dd0b-c31c-2cf9-7c70260d1792&eventName=1204030 ; request params : {"type":"2","city":"上海","cookieId":"b4305423-dd0b-c31c-2cf9-7c70260d1792","eventName":"1204030"}
[2018-07-18 17:02:33.769] [INFO] info - request url : /api/common/bigdata?type=2&city=%E4%B8%8A%E6%B5%B7&cookieId=b4305423-dd0b-c31c-2cf9-7c70260d1792&eventName=1204030 ; request params : {"type":"2","city":"上海","cookieId":"b4305423-dd0b-c31c-2cf9-7c70260d1792","eventName":"1204030"}
[2018-07-18 17:02:48.271] [INFO] info - request url : /shanghai/rent/f4d708f687d5373b653bf3b97151f52b.html ; request params : {}
[2018-07-18 17:03:02.829] [INFO] info - request url : /shanghai/rent/ ; request params : {}
[2018-07-18 17:03:38.573] [INFO] info - request url : /shanghai/rent/f4d708f687d5373b653bf3b97151f52b.html ; request params : {}
[2018-07-18 17:03:59.696] [INFO] info - request url : /callNumber/getAgentInfoNewQrcode.rest?agentId=100705&subEstateId=17192&houseId=1000007809&isSelfSupport=0&phoneNum=400-069-6130,25210 ; request params : {"agentId":"100705","subEstateId":"17192","houseId":"1000007809","isSelfSupport":"0","phoneNum":"400-069-6130,25210"}
[2018-07-18 17:04:00.542] [INFO] info - request url : /api/common/bigdata?type=1&city=%E4%B8%8A%E6%B5%B7&cookieId=b4305423-dd0b-c31c-2cf9-7c70260d1792&pageName=1233 ; request params : {"type":"1","city":"上海","cookieId":"b4305423-dd0b-c31c-2cf9-7c70260d1792","pageName":"1233"}
[2018-07-18 17:04:18.588] [INFO] info - request url : /shanghai/rent/undefined ; request params : {}
[2018-07-18 17:04:52.982] [INFO] info - request url : /shanghai/rent ; request params : {}
[2018-07-18 17:04:54.823] [INFO] info - request url : /api/common/bigdata?type=1&city=%E4%B8%8A%E6%B5%B7&cookieId=b4305423-dd0b-c31c-2cf9-7c70260d1792&pageName=1232 ; request params : {"type":"1","city":"上海","cookieId":"b4305423-dd0b-c31c-2cf9-7c70260d1792","pageName":"1232"}
[2018-07-18 17:04:56.571] [INFO] info - request url : /api/common/bigdata?type=2&city=%E4%B8%8A%E6%B5%B7&cookieId=b4305423-dd0b-c31c-2cf9-7c70260d1792&eventName=1202049&eventParam%5Bboutique%5D=0&eventParam%5Bhouse_id%5D=1477880 ; request params : {"type":"2","city":"上海","cookieId":"b4305423-dd0b-c31c-2cf9-7c70260d1792","eventName":"1202049","eventParam":{"boutique":"0","house_id":"1477880"}}
[2018-07-18 17:04:56.606] [INFO] info - request url : /shanghai/rent/0f905b5dad655e8f.html ; request params : {}
[2018-07-18 17:04:57.164] [INFO] info - request url : /callNumber/getAgentInfoNewQrcode.rest?agentId=100574&subEstateId=34677&houseId=1477880&isSelfSupport=0&phoneNum=400-069-6130,25173 ; request params : {"agentId":"100574","subEstateId":"34677","houseId":"1477880","isSelfSupport":"0","phoneNum":"400-069-6130,25173"}
[2018-07-18 17:04:57.501] [INFO] info - request url : /api/common/bigdata?type=1&city=%E4%B8%8A%E6%B5%B7&cookieId=b4305423-dd0b-c31c-2cf9-7c70260d1792&pageName=1233 ; request params : {"type":"1","city":"上海","cookieId":"b4305423-dd0b-c31c-2cf9-7c70260d1792","pageName":"1233"}
[2018-07-18 17:04:58.217] [INFO] info - request url : /shanghai/rent/undefined ; request params : {}
[2018-07-18 17:06:57.179] [INFO] info - request url : /callNumber/getAgentInfoNewQrcode.rest?agentId=100574&subEstateId=34677&houseId=1477880&isSelfSupport=0&phoneNum=400-069-6130,25173 ; request params : {"agentId":"100574","subEstateId":"34677","houseId":"1477880","isSelfSupport":"0","phoneNum":"400-069-6130,25173"}
[2018-07-18 17:49:26.132] [INFO] info - request url : /callNumber/getAgentInfoNewQrcode.rest?agentId=100574&subEstateId=34677&houseId=1477880&isSelfSupport=0&phoneNum=400-069-6130,25173 ; request params : {"agentId":"100574","subEstateId":"34677","houseId":"1477880","isSelfSupport":"0","phoneNum":"400-069-6130,25173"}
[2018-07-18 17:49:30.447] [INFO] info - request url : /callNumber/getAgentInfoNewQrcode.rest?agentId=100574&subEstateId=34677&houseId=1477880&isSelfSupport=0&phoneNum=400-069-6130,25173 ; request params : {"agentId":"100574","subEstateId":"34677","houseId":"1477880","isSelfSupport":"0","phoneNum":"400-069-6130,25173"}
[2018-07-18 17:49:37.240] [INFO] info - request url : /callNumber/getAgentInfoNewQrcode.rest?agentId=100574&subEstateId=34677&houseId=1477880&isSelfSupport=0&phoneNum=400-069-6130,25173 ; request params : {"agentId":"100574","subEstateId":"34677","houseId":"1477880","isSelfSupport":"0","phoneNum":"400-069-6130,25173"}
[2018-07-18 17:54:02.558] [INFO] info - request url : /shanghai/rent/undefined ; request params : {}
[2018-07-18 17:54:06.816] [INFO] info - request url : /api/common/bigdata?type=2&city=%E4%B8%8A%E6%B5%B7&cookieId=b4305423-dd0b-c31c-2cf9-7c70260d1792&eventName=1204030 ; request params : {"type":"2","city":"上海","cookieId":"b4305423-dd0b-c31c-2cf9-7c70260d1792","eventName":"1204030"}
[2018-07-18 17:59:46.837] [INFO] info - request url : /shanghai/rent ; request params : {}
[2018-07-18 17:59:47.903] [INFO] info - request url : /api/common/bigdata?type=1&city=%E4%B8%8A%E6%B5%B7&cookieId=b4305423-dd0b-c31c-2cf9-7c70260d1792&pageName=1232 ; request params : {"type":"1","city":"上海","cookieId":"b4305423-dd0b-c31c-2cf9-7c70260d1792","pageName":"1232"}
[2018-07-18 17:59:49.339] [INFO] info - request url : /api/common/bigdata?type=2&city=%E4%B8%8A%E6%B5%B7&cookieId=b4305423-dd0b-c31c-2cf9-7c70260d1792&eventName=1202049&eventParam%5Bboutique%5D=0&eventParam%5Bhouse_id%5D=1477450 ; request params : {"type":"2","city":"上海","cookieId":"b4305423-dd0b-c31c-2cf9-7c70260d1792","eventName":"1202049","eventParam":{"boutique":"0","house_id":"1477450"}}
[2018-07-18 17:59:49.375] [INFO] info - request url : /shanghai/rent/591ef059c3da9c8a.html ; request params : {}
[2018-07-18 17:59:50.342] [INFO] info - request url : /callNumber/getAgentInfoNewQrcode.rest?agentId=152617&subEstateId=12332&houseId=1477450&isSelfSupport=0&phoneNum=400-069-6130,25315 ; request params : {"agentId":"152617","subEstateId":"12332","houseId":"1477450","isSelfSupport":"0","phoneNum":"400-069-6130,25315"}
[2018-07-18 17:59:50.687] [INFO] info - request url : /api/common/bigdata?type=1&city=%E4%B8%8A%E6%B5%B7&cookieId=b4305423-dd0b-c31c-2cf9-7c70260d1792&pageName=1233 ; request params : {"type":"1","city":"上海","cookieId":"b4305423-dd0b-c31c-2cf9-7c70260d1792","pageName":"1233"}
[2018-07-18 17:59:51.474] [INFO] info - request url : /shanghai/rent/undefined ; request params : {}
[2018-07-18 17:59:58.362] [INFO] info - request url : /api/common/bigdata?type=2&city=%E4%B8%8A%E6%B5%B7&cookieId=b4305423-dd0b-c31c-2cf9-7c70260d1792&eventName=1204030 ; request params : {"type":"2","city":"上海","cookieId":"b4305423-dd0b-c31c-2cf9-7c70260d1792","eventName":"1204030"}
[2018-07-18 18:01:50.346] [INFO] info - request url : /callNumber/getAgentInfoNewQrcode.rest?agentId=152617&subEstateId=12332&houseId=1477450&isSelfSupport=0&phoneNum=400-069-6130,25315 ; request params : {"agentId":"152617","subEstateId":"12332","houseId":"1477450","isSelfSupport":"0","phoneNum":"400-069-6130,25315"}
[2018-07-18 18:03:50.368] [INFO] info - request url : /callNumber/getAgentInfoNewQrcode.rest?agentId=152617&subEstateId=12332&houseId=1477450&isSelfSupport=0&phoneNum=400-069-6130,25315 ; request params : {"agentId":"152617","subEstateId":"12332","houseId":"1477450","isSelfSupport":"0","phoneNum":"400-069-6130,25315"}
