[2018-03-13 15:51:05.879] [INFO] info - request url : /shanghai/store/10027.html ; request params : {}
[2018-03-13 15:51:06.116] [INFO] info - 后端接口返回数据数据：undefined
[2018-03-13 15:51:06.198] [INFO] info - 后端接口返回数据数据：undefined
[2018-03-13 15:51:06.211] [INFO] info - request url : /seo/error.html ; request params : {}
[2018-03-13 15:51:06.454] [INFO] info - request url : /favicon.ico ; request params : {}
[2018-03-13 15:51:06.459] [INFO] info - request url : /seo/error.html ; request params : {}
[2018-03-13 15:51:20.998] [INFO] info - request url : /shanghai/esf ; request params : {}
[2018-03-13 15:51:21.120] [INFO] info - request url : /favicon.ico ; request params : {}
[2018-03-13 15:51:21.122] [INFO] info - request url : /seo/error.html ; request params : {}
[2018-03-13 16:08:36.021] [INFO] info - request url : /shanghai/esf ; request params : {}
[2018-03-13 16:08:36.259] [INFO] info - request url : /favicon.ico ; request params : {}
[2018-03-13 16:08:36.266] [INFO] info - request url : /seo/error.html ; request params : {}
[2018-03-13 16:08:38.668] [INFO] info - request url : /shanghai/esf ; request params : {}
[2018-03-13 16:08:38.875] [INFO] info - request url : /favicon.ico ; request params : {}
[2018-03-13 16:08:38.878] [INFO] info - request url : /seo/error.html ; request params : {}
[2018-03-13 16:08:39.292] [INFO] info - request url : /shanghai/esf ; request params : {}
[2018-03-13 16:08:39.503] [INFO] info - request url : /favicon.ico ; request params : {}
[2018-03-13 16:08:39.508] [INFO] info - request url : /seo/error.html ; request params : {}
[2018-03-13 16:09:04.396] [INFO] info - request url : /shanghai/esf ; request params : {}
[2018-03-13 16:09:04.607] [INFO] info - request url : /favicon.ico ; request params : {}
[2018-03-13 16:09:04.610] [INFO] info - request url : /seo/error.html ; request params : {}
[2018-03-13 16:09:18.370] [INFO] info - request url : /shanghai/esf ; request params : {}
[2018-03-13 16:09:18.620] [INFO] info - request url : /favicon.ico ; request params : {}
[2018-03-13 16:09:18.623] [INFO] info - request url : /seo/error.html ; request params : {}
[2018-03-13 16:21:12.269] [INFO] info - request url : /shanghai/esf ; request params : {}
[2018-03-13 16:21:12.548] [INFO] info - request url : /favicon.ico ; request params : {}
[2018-03-13 16:21:12.551] [INFO] info - request url : /seo/error.html ; request params : {}
[2018-03-13 16:22:48.722] [INFO] info - request url : /shanghai/store/12345.html ; request params : {}
[2018-03-13 16:22:48.850] [INFO] info - 后端接口返回数据数据：undefined
[2018-03-13 16:22:48.939] [INFO] info - 后端接口返回数据数据：{"status":1,"count":0,"message":"成功","data":null}
[2018-03-13 16:22:49.002] [INFO] info - 后端接口返回数据数据：undefined
[2018-03-13 16:22:49.012] [INFO] info - request url : /seo/error.html ; request params : {}
[2018-03-13 16:22:49.278] [INFO] info - request url : /favicon.ico ; request params : {}
[2018-03-13 16:22:49.291] [INFO] info - request url : /seo/error.html ; request params : {}
[2018-03-13 16:22:51.374] [INFO] info - request url : / ; request params : {}
[2018-03-13 16:22:51.380] [INFO] info - request url : /seo/error.html ; request params : {}
[2018-03-13 16:22:51.644] [INFO] info - request url : /favicon.ico ; request params : {}
[2018-03-13 16:22:51.648] [INFO] info - request url : /seo/error.html ; request params : {}
[2018-03-13 16:22:52.655] [INFO] info - request url : / ; request params : {}
[2018-03-13 16:22:52.661] [INFO] info - request url : /seo/error.html ; request params : {}
[2018-03-13 16:22:52.897] [INFO] info - request url : /favicon.ico ; request params : {}
[2018-03-13 16:22:52.907] [INFO] info - request url : /seo/error.html ; request params : {}
[2018-03-13 16:22:55.516] [INFO] info - request url : / ; request params : {}
[2018-03-13 16:22:55.522] [INFO] info - request url : /seo/error.html ; request params : {}
[2018-03-13 16:22:55.763] [INFO] info - request url : /favicon.ico ; request params : {}
[2018-03-13 16:22:55.765] [INFO] info - request url : /seo/error.html ; request params : {}
[2018-03-13 16:23:11.510] [INFO] info - request url : / ; request params : {}
[2018-03-13 16:23:11.515] [INFO] info - request url : /seo/error.html ; request params : {}
[2018-03-13 16:23:11.675] [INFO] info - request url : / ; request params : {}
[2018-03-13 16:23:11.688] [INFO] info - request url : /seo/error.html ; request params : {}
[2018-03-13 16:23:11.939] [INFO] info - request url : /favicon.ico ; request params : {}
[2018-03-13 16:23:11.942] [INFO] info - request url : /seo/error.html ; request params : {}
[2018-03-13 16:25:35.967] [INFO] info - request url : /seo/error.html ; request params : {}
[2018-03-13 16:25:36.232] [INFO] info - request url : /favicon.ico ; request params : {}
[2018-03-13 16:25:36.237] [INFO] info - request url : /seo/error.html ; request params : {}
[2018-03-13 16:25:40.241] [INFO] info - request url : / ; request params : {}
[2018-03-13 16:25:40.259] [INFO] info - request url : /seo/error.html ; request params : {}
[2018-03-13 16:25:40.511] [INFO] info - request url : /favicon.ico ; request params : {}
[2018-03-13 16:25:40.520] [INFO] info - request url : /seo/error.html ; request params : {}
[2018-03-13 16:25:41.439] [INFO] info - request url : / ; request params : {}
[2018-03-13 16:25:41.444] [INFO] info - request url : /seo/error.html ; request params : {}
[2018-03-13 16:25:41.670] [INFO] info - request url : /favicon.ico ; request params : {}
[2018-03-13 16:25:41.673] [INFO] info - request url : /seo/error.html ; request params : {}
[2018-03-13 16:25:44.672] [INFO] info - request url : / ; request params : {}
[2018-03-13 16:25:44.678] [INFO] info - request url : /seo/error.html ; request params : {}
[2018-03-13 16:25:44.933] [INFO] info - request url : /favicon.ico ; request params : {}
[2018-03-13 16:25:44.939] [INFO] info - request url : /seo/error.html ; request params : {}
[2018-03-13 16:25:46.141] [INFO] info - request url : / ; request params : {}
[2018-03-13 16:25:46.147] [INFO] info - request url : /seo/error.html ; request params : {}
[2018-03-13 16:25:46.389] [INFO] info - request url : /favicon.ico ; request params : {}
[2018-03-13 16:25:46.394] [INFO] info - request url : /seo/error.html ; request params : {}
[2018-03-13 16:25:49.555] [INFO] info - request url : /favicon.ico ; request params : {}
[2018-03-13 16:25:49.561] [INFO] info - request url : /seo/error.html ; request params : {}
[2018-03-13 16:25:49.926] [INFO] info - request url : /favicon.ico ; request params : {}
[2018-03-13 16:25:49.932] [INFO] info - request url : /seo/error.html ; request params : {}
[2018-03-13 16:25:50.448] [INFO] info - request url : /favicon.ico ; request params : {}
[2018-03-13 16:25:50.453] [INFO] info - request url : /seo/error.html ; request params : {}
[2018-03-13 16:25:50.972] [INFO] info - request url : /favicon.ico ; request params : {}
[2018-03-13 16:25:50.976] [INFO] info - request url : /seo/error.html ; request params : {}
[2018-03-13 16:25:51.304] [INFO] info - request url : /favicon.ico ; request params : {}
[2018-03-13 16:25:51.314] [INFO] info - request url : /seo/error.html ; request params : {}
[2018-03-13 16:25:54.262] [INFO] info - request url : / ; request params : {}
[2018-03-13 16:25:54.285] [INFO] info - request url : /seo/error.html ; request params : {}
[2018-03-13 16:25:54.528] [INFO] info - request url : /favicon.ico ; request params : {}
[2018-03-13 16:25:54.532] [INFO] info - request url : /seo/error.html ; request params : {}
[2018-03-13 16:25:57.494] [INFO] info - request url : / ; request params : {}
[2018-03-13 16:25:57.512] [INFO] info - request url : /seo/error.html ; request params : {}
[2018-03-13 16:25:57.763] [INFO] info - request url : /favicon.ico ; request params : {}
[2018-03-13 16:25:57.770] [INFO] info - request url : /seo/error.html ; request params : {}
[2018-03-13 16:26:00.712] [INFO] info - request url : / ; request params : {}
[2018-03-13 16:26:00.728] [INFO] info - request url : /seo/error.html ; request params : {}
[2018-03-13 16:26:00.951] [INFO] info - request url : /favicon.ico ; request params : {}
[2018-03-13 16:26:00.954] [INFO] info - request url : /seo/error.html ; request params : {}
[2018-03-13 16:26:03.917] [INFO] info - request url : / ; request params : {}
[2018-03-13 16:26:03.945] [INFO] info - request url : /seo/error.html ; request params : {}
[2018-03-13 16:26:04.168] [INFO] info - request url : /favicon.ico ; request params : {}
[2018-03-13 16:26:04.171] [INFO] info - request url : /seo/error.html ; request params : {}
[2018-03-13 16:26:07.124] [INFO] info - request url : / ; request params : {}
[2018-03-13 16:26:07.141] [INFO] info - request url : /seo/error.html ; request params : {}
[2018-03-13 16:26:07.366] [INFO] info - request url : /favicon.ico ; request params : {}
[2018-03-13 16:26:07.372] [INFO] info - request url : /seo/error.html ; request params : {}
[2018-03-13 16:26:10.331] [INFO] info - request url : / ; request params : {}
[2018-03-13 16:26:10.352] [INFO] info - request url : /seo/error.html ; request params : {}
[2018-03-13 16:26:10.571] [INFO] info - request url : /favicon.ico ; request params : {}
[2018-03-13 16:26:10.574] [INFO] info - request url : /seo/error.html ; request params : {}
[2018-03-13 16:26:13.528] [INFO] info - request url : / ; request params : {}
[2018-03-13 16:26:13.543] [INFO] info - request url : /seo/error.html ; request params : {}
[2018-03-13 16:26:13.763] [INFO] info - request url : /favicon.ico ; request params : {}
[2018-03-13 16:26:13.767] [INFO] info - request url : /seo/error.html ; request params : {}
[2018-03-13 16:26:16.724] [INFO] info - request url : / ; request params : {}
[2018-03-13 16:26:16.742] [INFO] info - request url : /seo/error.html ; request params : {}
[2018-03-13 16:26:17.001] [INFO] info - request url : /favicon.ico ; request params : {}
[2018-03-13 16:26:17.014] [INFO] info - request url : /seo/error.html ; request params : {}
[2018-03-13 16:26:19.956] [INFO] info - request url : / ; request params : {}
[2018-03-13 16:26:19.970] [INFO] info - request url : /seo/error.html ; request params : {}
[2018-03-13 16:26:20.387] [INFO] info - request url : /favicon.ico ; request params : {}
[2018-03-13 16:26:20.396] [INFO] info - request url : /seo/error.html ; request params : {}
[2018-03-13 16:26:23.342] [INFO] info - request url : / ; request params : {}
[2018-03-13 16:26:23.354] [INFO] info - request url : /seo/error.html ; request params : {}
[2018-03-13 16:26:23.603] [INFO] info - request url : /favicon.ico ; request params : {}
[2018-03-13 16:26:23.611] [INFO] info - request url : /seo/error.html ; request params : {}
[2018-03-13 16:26:25.795] [INFO] info - request url : /shanghai/store/12345.html ; request params : {}
[2018-03-13 16:26:25.846] [INFO] info - 后端接口返回数据数据：undefined
[2018-03-13 16:26:25.893] [INFO] info - 后端接口返回数据数据：{"status":1,"count":0,"message":"成功","data":null}
[2018-03-13 16:26:25.938] [INFO] info - 后端接口返回数据数据：undefined
[2018-03-13 16:26:25.942] [INFO] info - request url : /seo/error.html ; request params : {}
[2018-03-13 16:26:26.149] [INFO] info - request url : /favicon.ico ; request params : {}
[2018-03-13 16:26:26.153] [INFO] info - request url : /seo/error.html ; request params : {}
[2018-03-13 16:26:29.112] [INFO] info - request url : / ; request params : {}
[2018-03-13 16:26:29.129] [INFO] info - request url : /seo/error.html ; request params : {}
[2018-03-13 16:26:29.378] [INFO] info - request url : /favicon.ico ; request params : {}
[2018-03-13 16:26:29.383] [INFO] info - request url : /seo/error.html ; request params : {}
[2018-03-13 16:26:32.325] [INFO] info - request url : / ; request params : {}
[2018-03-13 16:26:32.342] [INFO] info - request url : /seo/error.html ; request params : {}
[2018-03-13 16:26:32.595] [INFO] info - request url : /favicon.ico ; request params : {}
[2018-03-13 16:26:32.599] [INFO] info - request url : /seo/error.html ; request params : {}
[2018-03-13 16:26:35.553] [INFO] info - request url : / ; request params : {}
[2018-03-13 16:26:35.565] [INFO] info - request url : /seo/error.html ; request params : {}
[2018-03-13 16:26:35.817] [INFO] info - request url : /favicon.ico ; request params : {}
[2018-03-13 16:26:35.825] [INFO] info - request url : /seo/error.html ; request params : {}
[2018-03-13 16:26:38.760] [INFO] info - request url : / ; request params : {}
[2018-03-13 16:26:38.773] [INFO] info - request url : /seo/error.html ; request params : {}
[2018-03-13 16:26:38.990] [INFO] info - request url : /favicon.ico ; request params : {}
[2018-03-13 16:26:38.995] [INFO] info - request url : /seo/error.html ; request params : {}
[2018-03-13 16:26:41.949] [INFO] info - request url : / ; request params : {}
[2018-03-13 16:26:41.959] [INFO] info - request url : /seo/error.html ; request params : {}
[2018-03-13 16:26:42.203] [INFO] info - request url : /favicon.ico ; request params : {}
[2018-03-13 16:26:42.213] [INFO] info - request url : /seo/error.html ; request params : {}
[2018-03-13 16:26:42.250] [INFO] info - request url : /shanghai/esf/e4d4ccb345b651b6.html ; request params : {}
[2018-03-13 16:26:49.698] [INFO] info - 后端接口返回数据数据：undefined
[2018-03-13 16:26:49.720] [INFO] info - request url : /seo/error.html ; request params : {}
[2018-03-13 16:26:49.973] [INFO] info - request url : /favicon.ico ; request params : {}
[2018-03-13 16:26:49.976] [INFO] info - request url : /seo/error.html ; request params : {}
[2018-03-13 16:26:52.927] [INFO] info - request url : / ; request params : {}
[2018-03-13 16:26:52.937] [INFO] info - request url : /seo/error.html ; request params : {}
[2018-03-13 16:26:53.162] [INFO] info - request url : /favicon.ico ; request params : {}
[2018-03-13 16:26:53.165] [INFO] info - request url : /seo/error.html ; request params : {}
[2018-03-13 16:26:56.123] [INFO] info - request url : / ; request params : {}
[2018-03-13 16:26:56.138] [INFO] info - request url : /seo/error.html ; request params : {}
[2018-03-13 16:26:56.392] [INFO] info - request url : /favicon.ico ; request params : {}
[2018-03-13 16:26:56.396] [INFO] info - request url : /seo/error.html ; request params : {}
[2018-03-13 16:26:59.351] [INFO] info - request url : / ; request params : {}
[2018-03-13 16:26:59.366] [INFO] info - request url : /seo/error.html ; request params : {}
[2018-03-13 16:26:59.615] [INFO] info - request url : /favicon.ico ; request params : {}
[2018-03-13 16:26:59.619] [INFO] info - request url : /seo/error.html ; request params : {}
[2018-03-13 16:27:02.567] [INFO] info - request url : / ; request params : {}
[2018-03-13 16:27:02.598] [INFO] info - request url : /seo/error.html ; request params : {}
[2018-03-13 16:27:02.815] [INFO] info - request url : /favicon.ico ; request params : {}
[2018-03-13 16:27:02.820] [INFO] info - request url : /seo/error.html ; request params : {}
[2018-03-13 16:27:05.779] [INFO] info - request url : / ; request params : {}
[2018-03-13 16:27:05.811] [INFO] info - request url : /seo/error.html ; request params : {}
[2018-03-13 16:27:06.037] [INFO] info - request url : /favicon.ico ; request params : {}
[2018-03-13 16:27:06.041] [INFO] info - request url : /seo/error.html ; request params : {}
[2018-03-13 16:27:07.043] [INFO] info - request url : /shanghai/esf/e4d4ccb345b651b6.html ; request params : {}
[2018-03-13 16:27:08.620] [INFO] info - 后端接口返回数据数据：undefined
[2018-03-13 16:27:08.641] [INFO] info - request url : /seo/error.html ; request params : {}
[2018-03-13 16:27:08.871] [INFO] info - request url : /favicon.ico ; request params : {}
[2018-03-13 16:27:08.875] [INFO] info - request url : /seo/error.html ; request params : {}
[2018-03-13 16:27:11.838] [INFO] info - request url : / ; request params : {}
[2018-03-13 16:27:11.859] [INFO] info - request url : /seo/error.html ; request params : {}
[2018-03-13 16:27:12.120] [INFO] info - request url : /favicon.ico ; request params : {}
[2018-03-13 16:27:12.124] [INFO] info - request url : /seo/error.html ; request params : {}
[2018-03-13 16:27:15.068] [INFO] info - request url : / ; request params : {}
[2018-03-13 16:27:15.086] [INFO] info - request url : /seo/error.html ; request params : {}
[2018-03-13 16:27:15.306] [INFO] info - request url : /favicon.ico ; request params : {}
[2018-03-13 16:27:15.310] [INFO] info - request url : /seo/error.html ; request params : {}
[2018-03-13 16:27:18.267] [INFO] info - request url : / ; request params : {}
[2018-03-13 16:27:18.282] [INFO] info - request url : /seo/error.html ; request params : {}
[2018-03-13 16:27:18.526] [INFO] info - request url : /favicon.ico ; request params : {}
[2018-03-13 16:27:18.531] [INFO] info - request url : /seo/error.html ; request params : {}
[2018-03-13 16:27:21.484] [INFO] info - request url : / ; request params : {}
[2018-03-13 16:27:21.530] [INFO] info - request url : /seo/error.html ; request params : {}
[2018-03-13 16:27:21.760] [INFO] info - request url : /favicon.ico ; request params : {}
[2018-03-13 16:27:21.766] [INFO] info - request url : /seo/error.html ; request params : {}
[2018-03-13 16:27:24.717] [INFO] info - request url : / ; request params : {}
[2018-03-13 16:27:24.755] [INFO] info - request url : /seo/error.html ; request params : {}
[2018-03-13 16:27:25.044] [INFO] info - request url : /favicon.ico ; request params : {}
[2018-03-13 16:27:25.048] [INFO] info - request url : /seo/error.html ; request params : {}
[2018-03-13 16:27:27.943] [INFO] info - request url : / ; request params : {}
[2018-03-13 16:27:27.961] [INFO] info - request url : /seo/error.html ; request params : {}
[2018-03-13 16:27:28.197] [INFO] info - request url : /favicon.ico ; request params : {}
[2018-03-13 16:27:28.207] [INFO] info - request url : /seo/error.html ; request params : {}
[2018-03-13 16:27:31.145] [INFO] info - request url : / ; request params : {}
[2018-03-13 16:27:31.156] [INFO] info - request url : /seo/error.html ; request params : {}
[2018-03-13 16:27:31.414] [INFO] info - request url : /favicon.ico ; request params : {}
[2018-03-13 16:27:31.418] [INFO] info - request url : /seo/error.html ; request params : {}
[2018-03-13 16:27:34.370] [INFO] info - request url : / ; request params : {}
[2018-03-13 16:27:34.387] [INFO] info - request url : /seo/error.html ; request params : {}
[2018-03-13 16:27:34.619] [INFO] info - request url : /favicon.ico ; request params : {}
[2018-03-13 16:27:34.632] [INFO] info - request url : /seo/error.html ; request params : {}
[2018-03-13 16:27:37.568] [INFO] info - request url : / ; request params : {}
[2018-03-13 16:27:37.578] [INFO] info - request url : /seo/error.html ; request params : {}
[2018-03-13 16:27:37.823] [INFO] info - request url : /favicon.ico ; request params : {}
[2018-03-13 16:27:37.827] [INFO] info - request url : /seo/error.html ; request params : {}
[2018-03-13 16:27:40.778] [INFO] info - request url : / ; request params : {}
[2018-03-13 16:27:40.793] [INFO] info - request url : /seo/error.html ; request params : {}
[2018-03-13 16:27:41.033] [INFO] info - request url : /favicon.ico ; request params : {}
[2018-03-13 16:27:41.039] [INFO] info - request url : /seo/error.html ; request params : {}
[2018-03-13 16:27:43.993] [INFO] info - request url : / ; request params : {}
[2018-03-13 16:27:44.011] [INFO] info - request url : /seo/error.html ; request params : {}
[2018-03-13 16:27:44.304] [INFO] info - request url : /favicon.ico ; request params : {}
[2018-03-13 16:27:44.312] [INFO] info - request url : /seo/error.html ; request params : {}
[2018-03-13 16:27:44.714] [INFO] info - request url : /shanghai/esf/e4d4ccb345b651b6.html ; request params : {}
[2018-03-13 16:27:45.253] [INFO] info - 后端接口返回数据数据：undefined
[2018-03-13 16:27:45.262] [INFO] info - request url : /seo/error.html ; request params : {}
[2018-03-13 16:27:45.540] [INFO] info - request url : /favicon.ico ; request params : {}
[2018-03-13 16:27:45.546] [INFO] info - request url : /seo/error.html ; request params : {}
[2018-03-13 16:27:48.461] [INFO] info - request url : / ; request params : {}
[2018-03-13 16:27:48.478] [INFO] info - request url : /seo/error.html ; request params : {}
[2018-03-13 16:27:48.722] [INFO] info - request url : /favicon.ico ; request params : {}
[2018-03-13 16:27:48.730] [INFO] info - request url : /seo/error.html ; request params : {}
[2018-03-13 16:27:51.668] [INFO] info - request url : / ; request params : {}
[2018-03-13 16:27:51.714] [INFO] info - request url : /seo/error.html ; request params : {}
[2018-03-13 16:27:51.923] [INFO] info - request url : /favicon.ico ; request params : {}
[2018-03-13 16:27:51.926] [INFO] info - request url : /seo/error.html ; request params : {}
[2018-03-13 16:28:02.948] [INFO] info - request url : / ; request params : {}
[2018-03-13 16:28:02.970] [INFO] info - request url : /seo/error.html ; request params : {}
[2018-03-13 16:28:03.246] [INFO] info - request url : /favicon.ico ; request params : {}
[2018-03-13 16:28:03.250] [INFO] info - request url : /seo/error.html ; request params : {}
[2018-03-13 16:28:06.198] [INFO] info - request url : / ; request params : {}
[2018-03-13 16:28:06.209] [INFO] info - request url : /seo/error.html ; request params : {}
[2018-03-13 16:28:06.453] [INFO] info - request url : /favicon.ico ; request params : {}
[2018-03-13 16:28:06.460] [INFO] info - request url : /seo/error.html ; request params : {}
[2018-03-13 16:28:09.419] [INFO] info - request url : / ; request params : {}
[2018-03-13 16:28:09.434] [INFO] info - request url : /seo/error.html ; request params : {}
[2018-03-13 16:28:09.690] [INFO] info - request url : /favicon.ico ; request params : {}
[2018-03-13 16:28:09.701] [INFO] info - request url : /seo/error.html ; request params : {}
[2018-03-13 16:28:12.651] [INFO] info - request url : / ; request params : {}
[2018-03-13 16:28:12.668] [INFO] info - request url : /seo/error.html ; request params : {}
[2018-03-13 16:28:12.897] [INFO] info - request url : /favicon.ico ; request params : {}
[2018-03-13 16:28:12.904] [INFO] info - request url : /seo/error.html ; request params : {}
[2018-03-13 16:28:15.859] [INFO] info - request url : / ; request params : {}
[2018-03-13 16:28:15.867] [INFO] info - request url : /seo/error.html ; request params : {}
[2018-03-13 16:28:16.090] [INFO] info - request url : /favicon.ico ; request params : {}
[2018-03-13 16:28:16.094] [INFO] info - request url : /seo/error.html ; request params : {}
[2018-03-13 16:28:19.049] [INFO] info - request url : / ; request params : {}
[2018-03-13 16:28:19.061] [INFO] info - request url : /seo/error.html ; request params : {}
[2018-03-13 16:28:19.281] [INFO] info - request url : /favicon.ico ; request params : {}
[2018-03-13 16:28:19.285] [INFO] info - request url : /seo/error.html ; request params : {}
[2018-03-13 16:28:22.245] [INFO] info - request url : / ; request params : {}
[2018-03-13 16:28:22.265] [INFO] info - request url : /seo/error.html ; request params : {}
[2018-03-13 16:28:22.507] [INFO] info - request url : /favicon.ico ; request params : {}
[2018-03-13 16:28:22.510] [INFO] info - request url : /seo/error.html ; request params : {}
[2018-03-13 16:28:25.463] [INFO] info - request url : / ; request params : {}
[2018-03-13 16:28:25.474] [INFO] info - request url : /seo/error.html ; request params : {}
[2018-03-13 16:28:25.723] [INFO] info - request url : /favicon.ico ; request params : {}
[2018-03-13 16:28:25.726] [INFO] info - request url : /seo/error.html ; request params : {}
[2018-03-13 16:28:28.680] [INFO] info - request url : / ; request params : {}
[2018-03-13 16:28:28.739] [INFO] info - request url : /seo/error.html ; request params : {}
[2018-03-13 16:28:28.978] [INFO] info - request url : /favicon.ico ; request params : {}
[2018-03-13 16:28:28.980] [INFO] info - request url : /seo/error.html ; request params : {}
[2018-03-13 16:28:31.936] [INFO] info - request url : / ; request params : {}
[2018-03-13 16:28:31.960] [INFO] info - request url : /seo/error.html ; request params : {}
[2018-03-13 16:28:32.214] [INFO] info - request url : /favicon.ico ; request params : {}
[2018-03-13 16:28:32.217] [INFO] info - request url : /seo/error.html ; request params : {}
[2018-03-13 16:28:35.173] [INFO] info - request url : / ; request params : {}
[2018-03-13 16:28:35.183] [INFO] info - request url : /seo/error.html ; request params : {}
[2018-03-13 16:28:35.406] [INFO] info - request url : /favicon.ico ; request params : {}
[2018-03-13 16:28:35.409] [INFO] info - request url : /seo/error.html ; request params : {}
[2018-03-13 16:28:38.368] [INFO] info - request url : / ; request params : {}
[2018-03-13 16:28:38.381] [INFO] info - request url : /seo/error.html ; request params : {}
[2018-03-13 16:28:38.626] [INFO] info - request url : /favicon.ico ; request params : {}
[2018-03-13 16:28:38.637] [INFO] info - request url : /seo/error.html ; request params : {}
[2018-03-13 16:28:41.573] [INFO] info - request url : / ; request params : {}
[2018-03-13 16:28:41.598] [INFO] info - request url : /seo/error.html ; request params : {}
[2018-03-13 16:28:41.841] [INFO] info - request url : /favicon.ico ; request params : {}
[2018-03-13 16:28:41.863] [INFO] info - request url : /seo/error.html ; request params : {}
[2018-03-13 16:28:44.791] [INFO] info - request url : / ; request params : {}
[2018-03-13 16:28:44.843] [INFO] info - request url : /seo/error.html ; request params : {}
[2018-03-13 16:28:45.074] [INFO] info - request url : /favicon.ico ; request params : {}
[2018-03-13 16:28:45.077] [INFO] info - request url : /seo/error.html ; request params : {}
[2018-03-13 16:28:48.030] [INFO] info - request url : / ; request params : {}
[2018-03-13 16:28:48.040] [INFO] info - request url : /seo/error.html ; request params : {}
[2018-03-13 16:28:48.262] [INFO] info - request url : /favicon.ico ; request params : {}
[2018-03-13 16:28:48.265] [INFO] info - request url : /seo/error.html ; request params : {}
[2018-03-13 16:28:51.223] [INFO] info - request url : / ; request params : {}
[2018-03-13 16:28:51.239] [INFO] info - request url : /seo/error.html ; request params : {}
[2018-03-13 16:28:51.464] [INFO] info - request url : /favicon.ico ; request params : {}
[2018-03-13 16:28:51.467] [INFO] info - request url : /seo/error.html ; request params : {}
[2018-03-13 16:28:54.426] [INFO] info - request url : / ; request params : {}
[2018-03-13 16:28:54.437] [INFO] info - request url : /seo/error.html ; request params : {}
[2018-03-13 16:28:54.665] [INFO] info - request url : /favicon.ico ; request params : {}
[2018-03-13 16:28:54.668] [INFO] info - request url : /seo/error.html ; request params : {}
[2018-03-13 16:28:57.620] [INFO] info - request url : / ; request params : {}
[2018-03-13 16:28:57.642] [INFO] info - request url : /seo/error.html ; request params : {}
[2018-03-13 16:28:57.896] [INFO] info - request url : /favicon.ico ; request params : {}
[2018-03-13 16:28:57.902] [INFO] info - request url : /seo/error.html ; request params : {}
[2018-03-13 16:28:59.648] [INFO] info - request url : /seo/error.html ; request params : {}
[2018-03-13 16:28:59.873] [INFO] info - request url : /favicon.ico ; request params : {}
[2018-03-13 16:28:59.891] [INFO] info - request url : /seo/error.html ; request params : {}
[2018-03-13 16:30:41.605] [INFO] info - request url : /favicon.ico ; request params : {}
[2018-03-13 16:30:41.628] [INFO] info - request url : /seo/error.html ; request params : {}
[2018-03-13 16:30:44.535] [INFO] info - request url : / ; request params : {}
[2018-03-13 16:30:44.579] [INFO] info - request url : /seo/error.html ; request params : {}
[2018-03-13 16:30:44.697] [INFO] info - request url : /favicon.ico ; request params : {}
[2018-03-13 16:30:44.699] [INFO] info - request url : /seo/error.html ; request params : {}
[2018-03-13 16:30:47.677] [INFO] info - request url : / ; request params : {}
[2018-03-13 16:30:47.690] [INFO] info - request url : /seo/error.html ; request params : {}
[2018-03-13 16:30:47.797] [INFO] info - request url : /favicon.ico ; request params : {}
[2018-03-13 16:30:47.802] [INFO] info - request url : /seo/error.html ; request params : {}
[2018-03-13 16:30:50.766] [INFO] info - request url : / ; request params : {}
[2018-03-13 16:30:50.774] [INFO] info - request url : /seo/error.html ; request params : {}
[2018-03-13 16:30:50.910] [INFO] info - request url : /favicon.ico ; request params : {}
[2018-03-13 16:30:50.918] [INFO] info - request url : /seo/error.html ; request params : {}
[2018-03-13 16:30:53.880] [INFO] info - request url : / ; request params : {}
[2018-03-13 16:30:53.885] [INFO] info - request url : /seo/error.html ; request params : {}
[2018-03-13 16:30:53.970] [INFO] info - request url : /favicon.ico ; request params : {}
[2018-03-13 16:30:53.973] [INFO] info - request url : /seo/error.html ; request params : {}
[2018-03-13 16:30:55.281] [INFO] info - request url : /shanghai/store/12345.html ; request params : {}
[2018-03-13 16:30:55.362] [INFO] info - 后端接口返回数据数据：undefined
[2018-03-13 16:30:55.423] [INFO] info - 后端接口返回数据数据：{"status":1,"count":0,"message":"成功","data":null}
[2018-03-13 16:30:55.472] [INFO] info - 后端接口返回数据数据：undefined
[2018-03-13 16:30:55.477] [INFO] info - request url : /seo/error.html ; request params : {}
[2018-03-13 16:30:55.561] [INFO] info - request url : /favicon.ico ; request params : {}
[2018-03-13 16:30:55.579] [INFO] info - request url : /seo/error.html ; request params : {}
[2018-03-13 16:30:58.540] [INFO] info - request url : / ; request params : {}
[2018-03-13 16:30:58.554] [INFO] info - request url : /seo/error.html ; request params : {}
[2018-03-13 16:30:58.650] [INFO] info - request url : /favicon.ico ; request params : {}
[2018-03-13 16:30:58.652] [INFO] info - request url : /seo/error.html ; request params : {}
[2018-03-13 16:31:01.628] [INFO] info - request url : / ; request params : {}
[2018-03-13 16:31:01.643] [INFO] info - request url : /seo/error.html ; request params : {}
[2018-03-13 16:31:01.736] [INFO] info - request url : /favicon.ico ; request params : {}
[2018-03-13 16:31:01.739] [INFO] info - request url : /seo/error.html ; request params : {}
[2018-03-13 16:31:04.715] [INFO] info - request url : / ; request params : {}
[2018-03-13 16:31:04.731] [INFO] info - request url : /seo/error.html ; request params : {}
[2018-03-13 16:31:04.831] [INFO] info - request url : /favicon.ico ; request params : {}
[2018-03-13 16:31:04.835] [INFO] info - request url : /seo/error.html ; request params : {}
[2018-03-13 16:31:07.810] [INFO] info - request url : / ; request params : {}
[2018-03-13 16:31:07.849] [INFO] info - request url : /seo/error.html ; request params : {}
[2018-03-13 16:31:07.937] [INFO] info - request url : /favicon.ico ; request params : {}
[2018-03-13 16:31:07.939] [INFO] info - request url : /seo/error.html ; request params : {}
