[2018-04-02 13:53:13.101] [INFO] info - request url : / ; request params : {}
[2018-04-02 13:53:13.118] [INFO] info - request url : /seo/error.html ; request params : {}
[2018-04-02 13:53:13.262] [INFO] info - request url : /seo/undefined/wkh5_fe/css/app.min.css?v=3.12 ; request params : {"v":"3.12"}
[2018-04-02 13:53:13.293] [INFO] info - request url : /seo/undefined/wkh5_fe/css/seo/error.min.css?v=3.12 ; request params : {"v":"3.12"}
[2018-04-02 13:53:13.338] [INFO] info - request url : /seo/error.html ; request params : {}
[2018-04-02 13:53:13.344] [INFO] info - request url : /seo/error.html ; request params : {}
[2018-04-02 13:53:13.350] [INFO] info - request url : /seo/undefined/wkh5_fe/js/app.min.js?v=3.12 ; request params : {"v":"3.12"}
[2018-04-02 13:53:13.355] [INFO] info - request url : /seo/undefined/fe_public_library/wkzf/js/require.min.js?v=3.12 ; request params : {"v":"3.12"}
[2018-04-02 13:53:13.359] [INFO] info - request url : /seo/undefined/wkh5_fe/images/exception/404.jpg ; request params : {}
[2018-04-02 13:53:13.364] [INFO] info - request url : /seo/error.html ; request params : {}
[2018-04-02 13:53:13.370] [INFO] info - request url : /seo/error.html ; request params : {}
[2018-04-02 13:53:13.379] [INFO] info - request url : /seo/error.html ; request params : {}
[2018-04-02 13:53:13.431] [INFO] info - request url : /favicon.ico ; request params : {}
[2018-04-02 13:53:13.438] [INFO] info - request url : /seo/error.html ; request params : {}
[2018-04-02 13:53:16.208] [INFO] info - request url : /seo/undefined/wkh5_fe/css/app.min.css?v=3.12 ; request params : {"v":"3.12"}
[2018-04-02 13:53:16.212] [INFO] info - request url : /seo/undefined/wkh5_fe/css/seo/error.min.css?v=3.12 ; request params : {"v":"3.12"}
[2018-04-02 13:53:16.216] [INFO] info - request url : /seo/error.html ; request params : {}
[2018-04-02 13:53:16.223] [INFO] info - request url : /seo/error.html ; request params : {}
[2018-04-02 13:56:45.446] [INFO] info - request url : /api/space/newApiProvider ; request params : {}
[2018-04-02 13:56:45.612] [INFO] info - request url : /favicon.ico ; request params : {}
[2018-04-02 13:56:45.618] [INFO] info - request url : /seo/error.html ; request params : {}
[2018-04-02 13:57:00.243] [INFO] info - request url : /space/summary/14 ; request params : {}
[2018-04-02 13:57:00.261] [INFO] info - request url : /seo/error.html ; request params : {}
[2018-04-02 13:57:00.281] [INFO] info - request url : /seo/undefined/wkh5_fe/css/app.min.css?v=3.12 ; request params : {"v":"3.12"}
[2018-04-02 13:57:00.291] [INFO] info - request url : /seo/undefined/wkh5_fe/css/seo/error.min.css?v=3.12 ; request params : {"v":"3.12"}
[2018-04-02 13:57:00.362] [INFO] info - request url : /seo/error.html ; request params : {}
[2018-04-02 13:57:00.368] [INFO] info - request url : /seo/undefined/wkh5_fe/js/app.min.js?v=3.12 ; request params : {"v":"3.12"}
[2018-04-02 13:57:00.372] [INFO] info - request url : /seo/error.html ; request params : {}
[2018-04-02 13:57:00.379] [INFO] info - request url : /seo/error.html ; request params : {}
[2018-04-02 13:57:00.385] [INFO] info - request url : /seo/undefined/fe_public_library/wkzf/js/require.min.js?v=3.12 ; request params : {"v":"3.12"}
[2018-04-02 13:57:00.389] [INFO] info - request url : /seo/undefined/wkh5_fe/images/exception/404.jpg ; request params : {}
[2018-04-02 13:57:00.403] [INFO] info - request url : /seo/error.html ; request params : {}
[2018-04-02 13:57:00.411] [INFO] info - request url : /seo/error.html ; request params : {}
[2018-04-02 13:57:00.466] [INFO] info - request url : /favicon.ico ; request params : {}
[2018-04-02 13:57:00.471] [INFO] info - request url : /seo/error.html ; request params : {}
