[2018-07-19 09:22:45.406] [INFO] info - request url : /shanghai/rent ; request params : {}
[2018-07-19 09:22:46.521] [INFO] info - request url : /api/common/bigdata?type=1&city=%E4%B8%8A%E6%B5%B7&cookieId=9c40538e-7ee6-4f11-ade1-e3e81ba1aad4&pageName=1232 ; request params : {"type":"1","city":"上海","cookieId":"9c40538e-7ee6-4f11-ade1-e3e81ba1aad4","pageName":"1232"}
[2018-07-19 09:22:51.177] [INFO] info - request url : /api/common/bigdata?type=2&city=%E4%B8%8A%E6%B5%B7&cookieId=9c40538e-7ee6-4f11-ade1-e3e81ba1aad4&eventName=1202049&eventParam%5Bboutique%5D=0&eventParam%5Bhouse_id%5D=1477891 ; request params : {"type":"2","city":"上海","cookieId":"9c40538e-7ee6-4f11-ade1-e3e81ba1aad4","eventName":"1202049","eventParam":{"boutique":"0","house_id":"1477891"}}
[2018-07-19 09:22:51.212] [INFO] info - request url : /shanghai/rent/4db9c151840b1b32.html ; request params : {}
[2018-07-19 09:22:51.958] [INFO] info - request url : /callNumber/getAgentInfoNewQrcode.rest?agentId=100705&subEstateId=35536&houseId=1477891&isSelfSupport=0&phoneNum=400-069-6130,25210 ; request params : {"agentId":"100705","subEstateId":"35536","houseId":"1477891","isSelfSupport":"0","phoneNum":"400-069-6130,25210"}
[2018-07-19 09:22:52.133] [INFO] info - request url : /api/common/bigdata?type=1&city=%E4%B8%8A%E6%B5%B7&cookieId=9c40538e-7ee6-4f11-ade1-e3e81ba1aad4&pageName=1233 ; request params : {"type":"1","city":"上海","cookieId":"9c40538e-7ee6-4f11-ade1-e3e81ba1aad4","pageName":"1233"}
[2018-07-19 09:22:53.195] [INFO] info - request url : /shanghai/rent/undefined ; request params : {}
[2018-07-19 09:23:01.608] [INFO] info - request url : /shanghai/rent/4db9c151840b1b32.html ; request params : {}
[2018-07-19 09:23:02.822] [INFO] info - request url : /callNumber/getAgentInfoNewQrcode.rest?agentId=100705&subEstateId=35536&houseId=1477891&isSelfSupport=0&phoneNum=400-069-6130,25210 ; request params : {"agentId":"100705","subEstateId":"35536","houseId":"1477891","isSelfSupport":"0","phoneNum":"400-069-6130,25210"}
[2018-07-19 09:23:03.274] [INFO] info - request url : /api/common/bigdata?type=1&city=%E4%B8%8A%E6%B5%B7&cookieId=b3d529fb-8dce-b680-410e-ae52291faf0f&pageName=1233 ; request params : {"type":"1","city":"上海","cookieId":"b3d529fb-8dce-b680-410e-ae52291faf0f","pageName":"1233"}
[2018-07-19 09:23:04.226] [INFO] info - request url : /shanghai/rent/undefined ; request params : {}
[2018-07-19 09:23:14.763] [INFO] info - request url : /shanghai/rent/ ; request params : {}
[2018-07-19 09:23:16.382] [INFO] info - request url : /api/common/bigdata?type=1&city=%E4%B8%8A%E6%B5%B7&cookieId=b3d529fb-8dce-b680-410e-ae52291faf0f&pageName=1232 ; request params : {"type":"1","city":"上海","cookieId":"b3d529fb-8dce-b680-410e-ae52291faf0f","pageName":"1232"}
[2018-07-19 09:23:19.241] [INFO] info - request url : /api/common/bigdata?type=2&city=%E4%B8%8A%E6%B5%B7&cookieId=b3d529fb-8dce-b680-410e-ae52291faf0f&eventName=1202049&eventParam%5Bboutique%5D=0&eventParam%5Bhouse_id%5D=1477891 ; request params : {"type":"2","city":"上海","cookieId":"b3d529fb-8dce-b680-410e-ae52291faf0f","eventName":"1202049","eventParam":{"boutique":"0","house_id":"1477891"}}
[2018-07-19 09:23:19.284] [INFO] info - request url : /shanghai/rent/4db9c151840b1b32.html ; request params : {}
[2018-07-19 09:23:19.833] [INFO] info - request url : /callNumber/getAgentInfoNewQrcode.rest?agentId=100705&subEstateId=35536&houseId=1477891&isSelfSupport=0&phoneNum=400-069-6130,25210 ; request params : {"agentId":"100705","subEstateId":"35536","houseId":"1477891","isSelfSupport":"0","phoneNum":"400-069-6130,25210"}
[2018-07-19 09:23:20.024] [INFO] info - request url : /api/common/bigdata?type=1&city=%E4%B8%8A%E6%B5%B7&cookieId=b3d529fb-8dce-b680-410e-ae52291faf0f&pageName=1233 ; request params : {"type":"1","city":"上海","cookieId":"b3d529fb-8dce-b680-410e-ae52291faf0f","pageName":"1233"}
[2018-07-19 09:23:20.687] [INFO] info - request url : /shanghai/rent/undefined ; request params : {}
[2018-07-19 09:23:24.984] [INFO] info - request url : /api/common/bigdata?type=2&city=%E4%B8%8A%E6%B5%B7&cookieId=b3d529fb-8dce-b680-410e-ae52291faf0f&eventName=1202049&eventParam%5Bboutique%5D=0&eventParam%5Bhouse_id%5D=1477884 ; request params : {"type":"2","city":"上海","cookieId":"b3d529fb-8dce-b680-410e-ae52291faf0f","eventName":"1202049","eventParam":{"boutique":"0","house_id":"1477884"}}
[2018-07-19 09:23:25.025] [INFO] info - request url : /shanghai/rent/634da4954821a9f9.html ; request params : {}
[2018-07-19 09:23:26.192] [INFO] info - request url : /callNumber/getAgentInfoNewQrcode.rest?agentId=100619&subEstateId=12348&houseId=1477884&isSelfSupport=0&phoneNum=400-069-6130,25178 ; request params : {"agentId":"100619","subEstateId":"12348","houseId":"1477884","isSelfSupport":"0","phoneNum":"400-069-6130,25178"}
[2018-07-19 09:23:26.348] [INFO] info - request url : /api/common/bigdata?type=1&city=%E4%B8%8A%E6%B5%B7&cookieId=b3d529fb-8dce-b680-410e-ae52291faf0f&pageName=1233 ; request params : {"type":"1","city":"上海","cookieId":"b3d529fb-8dce-b680-410e-ae52291faf0f","pageName":"1233"}
[2018-07-19 09:23:26.964] [INFO] info - request url : /shanghai/rent/undefined ; request params : {}
[2018-07-19 09:23:31.914] [INFO] info - request url : /api/common/bigdata?type=2&city=%E4%B8%8A%E6%B5%B7&cookieId=b3d529fb-8dce-b680-410e-ae52291faf0f&eventName=1202049&eventParam%5Bboutique%5D=0&eventParam%5Bhouse_id%5D=1476862 ; request params : {"type":"2","city":"上海","cookieId":"b3d529fb-8dce-b680-410e-ae52291faf0f","eventName":"1202049","eventParam":{"boutique":"0","house_id":"1476862"}}
[2018-07-19 09:23:31.958] [INFO] info - request url : /shanghai/rent/a4f6ba0f2404428f.html ; request params : {}
[2018-07-19 09:23:32.518] [INFO] info - request url : /callNumber/getAgentInfoNewQrcode.rest?agentId=100705&subEstateId=20424&houseId=1476862&isSelfSupport=0&phoneNum=400-069-6130,25210 ; request params : {"agentId":"100705","subEstateId":"20424","houseId":"1476862","isSelfSupport":"0","phoneNum":"400-069-6130,25210"}
[2018-07-19 09:23:32.635] [INFO] info - request url : /api/common/bigdata?type=1&city=%E4%B8%8A%E6%B5%B7&cookieId=b3d529fb-8dce-b680-410e-ae52291faf0f&pageName=1233 ; request params : {"type":"1","city":"上海","cookieId":"b3d529fb-8dce-b680-410e-ae52291faf0f","pageName":"1233"}
[2018-07-19 09:23:33.237] [INFO] info - request url : /shanghai/rent/undefined ; request params : {}
[2018-07-19 09:23:37.626] [INFO] info - request url : /api/common/bigdata?type=2&city=%E4%B8%8A%E6%B5%B7&cookieId=b3d529fb-8dce-b680-410e-ae52291faf0f&eventName=1202049&eventParam%5Bboutique%5D=0&eventParam%5Bhouse_id%5D=1477394 ; request params : {"type":"2","city":"上海","cookieId":"b3d529fb-8dce-b680-410e-ae52291faf0f","eventName":"1202049","eventParam":{"boutique":"0","house_id":"1477394"}}
[2018-07-19 09:23:37.695] [INFO] info - request url : /shanghai/rent/87669167c29f466a.html ; request params : {}
[2018-07-19 09:23:38.529] [INFO] info - request url : /callNumber/getAgentInfoNewQrcode.rest?agentId=152735&subEstateId=12394&houseId=1477394&isSelfSupport=0&phoneNum=400-069-6130,25333 ; request params : {"agentId":"152735","subEstateId":"12394","houseId":"1477394","isSelfSupport":"0","phoneNum":"400-069-6130,25333"}
[2018-07-19 09:23:38.675] [INFO] info - request url : /api/common/bigdata?type=1&city=%E4%B8%8A%E6%B5%B7&cookieId=b3d529fb-8dce-b680-410e-ae52291faf0f&pageName=1233 ; request params : {"type":"1","city":"上海","cookieId":"b3d529fb-8dce-b680-410e-ae52291faf0f","pageName":"1233"}
[2018-07-19 09:23:39.323] [INFO] info - request url : /shanghai/rent/undefined ; request params : {}
[2018-07-19 09:23:41.858] [INFO] info - request url : /api/common/bigdata?type=2&city=%E4%B8%8A%E6%B5%B7&cookieId=b3d529fb-8dce-b680-410e-ae52291faf0f&eventName=1202049&eventParam%5Bboutique%5D=0&eventParam%5Bhouse_id%5D=1477049 ; request params : {"type":"2","city":"上海","cookieId":"b3d529fb-8dce-b680-410e-ae52291faf0f","eventName":"1202049","eventParam":{"boutique":"0","house_id":"1477049"}}
[2018-07-19 09:23:41.893] [INFO] info - request url : /shanghai/rent/a3b9efc34dc727ed.html ; request params : {}
[2018-07-19 09:23:42.338] [INFO] info - request url : /callNumber/getAgentInfoNewQrcode.rest?agentId=152617&subEstateId=12425&houseId=1477049&isSelfSupport=0&phoneNum=400-069-6130,25315 ; request params : {"agentId":"152617","subEstateId":"12425","houseId":"1477049","isSelfSupport":"0","phoneNum":"400-069-6130,25315"}
[2018-07-19 09:23:42.506] [INFO] info - request url : /api/common/bigdata?type=1&city=%E4%B8%8A%E6%B5%B7&cookieId=b3d529fb-8dce-b680-410e-ae52291faf0f&pageName=1233 ; request params : {"type":"1","city":"上海","cookieId":"b3d529fb-8dce-b680-410e-ae52291faf0f","pageName":"1233"}
[2018-07-19 09:23:43.146] [INFO] info - request url : /shanghai/rent/undefined ; request params : {}
[2018-07-19 09:23:45.405] [INFO] info - request url : /api/common/bigdata?type=2&city=%E4%B8%8A%E6%B5%B7&cookieId=b3d529fb-8dce-b680-410e-ae52291faf0f&eventName=1202049&eventParam%5Bboutique%5D=0&eventParam%5Bhouse_id%5D=1466816 ; request params : {"type":"2","city":"上海","cookieId":"b3d529fb-8dce-b680-410e-ae52291faf0f","eventName":"1202049","eventParam":{"boutique":"0","house_id":"1466816"}}
[2018-07-19 09:23:45.449] [INFO] info - request url : /shanghai/rent/8de930e8a34d6905.html ; request params : {}
[2018-07-19 09:23:46.254] [INFO] info - request url : /callNumber/getAgentInfoNewQrcode.rest?agentId=100619&subEstateId=12321&houseId=1466816&isSelfSupport=0&phoneNum=400-069-6130,25178 ; request params : {"agentId":"100619","subEstateId":"12321","houseId":"1466816","isSelfSupport":"0","phoneNum":"400-069-6130,25178"}
[2018-07-19 09:23:46.599] [INFO] info - request url : /api/common/bigdata?type=1&city=%E4%B8%8A%E6%B5%B7&cookieId=b3d529fb-8dce-b680-410e-ae52291faf0f&pageName=1233 ; request params : {"type":"1","city":"上海","cookieId":"b3d529fb-8dce-b680-410e-ae52291faf0f","pageName":"1233"}
[2018-07-19 09:23:47.125] [INFO] info - request url : /shanghai/rent/undefined ; request params : {}
[2018-07-19 09:24:17.583] [INFO] info - request url : /shanghai/rent ; request params : {}
[2018-07-19 09:24:21.347] [INFO] info - request url : /shanghai/rent/5a9f5179bb7587f56713cc85e743153e.html ; request params : {}
[2018-07-19 09:24:29.820] [INFO] info - request url : /api/common/bigdata?type=2&city=%E4%B8%8A%E6%B5%B7&cookieId=b3d529fb-8dce-b680-410e-ae52291faf0f&eventName=1202049&eventParam%5Bboutique%5D=0&eventParam%5Bhouse_id%5D=1477657 ; request params : {"type":"2","city":"上海","cookieId":"b3d529fb-8dce-b680-410e-ae52291faf0f","eventName":"1202049","eventParam":{"boutique":"0","house_id":"1477657"}}
[2018-07-19 09:24:29.852] [INFO] info - request url : /shanghai/rent/0619f69b015e31d3.html ; request params : {}
[2018-07-19 09:24:30.385] [INFO] info - request url : /callNumber/getAgentInfoNewQrcode.rest?agentId=100574&subEstateId=20828&houseId=1477657&isSelfSupport=0&phoneNum=400-069-6130,25173 ; request params : {"agentId":"100574","subEstateId":"20828","houseId":"1477657","isSelfSupport":"0","phoneNum":"400-069-6130,25173"}
[2018-07-19 09:24:30.605] [INFO] info - request url : /api/common/bigdata?type=1&city=%E4%B8%8A%E6%B5%B7&cookieId=b3d529fb-8dce-b680-410e-ae52291faf0f&pageName=1233 ; request params : {"type":"1","city":"上海","cookieId":"b3d529fb-8dce-b680-410e-ae52291faf0f","pageName":"1233"}
[2018-07-19 09:24:31.505] [INFO] info - request url : /shanghai/rent/undefined ; request params : {}
[2018-07-19 09:24:35.370] [INFO] info - request url : /api/common/bigdata?type=2&city=%E4%B8%8A%E6%B5%B7&cookieId=b3d529fb-8dce-b680-410e-ae52291faf0f&eventName=1202049&eventParam%5Bboutique%5D=0&eventParam%5Bhouse_id%5D=1000004130 ; request params : {"type":"2","city":"上海","cookieId":"b3d529fb-8dce-b680-410e-ae52291faf0f","eventName":"1202049","eventParam":{"boutique":"0","house_id":"1000004130"}}
[2018-07-19 09:24:35.409] [INFO] info - request url : /shanghai/rent/9b5015ccaa54578d918a80242a27eb15.html ; request params : {}
[2018-07-19 09:24:36.260] [INFO] info - request url : /callNumber/getAgentInfoNewQrcode.rest?agentId=152735&subEstateId=12373&houseId=1000004130&isSelfSupport=1&phoneNum=400-069-6130,25333 ; request params : {"agentId":"152735","subEstateId":"12373","houseId":"1000004130","isSelfSupport":"1","phoneNum":"400-069-6130,25333"}
[2018-07-19 09:24:36.394] [INFO] info - request url : /api/common/bigdata?type=1&city=%E4%B8%8A%E6%B5%B7&cookieId=b3d529fb-8dce-b680-410e-ae52291faf0f&pageName=1233 ; request params : {"type":"1","city":"上海","cookieId":"b3d529fb-8dce-b680-410e-ae52291faf0f","pageName":"1233"}
[2018-07-19 09:24:36.972] [INFO] info - request url : /shanghai/rent/undefined ; request params : {}
[2018-07-19 09:26:21.367] [INFO] info - request url : /shanghai/rent/5a9f5179bb7587f56713cc85e743153e.html ; request params : {}
[2018-07-19 09:26:35.367] [INFO] info - request url : /shanghai/rent/9b5015ccaa54578d918a80242a27eb15.html ; request params : {}
[2018-07-19 09:26:36.268] [INFO] info - request url : /callNumber/getAgentInfoNewQrcode.rest?agentId=152735&subEstateId=12373&houseId=1000004130&isSelfSupport=1&phoneNum=400-069-6130,25333 ; request params : {"agentId":"152735","subEstateId":"12373","houseId":"1000004130","isSelfSupport":"1","phoneNum":"400-069-6130,25333"}
[2018-07-19 09:26:36.581] [INFO] info - request url : /callNumber/getAgentInfoNewQrcode.rest?agentId=100619&subEstateId=12373&houseId=1000004130&isSelfSupport=1&phoneNum=400-069-6130,25178 ; request params : {"agentId":"100619","subEstateId":"12373","houseId":"1000004130","isSelfSupport":"1","phoneNum":"400-069-6130,25178"}
[2018-07-19 09:26:37.007] [INFO] info - request url : /api/common/bigdata?type=1&city=%E4%B8%8A%E6%B5%B7&cookieId=b3d529fb-8dce-b680-410e-ae52291faf0f&pageName=1233 ; request params : {"type":"1","city":"上海","cookieId":"b3d529fb-8dce-b680-410e-ae52291faf0f","pageName":"1233"}
[2018-07-19 09:26:37.806] [INFO] info - request url : /shanghai/rent/undefined ; request params : {}
[2018-07-19 09:26:39.550] [INFO] info - request url : /shanghai/rent/9b5015ccaa54578d918a80242a27eb15.html ; request params : {}
[2018-07-19 09:26:41.057] [INFO] info - request url : /callNumber/getAgentInfoNewQrcode.rest?agentId=152735&subEstateId=12373&houseId=1000004130&isSelfSupport=1&phoneNum=400-069-6130,25333 ; request params : {"agentId":"152735","subEstateId":"12373","houseId":"1000004130","isSelfSupport":"1","phoneNum":"400-069-6130,25333"}
[2018-07-19 09:26:41.250] [INFO] info - request url : /api/common/bigdata?type=1&city=%E4%B8%8A%E6%B5%B7&cookieId=b3d529fb-8dce-b680-410e-ae52291faf0f&pageName=1233 ; request params : {"type":"1","city":"上海","cookieId":"b3d529fb-8dce-b680-410e-ae52291faf0f","pageName":"1233"}
[2018-07-19 09:26:41.907] [INFO] info - request url : /shanghai/rent/undefined ; request params : {}
[2018-07-19 09:27:03.121] [INFO] info - request url : /shanghai/rent/9b5015ccaa54578d918a80242a27eb15.html ; request params : {}
[2018-07-19 09:27:04.394] [INFO] info - request url : /callNumber/getAgentInfoNewQrcode.rest?agentId=100619&subEstateId=12373&houseId=1000004130&isSelfSupport=1&phoneNum=400-069-6130,25178 ; request params : {"agentId":"100619","subEstateId":"12373","houseId":"1000004130","isSelfSupport":"1","phoneNum":"400-069-6130,25178"}
[2018-07-19 09:27:04.806] [INFO] info - request url : /api/common/bigdata?type=1&city=%E4%B8%8A%E6%B5%B7&cookieId=b3d529fb-8dce-b680-410e-ae52291faf0f&pageName=1233 ; request params : {"type":"1","city":"上海","cookieId":"b3d529fb-8dce-b680-410e-ae52291faf0f","pageName":"1233"}
[2018-07-19 09:27:05.409] [INFO] info - request url : /shanghai/rent/undefined ; request params : {}
[2018-07-19 09:27:30.267] [INFO] info - request url : /shanghai/rent/9b5015ccaa54578d918a80242a27eb15.html ; request params : {}
[2018-07-19 09:27:30.819] [INFO] info - request url : /callNumber/getAgentInfoNewQrcode.rest?agentId=152735&subEstateId=12373&houseId=1000004130&isSelfSupport=1&phoneNum=400-069-6130,25333 ; request params : {"agentId":"152735","subEstateId":"12373","houseId":"1000004130","isSelfSupport":"1","phoneNum":"400-069-6130,25333"}
[2018-07-19 09:27:31.037] [INFO] info - request url : /api/common/bigdata?type=1&city=%E4%B8%8A%E6%B5%B7&cookieId=b3d529fb-8dce-b680-410e-ae52291faf0f&pageName=1233 ; request params : {"type":"1","city":"上海","cookieId":"b3d529fb-8dce-b680-410e-ae52291faf0f","pageName":"1233"}
[2018-07-19 09:27:31.660] [INFO] info - request url : /shanghai/rent/undefined ; request params : {}
[2018-07-19 09:27:34.599] [INFO] info - request url : /shanghai/rent/9b5015ccaa54578d918a80242a27eb15.html ; request params : {}
[2018-07-19 09:27:35.257] [INFO] info - request url : /callNumber/getAgentInfoNewQrcode.rest?agentId=100619&subEstateId=12373&houseId=1000004130&isSelfSupport=1&phoneNum=400-069-6130,25178 ; request params : {"agentId":"100619","subEstateId":"12373","houseId":"1000004130","isSelfSupport":"1","phoneNum":"400-069-6130,25178"}
[2018-07-19 09:27:35.442] [INFO] info - request url : /api/common/bigdata?type=1&city=%E4%B8%8A%E6%B5%B7&cookieId=b3d529fb-8dce-b680-410e-ae52291faf0f&pageName=1233 ; request params : {"type":"1","city":"上海","cookieId":"b3d529fb-8dce-b680-410e-ae52291faf0f","pageName":"1233"}
[2018-07-19 09:27:36.163] [INFO] info - request url : /shanghai/rent/undefined ; request params : {}
[2018-07-19 09:28:09.722] [INFO] info - request url : /shanghai/rent/9b5015ccaa54578d918a80242a27eb15.html ; request params : {}
[2018-07-19 09:28:10.754] [INFO] info - request url : /callNumber/getAgentInfoNewQrcode.rest?agentId=152735&subEstateId=12373&houseId=1000004130&isSelfSupport=1&phoneNum=400-069-6130,25333 ; request params : {"agentId":"152735","subEstateId":"12373","houseId":"1000004130","isSelfSupport":"1","phoneNum":"400-069-6130,25333"}
[2018-07-19 09:28:11.324] [INFO] info - request url : /api/common/bigdata?type=1&city=%E4%B8%8A%E6%B5%B7&cookieId=225b1e7e-f6b2-743a-ec5a-eca0019e0591&pageName=1233 ; request params : {"type":"1","city":"上海","cookieId":"225b1e7e-f6b2-743a-ec5a-eca0019e0591","pageName":"1233"}
[2018-07-19 09:28:12.313] [INFO] info - request url : /shanghai/rent/undefined ; request params : {}
[2018-07-19 09:29:21.151] [INFO] info - request url : /shanghai/rent/9b5015ccaa54578d918a80242a27eb15.html ; request params : {}
[2018-07-19 09:29:22.517] [INFO] info - request url : /callNumber/getAgentInfoNewQrcode.rest?agentId=152735&subEstateId=12373&houseId=1000004130&isSelfSupport=1&phoneNum=400-069-6130,25333 ; request params : {"agentId":"152735","subEstateId":"12373","houseId":"1000004130","isSelfSupport":"1","phoneNum":"400-069-6130,25333"}
[2018-07-19 09:29:22.790] [INFO] info - request url : /api/common/bigdata?type=1&city=%E4%B8%8A%E6%B5%B7&cookieId=225b1e7e-f6b2-743a-ec5a-eca0019e0591&pageName=1233 ; request params : {"type":"1","city":"上海","cookieId":"225b1e7e-f6b2-743a-ec5a-eca0019e0591","pageName":"1233"}
[2018-07-19 09:29:23.400] [INFO] info - request url : /shanghai/rent/undefined ; request params : {}
[2018-07-19 09:30:29.219] [INFO] info - request url : /shanghai/rent/9b5015ccaa54578d918a80242a27eb15.html ; request params : {}
[2018-07-19 09:30:30.267] [INFO] info - request url : /callNumber/getAgentInfoNewQrcode.rest?agentId=100619&subEstateId=12373&houseId=1000004130&isSelfSupport=1&phoneNum=400-069-6130,25178 ; request params : {"agentId":"100619","subEstateId":"12373","houseId":"1000004130","isSelfSupport":"1","phoneNum":"400-069-6130,25178"}
[2018-07-19 09:30:30.569] [INFO] info - request url : /api/common/bigdata?type=1&city=%E4%B8%8A%E6%B5%B7&cookieId=225b1e7e-f6b2-743a-ec5a-eca0019e0591&pageName=1233 ; request params : {"type":"1","city":"上海","cookieId":"225b1e7e-f6b2-743a-ec5a-eca0019e0591","pageName":"1233"}
[2018-07-19 09:30:31.388] [INFO] info - request url : /shanghai/rent/undefined ; request params : {}
[2018-07-19 09:30:34.738] [INFO] info - request url : /shanghai/rent/9b5015ccaa54578d918a80242a27eb15.html ; request params : {}
[2018-07-19 09:30:35.503] [INFO] info - request url : /callNumber/getAgentInfoNewQrcode.rest?agentId=152735&subEstateId=12373&houseId=1000004130&isSelfSupport=1&phoneNum=400-069-6130,25333 ; request params : {"agentId":"152735","subEstateId":"12373","houseId":"1000004130","isSelfSupport":"1","phoneNum":"400-069-6130,25333"}
[2018-07-19 09:30:35.837] [INFO] info - request url : /api/common/bigdata?type=1&city=%E4%B8%8A%E6%B5%B7&cookieId=225b1e7e-f6b2-743a-ec5a-eca0019e0591&pageName=1233 ; request params : {"type":"1","city":"上海","cookieId":"225b1e7e-f6b2-743a-ec5a-eca0019e0591","pageName":"1233"}
[2018-07-19 09:30:36.414] [INFO] info - request url : /shanghai/rent/undefined ; request params : {}
[2018-07-19 09:30:39.937] [INFO] info - request url : /shanghai/rent/9b5015ccaa54578d918a80242a27eb15.html ; request params : {}
[2018-07-19 09:30:48.009] [INFO] info - request url : /shanghai/rent/9b5015ccaa54578d918a80242a27eb15.html ; request params : {}
[2018-07-19 09:30:48.935] [INFO] info - request url : /callNumber/getAgentInfoNewQrcode.rest?agentId=152735&subEstateId=12373&houseId=1000004130&isSelfSupport=1&phoneNum=400-069-6130,25333 ; request params : {"agentId":"152735","subEstateId":"12373","houseId":"1000004130","isSelfSupport":"1","phoneNum":"400-069-6130,25333"}
[2018-07-19 09:30:49.570] [INFO] info - request url : /api/common/bigdata?type=1&city=%E4%B8%8A%E6%B5%B7&cookieId=6f3a41f8-b8b8-9a6d-ad90-ac6c2214a79a&pageName=1233 ; request params : {"type":"1","city":"上海","cookieId":"6f3a41f8-b8b8-9a6d-ad90-ac6c2214a79a","pageName":"1233"}
[2018-07-19 09:30:50.438] [INFO] info - request url : /shanghai/rent/undefined ; request params : {}
[2018-07-19 09:32:48.945] [INFO] info - request url : /callNumber/getAgentInfoNewQrcode.rest?agentId=152735&subEstateId=12373&houseId=1000004130&isSelfSupport=1&phoneNum=400-069-6130,25333 ; request params : {"agentId":"152735","subEstateId":"12373","houseId":"1000004130","isSelfSupport":"1","phoneNum":"400-069-6130,25333"}
[2018-07-19 10:02:08.178] [INFO] info - request url : /shanghai/rent/9b5015ccaa54578d918a80242a27eb15.html ; request params : {}
[2018-07-19 10:02:09.410] [INFO] info - request url : /callNumber/getAgentInfoNewQrcode.rest?agentId=100619&subEstateId=12373&houseId=1000004130&isSelfSupport=1&phoneNum=400-069-6130,25178 ; request params : {"agentId":"100619","subEstateId":"12373","houseId":"1000004130","isSelfSupport":"1","phoneNum":"400-069-6130,25178"}
[2018-07-19 10:02:09.939] [INFO] info - request url : /api/common/bigdata?type=1&city=%E4%B8%8A%E6%B5%B7&cookieId=6f3a41f8-b8b8-9a6d-ad90-ac6c2214a79a&pageName=1233 ; request params : {"type":"1","city":"上海","cookieId":"6f3a41f8-b8b8-9a6d-ad90-ac6c2214a79a","pageName":"1233"}
[2018-07-19 10:02:11.552] [INFO] info - request url : /shanghai/rent/undefined ; request params : {}
[2018-07-19 10:04:09.411] [INFO] info - request url : /callNumber/getAgentInfoNewQrcode.rest?agentId=100619&subEstateId=12373&houseId=1000004130&isSelfSupport=1&phoneNum=400-069-6130,25178 ; request params : {"agentId":"100619","subEstateId":"12373","houseId":"1000004130","isSelfSupport":"1","phoneNum":"400-069-6130,25178"}
[2018-07-19 11:07:45.012] [INFO] info - request url : /shanghai/rent/9b5015ccaa54578d918a80242a27eb15.html ; request params : {}
[2018-07-19 11:07:47.190] [INFO] info - request url : /callNumber/getAgentInfoNewQrcode.rest?agentId=152735&subEstateId=12373&houseId=1000004130&isSelfSupport=1&phoneNum=400-069-6130,25333 ; request params : {"agentId":"152735","subEstateId":"12373","houseId":"1000004130","isSelfSupport":"1","phoneNum":"400-069-6130,25333"}
[2018-07-19 11:07:47.597] [INFO] info - request url : /api/common/bigdata?type=1&city=%E4%B8%8A%E6%B5%B7&cookieId=6f3a41f8-b8b8-9a6d-ad90-ac6c2214a79a&pageName=1233 ; request params : {"type":"1","city":"上海","cookieId":"6f3a41f8-b8b8-9a6d-ad90-ac6c2214a79a","pageName":"1233"}
[2018-07-19 11:07:48.319] [INFO] info - request url : /shanghai/rent/undefined ; request params : {}
[2018-07-19 11:09:47.207] [INFO] info - request url : /callNumber/getAgentInfoNewQrcode.rest?agentId=152735&subEstateId=12373&houseId=1000004130&isSelfSupport=1&phoneNum=400-069-6130,25333 ; request params : {"agentId":"152735","subEstateId":"12373","houseId":"1000004130","isSelfSupport":"1","phoneNum":"400-069-6130,25333"}
[2018-07-19 11:18:39.958] [INFO] info - request url : /shanghai/rent/undefined ; request params : {}
[2018-07-19 11:21:36.209] [INFO] info - request url : /api/member/getDynamicPwd?codeType=1&phone=13182390727&verifyCode=5746 ; request params : {"codeType":"1","phone":"13182390727","verifyCode":"5746"}
[2018-07-19 11:22:17.145] [INFO] info - request url : /api/member/login?phoneNum=13182390727&identifyCode=433543 ; request params : {"phoneNum":"13182390727","identifyCode":"433543"}
[2018-07-19 11:27:52.775] [INFO] info - request url : /shanghai/rent/ ; request params : {}
[2018-07-19 11:27:53.667] [INFO] info - request url : /api/common/bigdata?type=1&city=%E4%B8%8A%E6%B5%B7&cookieId=6f3a41f8-b8b8-9a6d-ad90-ac6c2214a79a&pageName=1202 ; request params : {"type":"1","city":"上海","cookieId":"6f3a41f8-b8b8-9a6d-ad90-ac6c2214a79a","pageName":"1202"}
[2018-07-19 11:27:56.353] [INFO] info - request url : /api/common/bigdata?type=2&city=%E4%B8%8A%E6%B5%B7&cookieId=6f3a41f8-b8b8-9a6d-ad90-ac6c2214a79a&eventName=1202049&eventParam%5Bboutique%5D=0&eventParam%5Bhouse_id%5D=1000007281 ; request params : {"type":"2","city":"上海","cookieId":"6f3a41f8-b8b8-9a6d-ad90-ac6c2214a79a","eventName":"1202049","eventParam":{"boutique":"0","house_id":"1000007281"}}
[2018-07-19 11:27:56.487] [INFO] info - request url : /shanghai/rent/fd1c4cb9e67a7dac09b98a36e7551ec8.html ; request params : {}
[2018-07-19 11:27:59.631] [INFO] info - request url : /api/common/bigdata?type=2&city=%E4%B8%8A%E6%B5%B7&cookieId=6f3a41f8-b8b8-9a6d-ad90-ac6c2214a79a&eventName=1202049&eventParam%5Bboutique%5D=0&eventParam%5Bhouse_id%5D=1477891 ; request params : {"type":"2","city":"上海","cookieId":"6f3a41f8-b8b8-9a6d-ad90-ac6c2214a79a","eventName":"1202049","eventParam":{"boutique":"0","house_id":"1477891"}}
[2018-07-19 11:27:59.682] [INFO] info - request url : /shanghai/rent/4db9c151840b1b32.html ; request params : {}
[2018-07-19 11:28:00.562] [INFO] info - request url : /callNumber/getAgentInfoNewQrcode.rest?agentId=100705&subEstateId=35536&houseId=1477891&isSelfSupport=0&phoneNum=400-069-6130,25210 ; request params : {"agentId":"100705","subEstateId":"35536","houseId":"1477891","isSelfSupport":"0","phoneNum":"400-069-6130,25210"}
[2018-07-19 11:28:00.974] [INFO] info - request url : /api/common/bigdata?type=1&city=%E4%B8%8A%E6%B5%B7&cookieId=6f3a41f8-b8b8-9a6d-ad90-ac6c2214a79a&pageName=1204 ; request params : {"type":"1","city":"上海","cookieId":"6f3a41f8-b8b8-9a6d-ad90-ac6c2214a79a","pageName":"1204"}
[2018-07-19 11:28:01.772] [INFO] info - request url : /shanghai/rent/undefined ; request params : {}
[2018-07-19 11:28:08.181] [INFO] info - request url : /shanghai/rent/4db9c151840b1b32.html ; request params : {}
[2018-07-19 11:28:08.790] [INFO] info - request url : /callNumber/getAgentInfoNewQrcode.rest?agentId=100705&subEstateId=35536&houseId=1477891&isSelfSupport=0&phoneNum=400-069-6130,25210 ; request params : {"agentId":"100705","subEstateId":"35536","houseId":"1477891","isSelfSupport":"0","phoneNum":"400-069-6130,25210"}
[2018-07-19 11:28:09.138] [INFO] info - request url : /api/common/bigdata?type=1&city=%E4%B8%8A%E6%B5%B7&cookieId=6f3a41f8-b8b8-9a6d-ad90-ac6c2214a79a&pageName=1204 ; request params : {"type":"1","city":"上海","cookieId":"6f3a41f8-b8b8-9a6d-ad90-ac6c2214a79a","pageName":"1204"}
[2018-07-19 11:28:09.736] [INFO] info - request url : /shanghai/rent/undefined ; request params : {}
[2018-07-19 11:28:29.313] [INFO] info - request url : /shanghai/rent/4db9c151840b1b32.html ; request params : {}
[2018-07-19 11:28:30.242] [INFO] info - request url : /callNumber/getAgentInfoNewQrcode.rest?agentId=100705&subEstateId=35536&houseId=1477891&isSelfSupport=0&phoneNum=400-069-6130,25210 ; request params : {"agentId":"100705","subEstateId":"35536","houseId":"1477891","isSelfSupport":"0","phoneNum":"400-069-6130,25210"}
[2018-07-19 11:28:30.642] [INFO] info - request url : /api/common/bigdata?type=1&city=%E4%B8%8A%E6%B5%B7&cookieId=6f3a41f8-b8b8-9a6d-ad90-ac6c2214a79a&pageName=1204 ; request params : {"type":"1","city":"上海","cookieId":"6f3a41f8-b8b8-9a6d-ad90-ac6c2214a79a","pageName":"1204"}
[2018-07-19 11:28:31.404] [INFO] info - request url : /shanghai/rent/undefined ; request params : {}
[2018-07-19 11:28:48.416] [INFO] info - request url : /shanghai/rent/4db9c151840b1b32.html ; request params : {}
[2018-07-19 11:28:49.604] [INFO] info - request url : /callNumber/getAgentInfoNewQrcode.rest?agentId=100705&subEstateId=35536&houseId=1477891&isSelfSupport=0&phoneNum=400-069-6130,25210 ; request params : {"agentId":"100705","subEstateId":"35536","houseId":"1477891","isSelfSupport":"0","phoneNum":"400-069-6130,25210"}
[2018-07-19 11:28:50.076] [INFO] info - request url : /api/common/bigdata?type=1&city=%E4%B8%8A%E6%B5%B7&cookieId=9f3f75b5-e4b2-a3c3-f133-4910ac25e0c9&pageName=1204 ; request params : {"type":"1","city":"上海","cookieId":"9f3f75b5-e4b2-a3c3-f133-4910ac25e0c9","pageName":"1204"}
[2018-07-19 11:28:50.860] [INFO] info - request url : /shanghai/rent/undefined ; request params : {}
[2018-07-19 11:30:49.617] [INFO] info - request url : /callNumber/getAgentInfoNewQrcode.rest?agentId=100705&subEstateId=35536&houseId=1477891&isSelfSupport=0&phoneNum=400-069-6130,25210 ; request params : {"agentId":"100705","subEstateId":"35536","houseId":"1477891","isSelfSupport":"0","phoneNum":"400-069-6130,25210"}
[2018-07-19 11:47:15.826] [INFO] info - request url : /shanghai/rent/4db9c151840b1b32.html ; request params : {}
[2018-07-19 11:49:16.048] [INFO] info - request url : /shanghai/rent/4db9c151840b1b32.html ; request params : {}
[2018-07-19 11:51:21.145] [INFO] info - request url : /shanghai/rent/4db9c151840b1b32.html ; request params : {}
[2018-07-19 11:52:23.370] [INFO] info - request url : /shanghai/rent/4db9c151840b1b32.html ; request params : {}
[2018-07-19 11:54:23.519] [INFO] info - request url : /shanghai/rent/4db9c151840b1b32.html ; request params : {}
[2018-07-19 11:54:55.006] [INFO] info - request url : /shanghai/rent/4db9c151840b1b32.html ; request params : {}
[2018-07-19 11:58:02.044] [INFO] info - request url : /shanghai/rent/4db9c151840b1b32.html ; request params : {}
[2018-07-19 11:59:10.530] [INFO] info - request url : /shanghai/rent/4db9c151840b1b32.html ; request params : {}
[2018-07-19 12:54:53.369] [INFO] info - request url : /shanghai/rent/4db9c151840b1b32.html ; request params : {}
[2018-07-19 12:54:54.834] [INFO] info - request url : /shanghai/rent/4db9c151840b1b32.html ; request params : {}
[2018-07-19 13:05:46.729] [INFO] info - request url : /shanghai/rent/4db9c151840b1b32.html ; request params : {}
[2018-07-19 13:06:23.091] [INFO] info - request url : /shanghai/rent/4db9c151840b1b32.html ; request params : {}
[2018-07-19 13:09:05.907] [INFO] info - request url : /shanghai/rent/4db9c151840b1b32.html ; request params : {}
[2018-07-19 13:12:05.943] [INFO] info - request url : /shanghai/rent/4db9c151840b1b32.html ; request params : {}
[2018-07-19 13:19:05.984] [INFO] info - request url : /shanghai/rent/4db9c151840b1b32.html ; request params : {}
[2018-07-19 13:21:05.986] [INFO] info - request url : /shanghai/rent/4db9c151840b1b32.html ; request params : {}
[2018-07-19 13:40:45.651] [INFO] info - request url : /shanghai/rent/4db9c151840b1b32.html ; request params : {}
[2018-07-19 13:42:06.719] [INFO] info - request url : /shanghai/rent/4db9c151840b1b32.html ; request params : {}
[2018-07-19 13:44:06.728] [INFO] info - request url : /shanghai/rent/4db9c151840b1b32.html ; request params : {}
[2018-07-19 13:47:00.975] [INFO] info - request url : /shanghai/rent ; request params : {}
[2018-07-19 13:47:06.950] [INFO] info - request url : /shanghai/rent/608db0481c3b7ba9.html ; request params : {}
[2018-07-19 13:47:14.472] [INFO] info - request url : /shanghai/rent/ ; request params : {}
[2018-07-19 13:47:21.234] [INFO] info - request url : /api/common/bigdata?type=1&city=%E4%B8%8A%E6%B5%B7&cookieId=9f3f75b5-e4b2-a3c3-f133-4910ac25e0c9&pageName=1202 ; request params : {"type":"1","city":"上海","cookieId":"9f3f75b5-e4b2-a3c3-f133-4910ac25e0c9","pageName":"1202"}
[2018-07-19 13:47:23.416] [INFO] info - request url : /api/common/bigdata?type=2&city=%E4%B8%8A%E6%B5%B7&cookieId=9f3f75b5-e4b2-a3c3-f133-4910ac25e0c9&eventName=1202049&eventParam%5Bboutique%5D=0&eventParam%5Bhouse_id%5D=1477891 ; request params : {"type":"2","city":"上海","cookieId":"9f3f75b5-e4b2-a3c3-f133-4910ac25e0c9","eventName":"1202049","eventParam":{"boutique":"0","house_id":"1477891"}}
[2018-07-19 13:47:23.467] [INFO] info - request url : /shanghai/rent/4db9c151840b1b32.html ; request params : {}
[2018-07-19 13:47:26.466] [INFO] info - request url : /callNumber/getAgentInfoNewQrcode.rest?agentId=100705&subEstateId=35536&houseId=1477891&isSelfSupport=0&phoneNum=400-069-6130,25210 ; request params : {"agentId":"100705","subEstateId":"35536","houseId":"1477891","isSelfSupport":"0","phoneNum":"400-069-6130,25210"}
[2018-07-19 13:47:26.667] [INFO] info - request url : /api/common/bigdata?type=1&city=%E4%B8%8A%E6%B5%B7&cookieId=9f3f75b5-e4b2-a3c3-f133-4910ac25e0c9&pageName=1204 ; request params : {"type":"1","city":"上海","cookieId":"9f3f75b5-e4b2-a3c3-f133-4910ac25e0c9","pageName":"1204"}
[2018-07-19 13:47:27.109] [INFO] info - request url : /shanghai/rent/undefined ; request params : {}
[2018-07-19 13:48:07.658] [INFO] info - request url : /api/common/bigdata?type=2&city=%E4%B8%8A%E6%B5%B7&cookieId=9f3f75b5-e4b2-a3c3-f133-4910ac25e0c9&eventName=1202049&eventParam%5Bboutique%5D=0&eventParam%5Bhouse_id%5D=1477880 ; request params : {"type":"2","city":"上海","cookieId":"9f3f75b5-e4b2-a3c3-f133-4910ac25e0c9","eventName":"1202049","eventParam":{"boutique":"0","house_id":"1477880"}}
[2018-07-19 13:48:07.722] [INFO] info - request url : /shanghai/rent/0f905b5dad655e8f.html ; request params : {}
[2018-07-19 13:48:08.877] [INFO] info - request url : /callNumber/getAgentInfoNewQrcode.rest?agentId=100890&subEstateId=34677&houseId=1477880&isSelfSupport=0&phoneNum=400-069-6130,25257 ; request params : {"agentId":"100890","subEstateId":"34677","houseId":"1477880","isSelfSupport":"0","phoneNum":"400-069-6130,25257"}
[2018-07-19 13:48:09.100] [INFO] info - request url : /api/common/bigdata?type=1&city=%E4%B8%8A%E6%B5%B7&cookieId=9f3f75b5-e4b2-a3c3-f133-4910ac25e0c9&pageName=1204 ; request params : {"type":"1","city":"上海","cookieId":"9f3f75b5-e4b2-a3c3-f133-4910ac25e0c9","pageName":"1204"}
[2018-07-19 13:48:09.769] [INFO] info - request url : /shanghai/rent/undefined ; request params : {}
[2018-07-19 13:48:13.613] [INFO] info - request url : /api/common/bigdata?type=2&city=%E4%B8%8A%E6%B5%B7&cookieId=9f3f75b5-e4b2-a3c3-f133-4910ac25e0c9&eventName=1202049&eventParam%5Bboutique%5D=0&eventParam%5Bhouse_id%5D=1477122 ; request params : {"type":"2","city":"上海","cookieId":"9f3f75b5-e4b2-a3c3-f133-4910ac25e0c9","eventName":"1202049","eventParam":{"boutique":"0","house_id":"1477122"}}
[2018-07-19 13:48:13.666] [INFO] info - request url : /shanghai/rent/10df0f89b876f4ca.html ; request params : {}
[2018-07-19 13:48:14.391] [INFO] info - request url : /callNumber/getAgentInfoNewQrcode.rest?agentId=100619&subEstateId=12323&houseId=1477122&isSelfSupport=0&phoneNum=400-069-6130,25178 ; request params : {"agentId":"100619","subEstateId":"12323","houseId":"1477122","isSelfSupport":"0","phoneNum":"400-069-6130,25178"}
[2018-07-19 13:48:14.703] [INFO] info - request url : /api/common/bigdata?type=1&city=%E4%B8%8A%E6%B5%B7&cookieId=9f3f75b5-e4b2-a3c3-f133-4910ac25e0c9&pageName=1204 ; request params : {"type":"1","city":"上海","cookieId":"9f3f75b5-e4b2-a3c3-f133-4910ac25e0c9","pageName":"1204"}
[2018-07-19 13:48:15.263] [INFO] info - request url : /shanghai/rent/undefined ; request params : {}
[2018-07-19 13:48:19.270] [INFO] info - request url : /api/common/bigdata?type=2&city=%E4%B8%8A%E6%B5%B7&cookieId=9f3f75b5-e4b2-a3c3-f133-4910ac25e0c9&eventName=1202049&eventParam%5Bboutique%5D=0&eventParam%5Bhouse_id%5D=1000004130 ; request params : {"type":"2","city":"上海","cookieId":"9f3f75b5-e4b2-a3c3-f133-4910ac25e0c9","eventName":"1202049","eventParam":{"boutique":"0","house_id":"1000004130"}}
[2018-07-19 13:48:19.326] [INFO] info - request url : /shanghai/rent/9b5015ccaa54578d918a80242a27eb15.html ; request params : {}
[2018-07-19 13:48:22.562] [INFO] info - request url : /callNumber/getAgentInfoNewQrcode.rest?agentId=152735&subEstateId=12373&houseId=1000004130&isSelfSupport=1&phoneNum=400-069-6130,25333 ; request params : {"agentId":"152735","subEstateId":"12373","houseId":"1000004130","isSelfSupport":"1","phoneNum":"400-069-6130,25333"}
[2018-07-19 13:48:23.074] [INFO] info - request url : /api/common/bigdata?type=1&city=%E4%B8%8A%E6%B5%B7&cookieId=9f3f75b5-e4b2-a3c3-f133-4910ac25e0c9&pageName=1204 ; request params : {"type":"1","city":"上海","cookieId":"9f3f75b5-e4b2-a3c3-f133-4910ac25e0c9","pageName":"1204"}
[2018-07-19 13:48:23.537] [INFO] info - request url : /shanghai/rent/undefined ; request params : {}
[2018-07-19 13:49:51.639] [INFO] info - request url : /shanghai/rent/pa-2 ; request params : {}
[2018-07-19 13:49:54.228] [INFO] info - request url : /shanghai/rent/pa-2 ; request params : {}
[2018-07-19 13:49:57.705] [INFO] info - request url : /api/common/bigdata?type=2&city=%E4%B8%8A%E6%B5%B7&cookieId=9f3f75b5-e4b2-a3c3-f133-4910ac25e0c9&eventName=1202049&eventParam%5Bboutique%5D=0&eventParam%5Bhouse_id%5D=1477892 ; request params : {"type":"2","city":"上海","cookieId":"9f3f75b5-e4b2-a3c3-f133-4910ac25e0c9","eventName":"1202049","eventParam":{"boutique":"0","house_id":"1477892"}}
[2018-07-19 13:49:57.737] [INFO] info - request url : /shanghai/rent/2733c91cb9ee318f.html ; request params : {}
[2018-07-19 13:49:58.358] [INFO] info - request url : /callNumber/getAgentInfoNewQrcode.rest?agentId=152617&subEstateId=39295&houseId=1477892&isSelfSupport=0&phoneNum=400-069-6130,25315 ; request params : {"agentId":"152617","subEstateId":"39295","houseId":"1477892","isSelfSupport":"0","phoneNum":"400-069-6130,25315"}
[2018-07-19 13:49:58.505] [INFO] info - request url : /api/common/bigdata?type=1&city=%E4%B8%8A%E6%B5%B7&cookieId=9f3f75b5-e4b2-a3c3-f133-4910ac25e0c9&pageName=1204 ; request params : {"type":"1","city":"上海","cookieId":"9f3f75b5-e4b2-a3c3-f133-4910ac25e0c9","pageName":"1204"}
[2018-07-19 13:49:59.978] [INFO] info - request url : /shanghai/rent/undefined ; request params : {}
[2018-07-19 13:50:13.360] [INFO] info - request url : /api/common/bigdata?type=2&city=%E4%B8%8A%E6%B5%B7&cookieId=9f3f75b5-e4b2-a3c3-f133-4910ac25e0c9&eventName=1202049&eventParam%5Bboutique%5D=0&eventParam%5Bhouse_id%5D=1477897 ; request params : {"type":"2","city":"上海","cookieId":"9f3f75b5-e4b2-a3c3-f133-4910ac25e0c9","eventName":"1202049","eventParam":{"boutique":"0","house_id":"1477897"}}
[2018-07-19 13:50:13.394] [INFO] info - request url : /shanghai/rent/123168dcdb93d113.html ; request params : {}
[2018-07-19 13:50:13.895] [INFO] info - request url : /callNumber/getAgentInfoNewQrcode.rest?agentId=152617&subEstateId=39347&houseId=1477897&isSelfSupport=0&phoneNum=400-069-6130,25315 ; request params : {"agentId":"152617","subEstateId":"39347","houseId":"1477897","isSelfSupport":"0","phoneNum":"400-069-6130,25315"}
[2018-07-19 13:50:14.031] [INFO] info - request url : /api/common/bigdata?type=1&city=%E4%B8%8A%E6%B5%B7&cookieId=9f3f75b5-e4b2-a3c3-f133-4910ac25e0c9&pageName=1204 ; request params : {"type":"1","city":"上海","cookieId":"9f3f75b5-e4b2-a3c3-f133-4910ac25e0c9","pageName":"1204"}
[2018-07-19 13:50:14.522] [INFO] info - request url : /shanghai/rent/undefined ; request params : {}
[2018-07-19 13:50:24.075] [INFO] info - request url : /api/common/bigdata?type=2&city=%E4%B8%8A%E6%B5%B7&cookieId=9f3f75b5-e4b2-a3c3-f133-4910ac25e0c9&eventName=1202049&eventParam%5Bboutique%5D=0&eventParam%5Bhouse_id%5D=1477657 ; request params : {"type":"2","city":"上海","cookieId":"9f3f75b5-e4b2-a3c3-f133-4910ac25e0c9","eventName":"1202049","eventParam":{"boutique":"0","house_id":"1477657"}}
[2018-07-19 13:50:24.133] [INFO] info - request url : /shanghai/rent/0619f69b015e31d3.html ; request params : {}
[2018-07-19 13:50:26.154] [INFO] info - request url : /callNumber/getAgentInfoNewQrcode.rest?agentId=100574&subEstateId=20828&houseId=1477657&isSelfSupport=0&phoneNum=400-069-6130,25173 ; request params : {"agentId":"100574","subEstateId":"20828","houseId":"1477657","isSelfSupport":"0","phoneNum":"400-069-6130,25173"}
[2018-07-19 13:50:26.559] [INFO] info - request url : /api/common/bigdata?type=1&city=%E4%B8%8A%E6%B5%B7&cookieId=9f3f75b5-e4b2-a3c3-f133-4910ac25e0c9&pageName=1204 ; request params : {"type":"1","city":"上海","cookieId":"9f3f75b5-e4b2-a3c3-f133-4910ac25e0c9","pageName":"1204"}
[2018-07-19 13:50:27.093] [INFO] info - request url : /shanghai/rent/undefined ; request params : {}
[2018-07-19 13:50:37.495] [INFO] info - request url : /shanghai/rent/pa-2 ; request params : {}
[2018-07-19 13:50:40.639] [INFO] info - request url : /api/common/bigdata?type=1&city=%E4%B8%8A%E6%B5%B7&cookieId=9f3f75b5-e4b2-a3c3-f133-4910ac25e0c9&pageName=1202 ; request params : {"type":"1","city":"上海","cookieId":"9f3f75b5-e4b2-a3c3-f133-4910ac25e0c9","pageName":"1202"}
[2018-07-19 13:50:43.025] [INFO] info - request url : /api/common/bigdata?type=2&city=%E4%B8%8A%E6%B5%B7&cookieId=9f3f75b5-e4b2-a3c3-f133-4910ac25e0c9&eventName=1202049&eventParam%5Bboutique%5D=0&eventParam%5Bhouse_id%5D=1000007809 ; request params : {"type":"2","city":"上海","cookieId":"9f3f75b5-e4b2-a3c3-f133-4910ac25e0c9","eventName":"1202049","eventParam":{"boutique":"0","house_id":"1000007809"}}
[2018-07-19 13:50:43.056] [INFO] info - request url : /shanghai/rent/f4d708f687d5373b653bf3b97151f52b.html ; request params : {}
[2018-07-19 13:50:43.924] [INFO] info - request url : /callNumber/getAgentInfoNewQrcode.rest?agentId=100705&subEstateId=17192&houseId=1000007809&isSelfSupport=1&phoneNum=400-069-6130,25210 ; request params : {"agentId":"100705","subEstateId":"17192","houseId":"1000007809","isSelfSupport":"1","phoneNum":"400-069-6130,25210"}
[2018-07-19 13:50:44.074] [INFO] info - request url : /api/common/bigdata?type=1&city=%E4%B8%8A%E6%B5%B7&cookieId=9f3f75b5-e4b2-a3c3-f133-4910ac25e0c9&pageName=1204 ; request params : {"type":"1","city":"上海","cookieId":"9f3f75b5-e4b2-a3c3-f133-4910ac25e0c9","pageName":"1204"}
[2018-07-19 13:50:44.614] [INFO] info - request url : /shanghai/rent/undefined ; request params : {}
[2018-07-19 13:50:59.954] [INFO] info - request url : /api/common/bigdata?type=2&city=%E4%B8%8A%E6%B5%B7&cookieId=9f3f75b5-e4b2-a3c3-f133-4910ac25e0c9&eventName=1202049&eventParam%5Bboutique%5D=0&eventParam%5Bhouse_id%5D=1477636 ; request params : {"type":"2","city":"上海","cookieId":"9f3f75b5-e4b2-a3c3-f133-4910ac25e0c9","eventName":"1202049","eventParam":{"boutique":"0","house_id":"1477636"}}
[2018-07-19 13:51:00.023] [INFO] info - request url : /shanghai/rent/affc51da7f2bc808.html ; request params : {}
[2018-07-19 13:51:00.683] [INFO] info - request url : /callNumber/getAgentInfoNewQrcode.rest?agentId=152617&subEstateId=107331&houseId=1477636&isSelfSupport=0&phoneNum=400-069-6130,25315 ; request params : {"agentId":"152617","subEstateId":"107331","houseId":"1477636","isSelfSupport":"0","phoneNum":"400-069-6130,25315"}
[2018-07-19 13:51:00.808] [INFO] info - request url : /api/common/bigdata?type=1&city=%E4%B8%8A%E6%B5%B7&cookieId=9f3f75b5-e4b2-a3c3-f133-4910ac25e0c9&pageName=1204 ; request params : {"type":"1","city":"上海","cookieId":"9f3f75b5-e4b2-a3c3-f133-4910ac25e0c9","pageName":"1204"}
[2018-07-19 13:51:01.249] [INFO] info - request url : /shanghai/rent/undefined ; request params : {}
[2018-07-19 13:53:00.691] [INFO] info - request url : /callNumber/getAgentInfoNewQrcode.rest?agentId=152617&subEstateId=107331&houseId=1477636&isSelfSupport=0&phoneNum=400-069-6130,25315 ; request params : {"agentId":"152617","subEstateId":"107331","houseId":"1477636","isSelfSupport":"0","phoneNum":"400-069-6130,25315"}
