[2018-03-15 11:23:16.122] [INFO] info - request url : /seo/error.html ; request params : {}
[2018-03-15 11:23:20.463] [INFO] info - request url : /favicon.ico ; request params : {}
[2018-03-15 11:23:20.472] [INFO] info - request url : /seo/error.html ; request params : {}
[2018-03-15 11:23:28.402] [INFO] info - request url : /seo/error.html ; request params : {}
[2018-03-15 11:23:30.504] [INFO] info - request url : /favicon.ico ; request params : {}
[2018-03-15 11:23:30.507] [INFO] info - request url : /seo/error.html ; request params : {}
[2018-03-15 11:24:33.869] [INFO] info - request url : /api/common/dial ; request params : {}
[2018-03-15 11:24:33.951] [INFO] info - 后端接口返回数据数据：{"status":0,"count":0,"message":"参数不合法","data":null}
[2018-03-15 11:24:34.102] [INFO] info - request url : /favicon.ico ; request params : {}
[2018-03-15 11:24:34.107] [INFO] info - request url : /seo/error.html ; request params : {}
[2018-03-15 11:25:33.903] [INFO] info - request url : /api/common/dial ; request params : {}
[2018-03-15 11:25:33.953] [INFO] info - 后端接口返回数据数据：{"status":0,"count":0,"message":"参数不合法","data":null}
[2018-03-15 11:27:05.663] [INFO] info - request url : /api/rent/list/areas ; request params : {}
[2018-03-15 11:27:05.701] [INFO] info - 后端接口返回数据数据：undefined
[2018-03-15 11:27:05.879] [INFO] info - request url : /favicon.ico ; request params : {}
[2018-03-15 11:27:05.882] [INFO] info - request url : /seo/error.html ; request params : {}
[2018-03-15 11:27:40.039] [INFO] info - request url : /shanghai/esf/12345.html ; request params : {}
[2018-03-15 11:27:40.096] [INFO] info - 后端接口返回数据数据：undefined
[2018-03-15 11:27:40.106] [INFO] info - request url : /seo/error.html ; request params : {}
[2018-03-15 11:27:42.041] [INFO] info - request url : /favicon.ico ; request params : {}
[2018-03-15 11:27:42.046] [INFO] info - request url : /seo/error.html ; request params : {}
[2018-03-15 11:28:40.419] [INFO] info - request url : /seo/error.html ; request params : {}
[2018-03-15 11:28:41.671] [INFO] info - request url : /favicon.ico ; request params : {}
[2018-03-15 11:28:41.675] [INFO] info - request url : /seo/error.html ; request params : {}
[2018-03-15 11:28:58.237] [INFO] info - request url : /seo/error.html ; request params : {}
[2018-03-15 11:29:00.215] [INFO] info - request url : /favicon.ico ; request params : {}
[2018-03-15 11:29:00.224] [INFO] info - request url : /seo/error.html ; request params : {}
[2018-03-15 11:29:17.866] [INFO] info - request url : /seo/error.html ; request params : {}
[2018-03-15 11:29:19.124] [INFO] info - request url : /favicon.ico ; request params : {}
[2018-03-15 11:29:19.128] [INFO] info - request url : /seo/error.html ; request params : {}
[2018-03-15 11:29:40.273] [INFO] info - request url : /seo/error.html ; request params : {}
[2018-03-15 11:29:42.258] [INFO] info - request url : /favicon.ico ; request params : {}
[2018-03-15 11:29:42.266] [INFO] info - request url : /seo/error.html ; request params : {}
[2018-03-15 13:43:44.729] [INFO] info - request url : /seo/error.html ; request params : {}
[2018-03-15 13:43:46.803] [INFO] info - request url : /favicon.ico ; request params : {}
[2018-03-15 13:43:46.808] [INFO] info - request url : /seo/error.html ; request params : {}
[2018-03-15 13:43:55.443] [INFO] info - request url : /seo/error.html ; request params : {}
[2018-03-15 13:43:57.505] [INFO] info - request url : /favicon.ico ; request params : {}
[2018-03-15 13:43:57.514] [INFO] info - request url : /seo/error.html ; request params : {}
[2018-03-15 13:48:42.305] [INFO] info - request url : /seo/error.html ; request params : {}
[2018-03-15 13:48:42.594] [INFO] info - request url : /favicon.ico ; request params : {}
[2018-03-15 13:48:42.596] [INFO] info - request url : /seo/error.html ; request params : {}
[2018-03-15 13:48:45.531] [INFO] info - request url : / ; request params : {}
[2018-03-15 13:48:45.545] [INFO] info - request url : /seo/error.html ; request params : {}
[2018-03-15 13:48:45.842] [INFO] info - request url : /favicon.ico ; request params : {}
[2018-03-15 13:48:45.848] [INFO] info - request url : /seo/error.html ; request params : {}
[2018-03-15 13:48:50.608] [INFO] info - request url : / ; request params : {}
[2018-03-15 13:48:50.612] [INFO] info - request url : /seo/error.html ; request params : {}
[2018-03-15 13:48:50.853] [INFO] info - request url : /favicon.ico ; request params : {}
[2018-03-15 13:48:50.856] [INFO] info - request url : /seo/error.html ; request params : {}
[2018-03-15 13:48:53.887] [INFO] info - request url : / ; request params : {}
[2018-03-15 13:48:53.893] [INFO] info - request url : /seo/error.html ; request params : {}
[2018-03-15 13:48:54.101] [INFO] info - request url : /favicon.ico ; request params : {}
[2018-03-15 13:48:54.108] [INFO] info - request url : /seo/error.html ; request params : {}
[2018-03-15 13:48:57.062] [INFO] info - request url : / ; request params : {}
[2018-03-15 13:48:57.077] [INFO] info - request url : /seo/error.html ; request params : {}
[2018-03-15 13:48:57.310] [INFO] info - request url : /favicon.ico ; request params : {}
[2018-03-15 13:48:57.312] [INFO] info - request url : /seo/error.html ; request params : {}
[2018-03-15 13:49:01.266] [INFO] info - request url : / ; request params : {}
[2018-03-15 13:49:01.278] [INFO] info - request url : /seo/error.html ; request params : {}
[2018-03-15 13:49:01.510] [INFO] info - request url : /favicon.ico ; request params : {}
[2018-03-15 13:49:01.514] [INFO] info - request url : /seo/error.html ; request params : {}
[2018-03-15 13:49:04.470] [INFO] info - request url : / ; request params : {}
[2018-03-15 13:49:04.478] [INFO] info - request url : /seo/error.html ; request params : {}
[2018-03-15 13:49:04.708] [INFO] info - request url : /favicon.ico ; request params : {}
[2018-03-15 13:49:04.713] [INFO] info - request url : /seo/error.html ; request params : {}
[2018-03-15 13:49:07.670] [INFO] info - request url : / ; request params : {}
[2018-03-15 13:49:07.679] [INFO] info - request url : /seo/error.html ; request params : {}
[2018-03-15 13:49:08.025] [INFO] info - request url : /favicon.ico ; request params : {}
[2018-03-15 13:49:08.031] [INFO] info - request url : /seo/error.html ; request params : {}
[2018-03-15 13:49:10.972] [INFO] info - request url : / ; request params : {}
[2018-03-15 13:49:10.985] [INFO] info - request url : /seo/error.html ; request params : {}
[2018-03-15 13:49:11.214] [INFO] info - request url : /favicon.ico ; request params : {}
[2018-03-15 13:49:11.217] [INFO] info - request url : /seo/error.html ; request params : {}
[2018-03-15 13:49:14.167] [INFO] info - request url : / ; request params : {}
[2018-03-15 13:49:14.182] [INFO] info - request url : /seo/error.html ; request params : {}
[2018-03-15 13:49:14.409] [INFO] info - request url : /favicon.ico ; request params : {}
[2018-03-15 13:49:14.412] [INFO] info - request url : /seo/error.html ; request params : {}
[2018-03-15 13:49:17.373] [INFO] info - request url : / ; request params : {}
[2018-03-15 13:49:17.385] [INFO] info - request url : /seo/error.html ; request params : {}
[2018-03-15 13:49:17.628] [INFO] info - request url : /favicon.ico ; request params : {}
[2018-03-15 13:49:17.631] [INFO] info - request url : /seo/error.html ; request params : {}
[2018-03-15 13:49:20.578] [INFO] info - request url : / ; request params : {}
[2018-03-15 13:49:20.593] [INFO] info - request url : /seo/error.html ; request params : {}
[2018-03-15 13:49:20.838] [INFO] info - request url : /favicon.ico ; request params : {}
[2018-03-15 13:49:20.841] [INFO] info - request url : /seo/error.html ; request params : {}
[2018-03-15 13:49:23.783] [INFO] info - request url : / ; request params : {}
[2018-03-15 13:49:23.789] [INFO] info - request url : /seo/error.html ; request params : {}
[2018-03-15 13:49:24.062] [INFO] info - request url : /favicon.ico ; request params : {}
[2018-03-15 13:49:24.079] [INFO] info - request url : /seo/error.html ; request params : {}
[2018-03-15 13:49:26.985] [INFO] info - request url : / ; request params : {}
[2018-03-15 13:49:26.997] [INFO] info - request url : /seo/error.html ; request params : {}
[2018-03-15 13:49:27.229] [INFO] info - request url : /favicon.ico ; request params : {}
[2018-03-15 13:49:27.232] [INFO] info - request url : /seo/error.html ; request params : {}
[2018-03-15 13:49:30.187] [INFO] info - request url : / ; request params : {}
[2018-03-15 13:49:30.192] [INFO] info - request url : /seo/error.html ; request params : {}
[2018-03-15 13:49:30.541] [INFO] info - request url : /favicon.ico ; request params : {}
[2018-03-15 13:49:30.558] [INFO] info - request url : /seo/error.html ; request params : {}
[2018-03-15 13:49:33.456] [INFO] info - request url : / ; request params : {}
[2018-03-15 13:49:33.461] [INFO] info - request url : /seo/error.html ; request params : {}
[2018-03-15 13:49:33.673] [INFO] info - request url : /favicon.ico ; request params : {}
[2018-03-15 13:49:33.675] [INFO] info - request url : /seo/error.html ; request params : {}
[2018-03-15 13:49:35.770] [INFO] info - request url : /shanghai/esf/12345.html ; request params : {}
[2018-03-15 13:49:35.882] [INFO] info - 后端接口返回数据数据：undefined
[2018-03-15 13:49:35.897] [INFO] info - request url : /seo/error.html ; request params : {}
[2018-03-15 13:49:36.138] [INFO] info - request url : /favicon.ico ; request params : {}
[2018-03-15 13:49:36.141] [INFO] info - request url : /seo/error.html ; request params : {}
[2018-03-15 13:49:39.089] [INFO] info - request url : / ; request params : {}
[2018-03-15 13:49:39.105] [INFO] info - request url : /seo/error.html ; request params : {}
[2018-03-15 13:49:39.340] [INFO] info - request url : /favicon.ico ; request params : {}
[2018-03-15 13:49:39.344] [INFO] info - request url : /seo/error.html ; request params : {}
[2018-03-15 13:49:42.296] [INFO] info - request url : / ; request params : {}
[2018-03-15 13:49:42.306] [INFO] info - request url : /seo/error.html ; request params : {}
[2018-03-15 13:49:42.522] [INFO] info - request url : /favicon.ico ; request params : {}
[2018-03-15 13:49:42.530] [INFO] info - request url : /seo/error.html ; request params : {}
[2018-03-15 13:49:45.478] [INFO] info - request url : / ; request params : {}
[2018-03-15 13:49:45.495] [INFO] info - request url : /seo/error.html ; request params : {}
[2018-03-15 13:49:45.736] [INFO] info - request url : /favicon.ico ; request params : {}
[2018-03-15 13:49:45.741] [INFO] info - request url : /seo/error.html ; request params : {}
[2018-03-15 13:50:11.569] [INFO] info - request url : /seo/error.html ; request params : {}
[2018-03-15 13:50:12.321] [INFO] info - request url : /favicon.ico ; request params : {}
[2018-03-15 13:50:12.329] [INFO] info - request url : /seo/error.html ; request params : {}
[2018-03-15 13:50:15.299] [INFO] info - request url : / ; request params : {}
[2018-03-15 13:50:15.308] [INFO] info - request url : /seo/error.html ; request params : {}
[2018-03-15 13:50:15.418] [INFO] info - request url : /favicon.ico ; request params : {}
[2018-03-15 13:50:15.424] [INFO] info - request url : /seo/error.html ; request params : {}
[2018-03-15 13:50:17.367] [INFO] info - request url : /shanghai/esf/12345.html ; request params : {}
[2018-03-15 13:50:17.401] [INFO] info - 后端接口返回数据数据：undefined
[2018-03-15 13:50:17.405] [INFO] info - request url : /seo/error.html ; request params : {}
[2018-03-15 13:50:17.486] [INFO] info - request url : /favicon.ico ; request params : {}
[2018-03-15 13:50:17.489] [INFO] info - request url : /seo/error.html ; request params : {}
[2018-03-15 13:50:20.476] [INFO] info - request url : / ; request params : {}
[2018-03-15 13:50:20.488] [INFO] info - request url : /seo/error.html ; request params : {}
[2018-03-15 13:50:20.583] [INFO] info - request url : /favicon.ico ; request params : {}
[2018-03-15 13:50:20.586] [INFO] info - request url : /seo/error.html ; request params : {}
[2018-03-15 13:50:23.576] [INFO] info - request url : / ; request params : {}
[2018-03-15 13:50:23.586] [INFO] info - request url : /seo/error.html ; request params : {}
[2018-03-15 13:50:23.674] [INFO] info - request url : /favicon.ico ; request params : {}
[2018-03-15 13:50:23.676] [INFO] info - request url : /seo/error.html ; request params : {}
[2018-03-15 14:00:03.915] [INFO] info - request url : /seo/error.html ; request params : {}
[2018-03-15 14:00:04.518] [INFO] info - request url : /favicon.ico ; request params : {}
[2018-03-15 14:00:04.522] [INFO] info - request url : /seo/error.html ; request params : {}
[2018-03-15 14:00:07.825] [INFO] info - request url : / ; request params : {}
[2018-03-15 14:00:07.832] [INFO] info - request url : /seo/error.html ; request params : {}
[2018-03-15 14:00:07.919] [INFO] info - request url : /favicon.ico ; request params : {}
[2018-03-15 14:00:07.921] [INFO] info - request url : /seo/error.html ; request params : {}
[2018-03-15 14:00:09.437] [INFO] info - request url : / ; request params : {}
[2018-03-15 14:00:09.444] [INFO] info - request url : /seo/error.html ; request params : {}
[2018-03-15 14:00:09.654] [INFO] info - request url : /favicon.ico ; request params : {}
[2018-03-15 14:00:09.657] [INFO] info - request url : /seo/error.html ; request params : {}
[2018-03-15 14:00:10.241] [INFO] info - request url : / ; request params : {}
[2018-03-15 14:00:10.245] [INFO] info - request url : /seo/error.html ; request params : {}
[2018-03-15 14:00:10.527] [INFO] info - request url : / ; request params : {}
[2018-03-15 14:00:10.533] [INFO] info - request url : /seo/error.html ; request params : {}
[2018-03-15 14:00:10.687] [INFO] info - request url : / ; request params : {}
[2018-03-15 14:00:10.695] [INFO] info - request url : /seo/error.html ; request params : {}
[2018-03-15 14:00:10.896] [INFO] info - request url : /favicon.ico ; request params : {}
[2018-03-15 14:00:10.903] [INFO] info - request url : /seo/error.html ; request params : {}
[2018-03-15 14:00:13.861] [INFO] info - request url : / ; request params : {}
[2018-03-15 14:00:13.870] [INFO] info - request url : /seo/error.html ; request params : {}
[2018-03-15 14:00:14.096] [INFO] info - request url : /favicon.ico ; request params : {}
[2018-03-15 14:00:14.099] [INFO] info - request url : /seo/error.html ; request params : {}
[2018-03-15 14:00:17.060] [INFO] info - request url : / ; request params : {}
[2018-03-15 14:00:17.090] [INFO] info - request url : /seo/error.html ; request params : {}
[2018-03-15 14:00:17.288] [INFO] info - request url : /favicon.ico ; request params : {}
[2018-03-15 14:00:17.294] [INFO] info - request url : /seo/error.html ; request params : {}
[2018-03-15 14:00:18.968] [INFO] info - request url : /shanghai/esf/12345.html ; request params : {}
[2018-03-15 14:00:18.997] [INFO] info - 后端接口返回数据数据：undefined
[2018-03-15 14:00:20.246] [INFO] info - request url : / ; request params : {}
[2018-03-15 14:00:20.256] [INFO] info - request url : /seo/error.html ; request params : {}
[2018-03-15 14:00:20.411] [INFO] info - request url : /seo/error.html ; request params : {}
[2018-03-15 14:00:20.617] [INFO] info - request url : /favicon.ico ; request params : {}
[2018-03-15 14:00:20.621] [INFO] info - request url : /seo/error.html ; request params : {}
[2018-03-15 14:00:23.580] [INFO] info - request url : / ; request params : {}
[2018-03-15 14:00:23.588] [INFO] info - request url : /seo/error.html ; request params : {}
[2018-03-15 14:00:23.829] [INFO] info - request url : /favicon.ico ; request params : {}
[2018-03-15 14:00:23.833] [INFO] info - request url : /seo/error.html ; request params : {}
[2018-03-15 14:00:26.760] [INFO] info - request url : / ; request params : {}
[2018-03-15 14:00:26.769] [INFO] info - request url : /seo/error.html ; request params : {}
[2018-03-15 14:00:26.972] [INFO] info - request url : /favicon.ico ; request params : {}
[2018-03-15 14:00:26.975] [INFO] info - request url : /seo/error.html ; request params : {}
[2018-03-15 14:00:29.932] [INFO] info - request url : / ; request params : {}
[2018-03-15 14:00:29.942] [INFO] info - request url : /seo/error.html ; request params : {}
[2018-03-15 14:00:30.135] [INFO] info - request url : /favicon.ico ; request params : {}
[2018-03-15 14:00:30.150] [INFO] info - request url : /seo/error.html ; request params : {}
[2018-03-15 14:00:33.110] [INFO] info - request url : / ; request params : {}
[2018-03-15 14:00:33.118] [INFO] info - request url : /seo/error.html ; request params : {}
[2018-03-15 14:00:33.326] [INFO] info - request url : /favicon.ico ; request params : {}
[2018-03-15 14:00:33.329] [INFO] info - request url : /seo/error.html ; request params : {}
[2018-03-15 14:00:34.907] [INFO] info - request url : /api/esf/houselist ; request params : {}
[2018-03-15 14:00:35.115] [INFO] info - request url : /favicon.ico ; request params : {}
[2018-03-15 14:00:35.122] [INFO] info - request url : /seo/error.html ; request params : {}
[2018-03-15 14:07:24.383] [INFO] info - request url : /seo/error.html ; request params : {}
[2018-03-15 14:07:26.367] [INFO] info - request url : /favicon.ico ; request params : {}
[2018-03-15 14:07:26.388] [INFO] info - request url : /seo/error.html ; request params : {}
[2018-03-15 14:07:53.816] [INFO] info - request url : /shanghai/esf/12345.html ; request params : {}
[2018-03-15 14:07:53.878] [INFO] info - 后端接口返回数据数据：undefined
[2018-03-15 14:07:53.882] [INFO] info - request url : /seo/error.html ; request params : {}
[2018-03-15 14:07:55.840] [INFO] info - request url : /favicon.ico ; request params : {}
[2018-03-15 14:07:55.855] [INFO] info - request url : /seo/error.html ; request params : {}
[2018-03-15 14:08:04.792] [INFO] info - request url : /api/esf/houselist ; request params : {}
[2018-03-15 14:08:06.881] [INFO] info - request url : /favicon.ico ; request params : {}
[2018-03-15 14:08:06.891] [INFO] info - request url : /seo/error.html ; request params : {}
[2018-03-15 14:08:34.783] [INFO] info - request url : /shanghai/esf/12345.html ; request params : {}
[2018-03-15 14:08:34.819] [INFO] info - 后端接口返回数据数据：undefined
[2018-03-15 14:08:34.823] [INFO] info - request url : /seo/error.html ; request params : {}
[2018-03-15 14:08:35.478] [INFO] info - request url : /favicon.ico ; request params : {}
[2018-03-15 14:08:35.483] [INFO] info - request url : /seo/error.html ; request params : {}
[2018-03-15 14:08:37.047] [INFO] info - request url : / ; request params : {}
[2018-03-15 14:08:37.053] [INFO] info - request url : /seo/error.html ; request params : {}
[2018-03-15 14:08:37.252] [INFO] info - request url : /favicon.ico ; request params : {}
[2018-03-15 14:08:37.256] [INFO] info - request url : /seo/error.html ; request params : {}
[2018-03-15 14:08:40.220] [INFO] info - request url : / ; request params : {}
[2018-03-15 14:08:40.228] [INFO] info - request url : /seo/error.html ; request params : {}
[2018-03-15 14:08:40.425] [INFO] info - request url : /favicon.ico ; request params : {}
[2018-03-15 14:08:40.427] [INFO] info - request url : /seo/error.html ; request params : {}
[2018-03-15 14:08:43.391] [INFO] info - request url : / ; request params : {}
[2018-03-15 14:08:43.402] [INFO] info - request url : /seo/error.html ; request params : {}
[2018-03-15 14:08:43.791] [INFO] info - request url : /favicon.ico ; request params : {}
[2018-03-15 14:08:43.804] [INFO] info - request url : /seo/error.html ; request params : {}
[2018-03-15 14:08:46.723] [INFO] info - request url : / ; request params : {}
[2018-03-15 14:08:46.729] [INFO] info - request url : /seo/error.html ; request params : {}
[2018-03-15 14:08:46.991] [INFO] info - request url : /favicon.ico ; request params : {}
[2018-03-15 14:08:47.002] [INFO] info - request url : /seo/error.html ; request params : {}
[2018-03-15 14:08:49.265] [INFO] info - request url : /api/esf/houselist ; request params : {}
[2018-03-15 14:08:49.481] [INFO] info - request url : /favicon.ico ; request params : {}
[2018-03-15 14:08:49.485] [INFO] info - request url : /seo/error.html ; request params : {}
[2018-03-15 14:08:51.752] [INFO] info - request url : /api/common/getCityByLatLon?latitude=1.352083&longitude=103.819836 ; request params : {"latitude":"1.352083","longitude":"103.819836"}
[2018-03-15 14:08:52.992] [INFO] info - 后端接口返回数据数据：{"message":"success","status":1,"data":{"cityId":43,"cityPinyin":"shanghai","cityName":"上海","oldBusiness":true,"newBusiness":true,"rentBusiness":true,"china":true}}
[2018-03-15 14:08:55.878] [INFO] info - request url : /shanghai/esf/houselist ; request params : {}
[2018-03-15 14:08:56.071] [INFO] info - request url : /favicon.ico ; request params : {}
[2018-03-15 14:08:56.075] [INFO] info - request url : /seo/error.html ; request params : {}
[2018-03-15 14:08:58.349] [INFO] info - request url : /api/common/businessCity ; request params : {}
[2018-03-15 14:08:58.439] [INFO] info - 后端接口返回数据数据：{"message":"成功","status":1,"data":{"domesticCityList":[{"cityId":2342,"cityName":"安顺","pinyin":"anshun","lon":105.92174,"lat":26.222728,"cityType":1,"businessList":[{"businessId":1,"businessName":"二手房"}]},{"cityId":575,"cityName":"白城","pinyin":"baicheng","lon":122.834163,"lat":45.615351,"cityType":1,"businessList":[{"businessId":2,"businessName":"租房"}]},{"cityId":150,"cityName":"保定","pinyin":"baoding","lon":115.488214,"lat":38.880848,"cityType":1,"businessList":[{"businessId":2,"businessName":"租房"}]},{"cityId":3,"cityName":"北京","pinyin":"beijing","lon":116.389264,"lat":39.923698,"cityType":1,"businessList":[{"businessId":1,"businessName":"二手房"},{"businessId":3,"businessName":"新房"}]},{"cityId":1404,"cityName":"滨州","pinyin":"binzhou","lon":117.96192,"lat":37.398967,"cityType":1,"businessList":[{"businessId":2,"businessName":"租房"}]},{"cityId":530,"cityName":"长春","pinyin":"changchun","lon":125.30718,"lat":43.892289,"cityType":1,"businessList":[{"businessId":2,"businessName":"租房"}]},{"cityId":1746,"cityName":"长沙","pinyin":"changsha","lon":112.972767,"lat":28.207792,"cityType":1,"businessList":[{"businessId":3,"businessName":"新房"},{"businessId":2,"businessName":"租房"}]},{"cityId":839,"cityName":"常州","pinyin":"changzhou","lon":119.975406,"lat":31.765302,"cityType":1,"businessList":[{"businessId":1,"businessName":"二手房"}]},{"cityId":194,"cityName":"承德","pinyin":"chengde","lon":117.927311,"lat":40.986573,"cityType":1,"businessList":[{"businessId":3,"businessName":"新房"}]},{"cityId":2113,"cityName":"成都","pinyin":"chengdu","lon":104.061476,"lat":30.673811,"cityType":1,"businessList":[{"businessId":2,"businessName":"租房"}]},{"cityId":415,"cityName":"沈阳","pinyin":"chengyang","lon":123.426157,"lat":41.80299,"cityType":1,"businessList":[{"businessId":1,"businessName":"二手房"}]},{"cityId":64,"cityName":"重庆","pinyin":"chongqing","lon":106.524092,"lat":29.538698,"cityType":1,"businessList":[{"businessId":3,"businessName":"新房"},{"businessId":2,"businessName":"租房"}]},{"cityId":1333,"cityName":"德州","pinyin":"dezhou","lon":116.321583,"lat":37.455022,"cityType":1,"businessList":[{"businessId":2,"businessName":"租房"}]},{"cityId":2736,"cityName":"防城港","pinyin":"fangchenggang","lon":108.345327,"lat":21.611162,"cityType":1,"businessList":[{"businessId":2,"businessName":"租房"}]},{"cityId":1961,"cityName":"佛山","pinyin":"foshan","lon":113.127528,"lat":23.029141,"cityType":1,"businessList":[{"businessId":2,"businessName":"租房"}]},{"cityId":1037,"cityName":"阜阳","pinyin":"fuyang","lon":115.81449,"lat":32.894954,"cityType":1,"businessList":[{"businessId":2,"businessName":"租房"}]},{"cityId":1085,"cityName":"福州","pinyin":"fuzhou","lon":119.323668,"lat":26.04136,"cityType":1,"businessList":[{"businessId":1,"businessName":"二手房"},{"businessId":2,"businessName":"租房"}]},{"cityId":1873,"cityName":"广州","pinyin":"guangzhou","lon":113.301194,"lat":23.1139,"cityType":1,"businessList":[{"businessId":3,"businessName":"新房"},{"businessId":2,"businessName":"租房"}]},{"cityId":2414,"cityName":"海口","pinyin":"haikou","lon":110.32428,"lat":20.0163,"cityType":1,"businessList":[{"businessId":2,"businessName":"租房"}]},{"cityId":106,"cityName":"邯郸","pinyin":"handan","lon":114.476298,"lat":36.60297,"cityType":1,"businessList":[{"businessId":3,"businessName":"新房"}]},{"cityId":873,"cityName":"杭州","pinyin":"hangzhou","lon":120.212876,"lat":30.253187,"cityType":1,"businessList":[{"businessId":2,"businessName":"租房"}]},{"cityId":1066,"cityName":"亳州","pinyin":"haozhou","lon":115.781467,"lat":33.86501,"cityType":1,"businessList":[{"businessId":2,"businessName":"租房"}]},{"cityId":963,"cityName":"合肥","pinyin":"hefei","lon":117.276169,"lat":31.861054,"cityType":1,"businessList":[{"businessId":1,"businessName":"二手房"}]},{"cityId":822,"cityName":"淮安","pinyin":"huaian","lon":119.023752,"lat":33.600278,"cityType":1,"businessList":[{"businessId":2,"businessName":"租房"}]},{"cityId":987,"cityName":"淮南","pinyin":"huainan","lon":117.012221,"lat":32.63653,"cityType":1,"businessList":[{"businessId":2,"businessName":"租房"}]},{"cityId":1020,"cityName":"黄山","pinyin":"huangshan","lon":118.287076,"lat":29.728494,"cityType":1,"businessList":[{"businessId":1,"businessName":"二手房"}]},{"cityId":3091,"cityName":"呼和浩特","pinyin":"huhehaote","lon":111.653718,"lat":40.82263,"cityType":1,"businessList":[{"businessId":2,"businessName":"租房"}]},{"cityId":893,"cityName":"嘉兴","pinyin":"jiaxing","lon":120.753898,"lat":30.768063,"cityType":1,"businessList":[{"businessId":1,"businessName":"二手房"},{"businessId":2,"businessName":"租房"}]},{"cityId":541,"cityName":"吉林","pinyin":"jilin","lon":126.557973,"lat":43.866212,"cityType":1,"businessList":[{"businessId":2,"businessName":"租房"}]},{"cityId":1729,"cityName":"荆门","pinyin":"jingmen","lon":112.210923,"lat":31.036331,"cityType":1,"businessList":[{"businessId":2,"businessName":"租房"}]},{"cityId":2442,"cityName":"昆明","pinyin":"kunming","lon":102.70818,"lat":25.042907,"cityType":1,"businessList":[{"businessId":1,"businessName":"二手房"},{"businessId":2,"businessName":"租房"}]},{"cityId":221,"cityName":"廊坊","pinyin":"langfang","lon":116.696966,"lat":39.512951,"cityType":1,"businessList":[{"businessId":3,"businessName":"新房"},{"businessId":2,"businessName":"租房"}]},{"cityId":1391,"cityName":"临沂","pinyin":"linyi","lon":118.334326,"lat":35.066143,"cityType":1,"businessList":[{"businessId":2,"businessName":"租房"}]},{"cityId":741,"cityName":"南京","pinyin":"nanjing","lon":118.771571,"lat":32.051204,"cityType":1,"businessList":[{"businessId":1,"businessName":"二手房"},{"businessId":2,"businessName":"租房"}]},{"cityId":2215,"cityName":"内江","pinyin":"neijiang","lon":105.066485,"lat":29.593762,"cityType":1,"businessList":[{"businessId":2,"businessName":"租房"}]},{"cityId":901,"cityName":"宁波","pinyin":"ningbo","lon":121.572578,"lat":29.87897,"cityType":1,"businessList":[{"businessId":2,"businessName":"租房"}]},{"cityId":1581,"cityName":"濮阳","pinyin":"puyang","lon":115.020032,"lat":35.747647,"cityType":1,"businessList":[{"businessId":3,"businessName":"新房"}]},{"cityId":1311,"cityName":"青岛","pinyin":"qingdao","lon":120.378009,"lat":36.099007,"cityType":1,"businessList":[{"businessId":2,"businessName":"租房"}]},{"cityId":2067,"cityName":"庆阳","pinyin":"qingyang","lon":107.63785,"lat":35.720486,"cityType":1,"businessList":[{"businessId":2,"businessName":"租房"}]},{"cityId":1993,"cityName":"清远","pinyin":"qingyuan","lon":113.034333,"lat":23.692143,"cityType":1,"businessList":[{"businessId":2,"businessName":"租房"}]},{"cityId":1122,"cityName":"泉州","pinyin":"quanzhou","lon":118.593843,"lat":24.895723,"cityType":1,"businessList":[{"businessId":2,"businessName":"租房"}]},{"cityId":866,"cityName":"衢州","pinyin":"quzhou","lon":118.869246,"lat":28.95122,"cityType":1,"businessList":[{"businessId":2,"businessName":"租房"}]},{"cityId":43,"cityName":"上海","pinyin":"shanghai","lon":121.481331,"lat":31.243363,"cityType":1,"businessList":[{"businessId":1,"businessName":"二手房"},{"businessId":3,"businessName":"新房"},{"businessId":2,"businessName":"租房"}]},{"cityId":1448,"cityName":"商丘","pinyin":"shangqiu","lon":115.635322,"lat":34.432831,"cityType":1,"businessList":[{"businessId":2,"businessName":"租房"}]},{"cityId":1950,"cityName":"深圳","pinyin":"shenzhen","lon":114.019526,"lat":22.539878,"cityType":1,"businessList":[{"businessId":3,"businessName":"新房"},{"businessId":2,"businessName":"租房"}]},{"cityId":126,"cityName":"石家庄","pinyin":"shijiazhuang","lon":114.515546,"lat":38.043056,"cityType":1,"businessList":[{"businessId":3,"businessName":"新房"},{"businessId":2,"businessName":"租房"}]},{"cityId":854,"cityName":"宿迁","pinyin":"suqian","lon":118.290408,"lat":33.946046,"cityType":1,"businessList":[{"businessId":2,"businessName":"租房"}]},{"cityId":771,"cityName":"苏州","pinyin":"suzhou","lon":120.613487,"lat":31.311713,"cityType":1,"businessList":[{"businessId":1,"businessName":"二手房"},{"businessId":3,"businessName":"新房"},{"businessId":2,"businessName":"租房"}]},{"cityId":847,"cityName":"泰州","pinyin":"taizhou","lon":119.9131,"lat":32.470114,"cityType":1,"businessList":[{"businessId":1,"businessName":"二手房"},{"businessId":2,"businessName":"租房"}]},{"cityId":206,"cityName":"唐山","pinyin":"tangshan","lon":118.17698,"lat":39.6444,"cityType":1,"businessList":[{"businessId":1,"businessName":"二手房"},{"businessId":3,"businessName":"新房"}]},{"cityId":23,"cityName":"天津","pinyin":"tianjin","lon":117.204263,"lat":39.138028,"cityType":1,"businessList":[{"businessId":2,"businessName":"租房"}]},{"cityId":1418,"cityName":"威海","pinyin":"weihai","lon":122.087387,"lat":37.523083,"cityType":1,"businessList":[{"businessId":2,"businessName":"租房"}]},{"cityId":920,"cityName":"温州","pinyin":"wenzhou","lon":120.684091,"lat":27.996943,"cityType":1,"businessList":[{"businessId":1,"businessName":"二手房"},{"businessId":2,"businessName":"租房"}]},{"cityId":1624,"cityName":"武汉","pinyin":"wuhan","lon":114.309638,"lat":30.575389,"cityType":1,"businessList":[{"businessId":2,"businessName":"租房"}]},{"cityId":971,"cityName":"芜湖","pinyin":"wuhu","lon":118.377498,"lat":31.360368,"cityType":1,"businessList":[{"businessId":3,"businessName":"新房"},{"businessId":2,"businessName":"租房"}]},{"cityId":755,"cityName":"无锡","pinyin":"wuxi","lon":120.298857,"lat":31.564396,"cityType":1,"businessList":[{"businessId":1,"businessName":"二手房"},{"businessId":2,"businessName":"租房"}]},{"cityId":1099,"cityName":"厦门","pinyin":"xiamen","lon":118.097428,"lat":24.483013,"cityType":1,"businessList":[{"businessId":2,"businessName":"租房"}]},{"cityId":2618,"cityName":"西安","pinyin":"xian","lon":108.946688,"lat":34.271554,"cityType":1,"businessList":[{"businessId":2,"businessName":"租房"}]},{"cityId":1481,"cityName":"新乡","pinyin":"xinxiang","lon":113.906194,"lat":35.301185,"cityType":1,"businessList":[{"businessId":3,"businessName":"新房"}]},{"cityId":792,"cityName":"扬州","pinyin":"yangzhou","lon":119.421318,"lat":32.402346,"cityType":1,"businessList":[{"businessId":2,"businessName":"租房"}]},{"cityId":1345,"cityName":"烟台","pinyin":"yantai","lon":121.303145,"lat":37.530338,"cityType":1,"businessList":[{"businessId":2,"businessName":"租房"}]},{"cityId":2199,"cityName":"宜宾","pinyin":"yibin","lon":104.626603,"lat":28.763441,"cityType":1,"businessList":[{"businessId":2,"businessName":"租房"}]},{"cityId":1694,"cityName":"宜昌","pinyin":"yichang","lon":111.304385,"lat":30.727081,"cityType":1,"businessList":[{"businessId":2,"businessName":"租房"}]},{"cityId":1234,"cityName":"宜春","pinyin":"yichun","lon":114.393542,"lat":27.805198,"cityType":1,"businessList":[{"businessId":2,"businessName":"租房"}]},{"cityId":1842,"cityName":"张家界","pinyin":"zhangjiajie","lon":110.475075,"lat":29.119126,"cityType":1,"businessList":[{"businessId":1,"businessName":"二手房"}]},{"cityId":176,"cityName":"张家口","pinyin":"zhangjiakou","lon":114.887181,"lat":40.805457,"cityType":1,"businessList":[{"businessId":3,"businessName":"新房"},{"businessId":2,"businessName":"租房"}]},{"cityId":1134,"cityName":"漳州","pinyin":"zhangzhou","lon":117.669621,"lat":24.511369,"cityType":1,"businessList":[{"businessId":2,"businessName":"租房"}]},{"cityId":1458,"cityName":"郑州","pinyin":"zhengzhou","lon":113.643257,"lat":34.750277,"cityType":1,"businessList":[{"businessId":2,"businessName":"租房"}]},{"cityId":764,"cityName":"镇江","pinyin":"zhenjiang","lon":119.449236,"lat":32.198708,"cityType":1,"businessList":[{"businessId":3,"businessName":"新房"}]},{"cityId":2139,"cityName":"自贡","pinyin":"zigong","lon":104.76966,"lat":29.352885,"cityType":1,"businessList":[{"businessId":2,"businessName":"租房"}]}],"overseaCityList":[{"cityId":6771,"cityName":"洛杉矶","pinyin":"LA","lon":0,"lat":0,"cityType":2,"businessList":[{"businessId":3,"businessName":"新房"}]},{"cityId":5963,"cityName":"纽约","pinyin":"NY","lon":0,"lat":0,"cityType":2,"businessList":[{"businessId":3,"businessName":"新房"}]},{"cityId":6627,"cityName":"新加坡","pinyin":"SG","lon":11,"lat":11,"cityType":2,"businessList":[{"businessId":3,"businessName":"新房"}]}]}}
[2018-03-15 14:09:01.478] [INFO] info - request url : /anshun/esf/houselist ; request params : {}
[2018-03-15 14:09:01.684] [INFO] info - request url : /favicon.ico ; request params : {}
[2018-03-15 14:09:01.689] [INFO] info - request url : /seo/error.html ; request params : {}
[2018-03-15 14:09:18.326] [INFO] info - request url : /api/common/businessCity ; request params : {}
[2018-03-15 14:09:18.369] [INFO] info - 后端接口返回数据数据：{"message":"成功","status":1,"data":{"domesticCityList":[{"cityId":2342,"cityName":"安顺","pinyin":"anshun","lon":105.92174,"lat":26.222728,"cityType":1,"businessList":[{"businessId":1,"businessName":"二手房"}]},{"cityId":575,"cityName":"白城","pinyin":"baicheng","lon":122.834163,"lat":45.615351,"cityType":1,"businessList":[{"businessId":2,"businessName":"租房"}]},{"cityId":150,"cityName":"保定","pinyin":"baoding","lon":115.488214,"lat":38.880848,"cityType":1,"businessList":[{"businessId":2,"businessName":"租房"}]},{"cityId":3,"cityName":"北京","pinyin":"beijing","lon":116.389264,"lat":39.923698,"cityType":1,"businessList":[{"businessId":1,"businessName":"二手房"},{"businessId":3,"businessName":"新房"}]},{"cityId":1404,"cityName":"滨州","pinyin":"binzhou","lon":117.96192,"lat":37.398967,"cityType":1,"businessList":[{"businessId":2,"businessName":"租房"}]},{"cityId":530,"cityName":"长春","pinyin":"changchun","lon":125.30718,"lat":43.892289,"cityType":1,"businessList":[{"businessId":2,"businessName":"租房"}]},{"cityId":1746,"cityName":"长沙","pinyin":"changsha","lon":112.972767,"lat":28.207792,"cityType":1,"businessList":[{"businessId":3,"businessName":"新房"},{"businessId":2,"businessName":"租房"}]},{"cityId":839,"cityName":"常州","pinyin":"changzhou","lon":119.975406,"lat":31.765302,"cityType":1,"businessList":[{"businessId":1,"businessName":"二手房"}]},{"cityId":194,"cityName":"承德","pinyin":"chengde","lon":117.927311,"lat":40.986573,"cityType":1,"businessList":[{"businessId":3,"businessName":"新房"}]},{"cityId":2113,"cityName":"成都","pinyin":"chengdu","lon":104.061476,"lat":30.673811,"cityType":1,"businessList":[{"businessId":2,"businessName":"租房"}]},{"cityId":415,"cityName":"沈阳","pinyin":"chengyang","lon":123.426157,"lat":41.80299,"cityType":1,"businessList":[{"businessId":1,"businessName":"二手房"}]},{"cityId":64,"cityName":"重庆","pinyin":"chongqing","lon":106.524092,"lat":29.538698,"cityType":1,"businessList":[{"businessId":3,"businessName":"新房"},{"businessId":2,"businessName":"租房"}]},{"cityId":1333,"cityName":"德州","pinyin":"dezhou","lon":116.321583,"lat":37.455022,"cityType":1,"businessList":[{"businessId":2,"businessName":"租房"}]},{"cityId":2736,"cityName":"防城港","pinyin":"fangchenggang","lon":108.345327,"lat":21.611162,"cityType":1,"businessList":[{"businessId":2,"businessName":"租房"}]},{"cityId":1961,"cityName":"佛山","pinyin":"foshan","lon":113.127528,"lat":23.029141,"cityType":1,"businessList":[{"businessId":2,"businessName":"租房"}]},{"cityId":1037,"cityName":"阜阳","pinyin":"fuyang","lon":115.81449,"lat":32.894954,"cityType":1,"businessList":[{"businessId":2,"businessName":"租房"}]},{"cityId":1085,"cityName":"福州","pinyin":"fuzhou","lon":119.323668,"lat":26.04136,"cityType":1,"businessList":[{"businessId":1,"businessName":"二手房"},{"businessId":2,"businessName":"租房"}]},{"cityId":1873,"cityName":"广州","pinyin":"guangzhou","lon":113.301194,"lat":23.1139,"cityType":1,"businessList":[{"businessId":3,"businessName":"新房"},{"businessId":2,"businessName":"租房"}]},{"cityId":2414,"cityName":"海口","pinyin":"haikou","lon":110.32428,"lat":20.0163,"cityType":1,"businessList":[{"businessId":2,"businessName":"租房"}]},{"cityId":106,"cityName":"邯郸","pinyin":"handan","lon":114.476298,"lat":36.60297,"cityType":1,"businessList":[{"businessId":3,"businessName":"新房"}]},{"cityId":873,"cityName":"杭州","pinyin":"hangzhou","lon":120.212876,"lat":30.253187,"cityType":1,"businessList":[{"businessId":2,"businessName":"租房"}]},{"cityId":1066,"cityName":"亳州","pinyin":"haozhou","lon":115.781467,"lat":33.86501,"cityType":1,"businessList":[{"businessId":2,"businessName":"租房"}]},{"cityId":963,"cityName":"合肥","pinyin":"hefei","lon":117.276169,"lat":31.861054,"cityType":1,"businessList":[{"businessId":1,"businessName":"二手房"}]},{"cityId":822,"cityName":"淮安","pinyin":"huaian","lon":119.023752,"lat":33.600278,"cityType":1,"businessList":[{"businessId":2,"businessName":"租房"}]},{"cityId":987,"cityName":"淮南","pinyin":"huainan","lon":117.012221,"lat":32.63653,"cityType":1,"businessList":[{"businessId":2,"businessName":"租房"}]},{"cityId":1020,"cityName":"黄山","pinyin":"huangshan","lon":118.287076,"lat":29.728494,"cityType":1,"businessList":[{"businessId":1,"businessName":"二手房"}]},{"cityId":3091,"cityName":"呼和浩特","pinyin":"huhehaote","lon":111.653718,"lat":40.82263,"cityType":1,"businessList":[{"businessId":2,"businessName":"租房"}]},{"cityId":893,"cityName":"嘉兴","pinyin":"jiaxing","lon":120.753898,"lat":30.768063,"cityType":1,"businessList":[{"businessId":1,"businessName":"二手房"},{"businessId":2,"businessName":"租房"}]},{"cityId":541,"cityName":"吉林","pinyin":"jilin","lon":126.557973,"lat":43.866212,"cityType":1,"businessList":[{"businessId":2,"businessName":"租房"}]},{"cityId":1729,"cityName":"荆门","pinyin":"jingmen","lon":112.210923,"lat":31.036331,"cityType":1,"businessList":[{"businessId":2,"businessName":"租房"}]},{"cityId":2442,"cityName":"昆明","pinyin":"kunming","lon":102.70818,"lat":25.042907,"cityType":1,"businessList":[{"businessId":1,"businessName":"二手房"},{"businessId":2,"businessName":"租房"}]},{"cityId":221,"cityName":"廊坊","pinyin":"langfang","lon":116.696966,"lat":39.512951,"cityType":1,"businessList":[{"businessId":3,"businessName":"新房"},{"businessId":2,"businessName":"租房"}]},{"cityId":1391,"cityName":"临沂","pinyin":"linyi","lon":118.334326,"lat":35.066143,"cityType":1,"businessList":[{"businessId":2,"businessName":"租房"}]},{"cityId":741,"cityName":"南京","pinyin":"nanjing","lon":118.771571,"lat":32.051204,"cityType":1,"businessList":[{"businessId":1,"businessName":"二手房"},{"businessId":2,"businessName":"租房"}]},{"cityId":2215,"cityName":"内江","pinyin":"neijiang","lon":105.066485,"lat":29.593762,"cityType":1,"businessList":[{"businessId":2,"businessName":"租房"}]},{"cityId":901,"cityName":"宁波","pinyin":"ningbo","lon":121.572578,"lat":29.87897,"cityType":1,"businessList":[{"businessId":2,"businessName":"租房"}]},{"cityId":1581,"cityName":"濮阳","pinyin":"puyang","lon":115.020032,"lat":35.747647,"cityType":1,"businessList":[{"businessId":3,"businessName":"新房"}]},{"cityId":1311,"cityName":"青岛","pinyin":"qingdao","lon":120.378009,"lat":36.099007,"cityType":1,"businessList":[{"businessId":2,"businessName":"租房"}]},{"cityId":2067,"cityName":"庆阳","pinyin":"qingyang","lon":107.63785,"lat":35.720486,"cityType":1,"businessList":[{"businessId":2,"businessName":"租房"}]},{"cityId":1993,"cityName":"清远","pinyin":"qingyuan","lon":113.034333,"lat":23.692143,"cityType":1,"businessList":[{"businessId":2,"businessName":"租房"}]},{"cityId":1122,"cityName":"泉州","pinyin":"quanzhou","lon":118.593843,"lat":24.895723,"cityType":1,"businessList":[{"businessId":2,"businessName":"租房"}]},{"cityId":866,"cityName":"衢州","pinyin":"quzhou","lon":118.869246,"lat":28.95122,"cityType":1,"businessList":[{"businessId":2,"businessName":"租房"}]},{"cityId":43,"cityName":"上海","pinyin":"shanghai","lon":121.481331,"lat":31.243363,"cityType":1,"businessList":[{"businessId":1,"businessName":"二手房"},{"businessId":3,"businessName":"新房"},{"businessId":2,"businessName":"租房"}]},{"cityId":1448,"cityName":"商丘","pinyin":"shangqiu","lon":115.635322,"lat":34.432831,"cityType":1,"businessList":[{"businessId":2,"businessName":"租房"}]},{"cityId":1950,"cityName":"深圳","pinyin":"shenzhen","lon":114.019526,"lat":22.539878,"cityType":1,"businessList":[{"businessId":3,"businessName":"新房"},{"businessId":2,"businessName":"租房"}]},{"cityId":126,"cityName":"石家庄","pinyin":"shijiazhuang","lon":114.515546,"lat":38.043056,"cityType":1,"businessList":[{"businessId":3,"businessName":"新房"},{"businessId":2,"businessName":"租房"}]},{"cityId":854,"cityName":"宿迁","pinyin":"suqian","lon":118.290408,"lat":33.946046,"cityType":1,"businessList":[{"businessId":2,"businessName":"租房"}]},{"cityId":771,"cityName":"苏州","pinyin":"suzhou","lon":120.613487,"lat":31.311713,"cityType":1,"businessList":[{"businessId":1,"businessName":"二手房"},{"businessId":3,"businessName":"新房"},{"businessId":2,"businessName":"租房"}]},{"cityId":847,"cityName":"泰州","pinyin":"taizhou","lon":119.9131,"lat":32.470114,"cityType":1,"businessList":[{"businessId":1,"businessName":"二手房"},{"businessId":2,"businessName":"租房"}]},{"cityId":206,"cityName":"唐山","pinyin":"tangshan","lon":118.17698,"lat":39.6444,"cityType":1,"businessList":[{"businessId":1,"businessName":"二手房"},{"businessId":3,"businessName":"新房"}]},{"cityId":23,"cityName":"天津","pinyin":"tianjin","lon":117.204263,"lat":39.138028,"cityType":1,"businessList":[{"businessId":2,"businessName":"租房"}]},{"cityId":1418,"cityName":"威海","pinyin":"weihai","lon":122.087387,"lat":37.523083,"cityType":1,"businessList":[{"businessId":2,"businessName":"租房"}]},{"cityId":920,"cityName":"温州","pinyin":"wenzhou","lon":120.684091,"lat":27.996943,"cityType":1,"businessList":[{"businessId":1,"businessName":"二手房"},{"businessId":2,"businessName":"租房"}]},{"cityId":1624,"cityName":"武汉","pinyin":"wuhan","lon":114.309638,"lat":30.575389,"cityType":1,"businessList":[{"businessId":2,"businessName":"租房"}]},{"cityId":971,"cityName":"芜湖","pinyin":"wuhu","lon":118.377498,"lat":31.360368,"cityType":1,"businessList":[{"businessId":3,"businessName":"新房"},{"businessId":2,"businessName":"租房"}]},{"cityId":755,"cityName":"无锡","pinyin":"wuxi","lon":120.298857,"lat":31.564396,"cityType":1,"businessList":[{"businessId":1,"businessName":"二手房"},{"businessId":2,"businessName":"租房"}]},{"cityId":1099,"cityName":"厦门","pinyin":"xiamen","lon":118.097428,"lat":24.483013,"cityType":1,"businessList":[{"businessId":2,"businessName":"租房"}]},{"cityId":2618,"cityName":"西安","pinyin":"xian","lon":108.946688,"lat":34.271554,"cityType":1,"businessList":[{"businessId":2,"businessName":"租房"}]},{"cityId":1481,"cityName":"新乡","pinyin":"xinxiang","lon":113.906194,"lat":35.301185,"cityType":1,"businessList":[{"businessId":3,"businessName":"新房"}]},{"cityId":792,"cityName":"扬州","pinyin":"yangzhou","lon":119.421318,"lat":32.402346,"cityType":1,"businessList":[{"businessId":2,"businessName":"租房"}]},{"cityId":1345,"cityName":"烟台","pinyin":"yantai","lon":121.303145,"lat":37.530338,"cityType":1,"businessList":[{"businessId":2,"businessName":"租房"}]},{"cityId":2199,"cityName":"宜宾","pinyin":"yibin","lon":104.626603,"lat":28.763441,"cityType":1,"businessList":[{"businessId":2,"businessName":"租房"}]},{"cityId":1694,"cityName":"宜昌","pinyin":"yichang","lon":111.304385,"lat":30.727081,"cityType":1,"businessList":[{"businessId":2,"businessName":"租房"}]},{"cityId":1234,"cityName":"宜春","pinyin":"yichun","lon":114.393542,"lat":27.805198,"cityType":1,"businessList":[{"businessId":2,"businessName":"租房"}]},{"cityId":1842,"cityName":"张家界","pinyin":"zhangjiajie","lon":110.475075,"lat":29.119126,"cityType":1,"businessList":[{"businessId":1,"businessName":"二手房"}]},{"cityId":176,"cityName":"张家口","pinyin":"zhangjiakou","lon":114.887181,"lat":40.805457,"cityType":1,"businessList":[{"businessId":3,"businessName":"新房"},{"businessId":2,"businessName":"租房"}]},{"cityId":1134,"cityName":"漳州","pinyin":"zhangzhou","lon":117.669621,"lat":24.511369,"cityType":1,"businessList":[{"businessId":2,"businessName":"租房"}]},{"cityId":1458,"cityName":"郑州","pinyin":"zhengzhou","lon":113.643257,"lat":34.750277,"cityType":1,"businessList":[{"businessId":2,"businessName":"租房"}]},{"cityId":764,"cityName":"镇江","pinyin":"zhenjiang","lon":119.449236,"lat":32.198708,"cityType":1,"businessList":[{"businessId":3,"businessName":"新房"}]},{"cityId":2139,"cityName":"自贡","pinyin":"zigong","lon":104.76966,"lat":29.352885,"cityType":1,"businessList":[{"businessId":2,"businessName":"租房"}]}],"overseaCityList":[{"cityId":6771,"cityName":"洛杉矶","pinyin":"LA","lon":0,"lat":0,"cityType":2,"businessList":[{"businessId":3,"businessName":"新房"}]},{"cityId":5963,"cityName":"纽约","pinyin":"NY","lon":0,"lat":0,"cityType":2,"businessList":[{"businessId":3,"businessName":"新房"}]},{"cityId":6627,"cityName":"新加坡","pinyin":"SG","lon":11,"lat":11,"cityType":2,"businessList":[{"businessId":3,"businessName":"新房"}]}]}}
[2018-03-15 14:09:20.925] [INFO] info - request url : /shanghai/esf/houselist ; request params : {}
[2018-03-15 14:09:21.174] [INFO] info - request url : /favicon.ico ; request params : {}
[2018-03-15 14:09:21.177] [INFO] info - request url : /seo/error.html ; request params : {}
[2018-03-15 14:09:21.786] [INFO] info - request url : /api/common/getCityByLatLon?latitude=1.352083&longitude=103.819836 ; request params : {"latitude":"1.352083","longitude":"103.819836"}
[2018-03-15 14:09:21.856] [INFO] info - 后端接口返回数据数据：{"message":"success","status":1,"data":{"cityId":43,"cityPinyin":"shanghai","cityName":"上海","oldBusiness":true,"newBusiness":true,"rentBusiness":true,"china":true}}
[2018-03-15 14:09:21.871] [INFO] info - request url : /shanghai/esf/houselist ; request params : {}
[2018-03-15 14:09:22.087] [INFO] info - request url : /favicon.ico ; request params : {}
[2018-03-15 14:09:22.090] [INFO] info - request url : /seo/error.html ; request params : {}
[2018-03-15 14:09:28.622] [INFO] info - request url : /seo/error.html ; request params : {}
[2018-03-15 14:09:28.819] [INFO] info - request url : /favicon.ico ; request params : {}
[2018-03-15 14:09:28.824] [INFO] info - request url : /seo/error.html ; request params : {}
[2018-03-15 14:09:31.782] [INFO] info - request url : / ; request params : {}
[2018-03-15 14:09:31.789] [INFO] info - request url : /seo/error.html ; request params : {}
[2018-03-15 14:09:31.986] [INFO] info - request url : /favicon.ico ; request params : {}
[2018-03-15 14:09:31.989] [INFO] info - request url : /seo/error.html ; request params : {}
[2018-03-15 14:09:32.463] [INFO] info - request url : /seo/62c8d5bdb313e74e ; request params : {}
[2018-03-15 14:09:32.482] [INFO] info - request url : /seo/error.html ; request params : {}
[2018-03-15 14:09:32.682] [INFO] info - request url : /favicon.ico ; request params : {}
[2018-03-15 14:09:32.685] [INFO] info - request url : /seo/error.html ; request params : {}
[2018-03-15 14:09:35.645] [INFO] info - request url : / ; request params : {}
[2018-03-15 14:09:35.655] [INFO] info - request url : /seo/error.html ; request params : {}
[2018-03-15 14:09:35.849] [INFO] info - request url : /favicon.ico ; request params : {}
[2018-03-15 14:09:35.851] [INFO] info - request url : /seo/error.html ; request params : {}
[2018-03-15 14:09:38.815] [INFO] info - request url : / ; request params : {}
[2018-03-15 14:09:38.826] [INFO] info - request url : /seo/error.html ; request params : {}
[2018-03-15 14:09:39.035] [INFO] info - request url : /favicon.ico ; request params : {}
[2018-03-15 14:09:39.037] [INFO] info - request url : /seo/error.html ; request params : {}
[2018-03-15 14:09:41.990] [INFO] info - request url : / ; request params : {}
[2018-03-15 14:09:41.995] [INFO] info - request url : /seo/error.html ; request params : {}
[2018-03-15 14:09:42.207] [INFO] info - request url : /favicon.ico ; request params : {}
[2018-03-15 14:09:42.210] [INFO] info - request url : /seo/error.html ; request params : {}
[2018-03-15 14:09:45.169] [INFO] info - request url : / ; request params : {}
[2018-03-15 14:09:45.205] [INFO] info - request url : /seo/error.html ; request params : {}
[2018-03-15 14:09:45.391] [INFO] info - request url : /favicon.ico ; request params : {}
[2018-03-15 14:09:45.396] [INFO] info - request url : /seo/error.html ; request params : {}
[2018-03-15 14:09:48.356] [INFO] info - request url : / ; request params : {}
[2018-03-15 14:09:48.367] [INFO] info - request url : /seo/error.html ; request params : {}
[2018-03-15 14:09:48.584] [INFO] info - request url : /favicon.ico ; request params : {}
[2018-03-15 14:09:48.587] [INFO] info - request url : /seo/error.html ; request params : {}
[2018-03-15 14:09:51.550] [INFO] info - request url : / ; request params : {}
[2018-03-15 14:09:51.562] [INFO] info - request url : /seo/error.html ; request params : {}
[2018-03-15 14:09:51.756] [INFO] info - request url : /favicon.ico ; request params : {}
[2018-03-15 14:09:51.762] [INFO] info - request url : /seo/error.html ; request params : {}
[2018-03-15 14:09:54.724] [INFO] info - request url : / ; request params : {}
[2018-03-15 14:09:54.758] [INFO] info - request url : /seo/error.html ; request params : {}
[2018-03-15 14:09:55.018] [INFO] info - request url : /favicon.ico ; request params : {}
[2018-03-15 14:09:55.023] [INFO] info - request url : /seo/error.html ; request params : {}
[2018-03-15 14:09:57.978] [INFO] info - request url : / ; request params : {}
[2018-03-15 14:09:57.985] [INFO] info - request url : /seo/error.html ; request params : {}
[2018-03-15 14:09:58.186] [INFO] info - request url : /favicon.ico ; request params : {}
[2018-03-15 14:09:58.189] [INFO] info - request url : /seo/error.html ; request params : {}
[2018-03-15 14:10:01.141] [INFO] info - request url : / ; request params : {}
[2018-03-15 14:10:01.145] [INFO] info - request url : /seo/error.html ; request params : {}
[2018-03-15 14:10:01.360] [INFO] info - request url : /favicon.ico ; request params : {}
[2018-03-15 14:10:01.364] [INFO] info - request url : /seo/error.html ; request params : {}
[2018-03-15 14:10:04.317] [INFO] info - request url : / ; request params : {}
[2018-03-15 14:10:04.326] [INFO] info - request url : /seo/error.html ; request params : {}
[2018-03-15 14:10:04.528] [INFO] info - request url : /favicon.ico ; request params : {}
[2018-03-15 14:10:04.531] [INFO] info - request url : /seo/error.html ; request params : {}
[2018-03-15 14:10:07.499] [INFO] info - request url : / ; request params : {}
[2018-03-15 14:10:07.523] [INFO] info - request url : /seo/error.html ; request params : {}
[2018-03-15 14:10:07.724] [INFO] info - request url : /favicon.ico ; request params : {}
[2018-03-15 14:10:07.728] [INFO] info - request url : /seo/error.html ; request params : {}
[2018-03-15 14:10:10.684] [INFO] info - request url : / ; request params : {}
[2018-03-15 14:10:10.695] [INFO] info - request url : /seo/error.html ; request params : {}
[2018-03-15 14:10:10.931] [INFO] info - request url : /favicon.ico ; request params : {}
[2018-03-15 14:10:10.934] [INFO] info - request url : /seo/error.html ; request params : {}
[2018-03-15 14:10:13.877] [INFO] info - request url : / ; request params : {}
[2018-03-15 14:10:13.885] [INFO] info - request url : /seo/error.html ; request params : {}
[2018-03-15 14:10:14.129] [INFO] info - request url : /favicon.ico ; request params : {}
[2018-03-15 14:10:14.137] [INFO] info - request url : /seo/error.html ; request params : {}
[2018-03-15 14:10:17.079] [INFO] info - request url : / ; request params : {}
[2018-03-15 14:10:17.087] [INFO] info - request url : /seo/error.html ; request params : {}
[2018-03-15 14:10:17.299] [INFO] info - request url : /favicon.ico ; request params : {}
[2018-03-15 14:10:17.302] [INFO] info - request url : /seo/error.html ; request params : {}
[2018-03-15 14:10:20.254] [INFO] info - request url : / ; request params : {}
[2018-03-15 14:10:20.259] [INFO] info - request url : /seo/error.html ; request params : {}
[2018-03-15 14:10:20.506] [INFO] info - request url : /favicon.ico ; request params : {}
[2018-03-15 14:10:20.509] [INFO] info - request url : /seo/error.html ; request params : {}
[2018-03-15 14:10:23.444] [INFO] info - request url : / ; request params : {}
[2018-03-15 14:10:23.451] [INFO] info - request url : /seo/error.html ; request params : {}
[2018-03-15 14:10:23.664] [INFO] info - request url : /favicon.ico ; request params : {}
[2018-03-15 14:10:23.671] [INFO] info - request url : /seo/error.html ; request params : {}
[2018-03-15 14:10:26.610] [INFO] info - request url : / ; request params : {}
[2018-03-15 14:10:26.615] [INFO] info - request url : /seo/error.html ; request params : {}
[2018-03-15 14:10:26.820] [INFO] info - request url : /favicon.ico ; request params : {}
[2018-03-15 14:10:26.825] [INFO] info - request url : /seo/error.html ; request params : {}
[2018-03-15 14:10:29.784] [INFO] info - request url : / ; request params : {}
[2018-03-15 14:10:29.819] [INFO] info - request url : /seo/error.html ; request params : {}
[2018-03-15 14:10:30.007] [INFO] info - request url : /favicon.ico ; request params : {}
[2018-03-15 14:10:30.010] [INFO] info - request url : /seo/error.html ; request params : {}
[2018-03-15 14:10:32.966] [INFO] info - request url : / ; request params : {}
[2018-03-15 14:10:32.976] [INFO] info - request url : /seo/error.html ; request params : {}
[2018-03-15 14:10:33.184] [INFO] info - request url : /favicon.ico ; request params : {}
[2018-03-15 14:10:33.186] [INFO] info - request url : /seo/error.html ; request params : {}
[2018-03-15 14:10:36.143] [INFO] info - request url : / ; request params : {}
[2018-03-15 14:10:36.151] [INFO] info - request url : /seo/error.html ; request params : {}
[2018-03-15 14:10:36.353] [INFO] info - request url : /favicon.ico ; request params : {}
[2018-03-15 14:10:36.356] [INFO] info - request url : /seo/error.html ; request params : {}
[2018-03-15 14:10:39.313] [INFO] info - request url : / ; request params : {}
[2018-03-15 14:10:39.326] [INFO] info - request url : /seo/error.html ; request params : {}
[2018-03-15 14:10:39.540] [INFO] info - request url : /favicon.ico ; request params : {}
[2018-03-15 14:10:39.543] [INFO] info - request url : /seo/error.html ; request params : {}
[2018-03-15 14:10:42.510] [INFO] info - request url : / ; request params : {}
[2018-03-15 14:10:42.523] [INFO] info - request url : /seo/error.html ; request params : {}
[2018-03-15 14:10:42.739] [INFO] info - request url : /favicon.ico ; request params : {}
[2018-03-15 14:10:42.743] [INFO] info - request url : /seo/error.html ; request params : {}
[2018-03-15 14:10:45.697] [INFO] info - request url : / ; request params : {}
[2018-03-15 14:10:45.710] [INFO] info - request url : /seo/error.html ; request params : {}
[2018-03-15 14:10:45.911] [INFO] info - request url : /favicon.ico ; request params : {}
[2018-03-15 14:10:45.913] [INFO] info - request url : /seo/error.html ; request params : {}
[2018-03-15 14:10:45.948] [INFO] info - request url : /e4d4ccb345b651b6/esf ; request params : {}
[2018-03-15 14:10:46.153] [INFO] info - request url : /favicon.ico ; request params : {}
[2018-03-15 14:10:46.168] [INFO] info - request url : /seo/error.html ; request params : {}
[2018-03-15 14:10:46.297] [INFO] info - request url : /api/common/getCityByLatLon?latitude=1.352083&longitude=103.819836 ; request params : {"latitude":"1.352083","longitude":"103.819836"}
[2018-03-15 14:10:46.408] [INFO] info - 后端接口返回数据数据：{"message":"success","status":1,"data":{"cityId":43,"cityPinyin":"shanghai","cityName":"上海","oldBusiness":true,"newBusiness":true,"rentBusiness":true,"china":true}}
[2018-03-15 14:10:46.416] [INFO] info - request url : /shanghai/esf ; request params : {}
[2018-03-15 14:10:46.614] [INFO] info - request url : /favicon.ico ; request params : {}
[2018-03-15 14:10:46.623] [INFO] info - request url : /seo/error.html ; request params : {}
[2018-03-15 14:10:56.209] [INFO] info - request url : /api/common/getCityByLatLon?latitude=1.352083&longitude=103.819836 ; request params : {"latitude":"1.352083","longitude":"103.819836"}
[2018-03-15 14:10:56.277] [INFO] info - 后端接口返回数据数据：{"message":"success","status":1,"data":{"cityId":43,"cityPinyin":"shanghai","cityName":"上海","oldBusiness":true,"newBusiness":true,"rentBusiness":true,"china":true}}
[2018-03-15 14:10:56.284] [INFO] info - request url : /shanghai/esf ; request params : {}
[2018-03-15 14:10:56.496] [INFO] info - request url : /favicon.ico ; request params : {}
[2018-03-15 14:10:56.499] [INFO] info - request url : /seo/error.html ; request params : {}
[2018-03-15 14:11:14.962] [INFO] info - request url : /shanghai/esf/e4d4ccb345b651b6 ; request params : {}
[2018-03-15 14:11:15.158] [INFO] info - request url : /favicon.ico ; request params : {}
[2018-03-15 14:11:15.175] [INFO] info - request url : /seo/error.html ; request params : {}
[2018-03-15 14:11:16.298] [INFO] info - request url : /api/common/getCityByLatLon?latitude=1.352083&longitude=103.819836 ; request params : {"latitude":"1.352083","longitude":"103.819836"}
[2018-03-15 14:11:16.378] [INFO] info - 后端接口返回数据数据：{"message":"success","status":1,"data":{"cityId":43,"cityPinyin":"shanghai","cityName":"上海","oldBusiness":true,"newBusiness":true,"rentBusiness":true,"china":true}}
[2018-03-15 14:11:16.397] [INFO] info - request url : /shanghai/esf/e4d4ccb345b651b6 ; request params : {}
[2018-03-15 14:11:16.586] [INFO] info - request url : /favicon.ico ; request params : {}
[2018-03-15 14:11:16.590] [INFO] info - request url : /seo/error.html ; request params : {}
[2018-03-15 14:11:28.737] [INFO] info - request url : /api/common/businessCity ; request params : {}
[2018-03-15 14:11:28.775] [INFO] info - 后端接口返回数据数据：{"message":"成功","status":1,"data":{"domesticCityList":[{"cityId":2342,"cityName":"安顺","pinyin":"anshun","lon":105.92174,"lat":26.222728,"cityType":1,"businessList":[{"businessId":1,"businessName":"二手房"}]},{"cityId":575,"cityName":"白城","pinyin":"baicheng","lon":122.834163,"lat":45.615351,"cityType":1,"businessList":[{"businessId":2,"businessName":"租房"}]},{"cityId":150,"cityName":"保定","pinyin":"baoding","lon":115.488214,"lat":38.880848,"cityType":1,"businessList":[{"businessId":2,"businessName":"租房"}]},{"cityId":3,"cityName":"北京","pinyin":"beijing","lon":116.389264,"lat":39.923698,"cityType":1,"businessList":[{"businessId":1,"businessName":"二手房"},{"businessId":3,"businessName":"新房"}]},{"cityId":1404,"cityName":"滨州","pinyin":"binzhou","lon":117.96192,"lat":37.398967,"cityType":1,"businessList":[{"businessId":2,"businessName":"租房"}]},{"cityId":530,"cityName":"长春","pinyin":"changchun","lon":125.30718,"lat":43.892289,"cityType":1,"businessList":[{"businessId":2,"businessName":"租房"}]},{"cityId":1746,"cityName":"长沙","pinyin":"changsha","lon":112.972767,"lat":28.207792,"cityType":1,"businessList":[{"businessId":3,"businessName":"新房"},{"businessId":2,"businessName":"租房"}]},{"cityId":839,"cityName":"常州","pinyin":"changzhou","lon":119.975406,"lat":31.765302,"cityType":1,"businessList":[{"businessId":1,"businessName":"二手房"}]},{"cityId":194,"cityName":"承德","pinyin":"chengde","lon":117.927311,"lat":40.986573,"cityType":1,"businessList":[{"businessId":3,"businessName":"新房"}]},{"cityId":2113,"cityName":"成都","pinyin":"chengdu","lon":104.061476,"lat":30.673811,"cityType":1,"businessList":[{"businessId":2,"businessName":"租房"}]},{"cityId":415,"cityName":"沈阳","pinyin":"chengyang","lon":123.426157,"lat":41.80299,"cityType":1,"businessList":[{"businessId":1,"businessName":"二手房"}]},{"cityId":64,"cityName":"重庆","pinyin":"chongqing","lon":106.524092,"lat":29.538698,"cityType":1,"businessList":[{"businessId":3,"businessName":"新房"},{"businessId":2,"businessName":"租房"}]},{"cityId":1333,"cityName":"德州","pinyin":"dezhou","lon":116.321583,"lat":37.455022,"cityType":1,"businessList":[{"businessId":2,"businessName":"租房"}]},{"cityId":2736,"cityName":"防城港","pinyin":"fangchenggang","lon":108.345327,"lat":21.611162,"cityType":1,"businessList":[{"businessId":2,"businessName":"租房"}]},{"cityId":1961,"cityName":"佛山","pinyin":"foshan","lon":113.127528,"lat":23.029141,"cityType":1,"businessList":[{"businessId":2,"businessName":"租房"}]},{"cityId":1037,"cityName":"阜阳","pinyin":"fuyang","lon":115.81449,"lat":32.894954,"cityType":1,"businessList":[{"businessId":2,"businessName":"租房"}]},{"cityId":1085,"cityName":"福州","pinyin":"fuzhou","lon":119.323668,"lat":26.04136,"cityType":1,"businessList":[{"businessId":1,"businessName":"二手房"},{"businessId":2,"businessName":"租房"}]},{"cityId":1873,"cityName":"广州","pinyin":"guangzhou","lon":113.301194,"lat":23.1139,"cityType":1,"businessList":[{"businessId":3,"businessName":"新房"},{"businessId":2,"businessName":"租房"}]},{"cityId":2414,"cityName":"海口","pinyin":"haikou","lon":110.32428,"lat":20.0163,"cityType":1,"businessList":[{"businessId":2,"businessName":"租房"}]},{"cityId":106,"cityName":"邯郸","pinyin":"handan","lon":114.476298,"lat":36.60297,"cityType":1,"businessList":[{"businessId":3,"businessName":"新房"}]},{"cityId":873,"cityName":"杭州","pinyin":"hangzhou","lon":120.212876,"lat":30.253187,"cityType":1,"businessList":[{"businessId":2,"businessName":"租房"}]},{"cityId":1066,"cityName":"亳州","pinyin":"haozhou","lon":115.781467,"lat":33.86501,"cityType":1,"businessList":[{"businessId":2,"businessName":"租房"}]},{"cityId":963,"cityName":"合肥","pinyin":"hefei","lon":117.276169,"lat":31.861054,"cityType":1,"businessList":[{"businessId":1,"businessName":"二手房"}]},{"cityId":822,"cityName":"淮安","pinyin":"huaian","lon":119.023752,"lat":33.600278,"cityType":1,"businessList":[{"businessId":2,"businessName":"租房"}]},{"cityId":987,"cityName":"淮南","pinyin":"huainan","lon":117.012221,"lat":32.63653,"cityType":1,"businessList":[{"businessId":2,"businessName":"租房"}]},{"cityId":1020,"cityName":"黄山","pinyin":"huangshan","lon":118.287076,"lat":29.728494,"cityType":1,"businessList":[{"businessId":1,"businessName":"二手房"}]},{"cityId":3091,"cityName":"呼和浩特","pinyin":"huhehaote","lon":111.653718,"lat":40.82263,"cityType":1,"businessList":[{"businessId":2,"businessName":"租房"}]},{"cityId":893,"cityName":"嘉兴","pinyin":"jiaxing","lon":120.753898,"lat":30.768063,"cityType":1,"businessList":[{"businessId":1,"businessName":"二手房"},{"businessId":2,"businessName":"租房"}]},{"cityId":541,"cityName":"吉林","pinyin":"jilin","lon":126.557973,"lat":43.866212,"cityType":1,"businessList":[{"businessId":2,"businessName":"租房"}]},{"cityId":1729,"cityName":"荆门","pinyin":"jingmen","lon":112.210923,"lat":31.036331,"cityType":1,"businessList":[{"businessId":2,"businessName":"租房"}]},{"cityId":2442,"cityName":"昆明","pinyin":"kunming","lon":102.70818,"lat":25.042907,"cityType":1,"businessList":[{"businessId":1,"businessName":"二手房"},{"businessId":2,"businessName":"租房"}]},{"cityId":221,"cityName":"廊坊","pinyin":"langfang","lon":116.696966,"lat":39.512951,"cityType":1,"businessList":[{"businessId":3,"businessName":"新房"},{"businessId":2,"businessName":"租房"}]},{"cityId":1391,"cityName":"临沂","pinyin":"linyi","lon":118.334326,"lat":35.066143,"cityType":1,"businessList":[{"businessId":2,"businessName":"租房"}]},{"cityId":741,"cityName":"南京","pinyin":"nanjing","lon":118.771571,"lat":32.051204,"cityType":1,"businessList":[{"businessId":1,"businessName":"二手房"},{"businessId":2,"businessName":"租房"}]},{"cityId":2215,"cityName":"内江","pinyin":"neijiang","lon":105.066485,"lat":29.593762,"cityType":1,"businessList":[{"businessId":2,"businessName":"租房"}]},{"cityId":901,"cityName":"宁波","pinyin":"ningbo","lon":121.572578,"lat":29.87897,"cityType":1,"businessList":[{"businessId":2,"businessName":"租房"}]},{"cityId":1581,"cityName":"濮阳","pinyin":"puyang","lon":115.020032,"lat":35.747647,"cityType":1,"businessList":[{"businessId":3,"businessName":"新房"}]},{"cityId":1311,"cityName":"青岛","pinyin":"qingdao","lon":120.378009,"lat":36.099007,"cityType":1,"businessList":[{"businessId":2,"businessName":"租房"}]},{"cityId":2067,"cityName":"庆阳","pinyin":"qingyang","lon":107.63785,"lat":35.720486,"cityType":1,"businessList":[{"businessId":2,"businessName":"租房"}]},{"cityId":1993,"cityName":"清远","pinyin":"qingyuan","lon":113.034333,"lat":23.692143,"cityType":1,"businessList":[{"businessId":2,"businessName":"租房"}]},{"cityId":1122,"cityName":"泉州","pinyin":"quanzhou","lon":118.593843,"lat":24.895723,"cityType":1,"businessList":[{"businessId":2,"businessName":"租房"}]},{"cityId":866,"cityName":"衢州","pinyin":"quzhou","lon":118.869246,"lat":28.95122,"cityType":1,"businessList":[{"businessId":2,"businessName":"租房"}]},{"cityId":43,"cityName":"上海","pinyin":"shanghai","lon":121.481331,"lat":31.243363,"cityType":1,"businessList":[{"businessId":1,"businessName":"二手房"},{"businessId":3,"businessName":"新房"},{"businessId":2,"businessName":"租房"}]},{"cityId":1448,"cityName":"商丘","pinyin":"shangqiu","lon":115.635322,"lat":34.432831,"cityType":1,"businessList":[{"businessId":2,"businessName":"租房"}]},{"cityId":1950,"cityName":"深圳","pinyin":"shenzhen","lon":114.019526,"lat":22.539878,"cityType":1,"businessList":[{"businessId":3,"businessName":"新房"},{"businessId":2,"businessName":"租房"}]},{"cityId":126,"cityName":"石家庄","pinyin":"shijiazhuang","lon":114.515546,"lat":38.043056,"cityType":1,"businessList":[{"businessId":3,"businessName":"新房"},{"businessId":2,"businessName":"租房"}]},{"cityId":854,"cityName":"宿迁","pinyin":"suqian","lon":118.290408,"lat":33.946046,"cityType":1,"businessList":[{"businessId":2,"businessName":"租房"}]},{"cityId":771,"cityName":"苏州","pinyin":"suzhou","lon":120.613487,"lat":31.311713,"cityType":1,"businessList":[{"businessId":1,"businessName":"二手房"},{"businessId":3,"businessName":"新房"},{"businessId":2,"businessName":"租房"}]},{"cityId":847,"cityName":"泰州","pinyin":"taizhou","lon":119.9131,"lat":32.470114,"cityType":1,"businessList":[{"businessId":1,"businessName":"二手房"},{"businessId":2,"businessName":"租房"}]},{"cityId":206,"cityName":"唐山","pinyin":"tangshan","lon":118.17698,"lat":39.6444,"cityType":1,"businessList":[{"businessId":1,"businessName":"二手房"},{"businessId":3,"businessName":"新房"}]},{"cityId":23,"cityName":"天津","pinyin":"tianjin","lon":117.204263,"lat":39.138028,"cityType":1,"businessList":[{"businessId":2,"businessName":"租房"}]},{"cityId":1418,"cityName":"威海","pinyin":"weihai","lon":122.087387,"lat":37.523083,"cityType":1,"businessList":[{"businessId":2,"businessName":"租房"}]},{"cityId":920,"cityName":"温州","pinyin":"wenzhou","lon":120.684091,"lat":27.996943,"cityType":1,"businessList":[{"businessId":1,"businessName":"二手房"},{"businessId":2,"businessName":"租房"}]},{"cityId":1624,"cityName":"武汉","pinyin":"wuhan","lon":114.309638,"lat":30.575389,"cityType":1,"businessList":[{"businessId":2,"businessName":"租房"}]},{"cityId":971,"cityName":"芜湖","pinyin":"wuhu","lon":118.377498,"lat":31.360368,"cityType":1,"businessList":[{"businessId":3,"businessName":"新房"},{"businessId":2,"businessName":"租房"}]},{"cityId":755,"cityName":"无锡","pinyin":"wuxi","lon":120.298857,"lat":31.564396,"cityType":1,"businessList":[{"businessId":1,"businessName":"二手房"},{"businessId":2,"businessName":"租房"}]},{"cityId":1099,"cityName":"厦门","pinyin":"xiamen","lon":118.097428,"lat":24.483013,"cityType":1,"businessList":[{"businessId":2,"businessName":"租房"}]},{"cityId":2618,"cityName":"西安","pinyin":"xian","lon":108.946688,"lat":34.271554,"cityType":1,"businessList":[{"businessId":2,"businessName":"租房"}]},{"cityId":1481,"cityName":"新乡","pinyin":"xinxiang","lon":113.906194,"lat":35.301185,"cityType":1,"businessList":[{"businessId":3,"businessName":"新房"}]},{"cityId":792,"cityName":"扬州","pinyin":"yangzhou","lon":119.421318,"lat":32.402346,"cityType":1,"businessList":[{"businessId":2,"businessName":"租房"}]},{"cityId":1345,"cityName":"烟台","pinyin":"yantai","lon":121.303145,"lat":37.530338,"cityType":1,"businessList":[{"businessId":2,"businessName":"租房"}]},{"cityId":2199,"cityName":"宜宾","pinyin":"yibin","lon":104.626603,"lat":28.763441,"cityType":1,"businessList":[{"businessId":2,"businessName":"租房"}]},{"cityId":1694,"cityName":"宜昌","pinyin":"yichang","lon":111.304385,"lat":30.727081,"cityType":1,"businessList":[{"businessId":2,"businessName":"租房"}]},{"cityId":1234,"cityName":"宜春","pinyin":"yichun","lon":114.393542,"lat":27.805198,"cityType":1,"businessList":[{"businessId":2,"businessName":"租房"}]},{"cityId":1842,"cityName":"张家界","pinyin":"zhangjiajie","lon":110.475075,"lat":29.119126,"cityType":1,"businessList":[{"businessId":1,"businessName":"二手房"}]},{"cityId":176,"cityName":"张家口","pinyin":"zhangjiakou","lon":114.887181,"lat":40.805457,"cityType":1,"businessList":[{"businessId":3,"businessName":"新房"},{"businessId":2,"businessName":"租房"}]},{"cityId":1134,"cityName":"漳州","pinyin":"zhangzhou","lon":117.669621,"lat":24.511369,"cityType":1,"businessList":[{"businessId":2,"businessName":"租房"}]},{"cityId":1458,"cityName":"郑州","pinyin":"zhengzhou","lon":113.643257,"lat":34.750277,"cityType":1,"businessList":[{"businessId":2,"businessName":"租房"}]},{"cityId":764,"cityName":"镇江","pinyin":"zhenjiang","lon":119.449236,"lat":32.198708,"cityType":1,"businessList":[{"businessId":3,"businessName":"新房"}]},{"cityId":2139,"cityName":"自贡","pinyin":"zigong","lon":104.76966,"lat":29.352885,"cityType":1,"businessList":[{"businessId":2,"businessName":"租房"}]}],"overseaCityList":[{"cityId":6771,"cityName":"洛杉矶","pinyin":"LA","lon":0,"lat":0,"cityType":2,"businessList":[{"businessId":3,"businessName":"新房"}]},{"cityId":5963,"cityName":"纽约","pinyin":"NY","lon":0,"lat":0,"cityType":2,"businessList":[{"businessId":3,"businessName":"新房"}]},{"cityId":6627,"cityName":"新加坡","pinyin":"SG","lon":11,"lat":11,"cityType":2,"businessList":[{"businessId":3,"businessName":"新房"}]}]}}
[2018-03-15 14:11:31.198] [INFO] info - request url : /shanghai/esf/e4d4ccb345b651b6 ; request params : {}
[2018-03-15 14:11:31.409] [INFO] info - request url : /favicon.ico ; request params : {}
[2018-03-15 14:11:31.412] [INFO] info - request url : /seo/error.html ; request params : {}
[2018-03-15 14:11:36.378] [INFO] info - request url : /api/common/getCityByLatLon?latitude=1.352083&longitude=103.819836 ; request params : {"latitude":"1.352083","longitude":"103.819836"}
[2018-03-15 14:11:36.438] [INFO] info - 后端接口返回数据数据：{"message":"success","status":1,"data":{"cityId":43,"cityPinyin":"shanghai","cityName":"上海","oldBusiness":true,"newBusiness":true,"rentBusiness":true,"china":true}}
[2018-03-15 14:11:36.450] [INFO] info - request url : /shanghai/esf/e4d4ccb345b651b6 ; request params : {}
[2018-03-15 14:11:36.651] [INFO] info - request url : /favicon.ico ; request params : {}
[2018-03-15 14:11:36.654] [INFO] info - request url : /seo/error.html ; request params : {}
[2018-03-15 14:11:53.505] [INFO] info - request url : /api/community/detail/chart ; request params : {}
[2018-03-15 14:11:53.567] [INFO] info - 后端接口返回数据数据：undefined
[2018-03-15 14:11:53.699] [INFO] info - request url : /favicon.ico ; request params : {}
[2018-03-15 14:11:53.717] [INFO] info - request url : /seo/error.html ; request params : {}
[2018-03-15 14:12:34.641] [INFO] info - request url : /shanghai/community/e4d4ccb345b651b6.html ; request params : {}
[2018-03-15 14:12:38.508] [INFO] info - 后端接口返回数据数据：{"message":"成功","status":1,"data":{"estateId":66727,"estateName":"西四北大街156号","subEstateName":"","town":"西四","district":"西城","propertyType":"住宅","estateAddr":"西四北大街156号","propertyCharges":"--","completed":"2000","completedStr":"2000年","totalHouse":"129户","totalHouseCount":129,"greenRate":"10%","volumeRate":"5.6","totalFloorage":null,"parkingLot":"1个","developers":"不详","propertyRight":"70年","memo":"小区概况完善中","imgList":["https://imgwater-test.oss.aliyuncs.com/6af6e136ce64436598f5e016bc9378f3.DW"],"estateImgUrl":"https://imgwater-test.oss.aliyuncs.com/6af6e136ce64436598f5e016bc9378f3.DW","propertyCompany":"--","subEstateId":"66139","encryptSubEstateId":"e4d4ccb345b651b6","estateUrl":"/beijing/community/e4d4ccb345b651b6.html","comment":null,"schoolName":"","subwayName":"6号线、4号线大兴线","longitude":"116.380232","latitude":"39.933214","cityId":3,"cityName":"北京市","weChatShare":{"picUrl":"https://imgwater-test.oss.aliyuncs.com/6af6e136ce64436598f5e016bc9378f3.DW","title":"西四北大街156号","content":"西四北大街156号小区概况完善中","linkUrl":null,"timelineTitle":"西四北大街156号"},"sellHouseCount":0}}
[2018-03-15 14:12:38.758] [INFO] info - request url : /api/community/detail/chart?subEstateId=e4d4ccb345b651b6 ; request params : {"subEstateId":"e4d4ccb345b651b6"}
[2018-03-15 14:12:39.470] [INFO] info - request url : /favicon.ico ; request params : {}
[2018-03-15 14:12:39.493] [INFO] info - request url : /seo/error.html ; request params : {}
[2018-03-15 14:12:42.952] [INFO] info - 后端接口返回数据数据：{"message":"成功","status":1,"data":[{"date":"2017-04","unitPrice":"0"},{"date":"2017-05","unitPrice":"0"},{"date":"2017-06","unitPrice":"0"},{"date":"2017-07","unitPrice":"0"},{"date":"2017-08","unitPrice":"0"},{"date":"2017-09","unitPrice":"0"},{"date":"2017-10","unitPrice":"0"},{"date":"2017-11","unitPrice":"0"},{"date":"2017-12","unitPrice":"0"},{"date":"2018-01","unitPrice":"0"},{"date":"2018-02","unitPrice":"0"},{"date":"2018-03","unitPrice":"0.00"}]}
[2018-03-15 14:12:56.087] [INFO] info - request url : /favicon.ico ; request params : {}
[2018-03-15 14:12:56.106] [INFO] info - request url : /seo/error.html ; request params : {}
[2018-03-15 14:13:07.563] [INFO] info - request url : /favicon.ico ; request params : {}
[2018-03-15 14:13:07.567] [INFO] info - request url : /seo/error.html ; request params : {}
[2018-03-15 14:17:56.217] [INFO] info - request url : /shanghai/community/e4d4ccb345b651b6.html ; request params : {}
[2018-03-15 14:17:56.699] [INFO] info - 后端接口返回数据数据：{"message":"成功","status":1,"data":{"estateId":66727,"estateName":"西四北大街156号","subEstateName":"","town":"西四","district":"西城","propertyType":"住宅","estateAddr":"西四北大街156号","propertyCharges":"--","completed":"2000","completedStr":"2000年","totalHouse":"129户","totalHouseCount":129,"greenRate":"10%","volumeRate":"5.6","totalFloorage":null,"parkingLot":"1个","developers":"不详","propertyRight":"70年","memo":"小区概况完善中","imgList":["https://imgwater-test.oss.aliyuncs.com/6af6e136ce64436598f5e016bc9378f3.DW"],"estateImgUrl":"https://imgwater-test.oss.aliyuncs.com/6af6e136ce64436598f5e016bc9378f3.DW","propertyCompany":"--","subEstateId":"66139","encryptSubEstateId":"e4d4ccb345b651b6","estateUrl":"/beijing/community/e4d4ccb345b651b6.html","comment":null,"schoolName":"","subwayName":"6号线、4号线大兴线","longitude":"116.380232","latitude":"39.933214","cityId":3,"cityName":"北京市","weChatShare":{"picUrl":"https://imgwater-test.oss.aliyuncs.com/6af6e136ce64436598f5e016bc9378f3.DW","title":"西四北大街156号","content":"西四北大街156号小区概况完善中","linkUrl":null,"timelineTitle":"西四北大街156号"},"sellHouseCount":0}}
[2018-03-15 14:17:56.978] [INFO] info - request url : /api/community/detail/chart?subEstateId=e4d4ccb345b651b6 ; request params : {"subEstateId":"e4d4ccb345b651b6"}
[2018-03-15 14:17:57.064] [INFO] info - request url : /favicon.ico ; request params : {}
[2018-03-15 14:17:57.074] [INFO] info - request url : /seo/error.html ; request params : {}
[2018-03-15 14:17:57.290] [INFO] info - 后端接口返回数据数据：{"message":"成功","status":1,"data":[{"date":"2017-04","unitPrice":"0"},{"date":"2017-05","unitPrice":"0"},{"date":"2017-06","unitPrice":"0"},{"date":"2017-07","unitPrice":"0"},{"date":"2017-08","unitPrice":"0"},{"date":"2017-09","unitPrice":"0"},{"date":"2017-10","unitPrice":"0"},{"date":"2017-11","unitPrice":"0"},{"date":"2017-12","unitPrice":"0"},{"date":"2018-01","unitPrice":"0"},{"date":"2018-02","unitPrice":"0"},{"date":"2018-03","unitPrice":"0.00"}]}
[2018-03-15 14:18:52.243] [INFO] info - request url : /shanghai/esf/12345.html ; request params : {}
[2018-03-15 14:18:52.305] [INFO] info - 后端接口返回数据数据：undefined
[2018-03-15 14:18:52.309] [INFO] info - request url : /seo/error.html ; request params : {}
[2018-03-15 14:18:52.885] [INFO] info - request url : /favicon.ico ; request params : {}
[2018-03-15 14:18:52.906] [INFO] info - request url : /seo/error.html ; request params : {}
[2018-03-15 14:18:54.275] [INFO] info - request url : / ; request params : {}
[2018-03-15 14:18:54.280] [INFO] info - request url : /seo/error.html ; request params : {}
[2018-03-15 14:18:54.474] [INFO] info - request url : /favicon.ico ; request params : {}
[2018-03-15 14:18:54.477] [INFO] info - request url : /seo/error.html ; request params : {}
[2018-03-15 14:18:57.437] [INFO] info - request url : /favicon.ico ; request params : {}
[2018-03-15 14:18:57.442] [INFO] info - request url : /seo/error.html ; request params : {}
[2018-03-15 14:18:58.193] [INFO] info - request url : /favicon.ico ; request params : {}
[2018-03-15 14:18:58.213] [INFO] info - request url : /seo/error.html ; request params : {}
[2018-03-15 14:19:06.515] [INFO] info - request url : /shanghai/community/62c8d5bdb313e74e.html ; request params : {}
[2018-03-15 14:19:07.331] [INFO] info - 后端接口返回数据数据：{"message":"成功","status":1,"data":{"estateId":66755,"estateName":"正觉胡同","subEstateName":"","town":"新街口","district":"西城","propertyType":"住宅","estateAddr":"正觉胡同","propertyCharges":"--","completed":"2000","completedStr":"2000年","totalHouse":"4户","totalHouseCount":4,"greenRate":"--","volumeRate":"--","totalFloorage":null,"parkingLot":"1个","developers":"不详","propertyRight":"70年","memo":"小区概况完善中","imgList":["https://imgwater-test.oss.aliyuncs.com/6af6e136ce64436598f5e016bc9378f3.DW"],"estateImgUrl":"https://imgwater-test.oss.aliyuncs.com/6af6e136ce64436598f5e016bc9378f3.DW","propertyCompany":"--","subEstateId":"66167","encryptSubEstateId":"62c8d5bdb313e74e","estateUrl":"/beijing/community/62c8d5bdb313e74e.html","comment":null,"schoolName":"","subwayName":"6号线、4号线大兴线","longitude":"116.381319","latitude":"39.945903","cityId":3,"cityName":"北京市","weChatShare":{"picUrl":"https://imgwater-test.oss.aliyuncs.com/6af6e136ce64436598f5e016bc9378f3.DW","title":"正觉胡同","content":"正觉胡同小区概况完善中","linkUrl":null,"timelineTitle":"正觉胡同"},"sellHouseCount":0}}
[2018-03-15 14:19:07.604] [INFO] info - request url : /api/community/detail/chart?subEstateId=62c8d5bdb313e74e ; request params : {"subEstateId":"62c8d5bdb313e74e"}
[2018-03-15 14:19:08.217] [INFO] info - request url : /favicon.ico ; request params : {}
[2018-03-15 14:19:08.221] [INFO] info - request url : /seo/error.html ; request params : {}
[2018-03-15 14:19:10.165] [INFO] info - 后端接口返回数据数据：{"message":"成功","status":1,"data":[{"date":"2017-04","unitPrice":"0"},{"date":"2017-05","unitPrice":"0"},{"date":"2017-06","unitPrice":"0"},{"date":"2017-07","unitPrice":"0"},{"date":"2017-08","unitPrice":"0"},{"date":"2017-09","unitPrice":"0"},{"date":"2017-10","unitPrice":"0"},{"date":"2017-11","unitPrice":"0"},{"date":"2017-12","unitPrice":"0"},{"date":"2018-01","unitPrice":"0"},{"date":"2018-02","unitPrice":"0"},{"date":"2018-03","unitPrice":"0.00"}]}
[2018-03-15 14:19:52.597] [INFO] info - request url : /favicon.ico ; request params : {}
[2018-03-15 14:19:52.602] [INFO] info - request url : /seo/error.html ; request params : {}
[2018-03-15 14:19:54.471] [INFO] info - request url : /favicon.ico ; request params : {}
[2018-03-15 14:19:54.473] [INFO] info - request url : /seo/error.html ; request params : {}
[2018-03-15 14:20:00.104] [INFO] info - request url : /favicon.ico ; request params : {}
[2018-03-15 14:20:00.111] [INFO] info - request url : /seo/error.html ; request params : {}
[2018-03-15 14:20:52.852] [INFO] info - request url : /shanghai/space/e4d4ccb345b651b6.html ; request params : {}
[2018-03-15 14:20:53.153] [INFO] info - 后端接口返回数据数据：{"message":"成功","status":1,"data":{"agentId":"e4d4ccb345b651b6","agent":null,"introductionLength":null,"introductionShort":null,"storyLength":null,"storyShort":null,"agentCommentCount":0,"objScore":0,"shi":0,"kong":0,"hasSmall":false,"tags":null,"agentCommentList":null,"oldHouseList":null,"newHouseList":null,"rentHouseList":null,"recommendType":null,"title":null,"isFavourite":0,"isNative":null,"isShare":null,"wxShareImgUrl":null,"share":null,"wxShareTitle":null,"wxShareDesc":null,"timelineTitle":null,"login":false}}
[2018-03-15 14:20:53.200] [INFO] info - 后端接口返回数据数据：{"message":"success","status":1,"data":null}
[2018-03-15 14:20:53.229] [INFO] info - 后端接口返回数据数据：undefined
[2018-03-15 14:20:53.301] [INFO] info - 后端接口返回数据数据：{"status":1,"message":"网络异常,请稍后重试","data":null}
[2018-03-15 14:20:53.309] [INFO] info - request url : /seo/error.html ; request params : {}
[2018-03-15 14:20:53.550] [INFO] info - request url : /favicon.ico ; request params : {}
[2018-03-15 14:20:53.553] [INFO] info - request url : /seo/error.html ; request params : {}
[2018-03-15 14:20:56.699] [INFO] info - request url : /favicon.ico ; request params : {}
[2018-03-15 14:20:56.703] [INFO] info - request url : /seo/error.html ; request params : {}
[2018-03-15 14:21:32.403] [INFO] info - request url : /api/store/index/agent ; request params : {}
[2018-03-15 14:21:32.454] [INFO] info - 后端接口返回数据数据：undefined
[2018-03-15 14:21:32.597] [INFO] info - request url : /favicon.ico ; request params : {}
[2018-03-15 14:21:32.599] [INFO] info - request url : /seo/error.html ; request params : {}
[2018-03-15 14:21:56.771] [INFO] info - request url : /shanghai/rent ; request params : {}
[2018-03-15 14:21:56.797] [INFO] info - 后端接口返回数据数据：{"message":"成功","status":1,"data":{"cityId":43,"cityPinyin":"shanghai","cityName":"上海","oldBusiness":true,"newBusiness":true,"rentBusiness":true,"china":true}}
[2018-03-15 14:22:07.265] [INFO] info - 后端接口返回数据数据：{"status":1,"count":0,"message":"系统异常，请联系管理员","data":[]}
[2018-03-15 14:22:22.716] [INFO] info - request url : /member/login ; request params : {}
[2018-03-15 14:22:22.937] [INFO] info - request url : /favicon.ico ; request params : {}
[2018-03-15 14:22:22.956] [INFO] info - request url : /seo/error.html ; request params : {}
[2018-03-15 14:22:37.399] [INFO] info - 后端接口返回数据数据：{"message":"成功","status":1,"data":[]}
[2018-03-15 14:23:28.560] [INFO] info - request url : /shanghai/community/e4d4ccb345b651b6.html ; request params : {}
[2018-03-15 14:23:29.151] [INFO] info - 后端接口返回数据数据：{"message":"成功","status":1,"data":{"estateId":66727,"estateName":"西四北大街156号","subEstateName":"","town":"西四","district":"西城","propertyType":"住宅","estateAddr":"西四北大街156号","propertyCharges":"--","completed":"2000","completedStr":"2000年","totalHouse":"129户","totalHouseCount":129,"greenRate":"10%","volumeRate":"5.6","totalFloorage":null,"parkingLot":"1个","developers":"不详","propertyRight":"70年","memo":"小区概况完善中","imgList":["https://imgwater-test.oss.aliyuncs.com/6af6e136ce64436598f5e016bc9378f3.DW"],"estateImgUrl":"https://imgwater-test.oss.aliyuncs.com/6af6e136ce64436598f5e016bc9378f3.DW","propertyCompany":"--","subEstateId":"66139","encryptSubEstateId":"e4d4ccb345b651b6","estateUrl":"/beijing/community/e4d4ccb345b651b6.html","comment":null,"schoolName":"","subwayName":"6号线、4号线大兴线","longitude":"116.380232","latitude":"39.933214","cityId":3,"cityName":"北京市","weChatShare":{"picUrl":"https://imgwater-test.oss.aliyuncs.com/6af6e136ce64436598f5e016bc9378f3.DW","title":"西四北大街156号","content":"西四北大街156号小区概况完善中","linkUrl":null,"timelineTitle":"西四北大街156号"},"sellHouseCount":0}}
[2018-03-15 14:23:30.184] [INFO] info - request url : /api/community/detail/chart?subEstateId=e4d4ccb345b651b6 ; request params : {"subEstateId":"e4d4ccb345b651b6"}
[2018-03-15 14:23:30.202] [INFO] info - request url : /favicon.ico ; request params : {}
[2018-03-15 14:23:30.205] [INFO] info - request url : /seo/error.html ; request params : {}
[2018-03-15 14:23:30.457] [INFO] info - 后端接口返回数据数据：{"message":"成功","status":1,"data":[{"date":"2017-04","unitPrice":"0"},{"date":"2017-05","unitPrice":"0"},{"date":"2017-06","unitPrice":"0"},{"date":"2017-07","unitPrice":"0"},{"date":"2017-08","unitPrice":"0"},{"date":"2017-09","unitPrice":"0"},{"date":"2017-10","unitPrice":"0"},{"date":"2017-11","unitPrice":"0"},{"date":"2017-12","unitPrice":"0"},{"date":"2018-01","unitPrice":"0"},{"date":"2018-02","unitPrice":"0"},{"date":"2018-03","unitPrice":"0.00"}]}
[2018-03-15 14:26:45.397] [INFO] info - request url : /shanghai/rent/b5c3cf77006f3297.html ; request params : {}
[2018-03-15 14:26:45.737] [INFO] info - 后端接口返回数据数据：{"message":"成功","status":1,"data":{"isWKhouse":1,"houseId":null,"district":null,"town":null,"houseTitle":null,"houseVideos":null,"houseImages":null,"houseState":null,"rentPriceStr":null,"houseTypeStr":null,"spaceArea":null,"houseTag":null,"payTypeStr":null,"orientationStr":null,"renovationStr":null,"houseChildTypeStr":null,"floorStr":null,"totalFloor":0,"subEstateId":null,"subWayStr":null,"schoolStr":null,"sellPoint":null,"ownerMotivation":null,"aroundSupport":null,"distanceSubway":null,"subWayLineModels":[],"estateImgUrl":null,"subEstateName":"null","completedStr":null,"totalHouse":0,"estateAddr":null,"commentTotal":0,"longitude":null,"latitude":null,"houseSupporting":null,"houseAgent":null,"similarHouses":[],"weChatShare":{"picUrl":null,"title":"null","content":"nullm²  null","linkUrl":null,"timelineTitle":"null"},"cityName":null,"encryptSubEstateId":"0cca311f974ea1fd","encryptHouseId":"0cca311f974ea1fd"}}
[2018-03-15 14:26:45.746] [INFO] info - request url : /seo/error.html ; request params : {}
[2018-03-15 14:26:45.987] [INFO] info - request url : /favicon.ico ; request params : {}
[2018-03-15 14:26:45.990] [INFO] info - request url : /seo/error.html ; request params : {}
[2018-03-15 14:26:48.817] [INFO] info - request url : /favicon.ico ; request params : {}
[2018-03-15 14:26:48.820] [INFO] info - request url : /seo/error.html ; request params : {}
