[2018-03-15 15:07:12.783] [INFO] info - =======request_url=======:/detailsPage 
[2018-03-15 15:07:12.793] [INFO] info - request_params:{}
[2018-03-15 15:07:18.040] [INFO] info - =======request_url=======:/detailsPage 
[2018-03-15 15:07:18.040] [INFO] info - request_params:{}
[2018-03-15 15:07:19.096] [INFO] info - =======request_url=======:/detailsPage 
[2018-03-15 15:07:19.096] [INFO] info - request_params:{}
[2018-03-15 15:09:00.725] [INFO] info - =======request_url=======:/oldHouseManage/allHouse 
[2018-03-15 15:09:00.736] [INFO] info - request_params:{}
[2018-03-15 15:10:47.941] [INFO] info - =======request_url=======:/devleop/login 
[2018-03-15 15:10:47.942] [INFO] info - request_params:{}
[2018-03-15 15:11:06.828] [INFO] info - =======request_url=======:/develop/login 
[2018-03-15 15:11:06.830] [INFO] info - request_params:{}
[2018-03-15 15:30:48.848] [INFO] info - =======request_url=======:/develop/login 
[2018-03-15 15:30:48.848] [INFO] info - request_params:{"env":"","username":"18939890805","password":"111111","url":"https://yun2.dev.wkzf","mock":"true"}
[2018-03-15 15:30:57.463] [INFO] info - =======request_url=======:/develop/login 
[2018-03-15 15:30:57.464] [INFO] info - request_params:{}
[2018-03-15 15:31:02.363] [INFO] info - =======request_url=======:/develop/login 
[2018-03-15 15:31:02.364] [INFO] info - request_params:{"env":"","username":"18939890805","password":"111111","url":"https://yun2.dev.wkzf","mock":"true"}
[2018-03-15 15:31:12.946] [INFO] info - =======request_url=======:/develop/login 
[2018-03-15 15:31:12.946] [INFO] info - request_params:{"env":"","username":"18939890805","password":"111111","url":"https://yun2.dev.wkzf","mock":"true"}
[2018-03-15 15:32:34.679] [INFO] info - =======request_url=======:/oldHouseCheck/sellPoint 
[2018-03-15 15:32:34.680] [INFO] info - request_params:{}
[2018-03-15 15:32:51.826] [INFO] info - =======request_url=======:/develop/login 
[2018-03-15 15:32:51.827] [INFO] info - request_params:{}
[2018-03-15 15:33:26.626] [INFO] info - =======request_url=======:/develop/login 
[2018-03-15 15:33:26.629] [INFO] info - request_params:{"env":"","username":"18939890805","password":"111111","url":"https://yun2.dev.wkzf","mock":"true"}
[2018-03-15 15:34:23.120] [INFO] info - =======request_url=======:/develop/login 
[2018-03-15 15:34:23.122] [INFO] info - request_params:{"env":"","username":"18939890805","password":"111111","url":"https://yun2.dev.wkzf","mock":"true"}
[2018-03-15 15:34:27.983] [INFO] info - =======request_url=======:/develop/login 
[2018-03-15 15:34:27.985] [INFO] info - request_params:{"env":"","username":"18939890805","password":"111111","url":"https://yun2.dev.wkzf","mock":"true"}
[2018-03-15 15:34:36.039] [INFO] info - =======request_url=======:/develop/login 
[2018-03-15 15:34:36.041] [INFO] info - request_params:{"env":"","username":"18939890805","password":"111111","url":"https://yun2.dev.wkzf","mock":"true"}
[2018-03-15 15:35:03.375] [INFO] info - =======request_url=======:/develop/login 
[2018-03-15 15:35:03.377] [INFO] info - request_params:{"env":"","username":"18939890805","password":"111111","url":"https://yun2.dev.wkzf","mock":"true"}
[2018-03-15 15:35:18.836] [INFO] info - =======request_url=======:/develop/login 
[2018-03-15 15:35:18.843] [INFO] info - request_params:{}
[2018-03-15 15:35:31.340] [INFO] info - =======request_url=======:/develop/login 
[2018-03-15 15:35:31.342] [INFO] info - request_params:{"env":"","username":"18939890805","password":"111111","url":"https://yun2.dev.wkzf","mock":"true"}
[2018-03-15 15:35:49.283] [INFO] info - =======request_url=======:/develop/login 
[2018-03-15 15:35:49.285] [INFO] info - request_params:{"env":"","username":"13162108888","password":"111111","url":"https://yun2.test.wkzf","mock":"true"}
[2018-03-15 15:36:43.231] [INFO] info - =======request_url=======:/oldHouseCheck/sellPoint 
[2018-03-15 15:36:43.232] [INFO] info - request_params:{}
[2018-03-15 15:36:43.233] [INFO] info - createWksso=>options:{"url":"http://localhost:9009/mock/user/getCurrentUser.action","jar":{"_jar":{"version":"tough-cookie@2.3.4","storeType":"MemoryCookieStore","rejectPublicSuffixes":true,"cookies":[]}},"headers":{"cookie":"JSESSIONID=9B9FBCBC17D2E28A40687E199A1F97AF;CASTGC=TGT-10-ka4l0RtDuO5akuOjRjAvsqIcgDvengR1NKsvAecEYb5TlOTt0D-cas01.example.org"}}
[2018-03-15 15:36:43.236] [INFO] info - =======request_url=======:/mock/user/getCurrentUser.action 
[2018-03-15 15:36:43.237] [INFO] info - request_params:{}
[2018-03-15 15:37:05.089] [INFO] info - =======request_url=======:/develop/login 
[2018-03-15 15:37:05.091] [INFO] info - request_params:{"env":"","username":"18939890805","password":"111111","url":"https://yun2.dev.wkzf","mock":"true"}
[2018-03-15 15:37:25.895] [INFO] info - =======request_url=======:/oldHouseCheck/sellPoint 
[2018-03-15 15:37:25.897] [INFO] info - request_params:{}
[2018-03-15 15:37:25.898] [INFO] info - createWksso=>options:{"url":"http://localhost:9009/mock/user/getCurrentUser.action","jar":{"_jar":{"version":"tough-cookie@2.3.4","storeType":"MemoryCookieStore","rejectPublicSuffixes":true,"cookies":[]}},"headers":{"cookie":"JSESSIONID=9B9FBCBC17D2E28A40687E199A1F97AF;CASTGC=TGT-10-ka4l0RtDuO5akuOjRjAvsqIcgDvengR1NKsvAecEYb5TlOTt0D-cas01.example.org"}}
[2018-03-15 15:37:25.903] [INFO] info - =======request_url=======:/mock/user/getCurrentUser.action 
[2018-03-15 15:37:25.904] [INFO] info - request_params:{}
[2018-03-15 15:38:42.951] [INFO] info - =======request_url=======:/sellPoint 
[2018-03-15 15:38:42.952] [INFO] info - request_params:{}
[2018-03-15 15:39:24.348] [INFO] info - =======request_url=======:/rentalManage/allhouse 
[2018-03-15 15:39:24.349] [INFO] info - request_params:{}
[2018-03-15 15:39:24.350] [INFO] info - createWksso=>options:{"url":"http://localhost:9009/mock/user/getCurrentUser.action","jar":{"_jar":{"version":"tough-cookie@2.3.4","storeType":"MemoryCookieStore","rejectPublicSuffixes":true,"cookies":[]}},"headers":{"cookie":"JSESSIONID=9B9FBCBC17D2E28A40687E199A1F97AF;CASTGC=TGT-10-ka4l0RtDuO5akuOjRjAvsqIcgDvengR1NKsvAecEYb5TlOTt0D-cas01.example.org"}}
[2018-03-15 15:39:24.357] [INFO] info - =======request_url=======:/mock/user/getCurrentUser.action 
[2018-03-15 15:39:24.358] [INFO] info - request_params:{}
[2018-03-15 15:39:29.878] [INFO] info - =======request_url=======:/rentalManage/allHouse 
[2018-03-15 15:39:29.879] [INFO] info - request_params:{}
[2018-03-15 15:39:29.879] [INFO] info - createWksso=>options:{"url":"http://localhost:9009/mock/user/getCurrentUser.action","jar":{"_jar":{"version":"tough-cookie@2.3.4","storeType":"MemoryCookieStore","rejectPublicSuffixes":true,"cookies":[]}},"headers":{"cookie":"JSESSIONID=9B9FBCBC17D2E28A40687E199A1F97AF;CASTGC=TGT-10-ka4l0RtDuO5akuOjRjAvsqIcgDvengR1NKsvAecEYb5TlOTt0D-cas01.example.org"}}
[2018-03-15 15:39:29.882] [INFO] info - =======request_url=======:/mock/user/getCurrentUser.action 
[2018-03-15 15:39:29.882] [INFO] info - request_params:{}
[2018-03-15 15:41:10.919] [INFO] info - =======request_url=======:/render/userContext 
[2018-03-15 15:41:10.921] [INFO] info - request_params:{}
[2018-03-15 15:42:29.288] [INFO] info - =======request_url=======:/develop/login 
[2018-03-15 15:42:29.293] [INFO] info - request_params:{"env":"","username":"18939890805","password":"111111","url":"https://yun2.dev.wkzf","mock":"true"}
[2018-03-15 15:42:45.930] [INFO] info - =======request_url=======:/rentalManage/allHouse 
[2018-03-15 15:42:45.931] [INFO] info - request_params:{}
[2018-03-15 15:42:45.934] [INFO] info - createWksso=>options:{"url":"http://localhost:9009/mock/user/getCurrentUser.action","jar":{"_jar":{"version":"tough-cookie@2.3.4","storeType":"MemoryCookieStore","rejectPublicSuffixes":true,"cookies":[]}},"headers":{"cookie":"JSESSIONID=9B9FBCBC17D2E28A40687E199A1F97AF;CASTGC=TGT-10-ka4l0RtDuO5akuOjRjAvsqIcgDvengR1NKsvAecEYb5TlOTt0D-cas01.example.org"}}
[2018-03-15 15:42:45.942] [INFO] info - =======request_url=======:/mock/user/getCurrentUser.action 
[2018-03-15 15:42:45.945] [INFO] info - request_params:{}
[2018-03-15 15:45:51.082] [INFO] info - =======request_url=======:/develop/login 
[2018-03-15 15:45:51.084] [INFO] info - request_params:{"env":"","username":"18939890805","password":"111111","url":"https://yun2.dev.wkzf","mock":"true"}
[2018-03-15 15:46:07.770] [INFO] info - =======request_url=======:/develop/login 
[2018-03-15 15:46:07.774] [INFO] info - request_params:{"env":"","username":"13162108888","password":"111111","url":"https://yun2.dev.wkzf","mock":"true"}
[2018-03-15 15:46:22.145] [INFO] info - =======request_url=======:/rentalManage/allHouse 
[2018-03-15 15:46:22.148] [INFO] info - request_params:{}
[2018-03-15 15:46:22.149] [INFO] info - createWksso=>options:{"url":"http://localhost:9009/mock/user/getCurrentUser.action","jar":{"_jar":{"version":"tough-cookie@2.3.4","storeType":"MemoryCookieStore","rejectPublicSuffixes":true,"cookies":[]}},"headers":{"cookie":"JSESSIONID=9B9FBCBC17D2E28A40687E199A1F97AF;CASTGC=TGT-10-ka4l0RtDuO5akuOjRjAvsqIcgDvengR1NKsvAecEYb5TlOTt0D-cas01.example.org"}}
[2018-03-15 15:46:22.161] [INFO] info - =======request_url=======:/mock/user/getCurrentUser.action 
[2018-03-15 15:46:22.163] [INFO] info - request_params:{}
[2018-03-15 15:46:40.536] [INFO] info - =======request_url=======:/develop/login 
[2018-03-15 15:46:40.538] [INFO] info - request_params:{"env":"","username":"18939890805","password":"111111","url":"https://yun2.dev.wkzf","mock":"true"}
[2018-03-15 15:46:54.833] [INFO] info - =======request_url=======:/develop/login 
[2018-03-15 15:46:54.835] [INFO] info - request_params:{"env":"","username":"13162108888","password":"111111","url":"https://yun2.test.wkzf","mock":"true"}
[2018-03-15 15:46:59.667] [INFO] info - =======request_url=======:/rentalManage/allHouse 
[2018-03-15 15:46:59.667] [INFO] info - request_params:{}
[2018-03-15 15:46:59.668] [INFO] info - createWksso=>options:{"url":"http://localhost:9009/mock/user/getCurrentUser.action","jar":{"_jar":{"version":"tough-cookie@2.3.4","storeType":"MemoryCookieStore","rejectPublicSuffixes":true,"cookies":[]}},"headers":{"cookie":"JSESSIONID=B1FA48BA8E6590CB2C23D94952AC81B8;CASTGC=TGT-13-otMVZqn0ActPu7A21c1k4S5AKkSz6brGu2dBLSWbQZETIwUeIT-cas01.example.org"}}
[2018-03-15 15:46:59.670] [INFO] info - =======request_url=======:/mock/user/getCurrentUser.action 
[2018-03-15 15:46:59.671] [INFO] info - request_params:{}
[2018-03-15 15:47:18.561] [INFO] info - =======request_url=======:/develop/login 
[2018-03-15 15:47:18.563] [INFO] info - request_params:{"env":"","username":"18939890805","password":"111111","url":"https://yun2.dev.wkzf","mock":"true"}
[2018-03-15 15:59:19.218] [INFO] info - =======request_url=======:/develop/login 
[2018-03-15 15:59:19.220] [INFO] info - request_params:{"env":"","username":"18939890805","password":"111111","url":"https://yun2.dev.wkzf","mock":"true"}
[2018-03-15 15:59:32.689] [INFO] info - =======request_url=======:/develop/login 
[2018-03-15 15:59:32.692] [INFO] info - request_params:{"env":"","username":"13162108888","password":"111111","url":"https://yun2.test.wkzf","mock":"true"}
[2018-03-15 15:59:39.944] [INFO] info - =======request_url=======:/rentalManage/allHouse 
[2018-03-15 15:59:39.945] [INFO] info - request_params:{}
[2018-03-15 15:59:39.947] [INFO] info - createWksso=>options:{"url":"http://localhost:9009/mock/user/getCurrentUser.action","jar":{"_jar":{"version":"tough-cookie@2.3.4","storeType":"MemoryCookieStore","rejectPublicSuffixes":true,"cookies":[]}},"headers":{"cookie":"JSESSIONID=3CEAD04FA4F0EE341B36E9A2AF3A4089;CASTGC=TGT-15-o3mNHCjMRht1lS5LlL1d6pcLo1JzUV0jSzV2lpI2iDecJfq1Bh-cas01.example.org"}}
[2018-03-15 15:59:39.954] [INFO] info - =======request_url=======:/mock/user/getCurrentUser.action 
[2018-03-15 15:59:39.955] [INFO] info - request_params:{}
[2018-03-15 16:03:35.384] [INFO] info - =======request_url=======:/develop/login 
[2018-03-15 16:03:35.392] [INFO] info - request_params:{}
[2018-03-15 16:03:35.572] [INFO] info - =======request_url=======:/favicon.ico 
[2018-03-15 16:03:35.573] [INFO] info - request_params:{}
[2018-03-15 16:03:56.693] [INFO] info - =======request_url=======:/develop/login 
[2018-03-15 16:03:56.695] [INFO] info - request_params:{"env":"","username":"13162108888","password":"111111","url":"https://yun2.test.wkzf","mock":"false"}
[2018-03-15 16:04:06.314] [INFO] info - =======request_url=======:/rentalManage/allHouse 
[2018-03-15 16:04:06.315] [INFO] info - request_params:{}
[2018-03-15 16:04:06.317] [INFO] info - createWksso=>options:{"url":"https://yun2.test.wkzf/housebs/user/getCurrentUser.action","jar":{"_jar":{"version":"tough-cookie@2.3.4","storeType":"MemoryCookieStore","rejectPublicSuffixes":true,"cookies":[]}},"headers":{"cookie":"JSESSIONID=59CE6673F7AC923E3310D73F793BA94E;CASTGC=TGT-16-DhfWcKvwh5gxIohvh5zMPTRVKLN6fxRoc0gcoQazhljwt1xTY2-cas01.example.org"}}
[2018-03-15 16:04:07.536] [INFO] info - createWksso=>cookies:key:wksso,value:135b69b7-bc57-432e-860a-fc174124c059,options:{"creation":"2018-03-15T08:04:06.586Z","path":"/","httpOnly":true,"hostOnly":true,"domain":"yun2.test.wkzf","lastAccessed":"2018-03-15T08:04:07.535Z"}
[2018-03-15 16:04:07.540] [INFO] info - createWksso=>cookies:key:sid,value:00b6d1f043ba49b48da549dab1f98f59,options:{"creation":"2018-03-15T08:04:07.534Z","path":"/","hostOnly":true,"domain":"yun2.test.wkzf","lastAccessed":"2018-03-15T08:04:07.535Z"}
[2018-03-15 16:48:33.322] [INFO] info - =======request_url=======:/develop/login 
[2018-03-15 16:48:33.326] [INFO] info - request_params:{}
[2018-03-15 16:48:34.418] [INFO] info - =======request_url=======:/favicon.ico 
[2018-03-15 16:48:34.419] [INFO] info - request_params:{}
