[2018-03-21 09:19:24.424] [INFO] info - =======request_url=======:/develop/login 
[2018-03-21 09:19:24.427] [INFO] info - request_params:{}
[2018-03-21 09:19:24.693] [INFO] info - =======request_url=======:/favicon.ico 
[2018-03-21 09:19:24.693] [INFO] info - request_params:{}
[2018-03-21 09:19:33.646] [INFO] info - =======request_url=======:/develop/login 
[2018-03-21 09:19:33.647] [INFO] info - request_params:{"env":"","username":"13162108888","password":"111111","url":"https://yun2.test.wkzf","mock":"false"}
[2018-03-21 09:20:07.106] [INFO] info - =======request_url=======:/develop/login 
[2018-03-21 09:20:07.107] [INFO] info - request_params:{"env":"","username":"13162108888","password":"111111","url":"https://yun2.test.wkzf","mock":"false"}
[2018-03-21 09:20:11.418] [INFO] info - =======request_url=======:/develop/login 
[2018-03-21 09:20:11.420] [INFO] info - request_params:{"env":"","username":"13162108888","password":"111111","url":"https://yun2.dev.wkzf","mock":"false"}
[2018-03-21 09:20:16.094] [INFO] info - =======request_url=======:/develop/login 
[2018-03-21 09:20:16.094] [INFO] info - request_params:{"env":"","username":"13162108888","password":"111111","url":"https://yun2.sim.wkzf","mock":"false"}
[2018-03-21 09:20:42.597] [INFO] info - =======request_url=======:/develop/login 
[2018-03-21 09:20:42.599] [INFO] info - request_params:{"env":"","username":"13162108888","password":"111111","url":"https://yun2.test.wkzf","mock":"false"}
[2018-03-21 09:20:50.066] [INFO] info - =======request_url=======:/develop/login 
[2018-03-21 09:20:50.066] [INFO] info - request_params:{}
[2018-03-21 09:20:52.357] [INFO] info - =======request_url=======:/oldHouseManage/allHouse 
[2018-03-21 09:20:52.358] [INFO] info - request_params:{}
[2018-03-21 09:20:52.360] [INFO] info - createWksso=>options:{"url":"https://yun2.test.wkzf/housebs/user/getCurrentUser.action","jar":{"_jar":{"version":"tough-cookie@2.3.4","storeType":"MemoryCookieStore","rejectPublicSuffixes":true,"cookies":[]}},"headers":{"cookie":"JSESSIONID=D0FA5B3494F01BF73E63B457A81E4000;CASTGC=TGT-35-YaWVsb4LQub6JHeuGGoDgJk5RbsWRhlO1SegJy1wqHm11K05uN-cas01.example.org"}}
[2018-03-21 09:21:33.952] [INFO] info - =======request_url=======:/develop/login 
[2018-03-21 09:21:33.954] [INFO] info - request_params:{"env":"","username":"13162108888","password":"111111","url":"https://yun2.test.wkzf","mock":"false"}
[2018-03-21 09:21:52.509] [INFO] info - [Common_user_SOA_Request]:{"url":"https://yun2.test.wkzf/housebs/user/getCurrentUser.action","timeout":60000,"json":true,"method":"get"}
[2018-03-21 09:22:21.281] [INFO] info - =======request_url=======:/111111/allHouse 
[2018-03-21 09:22:21.283] [INFO] info - request_params:{}
[2018-03-21 09:22:28.707] [INFO] info - =======request_url=======:/rentalManage/allHouse 
[2018-03-21 09:22:28.708] [INFO] info - request_params:{}
[2018-03-21 09:22:28.710] [INFO] info - createWksso=>options:{"url":"https://yun2.test.wkzf/housebs/user/getCurrentUser.action","jar":{"_jar":{"version":"tough-cookie@2.3.4","storeType":"MemoryCookieStore","rejectPublicSuffixes":true,"cookies":[]}},"headers":{"cookie":"JSESSIONID=D0FA5B3494F01BF73E63B457A81E4000;CASTGC=TGT-35-YaWVsb4LQub6JHeuGGoDgJk5RbsWRhlO1SegJy1wqHm11K05uN-cas01.example.org"}}
[2018-03-21 09:23:28.823] [INFO] info - [Common_user_SOA_Request]:{"url":"https://yun2.test.wkzf/housebs/user/getCurrentUser.action","timeout":60000,"json":true,"method":"get"}
