[2018-03-16 15:17:58.413] [INFO] info - =======request_url=======:/develop/login 
[2018-03-16 15:17:58.420] [INFO] info - request_params:{}
[2018-03-16 15:17:59.196] [INFO] info - =======request_url=======:/favicon.ico 
[2018-03-16 15:17:59.197] [INFO] info - request_params:{}
[2018-03-16 15:18:05.588] [INFO] info - =======request_url=======:/develop/login 
[2018-03-16 15:18:05.589] [INFO] info - request_params:{}
[2018-03-16 15:18:13.801] [INFO] info - =======request_url=======:/develop/login 
[2018-03-16 15:18:13.804] [INFO] info - request_params:{"env":"","username":"13162108888","password":"111111","url":"https://yun2.dev.wkzf","mock":"true"}
[2018-03-16 15:19:20.065] [INFO] info - =======request_url=======:/sellPoint 
[2018-03-16 15:19:20.065] [INFO] info - request_params:{}
[2018-03-16 15:19:33.969] [INFO] info - =======request_url=======:/oldHouseCheck/sellPoint 
[2018-03-16 15:19:33.971] [INFO] info - request_params:{}
[2018-03-16 15:19:42.052] [INFO] info - =======request_url=======:/develop/login 
[2018-03-16 15:19:42.054] [INFO] info - request_params:{"env":"","username":"13162108888","password":"111111","url":"https://yun2.dev.wkzf","mock":"true"}
[2018-03-16 15:19:47.732] [INFO] info - =======request_url=======:/develop/login 
[2018-03-16 15:19:47.734] [INFO] info - request_params:{"env":"","username":"13162108888","password":"111111","url":"https://yun2.test.wkzf","mock":"true"}
[2018-03-16 15:19:57.443] [INFO] info - =======request_url=======:/develop/login 
[2018-03-16 15:19:57.445] [INFO] info - request_params:{"env":"","username":"13162108888","password":"111111","url":"https://yun2.test.wkzf","mock":"true"}
[2018-03-16 15:21:42.357] [INFO] info - =======request_url=======:/develop/login 
[2018-03-16 15:21:42.359] [INFO] info - request_params:{"env":"","username":"13162108888","password":"111111","url":"https://yun2.dev.wkzf","mock":"true"}
[2018-03-16 15:27:12.914] [INFO] info - =======request_url=======:/develop/login 
[2018-03-16 15:27:12.916] [INFO] info - request_params:{"env":"","username":"13162108888","password":"111111","url":"https://yun2.dev.wkzf","mock":"true"}
[2018-03-16 15:27:14.475] [INFO] info - =======request_url=======:/develop/login 
[2018-03-16 15:27:14.476] [INFO] info - request_params:{"env":"","username":"13162108888","password":"111111","url":"https://yun2.dev.wkzf","mock":"true"}
[2018-03-16 15:27:36.435] [INFO] info - =======request_url=======:/develop/login 
[2018-03-16 15:27:36.437] [INFO] info - request_params:{"env":"","username":"13162108888","password":"111111","url":"https://yun2.test.wkzf","mock":"true"}
[2018-03-16 15:29:14.780] [INFO] info - =======request_url=======:/develop/login 
[2018-03-16 15:29:14.782] [INFO] info - request_params:{"env":"","username":"13162108888","password":"111111","url":"https://yun2.dev.wkzf","mock":"true"}
[2018-03-16 15:36:22.744] [INFO] info - =======request_url=======:/oldHouseManage/allHouse 
[2018-03-16 15:36:22.746] [INFO] info - request_params:{}
[2018-03-16 15:36:38.258] [INFO] info - =======request_url=======:/develop/login 
[2018-03-16 15:36:38.260] [INFO] info - request_params:{"env":"","username":"13162108888","password":"111111","url":"https://yun2.test.wkzf","mock":"true"}
[2018-03-16 15:36:49.986] [INFO] info - =======request_url=======:/develop/login 
[2018-03-16 15:36:49.988] [INFO] info - request_params:{"env":"","username":"13162108888","password":"111111","url":"https://yun2.dev.wkzf","mock":"true"}
[2018-03-16 15:36:53.553] [INFO] info - =======request_url=======:/develop/login 
[2018-03-16 15:36:53.555] [INFO] info - request_params:{"env":"","username":"13162108888","password":"111111","url":"https://yun2.dev.wkzf","mock":"false"}
[2018-03-16 15:38:32.602] [INFO] info - =======request_url=======:/develop/login 
[2018-03-16 15:38:32.605] [INFO] info - request_params:{"env":"","username":"13162108888","password":"111111","url":"https://yun2.dev.wkzf","mock":"false"}
[2018-03-16 15:38:42.796] [INFO] info - =======request_url=======:/develop/login 
[2018-03-16 15:38:42.797] [INFO] info - request_params:{"env":"","username":"13162108888","password":"111111","url":"https://yun2.test.wkzf","mock":"false"}
[2018-03-16 15:38:52.147] [INFO] info - =======request_url=======:/develop/login 
[2018-03-16 15:38:52.148] [INFO] info - request_params:{"env":"","username":"18939890805","password":"111111","url":"https://yun2.dev.wkzf","mock":"false"}
[2018-03-16 15:39:03.146] [INFO] info - =======request_url=======:/develop/login 
[2018-03-16 15:39:03.147] [INFO] info - request_params:{"env":"","username":"18939890805","password":"111111","url":"https://yun2.dev.wkzf","mock":"false"}
[2018-03-16 15:46:06.130] [INFO] info - =======request_url=======:/oldHouseManage 
[2018-03-16 15:46:06.133] [INFO] info - request_params:{}
[2018-03-16 15:46:15.268] [INFO] info - =======request_url=======:/develop/login 
[2018-03-16 15:46:15.269] [INFO] info - request_params:{"env":"","username":"18939890805","password":"111111","url":"https://yun2.dev.wkzf","mock":"false"}
[2018-03-16 15:46:35.915] [INFO] info - =======request_url=======:/develop/login 
[2018-03-16 15:46:35.917] [INFO] info - request_params:{"env":"","username":"18939890805","password":"111111","url":"https://yun2.test.wkzf","mock":"false"}
[2018-03-16 15:46:43.955] [INFO] info - =======request_url=======:/develop/login 
[2018-03-16 15:46:43.957] [INFO] info - request_params:{"env":"","username":"18939890805","password":"111111","url":"https://yun2.test.wkzf","mock":"false"}
[2018-03-16 15:46:50.722] [INFO] info - =======request_url=======:/develop/login 
[2018-03-16 15:46:50.724] [INFO] info - request_params:{"env":"","username":"18939890805","password":"111111","url":"https://yun2.sim.wkzf","mock":"false"}
[2018-03-16 15:47:00.142] [INFO] info - =======request_url=======:/develop/login 
[2018-03-16 15:47:00.144] [INFO] info - request_params:{"env":"","username":"13162108888","password":"111111","url":"https://yun2.sim.wkzf","mock":"false"}
[2018-03-16 15:47:00.235] [INFO] info - =======request_url=======:/develop/login 
[2018-03-16 15:47:00.237] [INFO] info - request_params:{"env":"","username":"13162108888","password":"111111","url":"https://yun2.sim.wkzf","mock":"false"}
[2018-03-16 15:47:10.490] [INFO] info - =======request_url=======:/develop/login 
[2018-03-16 15:47:10.492] [INFO] info - request_params:{"env":"","username":"13162108888","password":"111111","url":"https://yun2.sim.wkzf","mock":"false"}
[2018-03-16 15:47:47.269] [INFO] info - =======request_url=======:/develop/login 
[2018-03-16 15:47:47.271] [INFO] info - request_params:{"env":"","username":"13162108888","password":"111111","url":"https://yun2.dev.wkzf","mock":"false"}
[2018-03-16 15:48:03.767] [INFO] info - =======request_url=======:/oldHouseManage 
[2018-03-16 15:48:03.769] [INFO] info - request_params:{}
[2018-03-16 15:48:03.772] [INFO] info - createWksso=>options:{"url":"https://yun2.dev.wkzf/housebs/user/getCurrentUser.action","jar":{"_jar":{"version":"tough-cookie@2.3.4","storeType":"MemoryCookieStore","rejectPublicSuffixes":true,"cookies":[]}},"headers":{"cookie":"JSESSIONID=1B8939959577E6A60E4C81F9DE702009;CASTGC=TGT-14-yXXttvDjrgVaRmP55mY7EkvDHJAaGi7BdfsU6XcB3d3h3jeNYr-cas01.example.org"}}
[2018-03-16 15:48:15.575] [INFO] info - =======request_url=======:/develop/login 
[2018-03-16 15:48:15.583] [INFO] info - request_params:{"env":"","username":"18939890805","password":"111111","url":"https://yun2.dev.wkzf","mock":"false"}
[2018-03-16 15:48:30.056] [INFO] info - =======request_url=======:/oldHouseManage/allHouse 
[2018-03-16 15:48:30.058] [INFO] info - request_params:{}
[2018-03-16 15:48:30.060] [INFO] info - createWksso=>options:{"url":"https://yun2.dev.wkzf/housebs/user/getCurrentUser.action","jar":{"_jar":{"version":"tough-cookie@2.3.4","storeType":"MemoryCookieStore","rejectPublicSuffixes":true,"cookies":[]}},"headers":{"cookie":"JSESSIONID=1B8939959577E6A60E4C81F9DE702009;CASTGC=TGT-14-yXXttvDjrgVaRmP55mY7EkvDHJAaGi7BdfsU6XcB3d3h3jeNYr-cas01.example.org"}}
[2018-03-16 15:48:38.703] [INFO] info - =======request_url=======:/allHouse 
[2018-03-16 15:48:38.705] [INFO] info - request_params:{}
[2018-03-16 15:48:49.216] [INFO] info - =======request_url=======:/oldHouseManage/allHouse 
[2018-03-16 15:48:49.218] [INFO] info - request_params:{}
[2018-03-16 15:48:49.219] [INFO] info - createWksso=>options:{"url":"https://yun2.dev.wkzf/housebs/user/getCurrentUser.action","jar":{"_jar":{"version":"tough-cookie@2.3.4","storeType":"MemoryCookieStore","rejectPublicSuffixes":true,"cookies":[]}},"headers":{"cookie":"JSESSIONID=1B8939959577E6A60E4C81F9DE702009;CASTGC=TGT-14-yXXttvDjrgVaRmP55mY7EkvDHJAaGi7BdfsU6XcB3d3h3jeNYr-cas01.example.org"}}
[2018-03-16 15:49:37.624] [INFO] info - =======request_url=======:/allHouseGetList 
[2018-03-16 15:49:37.626] [INFO] info - request_params:{}
[2018-03-16 15:49:47.574] [INFO] info - =======request_url=======:/develop/login 
[2018-03-16 15:49:47.576] [INFO] info - request_params:{"env":"","username":"13162108888","password":"111111","url":"https://yun2.dev.wkzf","mock":"false"}
[2018-03-16 15:49:53.207] [INFO] info - =======request_url=======:/oldHouseManage/allHouseGetList 
[2018-03-16 15:49:53.209] [INFO] info - request_params:{}
[2018-03-16 15:49:53.210] [INFO] info - createWksso=>options:{"url":"https://yun2.dev.wkzf/housebs/user/getCurrentUser.action","jar":{"_jar":{"version":"tough-cookie@2.3.4","storeType":"MemoryCookieStore","rejectPublicSuffixes":true,"cookies":[]}},"headers":{"cookie":"JSESSIONID=1B8939959577E6A60E4C81F9DE702009;CASTGC=TGT-14-yXXttvDjrgVaRmP55mY7EkvDHJAaGi7BdfsU6XcB3d3h3jeNYr-cas01.example.org"}}
[2018-03-16 15:51:37.641] [INFO] info - =======request_url=======:/develop/login 
[2018-03-16 15:51:37.646] [INFO] info - request_params:{"env":"","username":"13162108888","password":"111111","url":"https://yun2.dev.wkzf","mock":"false"}
[2018-03-16 15:51:54.021] [INFO] info - =======request_url=======:/develop/login 
[2018-03-16 15:51:54.023] [INFO] info - request_params:{"env":"","username":"13162108888","password":"111111","url":"https://yun2.dev.wkzf","mock":"false"}
[2018-03-16 15:51:56.388] [INFO] info - =======request_url=======:/develop/login 
[2018-03-16 15:51:56.390] [INFO] info - request_params:{"env":"","username":"13162108888","password":"111111","url":"https://yun2.dev.wkzf","mock":"false"}
[2018-03-16 15:52:05.347] [INFO] info - =======request_url=======:/develop/login 
[2018-03-16 15:52:05.350] [INFO] info - request_params:{"env":"","username":"13162108888","password":"111111","url":"https://yun2.sim.wkzf","mock":"false"}
[2018-03-16 15:52:19.099] [INFO] info - =======request_url=======:/develop/login 
[2018-03-16 15:52:19.101] [INFO] info - request_params:{"env":"","username":"13162108888","password":"111111","url":"https://yun2.sim.wkzf","mock":"false"}
[2018-03-16 15:52:30.490] [INFO] info - =======request_url=======:/oldHouseManage/ 
[2018-03-16 15:52:30.492] [INFO] info - request_params:{}
[2018-03-16 15:52:30.497] [INFO] info - createWksso=>options:{"url":"https://yun2.sim.wkzf/housebs/user/getCurrentUser.action","jar":{"_jar":{"version":"tough-cookie@2.3.4","storeType":"MemoryCookieStore","rejectPublicSuffixes":true,"cookies":[]}},"headers":{"cookie":"JSESSIONID=06210267CE5595E82E9933EFE7EF92B7;CASTGC=TGT-15-VYTIgCqg3uTNEUPXP7clrHs0xxOeHyImReDumiPkdCpi4ffldh-cas01.example.org"}}
[2018-03-16 15:52:41.140] [INFO] info - createWksso=>cookies:key:wksso,value:778f0065-1e4a-41ab-abc6-c457c9541246,options:{"creation":"2018-03-16T07:52:30.727Z","path":"/","httpOnly":true,"hostOnly":true,"domain":"yun2.sim.wkzf","lastAccessed":"2018-03-16T07:52:41.140Z"}
[2018-03-16 15:52:41.142] [INFO] info - createWksso=>cookies:key:sid,value:f66a2c646b944431b35a4379736831df,options:{"creation":"2018-03-16T07:52:41.140Z","path":"/","hostOnly":true,"domain":"yun2.sim.wkzf","lastAccessed":"2018-03-16T07:52:41.140Z"}
[2018-03-16 15:53:40.417] [INFO] info - =======request_url=======:/oldHouseManage/allHouseGetList 
[2018-03-16 15:53:40.418] [INFO] info - request_params:{}
[2018-03-16 15:53:40.419] [INFO] info - createWksso=>options:{"url":"https://yun2.sim.wkzf/housebs/user/getCurrentUser.action","jar":{"_jar":{"version":"tough-cookie@2.3.4","storeType":"MemoryCookieStore","rejectPublicSuffixes":true,"cookies":[]}},"headers":{"cookie":"wksso=778f0065-1e4a-41ab-abc6-c457c9541246;sid=f66a2c646b944431b35a4379736831df;JSESSIONID=F631131B8FE03E946EB4DC8965A0A1A7;CASTGC=TGT-16-yuqcqUm67EdcNpjSbI0KF7PTqfuapbzgyJTcPGfCMrFcAy3Qe6-cas01.example.org"}}
[2018-03-16 15:58:28.211] [INFO] info - =======request_url=======:/oldHouseManage/allHouseGetList 
[2018-03-16 15:58:28.212] [INFO] info - request_params:{}
[2018-03-16 15:58:28.213] [INFO] info - createWksso=>options:{"url":"https://yun2.sim.wkzf/housebs/user/getCurrentUser.action","jar":{"_jar":{"version":"tough-cookie@2.3.4","storeType":"MemoryCookieStore","rejectPublicSuffixes":true,"cookies":[]}},"headers":{"cookie":"wksso=778f0065-1e4a-41ab-abc6-c457c9541246;sid=f66a2c646b944431b35a4379736831df;JSESSIONID=F631131B8FE03E946EB4DC8965A0A1A7;CASTGC=TGT-16-yuqcqUm67EdcNpjSbI0KF7PTqfuapbzgyJTcPGfCMrFcAy3Qe6-cas01.example.org"}}
[2018-03-16 15:58:41.364] [INFO] info - =======request_url=======:/develop/login 
[2018-03-16 15:58:41.369] [INFO] info - request_params:{"env":"","username":"13162108888","password":"111111","url":"https://yun2.sim.wkzf","mock":"false"}
[2018-03-16 15:58:47.828] [INFO] info - =======request_url=======:/develop/login 
[2018-03-16 15:58:47.828] [INFO] info - request_params:{"env":"","username":"13162108888","password":"111111","url":"https://yun2.dev.wkzf","mock":"false"}
[2018-03-16 15:58:51.419] [INFO] info - =======request_url=======:/develop/login 
[2018-03-16 15:58:51.421] [INFO] info - request_params:{"env":"","username":"13162108888","password":"111111","url":"https://yun2.test.wkzf","mock":"false"}
[2018-03-16 15:58:59.180] [INFO] info - =======request_url=======:/oldHouseManage/allHouseGetList 
[2018-03-16 15:58:59.181] [INFO] info - request_params:{}
[2018-03-16 15:58:59.182] [INFO] info - createWksso=>options:{"url":"https://yun2.test.wkzf/housebs/user/getCurrentUser.action","jar":{"_jar":{"version":"tough-cookie@2.3.4","storeType":"MemoryCookieStore","rejectPublicSuffixes":true,"cookies":[]}},"headers":{"cookie":"wksso=778f0065-1e4a-41ab-abc6-c457c9541246;sid=f66a2c646b944431b35a4379736831df;JSESSIONID=6310DA5AC741FCF933994DA02A84D1B7;CASTGC=TGT-17-wvSsqOdLqplqPAWoI0Gl2L4LoorCXoDabFqtuXvpKVirHqzUYt-cas01.example.org"}}
[2018-03-16 15:59:47.293] [INFO] info - =======request_url=======:/oldHouseManage/allHouseGetList 
[2018-03-16 15:59:47.295] [INFO] info - request_params:{}
[2018-03-16 15:59:47.296] [INFO] info - createWksso=>options:{"url":"https://yun2.test.wkzf/housebs/user/getCurrentUser.action","jar":{"_jar":{"version":"tough-cookie@2.3.4","storeType":"MemoryCookieStore","rejectPublicSuffixes":true,"cookies":[]}},"headers":{"cookie":"wksso=778f0065-1e4a-41ab-abc6-c457c9541246;sid=f66a2c646b944431b35a4379736831df;JSESSIONID=6310DA5AC741FCF933994DA02A84D1B7;CASTGC=TGT-17-wvSsqOdLqplqPAWoI0Gl2L4LoorCXoDabFqtuXvpKVirHqzUYt-cas01.example.org"}}
[2018-03-16 16:00:02.650] [INFO] info - =======request_url=======:/oldHouseManage/allHouseGetList 
[2018-03-16 16:00:02.654] [INFO] info - request_params:{}
[2018-03-16 16:00:02.657] [INFO] info - createWksso=>options:{"url":"https://yun2.dev.wkzf/housebs/user/getCurrentUser.action","jar":{"_jar":{"version":"tough-cookie@2.3.4","storeType":"MemoryCookieStore","rejectPublicSuffixes":true,"cookies":[]}},"headers":{"cookie":"wksso=778f0065-1e4a-41ab-abc6-c457c9541246;sid=f66a2c646b944431b35a4379736831df;JSESSIONID=6310DA5AC741FCF933994DA02A84D1B7;CASTGC=TGT-17-wvSsqOdLqplqPAWoI0Gl2L4LoorCXoDabFqtuXvpKVirHqzUYt-cas01.example.org"}}
[2018-03-16 16:00:02.897] [INFO] info - =======request_url=======:/oldHouseManage/allHouseGetList 
[2018-03-16 16:00:02.898] [INFO] info - request_params:{}
[2018-03-16 16:00:02.900] [INFO] info - createWksso=>options:{"url":"https://yun2.dev.wkzf/housebs/user/getCurrentUser.action","jar":{"_jar":{"version":"tough-cookie@2.3.4","storeType":"MemoryCookieStore","rejectPublicSuffixes":true,"cookies":[]}},"headers":{"cookie":"wksso=778f0065-1e4a-41ab-abc6-c457c9541246;sid=f66a2c646b944431b35a4379736831df;JSESSIONID=6310DA5AC741FCF933994DA02A84D1B7;CASTGC=TGT-17-wvSsqOdLqplqPAWoI0Gl2L4LoorCXoDabFqtuXvpKVirHqzUYt-cas01.example.org"}}
[2018-03-16 16:00:05.722] [INFO] info - [Common_user_SOA_Request]:{"url":"https://yun2.dev.wkzf/housebs/user/getCurrentUser.action","timeout":60000,"json":true,"method":"get"}
[2018-03-16 16:00:05.739] [INFO] info - [Common_user_SOA_Request]:{"url":"https://yun2.dev.wkzf/housebs/user/getCurrentUser.action","timeout":60000,"json":true,"method":"get"}
[2018-03-16 16:00:08.697] [INFO] info - [Common_user_SOA_Respone]:{}
[2018-03-16 16:00:08.752] [INFO] info - [Common_user_SOA_Respone]:{}
[2018-03-16 16:00:13.343] [INFO] info - =======request_url=======:/develop/login 
[2018-03-16 16:00:13.343] [INFO] info - request_params:{"env":"","username":"13162108888","password":"111111","url":"https://yun2.sim.wkzf","mock":"false"}
[2018-03-16 16:00:17.716] [INFO] info - =======request_url=======:/develop/login 
[2018-03-16 16:00:17.719] [INFO] info - request_params:{"env":"","username":"13162108888","password":"111111","url":"https://yun2.test.wkzf","mock":"false"}
[2018-03-16 16:00:20.019] [INFO] info - =======request_url=======:/develop/login 
[2018-03-16 16:00:20.021] [INFO] info - request_params:{"env":"","username":"13162108888","password":"111111","url":"https://yun2.dev.wkzf","mock":"false"}
[2018-03-16 16:00:26.891] [INFO] info - =======request_url=======:/develop/login 
[2018-03-16 16:00:26.895] [INFO] info - request_params:{"env":"","username":"13162108888","password":"111111","url":"https://yun2.sim.wkzf","mock":"false"}
[2018-03-16 16:00:31.929] [INFO] info - =======request_url=======:/oldHouseManage/allHouseGetList 
[2018-03-16 16:00:31.931] [INFO] info - request_params:{}
[2018-03-16 16:00:31.932] [INFO] info - createWksso=>options:{"url":"https://yun2.sim.wkzf/housebs/user/getCurrentUser.action","jar":{"_jar":{"version":"tough-cookie@2.3.4","storeType":"MemoryCookieStore","rejectPublicSuffixes":true,"cookies":[]}},"headers":{"cookie":"wksso=778f0065-1e4a-41ab-abc6-c457c9541246;sid=f66a2c646b944431b35a4379736831df;JSESSIONID=6310DA5AC741FCF933994DA02A84D1B7;CASTGC=TGT-17-wvSsqOdLqplqPAWoI0Gl2L4LoorCXoDabFqtuXvpKVirHqzUYt-cas01.example.org"}}
[2018-03-16 16:02:04.610] [INFO] info - =======request_url=======:/oldHouseManage/allHouseGetList 
[2018-03-16 16:02:04.612] [INFO] info - request_params:{}
[2018-03-16 16:02:04.613] [INFO] info - createWksso=>options:{"url":"https://yun2.sim.wkzf/housebs/user/getCurrentUser.action","jar":{"_jar":{"version":"tough-cookie@2.3.4","storeType":"MemoryCookieStore","rejectPublicSuffixes":true,"cookies":[]}},"headers":{"cookie":"wksso=778f0065-1e4a-41ab-abc6-c457c9541246;sid=f66a2c646b944431b35a4379736831df;JSESSIONID=CB7536514602F38D6260E2E49404DC51;CASTGC=TGT-19-4UDj61djFCKfWyKkrbj1Ja5JZemo7AbvTpeicLfY7QVn7CVPne-cas01.example.org"}}
[2018-03-16 16:26:44.085] [INFO] info - =======request_url=======:/oldHouseManage/allHouseGetList 
[2018-03-16 16:26:44.089] [INFO] info - request_params:{}
[2018-03-16 16:26:44.093] [INFO] info - createWksso=>options:{"url":"https://yun2.dev.wkzf/housebs/user/getCurrentUser.action","jar":{"_jar":{"version":"tough-cookie@2.3.4","storeType":"MemoryCookieStore","rejectPublicSuffixes":true,"cookies":[]}},"headers":{"cookie":"wksso=778f0065-1e4a-41ab-abc6-c457c9541246;sid=f66a2c646b944431b35a4379736831df;JSESSIONID=CB7536514602F38D6260E2E49404DC51;CASTGC=TGT-19-4UDj61djFCKfWyKkrbj1Ja5JZemo7AbvTpeicLfY7QVn7CVPne-cas01.example.org"}}
[2018-03-16 16:26:47.175] [INFO] info - [Common_user_SOA_Request]:{"url":"https://yun2.dev.wkzf/housebs/user/getCurrentUser.action","timeout":60000,"json":true,"method":"get"}
[2018-03-16 16:26:50.161] [INFO] info - [Common_user_SOA_Respone]:{}
[2018-03-16 16:27:15.462] [INFO] info - =======request_url=======:/develop/login 
[2018-03-16 16:27:15.463] [INFO] info - request_params:{"env":"","username":"13162108888","password":"111111","url":"https://yun2.sim.wkzf","mock":"false"}
[2018-03-16 16:27:24.580] [INFO] info - =======request_url=======:/develop/login 
[2018-03-16 16:27:24.581] [INFO] info - request_params:{"env":"","username":"13162108888","password":"111111","url":"https://yun2.dev.wkzf","mock":"false"}
[2018-03-16 16:27:30.053] [INFO] info - =======request_url=======:/oldHouseManage/allHouseGetList 
[2018-03-16 16:27:30.055] [INFO] info - request_params:{}
[2018-03-16 16:27:30.056] [INFO] info - createWksso=>options:{"url":"https://yun2.dev.wkzf/housebs/user/getCurrentUser.action","jar":{"_jar":{"version":"tough-cookie@2.3.4","storeType":"MemoryCookieStore","rejectPublicSuffixes":true,"cookies":[]}},"headers":{"cookie":"wksso=778f0065-1e4a-41ab-abc6-c457c9541246;sid=f66a2c646b944431b35a4379736831df;JSESSIONID=7F3FA73EB90CEC0C8D7705BCA4E6D35A;CASTGC=TGT-21-X0aZelasRoEub7HjVdJq6wJCqRbh2pmcibWVgeLVyX7Ip7FY1t-cas01.example.org"}}
[2018-03-16 16:27:30.792] [INFO] info - [Common_user_SOA_Request]:{"url":"https://yun2.dev.wkzf/housebs/user/getCurrentUser.action","timeout":60000,"json":true,"method":"get"}
[2018-03-16 16:27:33.807] [INFO] info - [Common_user_SOA_Respone]:{}
[2018-03-16 16:28:01.594] [INFO] info - =======request_url=======:/develop/login 
[2018-03-16 16:28:01.594] [INFO] info - request_params:{"env":"","username":"13162108888","password":"111111","url":"https://yun2.dev.wkzf","mock":"false"}
[2018-03-16 16:28:11.539] [INFO] info - =======request_url=======:/develop/login 
[2018-03-16 16:28:11.541] [INFO] info - request_params:{"env":"","username":"13162108888","password":"111111","url":"https://yun2.test.wkzf","mock":"false"}
[2018-03-16 16:28:16.075] [INFO] info - =======request_url=======:/develop/login 
[2018-03-16 16:28:16.078] [INFO] info - request_params:{"env":"","username":"13162108888","password":"111111","url":"https://yun2.dev.wkzf","mock":"false"}
[2018-03-16 16:28:22.649] [INFO] info - =======request_url=======:/develop/login 
[2018-03-16 16:28:22.650] [INFO] info - request_params:{"env":"","username":"13162108888","password":"111111","url":"https://yun2.sim.wkzf","mock":"false"}
[2018-03-16 16:28:32.907] [INFO] info - =======request_url=======:/develop/login 
[2018-03-16 16:28:32.909] [INFO] info - request_params:{"env":"","username":"13162108888","password":"111111","url":"https://yun2.dev.wkzf","mock":"false"}
[2018-03-16 16:28:42.422] [INFO] info - =======request_url=======:/oldHouseManage/allHouseGetList 
[2018-03-16 16:28:42.424] [INFO] info - request_params:{}
[2018-03-16 16:28:42.429] [INFO] info - createWksso=>options:{"url":"https://yun2.dev.wkzf/housebs/user/getCurrentUser.action","jar":{"_jar":{"version":"tough-cookie@2.3.4","storeType":"MemoryCookieStore","rejectPublicSuffixes":true,"cookies":[]}},"headers":{"cookie":"wksso=778f0065-1e4a-41ab-abc6-c457c9541246;sid=f66a2c646b944431b35a4379736831df;JSESSIONID=27CFCC2B32FA5EC967A7D9ED2672C98C;CASTGC=TGT-22-lfkrIfFczv7a0fets5b9Tv2OKtsPaCabggHB6bbUdVPOebLBMD-cas01.example.org"}}
[2018-03-16 16:28:45.457] [INFO] info - [Common_user_SOA_Request]:{"url":"https://yun2.dev.wkzf/housebs/user/getCurrentUser.action","timeout":60000,"json":true,"method":"get"}
[2018-03-16 16:28:48.443] [INFO] info - [Common_user_SOA_Respone]:{}
[2018-03-16 16:29:24.885] [INFO] info - =======request_url=======:/develop/login 
[2018-03-16 16:29:24.888] [INFO] info - request_params:{"env":"","username":"13162108888","password":"111111","url":"https://yun2.dev.wkzf","mock":"false"}
